2017-11-17 11:43:46 ERROR AirTime:319 - 2017-11-17 11:43:46.309||No value specified for parameter 2||com.mysql.jdbc.SQLError.createSQLException(SQLError.java:1078)	
com.mysql.jdbc.SQLError.createSQLException(SQLError.java:989)	
com.mysql.jdbc.SQLError.createSQLException(SQLError.java:975)	
com.mysql.jdbc.SQLError.createSQLException(SQLError.java:920)	
com.mysql.jdbc.PreparedStatement.checkAllParametersSet(PreparedStatement.java:2611)	
com.mysql.jdbc.PreparedStatement.fillSendPacket(PreparedStatement.java:2586)	
com.mysql.jdbc.PreparedStatement.fillSendPacket(PreparedStatement.java:2510)	
com.mysql.jdbc.PreparedStatement.executeQuery(PreparedStatement.java:2259)	
snaq.db.CachedPreparedStatement.executeQuery(CachedPreparedStatement.java:144)	
com.htc.services.airtime.dao.AirTime.countRequestOtp(AirTime.java:313)	
com.htc.services.airtime.entity.RequestOtp.checkReqOtp(RequestOtp.java:56)	
com.htc.services.airtime.OtpRequest.getOtp(OtpRequest.java:193)	
com.htc.servelet.airtime.Otp.processRequest(Otp.java:38)	
com.htc.servelet.airtime.Otp.doGet(Otp.java:68)	
javax.servlet.http.HttpServlet.service(HttpServlet.java:635)	
javax.servlet.http.HttpServlet.service(HttpServlet.java:742)	
org.apache.catalina.core.ApplicationFilterChain.internalDoFilter(ApplicationFilterChain.java:231)	
org.apache.catalina.core.ApplicationFilterChain.doFilter(ApplicationFilterChain.java:166)	
org.apache.tomcat.websocket.server.WsFilter.doFilter(WsFilter.java:52)	
org.apache.catalina.core.ApplicationFilterChain.internalDoFilter(ApplicationFilterChain.java:193)	
org.apache.catalina.core.ApplicationFilterChain.doFilter(ApplicationFilterChain.java:166)	
org.apache.catalina.core.StandardWrapperValve.invoke(StandardWrapperValve.java:199)	
org.apache.catalina.core.StandardContextValve.invoke(StandardContextValve.java:96)	
org.apache.catalina.authenticator.AuthenticatorBase.invoke(AuthenticatorBase.java:478)	
org.apache.catalina.core.StandardHostValve.invoke(StandardHostValve.java:140)	
org.apache.catalina.valves.ErrorReportValve.invoke(ErrorReportValve.java:81)	
org.apache.catalina.core.StandardEngineValve.invoke(StandardEngineValve.java:87)	
org.apache.catalina.connector.CoyoteAdapter.service(CoyoteAdapter.java:342)	
org.apache.coyote.http11.Http11Processor.service(Http11Processor.java:803)	
org.apache.coyote.AbstractProcessorLight.process(AbstractProcessorLight.java:66)	
org.apache.coyote.AbstractProtocol$ConnectionHandler.process(AbstractProtocol.java:868)	
org.apache.tomcat.util.net.NioEndpoint$SocketProcessor.doRun(NioEndpoint.java:1459)	
org.apache.tomcat.util.net.SocketProcessorBase.run(SocketProcessorBase.java:49)	
java.util.concurrent.ThreadPoolExecutor.runWorker(ThreadPoolExecutor.java:1149)	
java.util.concurrent.ThreadPoolExecutor$Worker.run(ThreadPoolExecutor.java:624)	
org.apache.tomcat.util.threads.TaskThread$WrappingRunnable.run(TaskThread.java:61)	
java.lang.Thread.run(Thread.java:748)	

2017-11-17 17:11:54 ERROR ChargingParams:95 - 2017-11-17 17:11:54.273||A JSONObject text must begin with '{' at character 1 of haha||net.sf.json.util.JSONTokener.syntaxError(JSONTokener.java:499)	
net.sf.json.JSONObject._fromJSONTokener(JSONObject.java:972)	
net.sf.json.JSONObject._fromString(JSONObject.java:1201)	
net.sf.json.JSONObject.fromObject(JSONObject.java:165)	
net.sf.json.JSONObject.fromObject(JSONObject.java:134)	
com.htc.services.airtime.entity.ChargingParams.str2Obj(ChargingParams.java:92)	
com.htc.services.airtime.OtpRequest.getOtp(OtpRequest.java:96)	
com.htc.servelet.airtime.Otp.processRequest(Otp.java:38)	
com.htc.servelet.airtime.Otp.doGet(Otp.java:68)	
javax.servlet.http.HttpServlet.service(HttpServlet.java:635)	
javax.servlet.http.HttpServlet.service(HttpServlet.java:742)	
org.apache.catalina.core.ApplicationFilterChain.internalDoFilter(ApplicationFilterChain.java:231)	
org.apache.catalina.core.ApplicationFilterChain.doFilter(ApplicationFilterChain.java:166)	
org.apache.tomcat.websocket.server.WsFilter.doFilter(WsFilter.java:52)	
org.apache.catalina.core.ApplicationFilterChain.internalDoFilter(ApplicationFilterChain.java:193)	
org.apache.catalina.core.ApplicationFilterChain.doFilter(ApplicationFilterChain.java:166)	
org.apache.catalina.core.StandardWrapperValve.invoke(StandardWrapperValve.java:199)	
org.apache.catalina.core.StandardContextValve.invoke(StandardContextValve.java:96)	
org.apache.catalina.authenticator.AuthenticatorBase.invoke(AuthenticatorBase.java:478)	
org.apache.catalina.core.StandardHostValve.invoke(StandardHostValve.java:140)	
org.apache.catalina.valves.ErrorReportValve.invoke(ErrorReportValve.java:81)	
org.apache.catalina.core.StandardEngineValve.invoke(StandardEngineValve.java:87)	
org.apache.catalina.connector.CoyoteAdapter.service(CoyoteAdapter.java:342)	
org.apache.coyote.http11.Http11Processor.service(Http11Processor.java:803)	
org.apache.coyote.AbstractProcessorLight.process(AbstractProcessorLight.java:66)	
org.apache.coyote.AbstractProtocol$ConnectionHandler.process(AbstractProtocol.java:868)	
org.apache.tomcat.util.net.NioEndpoint$SocketProcessor.doRun(NioEndpoint.java:1459)	
org.apache.tomcat.util.net.SocketProcessorBase.run(SocketProcessorBase.java:49)	
java.util.concurrent.ThreadPoolExecutor.runWorker(ThreadPoolExecutor.java:1149)	
java.util.concurrent.ThreadPoolExecutor$Worker.run(ThreadPoolExecutor.java:624)	
org.apache.tomcat.util.threads.TaskThread$WrappingRunnable.run(TaskThread.java:61)	
java.lang.Thread.run(Thread.java:748)	

