2017-11-24 00:01:00 INFO  CheckPriceCacheManager:79 - Clean Cache CheckPriceCacheManager: 2017-11-24 00:01:00.0
2017-11-24 00:01:00 INFO  CheckPriceCacheManager:79 - Clean Cache CheckPriceCacheManager: 2017-11-24 00:01:00.0
2017-11-24 11:03:46 WARN  JSONObject:431 - Tried to assign property result:java.lang.String to bean of class com.htc.services.airtime.entity.ChargingParams
2017-11-24 11:04:01 WARN  JSONObject:431 - Tried to assign property result:java.lang.String to bean of class com.htc.services.airtime.entity.ChargingParams
2017-11-24 11:04:06 WARN  JSONObject:431 - Tried to assign property result:java.lang.String to bean of class com.htc.services.airtime.entity.ChargingParams
2017-11-24 11:04:06 ERROR AirTime:483 - 2017-11-24 11:04:06.873||No value specified for parameter 2||com.mysql.jdbc.SQLError.createSQLException(SQLError.java:1078)	
com.mysql.jdbc.SQLError.createSQLException(SQLError.java:989)	
com.mysql.jdbc.SQLError.createSQLException(SQLError.java:975)	
com.mysql.jdbc.SQLError.createSQLException(SQLError.java:920)	
com.mysql.jdbc.PreparedStatement.checkAllParametersSet(PreparedStatement.java:2611)	
com.mysql.jdbc.PreparedStatement.fillSendPacket(PreparedStatement.java:2586)	
com.mysql.jdbc.PreparedStatement.fillSendPacket(PreparedStatement.java:2510)	
com.mysql.jdbc.PreparedStatement.executeQuery(PreparedStatement.java:2259)	
snaq.db.CachedPreparedStatement.executeQuery(CachedPreparedStatement.java:144)	
com.htc.services.airtime.dao.AirTime.countRequestOtp(AirTime.java:477)	
com.htc.services.airtime.entity.RequestOtp.checkReqOtp(RequestOtp.java:56)	
com.htc.services.airtime.OtpRequest.getOtp(OtpRequest.java:204)	
com.htc.servelet.airtime.Otp_1.processRequest(Otp_1.java:38)	
com.htc.servelet.airtime.Otp_1.doGet(Otp_1.java:68)	
javax.servlet.http.HttpServlet.service(HttpServlet.java:635)	
javax.servlet.http.HttpServlet.service(HttpServlet.java:742)	
org.apache.catalina.core.ApplicationFilterChain.internalDoFilter(ApplicationFilterChain.java:231)	
org.apache.catalina.core.ApplicationFilterChain.doFilter(ApplicationFilterChain.java:166)	
org.apache.tomcat.websocket.server.WsFilter.doFilter(WsFilter.java:52)	
org.apache.catalina.core.ApplicationFilterChain.internalDoFilter(ApplicationFilterChain.java:193)	
org.apache.catalina.core.ApplicationFilterChain.doFilter(ApplicationFilterChain.java:166)	
org.apache.catalina.core.StandardWrapperValve.invoke(StandardWrapperValve.java:199)	
org.apache.catalina.core.StandardContextValve.invoke(StandardContextValve.java:96)	
org.apache.catalina.authenticator.AuthenticatorBase.invoke(AuthenticatorBase.java:478)	
org.apache.catalina.core.StandardHostValve.invoke(StandardHostValve.java:140)	
org.apache.catalina.valves.ErrorReportValve.invoke(ErrorReportValve.java:81)	
org.apache.catalina.valves.AbstractAccessLogValve.invoke(AbstractAccessLogValve.java:650)	
org.apache.catalina.core.StandardEngineValve.invoke(StandardEngineValve.java:87)	
org.apache.catalina.connector.CoyoteAdapter.service(CoyoteAdapter.java:342)	
org.apache.coyote.http11.Http11Processor.service(Http11Processor.java:803)	
org.apache.coyote.AbstractProcessorLight.process(AbstractProcessorLight.java:66)	
org.apache.coyote.AbstractProtocol$ConnectionHandler.process(AbstractProtocol.java:868)	
org.apache.tomcat.util.net.NioEndpoint$SocketProcessor.doRun(NioEndpoint.java:1459)	
org.apache.tomcat.util.net.SocketProcessorBase.run(SocketProcessorBase.java:49)	
java.util.concurrent.ThreadPoolExecutor.runWorker(ThreadPoolExecutor.java:1149)	
java.util.concurrent.ThreadPoolExecutor$Worker.run(ThreadPoolExecutor.java:624)	
org.apache.tomcat.util.threads.TaskThread$WrappingRunnable.run(TaskThread.java:61)	
java.lang.Thread.run(Thread.java:748)	

2017-11-24 11:04:11 WARN  JSONObject:431 - Tried to assign property result:java.lang.String to bean of class com.htc.services.airtime.entity.ChargingParams
2017-11-24 11:04:15 WARN  JSONObject:431 - Tried to assign property result:java.lang.String to bean of class com.htc.services.airtime.entity.ChargingParams
2017-11-24 11:04:41 WARN  JSONObject:431 - Tried to assign property result:java.lang.String to bean of class com.htc.services.airtime.entity.ChargingParams
2017-11-24 11:04:41 ERROR AirTime:483 - 2017-11-24 11:04:41.945||No value specified for parameter 2||com.mysql.jdbc.SQLError.createSQLException(SQLError.java:1078)	
com.mysql.jdbc.SQLError.createSQLException(SQLError.java:989)	
com.mysql.jdbc.SQLError.createSQLException(SQLError.java:975)	
com.mysql.jdbc.SQLError.createSQLException(SQLError.java:920)	
com.mysql.jdbc.PreparedStatement.checkAllParametersSet(PreparedStatement.java:2611)	
com.mysql.jdbc.PreparedStatement.fillSendPacket(PreparedStatement.java:2586)	
com.mysql.jdbc.PreparedStatement.fillSendPacket(PreparedStatement.java:2510)	
com.mysql.jdbc.PreparedStatement.executeQuery(PreparedStatement.java:2259)	
snaq.db.CachedPreparedStatement.executeQuery(CachedPreparedStatement.java:144)	
com.htc.services.airtime.dao.AirTime.countRequestOtp(AirTime.java:477)	
com.htc.services.airtime.entity.RequestOtp.checkReqOtp(RequestOtp.java:56)	
com.htc.services.airtime.OtpRequest.getOtp(OtpRequest.java:204)	
com.htc.servelet.airtime.Otp_1.processRequest(Otp_1.java:38)	
com.htc.servelet.airtime.Otp_1.doGet(Otp_1.java:68)	
javax.servlet.http.HttpServlet.service(HttpServlet.java:635)	
javax.servlet.http.HttpServlet.service(HttpServlet.java:742)	
org.apache.catalina.core.ApplicationFilterChain.internalDoFilter(ApplicationFilterChain.java:231)	
org.apache.catalina.core.ApplicationFilterChain.doFilter(ApplicationFilterChain.java:166)	
org.apache.tomcat.websocket.server.WsFilter.doFilter(WsFilter.java:52)	
org.apache.catalina.core.ApplicationFilterChain.internalDoFilter(ApplicationFilterChain.java:193)	
org.apache.catalina.core.ApplicationFilterChain.doFilter(ApplicationFilterChain.java:166)	
org.apache.catalina.core.StandardWrapperValve.invoke(StandardWrapperValve.java:199)	
org.apache.catalina.core.StandardContextValve.invoke(StandardContextValve.java:96)	
org.apache.catalina.authenticator.AuthenticatorBase.invoke(AuthenticatorBase.java:478)	
org.apache.catalina.core.StandardHostValve.invoke(StandardHostValve.java:140)	
org.apache.catalina.valves.ErrorReportValve.invoke(ErrorReportValve.java:81)	
org.apache.catalina.valves.AbstractAccessLogValve.invoke(AbstractAccessLogValve.java:650)	
org.apache.catalina.core.StandardEngineValve.invoke(StandardEngineValve.java:87)	
org.apache.catalina.connector.CoyoteAdapter.service(CoyoteAdapter.java:342)	
org.apache.coyote.http11.Http11Processor.service(Http11Processor.java:803)	
org.apache.coyote.AbstractProcessorLight.process(AbstractProcessorLight.java:66)	
org.apache.coyote.AbstractProtocol$ConnectionHandler.process(AbstractProtocol.java:868)	
org.apache.tomcat.util.net.NioEndpoint$SocketProcessor.doRun(NioEndpoint.java:1459)	
org.apache.tomcat.util.net.SocketProcessorBase.run(SocketProcessorBase.java:49)	
java.util.concurrent.ThreadPoolExecutor.runWorker(ThreadPoolExecutor.java:1149)	
java.util.concurrent.ThreadPoolExecutor$Worker.run(ThreadPoolExecutor.java:624)	
org.apache.tomcat.util.threads.TaskThread$WrappingRunnable.run(TaskThread.java:61)	
java.lang.Thread.run(Thread.java:748)	

2017-11-24 11:04:57 WARN  JSONObject:431 - Tried to assign property result:java.lang.String to bean of class com.htc.services.airtime.entity.ChargingParams
2017-11-24 11:05:54 WARN  JSONObject:431 - Tried to assign property result:java.lang.String to bean of class com.htc.services.airtime.entity.ChargingParams
2017-11-24 11:06:10 WARN  JSONObject:431 - Tried to assign property result:java.lang.String to bean of class com.htc.services.airtime.entity.ChargingParams
2017-11-24 11:06:10 ERROR AirTime:483 - 2017-11-24 11:06:10.963||No value specified for parameter 2||com.mysql.jdbc.SQLError.createSQLException(SQLError.java:1078)	
com.mysql.jdbc.SQLError.createSQLException(SQLError.java:989)	
com.mysql.jdbc.SQLError.createSQLException(SQLError.java:975)	
com.mysql.jdbc.SQLError.createSQLException(SQLError.java:920)	
com.mysql.jdbc.PreparedStatement.checkAllParametersSet(PreparedStatement.java:2611)	
com.mysql.jdbc.PreparedStatement.fillSendPacket(PreparedStatement.java:2586)	
com.mysql.jdbc.PreparedStatement.fillSendPacket(PreparedStatement.java:2510)	
com.mysql.jdbc.PreparedStatement.executeQuery(PreparedStatement.java:2259)	
snaq.db.CachedPreparedStatement.executeQuery(CachedPreparedStatement.java:144)	
com.htc.services.airtime.dao.AirTime.countRequestOtp(AirTime.java:477)	
com.htc.services.airtime.entity.RequestOtp.checkReqOtp(RequestOtp.java:56)	
com.htc.services.airtime.OtpRequest.getOtp(OtpRequest.java:204)	
com.htc.servelet.airtime.Otp_1.processRequest(Otp_1.java:38)	
com.htc.servelet.airtime.Otp_1.doGet(Otp_1.java:68)	
javax.servlet.http.HttpServlet.service(HttpServlet.java:635)	
javax.servlet.http.HttpServlet.service(HttpServlet.java:742)	
org.apache.catalina.core.ApplicationFilterChain.internalDoFilter(ApplicationFilterChain.java:231)	
org.apache.catalina.core.ApplicationFilterChain.doFilter(ApplicationFilterChain.java:166)	
org.apache.tomcat.websocket.server.WsFilter.doFilter(WsFilter.java:52)	
org.apache.catalina.core.ApplicationFilterChain.internalDoFilter(ApplicationFilterChain.java:193)	
org.apache.catalina.core.ApplicationFilterChain.doFilter(ApplicationFilterChain.java:166)	
org.apache.catalina.core.StandardWrapperValve.invoke(StandardWrapperValve.java:199)	
org.apache.catalina.core.StandardContextValve.invoke(StandardContextValve.java:96)	
org.apache.catalina.authenticator.AuthenticatorBase.invoke(AuthenticatorBase.java:478)	
org.apache.catalina.core.StandardHostValve.invoke(StandardHostValve.java:140)	
org.apache.catalina.valves.ErrorReportValve.invoke(ErrorReportValve.java:81)	
org.apache.catalina.valves.AbstractAccessLogValve.invoke(AbstractAccessLogValve.java:650)	
org.apache.catalina.core.StandardEngineValve.invoke(StandardEngineValve.java:87)	
org.apache.catalina.connector.CoyoteAdapter.service(CoyoteAdapter.java:342)	
org.apache.coyote.http11.Http11Processor.service(Http11Processor.java:803)	
org.apache.coyote.AbstractProcessorLight.process(AbstractProcessorLight.java:66)	
org.apache.coyote.AbstractProtocol$ConnectionHandler.process(AbstractProtocol.java:868)	
org.apache.tomcat.util.net.NioEndpoint$SocketProcessor.doRun(NioEndpoint.java:1459)	
org.apache.tomcat.util.net.SocketProcessorBase.run(SocketProcessorBase.java:49)	
java.util.concurrent.ThreadPoolExecutor.runWorker(ThreadPoolExecutor.java:1149)	
java.util.concurrent.ThreadPoolExecutor$Worker.run(ThreadPoolExecutor.java:624)	
org.apache.tomcat.util.threads.TaskThread$WrappingRunnable.run(TaskThread.java:61)	
java.lang.Thread.run(Thread.java:748)	

2017-11-24 11:06:20 WARN  JSONObject:431 - Tried to assign property result:java.lang.String to bean of class com.htc.services.airtime.entity.ChargingParams
2017-11-24 11:07:46 WARN  JSONObject:431 - Tried to assign property result:java.lang.String to bean of class com.htc.services.airtime.entity.ChargingParams
2017-11-24 11:07:50 WARN  JSONObject:431 - Tried to assign property result:java.lang.String to bean of class com.htc.services.airtime.entity.ChargingParams
2017-11-24 11:07:57 WARN  JSONObject:431 - Tried to assign property result:java.lang.String to bean of class com.htc.services.airtime.entity.ChargingParams
2017-11-24 11:08:26 WARN  JSONObject:431 - Tried to assign property result:java.lang.String to bean of class com.htc.services.airtime.entity.ChargingParams
2017-11-24 11:08:26 ERROR ChargeRequest:220 - 2017-11-24 11:08:26.958||For input string: ""||java.lang.NumberFormatException.forInputString(NumberFormatException.java:65)	
java.lang.Integer.parseInt(Integer.java:592)	
java.lang.Integer.parseInt(Integer.java:615)	
com.htc.services.airtime.ChargeRequest.doAddRequestCharge(ChargeRequest.java:239)	
com.htc.services.airtime.ChargeRequest.charge(ChargeRequest.java:102)	
com.htc.servelet.airtime.Charge_1.processRequest(Charge_1.java:41)	
com.htc.servelet.airtime.Charge_1.doGet(Charge_1.java:61)	
javax.servlet.http.HttpServlet.service(HttpServlet.java:635)	
javax.servlet.http.HttpServlet.service(HttpServlet.java:742)	
org.apache.catalina.core.ApplicationFilterChain.internalDoFilter(ApplicationFilterChain.java:231)	
org.apache.catalina.core.ApplicationFilterChain.doFilter(ApplicationFilterChain.java:166)	
org.apache.tomcat.websocket.server.WsFilter.doFilter(WsFilter.java:52)	
org.apache.catalina.core.ApplicationFilterChain.internalDoFilter(ApplicationFilterChain.java:193)	
org.apache.catalina.core.ApplicationFilterChain.doFilter(ApplicationFilterChain.java:166)	
org.apache.catalina.core.StandardWrapperValve.invoke(StandardWrapperValve.java:199)	
org.apache.catalina.core.StandardContextValve.invoke(StandardContextValve.java:96)	
org.apache.catalina.authenticator.AuthenticatorBase.invoke(AuthenticatorBase.java:478)	
org.apache.catalina.core.StandardHostValve.invoke(StandardHostValve.java:140)	
org.apache.catalina.valves.ErrorReportValve.invoke(ErrorReportValve.java:81)	
org.apache.catalina.valves.AbstractAccessLogValve.invoke(AbstractAccessLogValve.java:650)	
org.apache.catalina.core.StandardEngineValve.invoke(StandardEngineValve.java:87)	
org.apache.catalina.connector.CoyoteAdapter.service(CoyoteAdapter.java:342)	
org.apache.coyote.http11.Http11Processor.service(Http11Processor.java:803)	
org.apache.coyote.AbstractProcessorLight.process(AbstractProcessorLight.java:66)	
org.apache.coyote.AbstractProtocol$ConnectionHandler.process(AbstractProtocol.java:868)	
org.apache.tomcat.util.net.NioEndpoint$SocketProcessor.doRun(NioEndpoint.java:1459)	
org.apache.tomcat.util.net.SocketProcessorBase.run(SocketProcessorBase.java:49)	
java.util.concurrent.ThreadPoolExecutor.runWorker(ThreadPoolExecutor.java:1149)	
java.util.concurrent.ThreadPoolExecutor$Worker.run(ThreadPoolExecutor.java:624)	
org.apache.tomcat.util.threads.TaskThread$WrappingRunnable.run(TaskThread.java:61)	
java.lang.Thread.run(Thread.java:748)	

2017-11-24 11:08:40 WARN  JSONObject:431 - Tried to assign property result:java.lang.String to bean of class com.htc.services.airtime.entity.ChargingParams
2017-11-24 11:08:40 ERROR ChargeRequest:220 - 2017-11-24 11:08:40.244||For input string: "yrty"||java.lang.NumberFormatException.forInputString(NumberFormatException.java:65)	
java.lang.Integer.parseInt(Integer.java:580)	
java.lang.Integer.parseInt(Integer.java:615)	
com.htc.services.airtime.ChargeRequest.doAddRequestCharge(ChargeRequest.java:239)	
com.htc.services.airtime.ChargeRequest.charge(ChargeRequest.java:102)	
com.htc.servelet.airtime.Charge_1.processRequest(Charge_1.java:41)	
com.htc.servelet.airtime.Charge_1.doGet(Charge_1.java:61)	
javax.servlet.http.HttpServlet.service(HttpServlet.java:635)	
javax.servlet.http.HttpServlet.service(HttpServlet.java:742)	
org.apache.catalina.core.ApplicationFilterChain.internalDoFilter(ApplicationFilterChain.java:231)	
org.apache.catalina.core.ApplicationFilterChain.doFilter(ApplicationFilterChain.java:166)	
org.apache.tomcat.websocket.server.WsFilter.doFilter(WsFilter.java:52)	
org.apache.catalina.core.ApplicationFilterChain.internalDoFilter(ApplicationFilterChain.java:193)	
org.apache.catalina.core.ApplicationFilterChain.doFilter(ApplicationFilterChain.java:166)	
org.apache.catalina.core.StandardWrapperValve.invoke(StandardWrapperValve.java:199)	
org.apache.catalina.core.StandardContextValve.invoke(StandardContextValve.java:96)	
org.apache.catalina.authenticator.AuthenticatorBase.invoke(AuthenticatorBase.java:478)	
org.apache.catalina.core.StandardHostValve.invoke(StandardHostValve.java:140)	
org.apache.catalina.valves.ErrorReportValve.invoke(ErrorReportValve.java:81)	
org.apache.catalina.valves.AbstractAccessLogValve.invoke(AbstractAccessLogValve.java:650)	
org.apache.catalina.core.StandardEngineValve.invoke(StandardEngineValve.java:87)	
org.apache.catalina.connector.CoyoteAdapter.service(CoyoteAdapter.java:342)	
org.apache.coyote.http11.Http11Processor.service(Http11Processor.java:803)	
org.apache.coyote.AbstractProcessorLight.process(AbstractProcessorLight.java:66)	
org.apache.coyote.AbstractProtocol$ConnectionHandler.process(AbstractProtocol.java:868)	
org.apache.tomcat.util.net.NioEndpoint$SocketProcessor.doRun(NioEndpoint.java:1459)	
org.apache.tomcat.util.net.SocketProcessorBase.run(SocketProcessorBase.java:49)	
java.util.concurrent.ThreadPoolExecutor.runWorker(ThreadPoolExecutor.java:1149)	
java.util.concurrent.ThreadPoolExecutor$Worker.run(ThreadPoolExecutor.java:624)	
org.apache.tomcat.util.threads.TaskThread$WrappingRunnable.run(TaskThread.java:61)	
java.lang.Thread.run(Thread.java:748)	

2017-11-24 11:08:43 WARN  JSONObject:431 - Tried to assign property result:java.lang.String to bean of class com.htc.services.airtime.entity.ChargingParams
2017-11-24 11:08:43 ERROR ChargeRequest:220 - 2017-11-24 11:08:43.418||For input string: "yrty"||java.lang.NumberFormatException.forInputString(NumberFormatException.java:65)	
java.lang.Integer.parseInt(Integer.java:580)	
java.lang.Integer.parseInt(Integer.java:615)	
com.htc.services.airtime.ChargeRequest.doAddRequestCharge(ChargeRequest.java:239)	
com.htc.services.airtime.ChargeRequest.charge(ChargeRequest.java:102)	
com.htc.servelet.airtime.Charge_1.processRequest(Charge_1.java:41)	
com.htc.servelet.airtime.Charge_1.doGet(Charge_1.java:61)	
javax.servlet.http.HttpServlet.service(HttpServlet.java:635)	
javax.servlet.http.HttpServlet.service(HttpServlet.java:742)	
org.apache.catalina.core.ApplicationFilterChain.internalDoFilter(ApplicationFilterChain.java:231)	
org.apache.catalina.core.ApplicationFilterChain.doFilter(ApplicationFilterChain.java:166)	
org.apache.tomcat.websocket.server.WsFilter.doFilter(WsFilter.java:52)	
org.apache.catalina.core.ApplicationFilterChain.internalDoFilter(ApplicationFilterChain.java:193)	
org.apache.catalina.core.ApplicationFilterChain.doFilter(ApplicationFilterChain.java:166)	
org.apache.catalina.core.StandardWrapperValve.invoke(StandardWrapperValve.java:199)	
org.apache.catalina.core.StandardContextValve.invoke(StandardContextValve.java:96)	
org.apache.catalina.authenticator.AuthenticatorBase.invoke(AuthenticatorBase.java:478)	
org.apache.catalina.core.StandardHostValve.invoke(StandardHostValve.java:140)	
org.apache.catalina.valves.ErrorReportValve.invoke(ErrorReportValve.java:81)	
org.apache.catalina.valves.AbstractAccessLogValve.invoke(AbstractAccessLogValve.java:650)	
org.apache.catalina.core.StandardEngineValve.invoke(StandardEngineValve.java:87)	
org.apache.catalina.connector.CoyoteAdapter.service(CoyoteAdapter.java:342)	
org.apache.coyote.http11.Http11Processor.service(Http11Processor.java:803)	
org.apache.coyote.AbstractProcessorLight.process(AbstractProcessorLight.java:66)	
org.apache.coyote.AbstractProtocol$ConnectionHandler.process(AbstractProtocol.java:868)	
org.apache.tomcat.util.net.NioEndpoint$SocketProcessor.doRun(NioEndpoint.java:1459)	
org.apache.tomcat.util.net.SocketProcessorBase.run(SocketProcessorBase.java:49)	
java.util.concurrent.ThreadPoolExecutor.runWorker(ThreadPoolExecutor.java:1149)	
java.util.concurrent.ThreadPoolExecutor$Worker.run(ThreadPoolExecutor.java:624)	
org.apache.tomcat.util.threads.TaskThread$WrappingRunnable.run(TaskThread.java:61)	
java.lang.Thread.run(Thread.java:748)	

2017-11-24 11:08:50 WARN  JSONObject:431 - Tried to assign property result:java.lang.String to bean of class com.htc.services.airtime.entity.ChargingParams
2017-11-24 11:08:50 ERROR ChargeRequest:220 - 2017-11-24 11:08:50.731||For input string: "yrty"||java.lang.NumberFormatException.forInputString(NumberFormatException.java:65)	
java.lang.Integer.parseInt(Integer.java:580)	
java.lang.Integer.parseInt(Integer.java:615)	
com.htc.services.airtime.ChargeRequest.doAddRequestCharge(ChargeRequest.java:239)	
com.htc.services.airtime.ChargeRequest.charge(ChargeRequest.java:102)	
com.htc.servelet.airtime.Charge_1.processRequest(Charge_1.java:41)	
com.htc.servelet.airtime.Charge_1.doGet(Charge_1.java:61)	
javax.servlet.http.HttpServlet.service(HttpServlet.java:635)	
javax.servlet.http.HttpServlet.service(HttpServlet.java:742)	
org.apache.catalina.core.ApplicationFilterChain.internalDoFilter(ApplicationFilterChain.java:231)	
org.apache.catalina.core.ApplicationFilterChain.doFilter(ApplicationFilterChain.java:166)	
org.apache.tomcat.websocket.server.WsFilter.doFilter(WsFilter.java:52)	
org.apache.catalina.core.ApplicationFilterChain.internalDoFilter(ApplicationFilterChain.java:193)	
org.apache.catalina.core.ApplicationFilterChain.doFilter(ApplicationFilterChain.java:166)	
org.apache.catalina.core.StandardWrapperValve.invoke(StandardWrapperValve.java:199)	
org.apache.catalina.core.StandardContextValve.invoke(StandardContextValve.java:96)	
org.apache.catalina.authenticator.AuthenticatorBase.invoke(AuthenticatorBase.java:478)	
org.apache.catalina.core.StandardHostValve.invoke(StandardHostValve.java:140)	
org.apache.catalina.valves.ErrorReportValve.invoke(ErrorReportValve.java:81)	
org.apache.catalina.valves.AbstractAccessLogValve.invoke(AbstractAccessLogValve.java:650)	
org.apache.catalina.core.StandardEngineValve.invoke(StandardEngineValve.java:87)	
org.apache.catalina.connector.CoyoteAdapter.service(CoyoteAdapter.java:342)	
org.apache.coyote.http11.Http11Processor.service(Http11Processor.java:803)	
org.apache.coyote.AbstractProcessorLight.process(AbstractProcessorLight.java:66)	
org.apache.coyote.AbstractProtocol$ConnectionHandler.process(AbstractProtocol.java:868)	
org.apache.tomcat.util.net.NioEndpoint$SocketProcessor.doRun(NioEndpoint.java:1459)	
org.apache.tomcat.util.net.SocketProcessorBase.run(SocketProcessorBase.java:49)	
java.util.concurrent.ThreadPoolExecutor.runWorker(ThreadPoolExecutor.java:1149)	
java.util.concurrent.ThreadPoolExecutor$Worker.run(ThreadPoolExecutor.java:624)	
org.apache.tomcat.util.threads.TaskThread$WrappingRunnable.run(TaskThread.java:61)	
java.lang.Thread.run(Thread.java:748)	

2017-11-24 11:08:53 WARN  JSONObject:431 - Tried to assign property result:java.lang.String to bean of class com.htc.services.airtime.entity.ChargingParams
2017-11-24 11:08:53 ERROR ChargeRequest:220 - 2017-11-24 11:08:53.276||For input string: "yrty"||java.lang.NumberFormatException.forInputString(NumberFormatException.java:65)	
java.lang.Integer.parseInt(Integer.java:580)	
java.lang.Integer.parseInt(Integer.java:615)	
com.htc.services.airtime.ChargeRequest.doAddRequestCharge(ChargeRequest.java:239)	
com.htc.services.airtime.ChargeRequest.charge(ChargeRequest.java:102)	
com.htc.servelet.airtime.Charge_1.processRequest(Charge_1.java:41)	
com.htc.servelet.airtime.Charge_1.doGet(Charge_1.java:61)	
javax.servlet.http.HttpServlet.service(HttpServlet.java:635)	
javax.servlet.http.HttpServlet.service(HttpServlet.java:742)	
org.apache.catalina.core.ApplicationFilterChain.internalDoFilter(ApplicationFilterChain.java:231)	
org.apache.catalina.core.ApplicationFilterChain.doFilter(ApplicationFilterChain.java:166)	
org.apache.tomcat.websocket.server.WsFilter.doFilter(WsFilter.java:52)	
org.apache.catalina.core.ApplicationFilterChain.internalDoFilter(ApplicationFilterChain.java:193)	
org.apache.catalina.core.ApplicationFilterChain.doFilter(ApplicationFilterChain.java:166)	
org.apache.catalina.core.StandardWrapperValve.invoke(StandardWrapperValve.java:199)	
org.apache.catalina.core.StandardContextValve.invoke(StandardContextValve.java:96)	
org.apache.catalina.authenticator.AuthenticatorBase.invoke(AuthenticatorBase.java:478)	
org.apache.catalina.core.StandardHostValve.invoke(StandardHostValve.java:140)	
org.apache.catalina.valves.ErrorReportValve.invoke(ErrorReportValve.java:81)	
org.apache.catalina.valves.AbstractAccessLogValve.invoke(AbstractAccessLogValve.java:650)	
org.apache.catalina.core.StandardEngineValve.invoke(StandardEngineValve.java:87)	
org.apache.catalina.connector.CoyoteAdapter.service(CoyoteAdapter.java:342)	
org.apache.coyote.http11.Http11Processor.service(Http11Processor.java:803)	
org.apache.coyote.AbstractProcessorLight.process(AbstractProcessorLight.java:66)	
org.apache.coyote.AbstractProtocol$ConnectionHandler.process(AbstractProtocol.java:868)	
org.apache.tomcat.util.net.NioEndpoint$SocketProcessor.doRun(NioEndpoint.java:1459)	
org.apache.tomcat.util.net.SocketProcessorBase.run(SocketProcessorBase.java:49)	
java.util.concurrent.ThreadPoolExecutor.runWorker(ThreadPoolExecutor.java:1149)	
java.util.concurrent.ThreadPoolExecutor$Worker.run(ThreadPoolExecutor.java:624)	
org.apache.tomcat.util.threads.TaskThread$WrappingRunnable.run(TaskThread.java:61)	
java.lang.Thread.run(Thread.java:748)	

2017-11-24 11:08:59 WARN  JSONObject:431 - Tried to assign property result:java.lang.String to bean of class com.htc.services.airtime.entity.ChargingParams
2017-11-24 11:08:59 ERROR ChargeRequest:220 - 2017-11-24 11:08:59.749||For input string: "yrty"||java.lang.NumberFormatException.forInputString(NumberFormatException.java:65)	
java.lang.Integer.parseInt(Integer.java:580)	
java.lang.Integer.parseInt(Integer.java:615)	
com.htc.services.airtime.ChargeRequest.doAddRequestCharge(ChargeRequest.java:239)	
com.htc.services.airtime.ChargeRequest.charge(ChargeRequest.java:102)	
com.htc.servelet.airtime.Charge_1.processRequest(Charge_1.java:41)	
com.htc.servelet.airtime.Charge_1.doGet(Charge_1.java:61)	
javax.servlet.http.HttpServlet.service(HttpServlet.java:635)	
javax.servlet.http.HttpServlet.service(HttpServlet.java:742)	
org.apache.catalina.core.ApplicationFilterChain.internalDoFilter(ApplicationFilterChain.java:231)	
org.apache.catalina.core.ApplicationFilterChain.doFilter(ApplicationFilterChain.java:166)	
org.apache.tomcat.websocket.server.WsFilter.doFilter(WsFilter.java:52)	
org.apache.catalina.core.ApplicationFilterChain.internalDoFilter(ApplicationFilterChain.java:193)	
org.apache.catalina.core.ApplicationFilterChain.doFilter(ApplicationFilterChain.java:166)	
org.apache.catalina.core.StandardWrapperValve.invoke(StandardWrapperValve.java:199)	
org.apache.catalina.core.StandardContextValve.invoke(StandardContextValve.java:96)	
org.apache.catalina.authenticator.AuthenticatorBase.invoke(AuthenticatorBase.java:478)	
org.apache.catalina.core.StandardHostValve.invoke(StandardHostValve.java:140)	
org.apache.catalina.valves.ErrorReportValve.invoke(ErrorReportValve.java:81)	
org.apache.catalina.valves.AbstractAccessLogValve.invoke(AbstractAccessLogValve.java:650)	
org.apache.catalina.core.StandardEngineValve.invoke(StandardEngineValve.java:87)	
org.apache.catalina.connector.CoyoteAdapter.service(CoyoteAdapter.java:342)	
org.apache.coyote.http11.Http11Processor.service(Http11Processor.java:803)	
org.apache.coyote.AbstractProcessorLight.process(AbstractProcessorLight.java:66)	
org.apache.coyote.AbstractProtocol$ConnectionHandler.process(AbstractProtocol.java:868)	
org.apache.tomcat.util.net.NioEndpoint$SocketProcessor.doRun(NioEndpoint.java:1459)	
org.apache.tomcat.util.net.SocketProcessorBase.run(SocketProcessorBase.java:49)	
java.util.concurrent.ThreadPoolExecutor.runWorker(ThreadPoolExecutor.java:1149)	
java.util.concurrent.ThreadPoolExecutor$Worker.run(ThreadPoolExecutor.java:624)	
org.apache.tomcat.util.threads.TaskThread$WrappingRunnable.run(TaskThread.java:61)	
java.lang.Thread.run(Thread.java:748)	

2017-11-24 11:09:03 WARN  JSONObject:431 - Tried to assign property result:java.lang.String to bean of class com.htc.services.airtime.entity.ChargingParams
2017-11-24 11:09:03 ERROR ChargeRequest:220 - 2017-11-24 11:09:03.34||For input string: "yrty"||java.lang.NumberFormatException.forInputString(NumberFormatException.java:65)	
java.lang.Integer.parseInt(Integer.java:580)	
java.lang.Integer.parseInt(Integer.java:615)	
com.htc.services.airtime.ChargeRequest.doAddRequestCharge(ChargeRequest.java:239)	
com.htc.services.airtime.ChargeRequest.charge(ChargeRequest.java:102)	
com.htc.servelet.airtime.Charge_1.processRequest(Charge_1.java:41)	
com.htc.servelet.airtime.Charge_1.doGet(Charge_1.java:61)	
javax.servlet.http.HttpServlet.service(HttpServlet.java:635)	
javax.servlet.http.HttpServlet.service(HttpServlet.java:742)	
org.apache.catalina.core.ApplicationFilterChain.internalDoFilter(ApplicationFilterChain.java:231)	
org.apache.catalina.core.ApplicationFilterChain.doFilter(ApplicationFilterChain.java:166)	
org.apache.tomcat.websocket.server.WsFilter.doFilter(WsFilter.java:52)	
org.apache.catalina.core.ApplicationFilterChain.internalDoFilter(ApplicationFilterChain.java:193)	
org.apache.catalina.core.ApplicationFilterChain.doFilter(ApplicationFilterChain.java:166)	
org.apache.catalina.core.StandardWrapperValve.invoke(StandardWrapperValve.java:199)	
org.apache.catalina.core.StandardContextValve.invoke(StandardContextValve.java:96)	
org.apache.catalina.authenticator.AuthenticatorBase.invoke(AuthenticatorBase.java:478)	
org.apache.catalina.core.StandardHostValve.invoke(StandardHostValve.java:140)	
org.apache.catalina.valves.ErrorReportValve.invoke(ErrorReportValve.java:81)	
org.apache.catalina.valves.AbstractAccessLogValve.invoke(AbstractAccessLogValve.java:650)	
org.apache.catalina.core.StandardEngineValve.invoke(StandardEngineValve.java:87)	
org.apache.catalina.connector.CoyoteAdapter.service(CoyoteAdapter.java:342)	
org.apache.coyote.http11.Http11Processor.service(Http11Processor.java:803)	
org.apache.coyote.AbstractProcessorLight.process(AbstractProcessorLight.java:66)	
org.apache.coyote.AbstractProtocol$ConnectionHandler.process(AbstractProtocol.java:868)	
org.apache.tomcat.util.net.NioEndpoint$SocketProcessor.doRun(NioEndpoint.java:1459)	
org.apache.tomcat.util.net.SocketProcessorBase.run(SocketProcessorBase.java:49)	
java.util.concurrent.ThreadPoolExecutor.runWorker(ThreadPoolExecutor.java:1149)	
java.util.concurrent.ThreadPoolExecutor$Worker.run(ThreadPoolExecutor.java:624)	
org.apache.tomcat.util.threads.TaskThread$WrappingRunnable.run(TaskThread.java:61)	
java.lang.Thread.run(Thread.java:748)	

2017-11-24 11:09:21 WARN  JSONObject:431 - Tried to assign property result:java.lang.String to bean of class com.htc.services.airtime.entity.ChargingParams
2017-11-24 11:09:25 WARN  JSONObject:431 - Tried to assign property result:java.lang.String to bean of class com.htc.services.airtime.entity.ChargingParams
2017-11-24 14:15:38 WARN  JSONObject:431 - Tried to assign property result:java.lang.String to bean of class com.htc.services.airtime.entity.ChargingParams
2017-11-24 16:04:43 WARN  JSONObject:431 - Tried to assign property result:java.lang.String to bean of class com.htc.services.airtime.entity.ChargingParams
2017-11-24 16:04:48 WARN  JSONObject:431 - Tried to assign property result:java.lang.String to bean of class com.htc.services.airtime.entity.ChargingParams
