2017-11-08 10:27:21 INFO  MyContext:115 - config.xml
2017-11-08 10:27:21 INFO  MyContext:122 - file config successfully processed
2017-11-08 10:27:21 INFO  MyContext:123 - get Config From ConfigurationManager
2017-11-08 10:27:22 INFO  MyContext:132 - config.xml
2017-11-08 10:27:22 INFO  MyContext:139 - file config successfully processed
2017-11-08 10:27:22 INFO  MyContext:140 - get Config From ConfigurationManager
2017-11-08 10:27:22 INFO  MyContext:102 - deregistering jdbc driver: com.mysql.jdbc.Driver@7cb25773
2017-11-08 10:27:22 ERROR ReqOtpCacheManager:90 - 2017-11-08 10:27:22.558||sleep interrupted||java.lang.Thread.sleep(Native Method)	
com.htc.services.airtime.thread.ReqOtpCacheManager.run(ReqOtpCacheManager.java:87)	

2017-11-08 10:27:22 ERROR ReqCacheManager:90 - 2017-11-08 10:27:22.558||sleep interrupted||java.lang.Thread.sleep(Native Method)	
com.htc.services.airtime.thread.ReqCacheManager.run(ReqCacheManager.java:87)	

2017-11-08 10:27:22 ERROR CheckPriceCacheManager:84 - 2017-11-08 10:27:22.558||sleep interrupted||java.lang.Thread.sleep(Native Method)	
com.htc.services.airtime.thread.CheckPriceCacheManager.run(CheckPriceCacheManager.java:81)	

2017-11-08 10:27:22 INFO  MyContext:119 - deregistering jdbc driver: com.mysql.jdbc.Driver@443e878b
2017-11-08 10:27:45 INFO  MyContext:115 - config.xml
2017-11-08 10:27:45 INFO  MyContext:122 - file config successfully processed
2017-11-08 10:27:45 INFO  MyContext:123 - get Config From ConfigurationManager
2017-11-08 10:27:45 INFO  MyContext:102 - deregistering jdbc driver: com.mysql.jdbc.Driver@1c044bae
2017-11-08 10:31:49 INFO  MyContext:115 - config.xml
2017-11-08 10:31:49 INFO  MyContext:122 - file config successfully processed
2017-11-08 10:31:49 INFO  MyContext:123 - get Config From ConfigurationManager
2017-11-08 10:32:06 INFO  MyContext:115 - config.xml
2017-11-08 10:32:06 INFO  MyContext:122 - file config successfully processed
2017-11-08 10:32:06 INFO  MyContext:123 - get Config From ConfigurationManager
2017-11-08 10:32:07 INFO  MyContext:132 - config.xml
2017-11-08 10:32:07 INFO  MyContext:139 - file config successfully processed
2017-11-08 10:32:07 INFO  MyContext:140 - get Config From ConfigurationManager
2017-11-08 10:32:19 ERROR ReqOtpCacheManager:90 - 2017-11-08 10:32:19.92||sleep interrupted||java.lang.Thread.sleep(Native Method)	
com.htc.services.airtime.thread.ReqOtpCacheManager.run(ReqOtpCacheManager.java:87)	

2017-11-08 10:32:19 ERROR CheckPriceCacheManager:84 - 2017-11-08 10:32:19.92||sleep interrupted||java.lang.Thread.sleep(Native Method)	
com.htc.services.airtime.thread.CheckPriceCacheManager.run(CheckPriceCacheManager.java:81)	

2017-11-08 10:32:19 ERROR ReqCacheManager:90 - 2017-11-08 10:32:19.92||sleep interrupted||java.lang.Thread.sleep(Native Method)	
com.htc.services.airtime.thread.ReqCacheManager.run(ReqCacheManager.java:87)	

2017-11-08 10:34:27 INFO  MyContext:115 - config.xml
2017-11-08 10:34:27 INFO  MyContext:122 - file config successfully processed
2017-11-08 10:34:27 INFO  MyContext:123 - get Config From ConfigurationManager
2017-11-08 10:34:28 INFO  MyContext:132 - config.xml
2017-11-08 10:34:28 INFO  MyContext:139 - file config successfully processed
2017-11-08 10:34:28 INFO  MyContext:140 - get Config From ConfigurationManager
2017-11-08 10:37:24 ERROR ReqCacheManager:90 - 2017-11-08 10:37:24.641||sleep interrupted||java.lang.Thread.sleep(Native Method)	
com.htc.services.airtime.thread.ReqCacheManager.run(ReqCacheManager.java:87)	

2017-11-08 10:37:24 ERROR CheckPriceCacheManager:84 - 2017-11-08 10:37:24.641||sleep interrupted||java.lang.Thread.sleep(Native Method)	
com.htc.services.airtime.thread.CheckPriceCacheManager.run(CheckPriceCacheManager.java:81)	

2017-11-08 10:37:24 ERROR ReqOtpCacheManager:90 - 2017-11-08 10:37:24.641||sleep interrupted||java.lang.Thread.sleep(Native Method)	
com.htc.services.airtime.thread.ReqOtpCacheManager.run(ReqOtpCacheManager.java:87)	

2017-11-08 11:17:23 INFO  MyContext:132 - config.xml
2017-11-08 11:17:23 INFO  MyContext:139 - file config successfully processed
2017-11-08 11:17:23 INFO  MyContext:140 - get Config From ConfigurationManager
2017-11-08 11:19:33 ERROR ReqOtpCacheManager:90 - 2017-11-08 11:19:33.674||sleep interrupted||java.lang.Thread.sleep(Native Method)	
com.htc.services.airtime.thread.ReqOtpCacheManager.run(ReqOtpCacheManager.java:87)	

2017-11-08 11:19:33 ERROR ReqCacheManager:90 - 2017-11-08 11:19:33.674||sleep interrupted||java.lang.Thread.sleep(Native Method)	
com.htc.services.airtime.thread.ReqCacheManager.run(ReqCacheManager.java:87)	

2017-11-08 11:19:33 ERROR CheckPriceCacheManager:84 - 2017-11-08 11:19:33.674||sleep interrupted||java.lang.Thread.sleep(Native Method)	
com.htc.services.airtime.thread.CheckPriceCacheManager.run(CheckPriceCacheManager.java:81)	

2017-11-08 11:19:44 INFO  MyContext:132 - config.xml
2017-11-08 11:19:44 INFO  MyContext:139 - file config successfully processed
2017-11-08 11:19:44 INFO  MyContext:140 - get Config From ConfigurationManager
2017-11-08 11:25:34 ERROR CheckPriceCacheManager:84 - 2017-11-08 11:25:34.443||sleep interrupted||java.lang.Thread.sleep(Native Method)	
com.htc.services.airtime.thread.CheckPriceCacheManager.run(CheckPriceCacheManager.java:81)	

2017-11-08 11:25:34 ERROR ReqOtpCacheManager:90 - 2017-11-08 11:25:34.443||sleep interrupted||java.lang.Thread.sleep(Native Method)	
com.htc.services.airtime.thread.ReqOtpCacheManager.run(ReqOtpCacheManager.java:87)	

2017-11-08 11:25:34 ERROR ReqCacheManager:90 - 2017-11-08 11:25:34.443||sleep interrupted||java.lang.Thread.sleep(Native Method)	
com.htc.services.airtime.thread.ReqCacheManager.run(ReqCacheManager.java:87)	

2017-11-08 11:46:07 INFO  MyContext:132 - config.xml
2017-11-08 11:46:07 INFO  MyContext:139 - file config successfully processed
2017-11-08 11:46:07 INFO  MyContext:140 - get Config From ConfigurationManager
2017-11-08 12:03:40 ERROR ReqCacheManager:90 - 2017-11-08 12:03:40.143||sleep interrupted||java.lang.Thread.sleep(Native Method)	
com.htc.services.airtime.thread.ReqCacheManager.run(ReqCacheManager.java:87)	

2017-11-08 12:03:40 ERROR ReqOtpCacheManager:90 - 2017-11-08 12:03:40.143||sleep interrupted||java.lang.Thread.sleep(Native Method)	
com.htc.services.airtime.thread.ReqOtpCacheManager.run(ReqOtpCacheManager.java:87)	

2017-11-08 12:03:40 ERROR CheckPriceCacheManager:84 - 2017-11-08 12:03:40.143||sleep interrupted||java.lang.Thread.sleep(Native Method)	
com.htc.services.airtime.thread.CheckPriceCacheManager.run(CheckPriceCacheManager.java:81)	

2017-11-08 12:03:40 INFO  MyContext:119 - deregistering jdbc driver: com.mysql.jdbc.Driver@33f96d6f
2017-11-08 12:38:41 INFO  MyContext:132 - config.xml
2017-11-08 12:38:41 INFO  MyContext:139 - file config successfully processed
2017-11-08 12:38:41 INFO  MyContext:140 - get Config From ConfigurationManager
2017-11-08 12:38:46 ERROR CheckPriceCacheManager:84 - 2017-11-08 12:38:46.015||sleep interrupted||java.lang.Thread.sleep(Native Method)	
com.htc.services.airtime.thread.CheckPriceCacheManager.run(CheckPriceCacheManager.java:81)	

2017-11-08 12:38:46 ERROR ReqOtpCacheManager:90 - 2017-11-08 12:38:46.015||sleep interrupted||java.lang.Thread.sleep(Native Method)	
com.htc.services.airtime.thread.ReqOtpCacheManager.run(ReqOtpCacheManager.java:87)	

2017-11-08 12:38:46 ERROR ReqCacheManager:90 - 2017-11-08 12:38:46.015||sleep interrupted||java.lang.Thread.sleep(Native Method)	
com.htc.services.airtime.thread.ReqCacheManager.run(ReqCacheManager.java:87)	

2017-11-08 12:38:54 INFO  MyContext:132 - config.xml
2017-11-08 12:38:54 INFO  MyContext:139 - file config successfully processed
2017-11-08 12:38:54 INFO  MyContext:140 - get Config From ConfigurationManager
2017-11-08 12:38:56 ERROR ReqOtpCacheManager:90 - 2017-11-08 12:38:56.465||sleep interrupted||java.lang.Thread.sleep(Native Method)	
com.htc.services.airtime.thread.ReqOtpCacheManager.run(ReqOtpCacheManager.java:87)	

2017-11-08 12:38:56 ERROR ReqCacheManager:90 - 2017-11-08 12:38:56.465||sleep interrupted||java.lang.Thread.sleep(Native Method)	
com.htc.services.airtime.thread.ReqCacheManager.run(ReqCacheManager.java:87)	

2017-11-08 12:38:56 ERROR CheckPriceCacheManager:84 - 2017-11-08 12:38:56.465||sleep interrupted||java.lang.Thread.sleep(Native Method)	
com.htc.services.airtime.thread.CheckPriceCacheManager.run(CheckPriceCacheManager.java:81)	

2017-11-08 12:39:07 INFO  MyContext:132 - config.xml
2017-11-08 12:39:07 INFO  MyContext:139 - file config successfully processed
2017-11-08 12:39:07 INFO  MyContext:140 - get Config From ConfigurationManager
2017-11-08 12:39:10 ERROR ReqCacheManager:90 - 2017-11-08 12:39:10.488||sleep interrupted||java.lang.Thread.sleep(Native Method)	
com.htc.services.airtime.thread.ReqCacheManager.run(ReqCacheManager.java:87)	

2017-11-08 12:39:10 ERROR CheckPriceCacheManager:84 - 2017-11-08 12:39:10.488||sleep interrupted||java.lang.Thread.sleep(Native Method)	
com.htc.services.airtime.thread.CheckPriceCacheManager.run(CheckPriceCacheManager.java:81)	

2017-11-08 12:39:10 ERROR ReqOtpCacheManager:90 - 2017-11-08 12:39:10.488||sleep interrupted||java.lang.Thread.sleep(Native Method)	
com.htc.services.airtime.thread.ReqOtpCacheManager.run(ReqOtpCacheManager.java:87)	

2017-11-08 12:39:15 INFO  MyContext:132 - config.xml
2017-11-08 12:39:15 INFO  MyContext:139 - file config successfully processed
2017-11-08 12:39:15 INFO  MyContext:140 - get Config From ConfigurationManager
2017-11-08 12:39:15 ERROR ReqOtpCacheManager:90 - 2017-11-08 12:39:15.48||sleep interrupted||java.lang.Thread.sleep(Native Method)	
com.htc.services.airtime.thread.ReqOtpCacheManager.run(ReqOtpCacheManager.java:87)	

2017-11-08 12:39:15 ERROR CheckPriceCacheManager:84 - 2017-11-08 12:39:15.48||sleep interrupted||java.lang.Thread.sleep(Native Method)	
com.htc.services.airtime.thread.CheckPriceCacheManager.run(CheckPriceCacheManager.java:81)	

2017-11-08 12:39:15 ERROR ReqCacheManager:90 - 2017-11-08 12:39:15.48||sleep interrupted||java.lang.Thread.sleep(Native Method)	
com.htc.services.airtime.thread.ReqCacheManager.run(ReqCacheManager.java:87)	

2017-11-08 12:39:42 INFO  MyContext:132 - config.xml
2017-11-08 12:39:42 INFO  MyContext:139 - file config successfully processed
2017-11-08 12:39:42 INFO  MyContext:140 - get Config From ConfigurationManager
2017-11-08 12:44:10 ERROR ReqOtpCacheManager:90 - 2017-11-08 12:44:10.091||sleep interrupted||java.lang.Thread.sleep(Native Method)	
com.htc.services.airtime.thread.ReqOtpCacheManager.run(ReqOtpCacheManager.java:87)	

2017-11-08 12:44:10 ERROR CheckPriceCacheManager:84 - 2017-11-08 12:44:10.091||sleep interrupted||java.lang.Thread.sleep(Native Method)	
com.htc.services.airtime.thread.CheckPriceCacheManager.run(CheckPriceCacheManager.java:81)	

2017-11-08 12:44:10 ERROR ReqCacheManager:90 - 2017-11-08 12:44:10.091||sleep interrupted||java.lang.Thread.sleep(Native Method)	
com.htc.services.airtime.thread.ReqCacheManager.run(ReqCacheManager.java:87)	

2017-11-08 12:44:13 INFO  MyContext:132 - config.xml
2017-11-08 12:44:13 INFO  MyContext:139 - file config successfully processed
2017-11-08 12:44:13 INFO  MyContext:140 - get Config From ConfigurationManager
2017-11-08 12:44:16 ERROR ReqOtpCacheManager:90 - 2017-11-08 12:44:16.383||sleep interrupted||java.lang.Thread.sleep(Native Method)	
com.htc.services.airtime.thread.ReqOtpCacheManager.run(ReqOtpCacheManager.java:87)	

2017-11-08 12:44:16 ERROR ReqCacheManager:90 - 2017-11-08 12:44:16.384||sleep interrupted||java.lang.Thread.sleep(Native Method)	
com.htc.services.airtime.thread.ReqCacheManager.run(ReqCacheManager.java:87)	

2017-11-08 12:44:16 ERROR CheckPriceCacheManager:84 - 2017-11-08 12:44:16.383||sleep interrupted||java.lang.Thread.sleep(Native Method)	
com.htc.services.airtime.thread.CheckPriceCacheManager.run(CheckPriceCacheManager.java:81)	

2017-11-08 12:44:36 INFO  MyContext:132 - config.xml
2017-11-08 12:44:36 INFO  MyContext:139 - file config successfully processed
2017-11-08 12:44:36 INFO  MyContext:140 - get Config From ConfigurationManager
2017-11-08 12:44:43 ERROR ReqCacheManager:90 - 2017-11-08 12:44:43.057||sleep interrupted||java.lang.Thread.sleep(Native Method)	
com.htc.services.airtime.thread.ReqCacheManager.run(ReqCacheManager.java:87)	

2017-11-08 12:44:43 ERROR CheckPriceCacheManager:84 - 2017-11-08 12:44:43.057||sleep interrupted||java.lang.Thread.sleep(Native Method)	
com.htc.services.airtime.thread.CheckPriceCacheManager.run(CheckPriceCacheManager.java:81)	

2017-11-08 12:44:43 ERROR ReqOtpCacheManager:90 - 2017-11-08 12:44:43.057||sleep interrupted||java.lang.Thread.sleep(Native Method)	
com.htc.services.airtime.thread.ReqOtpCacheManager.run(ReqOtpCacheManager.java:87)	

2017-11-08 12:49:27 INFO  MyContext:132 - config.xml
2017-11-08 12:49:27 INFO  MyContext:139 - file config successfully processed
2017-11-08 12:49:27 INFO  MyContext:140 - get Config From ConfigurationManager
2017-11-08 13:39:40 ERROR ReqCacheManager:90 - 2017-11-08 13:39:40.334||sleep interrupted||java.lang.Thread.sleep(Native Method)	
com.htc.services.airtime.thread.ReqCacheManager.run(ReqCacheManager.java:87)	

2017-11-08 13:39:40 ERROR CheckPriceCacheManager:84 - 2017-11-08 13:39:40.334||sleep interrupted||java.lang.Thread.sleep(Native Method)	
com.htc.services.airtime.thread.CheckPriceCacheManager.run(CheckPriceCacheManager.java:81)	

2017-11-08 13:39:40 ERROR ReqOtpCacheManager:90 - 2017-11-08 13:39:40.334||sleep interrupted||java.lang.Thread.sleep(Native Method)	
com.htc.services.airtime.thread.ReqOtpCacheManager.run(ReqOtpCacheManager.java:87)	

2017-11-08 13:41:50 INFO  MyContext:132 - config.xml
2017-11-08 13:41:50 INFO  MyContext:139 - file config successfully processed
2017-11-08 13:41:50 INFO  MyContext:140 - get Config From ConfigurationManager
2017-11-08 13:45:43 ERROR ReqOtpCacheManager:90 - 2017-11-08 13:45:43.45||sleep interrupted||java.lang.Thread.sleep(Native Method)	
com.htc.services.airtime.thread.ReqOtpCacheManager.run(ReqOtpCacheManager.java:87)	

2017-11-08 13:45:43 ERROR CheckPriceCacheManager:84 - 2017-11-08 13:45:43.45||sleep interrupted||java.lang.Thread.sleep(Native Method)	
com.htc.services.airtime.thread.CheckPriceCacheManager.run(CheckPriceCacheManager.java:81)	

2017-11-08 13:45:43 ERROR ReqCacheManager:90 - 2017-11-08 13:45:43.45||sleep interrupted||java.lang.Thread.sleep(Native Method)	
com.htc.services.airtime.thread.ReqCacheManager.run(ReqCacheManager.java:87)	

2017-11-08 13:45:59 INFO  MyContext:132 - config.xml
2017-11-08 13:45:59 INFO  MyContext:139 - file config successfully processed
2017-11-08 13:45:59 INFO  MyContext:140 - get Config From ConfigurationManager
2017-11-08 13:48:36 ERROR ReqOtpCacheManager:90 - 2017-11-08 13:48:36.701||sleep interrupted||java.lang.Thread.sleep(Native Method)	
com.htc.services.airtime.thread.ReqOtpCacheManager.run(ReqOtpCacheManager.java:87)	

2017-11-08 13:48:36 ERROR ReqCacheManager:90 - 2017-11-08 13:48:36.701||sleep interrupted||java.lang.Thread.sleep(Native Method)	
com.htc.services.airtime.thread.ReqCacheManager.run(ReqCacheManager.java:87)	

2017-11-08 13:48:36 ERROR CheckPriceCacheManager:84 - 2017-11-08 13:48:36.702||sleep interrupted||java.lang.Thread.sleep(Native Method)	
com.htc.services.airtime.thread.CheckPriceCacheManager.run(CheckPriceCacheManager.java:81)	

2017-11-08 14:07:09 INFO  MyContext:132 - config.xml
2017-11-08 14:07:09 INFO  MyContext:139 - file config successfully processed
2017-11-08 14:07:09 INFO  MyContext:140 - get Config From ConfigurationManager
2017-11-08 14:16:44 ERROR ReqOtpCacheManager:90 - 2017-11-08 14:16:44.117||sleep interrupted||java.lang.Thread.sleep(Native Method)	
com.htc.services.airtime.thread.ReqOtpCacheManager.run(ReqOtpCacheManager.java:87)	

2017-11-08 14:16:44 ERROR ReqCacheManager:90 - 2017-11-08 14:16:44.117||sleep interrupted||java.lang.Thread.sleep(Native Method)	
com.htc.services.airtime.thread.ReqCacheManager.run(ReqCacheManager.java:87)	

2017-11-08 14:16:44 ERROR CheckPriceCacheManager:84 - 2017-11-08 14:16:44.117||sleep interrupted||java.lang.Thread.sleep(Native Method)	
com.htc.services.airtime.thread.CheckPriceCacheManager.run(CheckPriceCacheManager.java:81)	

2017-11-08 14:16:44 INFO  MyContext:119 - deregistering jdbc driver: com.mysql.jdbc.Driver@76721142
2017-11-08 14:18:18 INFO  MyContext:132 - config.xml
2017-11-08 14:18:18 INFO  MyContext:139 - file config successfully processed
2017-11-08 14:18:18 INFO  MyContext:140 - get Config From ConfigurationManager
2017-11-08 14:18:23 ERROR ReqCacheManager:90 - 2017-11-08 14:18:23.3||sleep interrupted||java.lang.Thread.sleep(Native Method)	
com.htc.services.airtime.thread.ReqCacheManager.run(ReqCacheManager.java:87)	

2017-11-08 14:18:23 ERROR ReqOtpCacheManager:90 - 2017-11-08 14:18:23.3||sleep interrupted||java.lang.Thread.sleep(Native Method)	
com.htc.services.airtime.thread.ReqOtpCacheManager.run(ReqOtpCacheManager.java:87)	

2017-11-08 14:18:23 ERROR CheckPriceCacheManager:84 - 2017-11-08 14:18:23.3||sleep interrupted||java.lang.Thread.sleep(Native Method)	
com.htc.services.airtime.thread.CheckPriceCacheManager.run(CheckPriceCacheManager.java:81)	

2017-11-08 14:18:34 INFO  MyContext:132 - config.xml
2017-11-08 14:18:34 INFO  MyContext:139 - file config successfully processed
2017-11-08 14:18:34 INFO  MyContext:140 - get Config From ConfigurationManager
2017-11-08 14:20:04 ERROR ReqCacheManager:90 - 2017-11-08 14:20:04.792||sleep interrupted||java.lang.Thread.sleep(Native Method)	
com.htc.services.airtime.thread.ReqCacheManager.run(ReqCacheManager.java:87)	

2017-11-08 14:20:04 ERROR CheckPriceCacheManager:84 - 2017-11-08 14:20:04.792||sleep interrupted||java.lang.Thread.sleep(Native Method)	
com.htc.services.airtime.thread.CheckPriceCacheManager.run(CheckPriceCacheManager.java:81)	

2017-11-08 14:20:04 ERROR ReqOtpCacheManager:90 - 2017-11-08 14:20:04.792||sleep interrupted||java.lang.Thread.sleep(Native Method)	
com.htc.services.airtime.thread.ReqOtpCacheManager.run(ReqOtpCacheManager.java:87)	

2017-11-08 14:22:08 INFO  MyContext:132 - config.xml
2017-11-08 14:22:08 INFO  MyContext:139 - file config successfully processed
2017-11-08 14:22:08 INFO  MyContext:140 - get Config From ConfigurationManager
2017-11-08 15:01:16 ERROR ReqCacheManager:90 - 2017-11-08 15:01:16.608||sleep interrupted||java.lang.Thread.sleep(Native Method)	
com.htc.services.airtime.thread.ReqCacheManager.run(ReqCacheManager.java:87)	

2017-11-08 15:01:16 ERROR CheckPriceCacheManager:84 - 2017-11-08 15:01:16.608||sleep interrupted||java.lang.Thread.sleep(Native Method)	
com.htc.services.airtime.thread.CheckPriceCacheManager.run(CheckPriceCacheManager.java:81)	

2017-11-08 15:01:16 ERROR ReqOtpCacheManager:90 - 2017-11-08 15:01:16.608||sleep interrupted||java.lang.Thread.sleep(Native Method)	
com.htc.services.airtime.thread.ReqOtpCacheManager.run(ReqOtpCacheManager.java:87)	

2017-11-08 15:28:02 INFO  MyContext:132 - config.xml
2017-11-08 15:28:02 INFO  MyContext:139 - file config successfully processed
2017-11-08 15:28:02 INFO  MyContext:140 - get Config From ConfigurationManager
2017-11-08 16:22:02 ERROR ReqCacheManager:90 - 2017-11-08 16:22:02.61||sleep interrupted||java.lang.Thread.sleep(Native Method)	
com.htc.services.airtime.thread.ReqCacheManager.run(ReqCacheManager.java:87)	

2017-11-08 16:22:02 ERROR CheckPriceCacheManager:84 - 2017-11-08 16:22:02.61||sleep interrupted||java.lang.Thread.sleep(Native Method)	
com.htc.services.airtime.thread.CheckPriceCacheManager.run(CheckPriceCacheManager.java:81)	

2017-11-08 16:22:02 ERROR ReqOtpCacheManager:90 - 2017-11-08 16:22:02.61||sleep interrupted||java.lang.Thread.sleep(Native Method)	
com.htc.services.airtime.thread.ReqOtpCacheManager.run(ReqOtpCacheManager.java:87)	

2017-11-08 16:22:10 INFO  MyContext:132 - config.xml
2017-11-08 16:22:10 INFO  MyContext:139 - file config successfully processed
2017-11-08 16:22:10 INFO  MyContext:140 - get Config From ConfigurationManager
2017-11-08 16:26:27 ERROR ReqCacheManager:90 - 2017-11-08 16:26:27.957||sleep interrupted||java.lang.Thread.sleep(Native Method)	
com.htc.services.airtime.thread.ReqCacheManager.run(ReqCacheManager.java:87)	

2017-11-08 16:26:27 ERROR CheckPriceCacheManager:84 - 2017-11-08 16:26:27.957||sleep interrupted||java.lang.Thread.sleep(Native Method)	
com.htc.services.airtime.thread.CheckPriceCacheManager.run(CheckPriceCacheManager.java:81)	

2017-11-08 16:26:27 ERROR ReqOtpCacheManager:90 - 2017-11-08 16:26:27.957||sleep interrupted||java.lang.Thread.sleep(Native Method)	
com.htc.services.airtime.thread.ReqOtpCacheManager.run(ReqOtpCacheManager.java:87)	

2017-11-08 16:28:56 INFO  MyContext:115 - config.xml
2017-11-08 16:28:56 INFO  MyContext:122 - file config successfully processed
2017-11-08 16:28:56 INFO  MyContext:123 - get Config From ConfigurationManager
2017-11-08 16:32:47 INFO  MyContext:132 - config.xml
2017-11-08 16:32:47 INFO  MyContext:139 - file config successfully processed
2017-11-08 16:32:47 INFO  MyContext:140 - get Config From ConfigurationManager
