2017-11-10 08:51:57 ERROR AirTime:319 - 2017-11-10 08:51:57.906||No value specified for parameter 2||com.mysql.jdbc.SQLError.createSQLException(SQLError.java:1078)	
com.mysql.jdbc.SQLError.createSQLException(SQLError.java:989)	
com.mysql.jdbc.SQLError.createSQLException(SQLError.java:975)	
com.mysql.jdbc.SQLError.createSQLException(SQLError.java:920)	
com.mysql.jdbc.PreparedStatement.checkAllParametersSet(PreparedStatement.java:2611)	
com.mysql.jdbc.PreparedStatement.fillSendPacket(PreparedStatement.java:2586)	
com.mysql.jdbc.PreparedStatement.fillSendPacket(PreparedStatement.java:2510)	
com.mysql.jdbc.PreparedStatement.executeQuery(PreparedStatement.java:2259)	
snaq.db.CachedPreparedStatement.executeQuery(CachedPreparedStatement.java:144)	
com.htc.services.airtime.dao.AirTime.countRequestOtp(AirTime.java:313)	
com.htc.services.airtime.entity.RequestOtp.checkReqOtp(RequestOtp.java:56)	
com.htc.services.airtime.AirTimeChargeRequest.changing(AirTimeChargeRequest.java:173)	
com.htc.servelet.airtime.Charging.processRequest(Charging.java:43)	
com.htc.servelet.airtime.Charging.doGet(Charging.java:63)	
javax.servlet.http.HttpServlet.service(HttpServlet.java:635)	
javax.servlet.http.HttpServlet.service(HttpServlet.java:742)	
org.apache.catalina.core.ApplicationFilterChain.internalDoFilter(ApplicationFilterChain.java:231)	
org.apache.catalina.core.ApplicationFilterChain.doFilter(ApplicationFilterChain.java:166)	
org.apache.tomcat.websocket.server.WsFilter.doFilter(WsFilter.java:52)	
org.apache.catalina.core.ApplicationFilterChain.internalDoFilter(ApplicationFilterChain.java:193)	
org.apache.catalina.core.ApplicationFilterChain.doFilter(ApplicationFilterChain.java:166)	
org.apache.catalina.core.StandardWrapperValve.invoke(StandardWrapperValve.java:199)	
org.apache.catalina.core.StandardContextValve.invoke(StandardContextValve.java:96)	
org.apache.catalina.authenticator.AuthenticatorBase.invoke(AuthenticatorBase.java:478)	
org.apache.catalina.core.StandardHostValve.invoke(StandardHostValve.java:140)	
org.apache.catalina.valves.ErrorReportValve.invoke(ErrorReportValve.java:81)	
org.apache.catalina.core.StandardEngineValve.invoke(StandardEngineValve.java:87)	
org.apache.catalina.connector.CoyoteAdapter.service(CoyoteAdapter.java:342)	
org.apache.coyote.http11.Http11Processor.service(Http11Processor.java:803)	
org.apache.coyote.AbstractProcessorLight.process(AbstractProcessorLight.java:66)	
org.apache.coyote.AbstractProtocol$ConnectionHandler.process(AbstractProtocol.java:868)	
org.apache.tomcat.util.net.NioEndpoint$SocketProcessor.doRun(NioEndpoint.java:1459)	
org.apache.tomcat.util.net.SocketProcessorBase.run(SocketProcessorBase.java:49)	
java.util.concurrent.ThreadPoolExecutor.runWorker(ThreadPoolExecutor.java:1149)	
java.util.concurrent.ThreadPoolExecutor$Worker.run(ThreadPoolExecutor.java:624)	
org.apache.tomcat.util.threads.TaskThread$WrappingRunnable.run(TaskThread.java:61)	
java.lang.Thread.run(Thread.java:748)	

2017-11-10 13:18:34 ERROR AirTime:319 - 2017-11-10 13:18:34.769||No value specified for parameter 2||com.mysql.jdbc.SQLError.createSQLException(SQLError.java:1078)	
com.mysql.jdbc.SQLError.createSQLException(SQLError.java:989)	
com.mysql.jdbc.SQLError.createSQLException(SQLError.java:975)	
com.mysql.jdbc.SQLError.createSQLException(SQLError.java:920)	
com.mysql.jdbc.PreparedStatement.checkAllParametersSet(PreparedStatement.java:2611)	
com.mysql.jdbc.PreparedStatement.fillSendPacket(PreparedStatement.java:2586)	
com.mysql.jdbc.PreparedStatement.fillSendPacket(PreparedStatement.java:2510)	
com.mysql.jdbc.PreparedStatement.executeQuery(PreparedStatement.java:2259)	
snaq.db.CachedPreparedStatement.executeQuery(CachedPreparedStatement.java:144)	
com.htc.services.airtime.dao.AirTime.countRequestOtp(AirTime.java:313)	
com.htc.services.airtime.entity.RequestOtp.checkReqOtp(RequestOtp.java:56)	
com.htc.services.airtime.AirTimeChargeRequest.changing(AirTimeChargeRequest.java:173)	
com.htc.servelet.airtime.Charging.processRequest(Charging.java:43)	
com.htc.servelet.airtime.Charging.doGet(Charging.java:63)	
javax.servlet.http.HttpServlet.service(HttpServlet.java:635)	
javax.servlet.http.HttpServlet.service(HttpServlet.java:742)	
org.apache.catalina.core.ApplicationFilterChain.internalDoFilter(ApplicationFilterChain.java:231)	
org.apache.catalina.core.ApplicationFilterChain.doFilter(ApplicationFilterChain.java:166)	
org.apache.tomcat.websocket.server.WsFilter.doFilter(WsFilter.java:52)	
org.apache.catalina.core.ApplicationFilterChain.internalDoFilter(ApplicationFilterChain.java:193)	
org.apache.catalina.core.ApplicationFilterChain.doFilter(ApplicationFilterChain.java:166)	
org.apache.catalina.core.StandardWrapperValve.invoke(StandardWrapperValve.java:199)	
org.apache.catalina.core.StandardContextValve.invoke(StandardContextValve.java:96)	
org.apache.catalina.authenticator.AuthenticatorBase.invoke(AuthenticatorBase.java:478)	
org.apache.catalina.core.StandardHostValve.invoke(StandardHostValve.java:140)	
org.apache.catalina.valves.ErrorReportValve.invoke(ErrorReportValve.java:81)	
org.apache.catalina.core.StandardEngineValve.invoke(StandardEngineValve.java:87)	
org.apache.catalina.connector.CoyoteAdapter.service(CoyoteAdapter.java:342)	
org.apache.coyote.http11.Http11Processor.service(Http11Processor.java:803)	
org.apache.coyote.AbstractProcessorLight.process(AbstractProcessorLight.java:66)	
org.apache.coyote.AbstractProtocol$ConnectionHandler.process(AbstractProtocol.java:868)	
org.apache.tomcat.util.net.NioEndpoint$SocketProcessor.doRun(NioEndpoint.java:1459)	
org.apache.tomcat.util.net.SocketProcessorBase.run(SocketProcessorBase.java:49)	
java.util.concurrent.ThreadPoolExecutor.runWorker(ThreadPoolExecutor.java:1149)	
java.util.concurrent.ThreadPoolExecutor$Worker.run(ThreadPoolExecutor.java:624)	
org.apache.tomcat.util.threads.TaskThread$WrappingRunnable.run(TaskThread.java:61)	
java.lang.Thread.run(Thread.java:748)	

2017-11-10 13:55:18 ERROR AirTime:319 - 2017-11-10 13:55:18.5||No value specified for parameter 2||com.mysql.jdbc.SQLError.createSQLException(SQLError.java:1078)	
com.mysql.jdbc.SQLError.createSQLException(SQLError.java:989)	
com.mysql.jdbc.SQLError.createSQLException(SQLError.java:975)	
com.mysql.jdbc.SQLError.createSQLException(SQLError.java:920)	
com.mysql.jdbc.PreparedStatement.checkAllParametersSet(PreparedStatement.java:2611)	
com.mysql.jdbc.PreparedStatement.fillSendPacket(PreparedStatement.java:2586)	
com.mysql.jdbc.PreparedStatement.fillSendPacket(PreparedStatement.java:2510)	
com.mysql.jdbc.PreparedStatement.executeQuery(PreparedStatement.java:2259)	
snaq.db.CachedPreparedStatement.executeQuery(CachedPreparedStatement.java:144)	
com.htc.services.airtime.dao.AirTime.countRequestOtp(AirTime.java:313)	
com.htc.services.airtime.entity.RequestOtp.checkReqOtp(RequestOtp.java:56)	
com.htc.services.airtime.AirTimeChargeRequest.changing(AirTimeChargeRequest.java:173)	
com.htc.servelet.airtime.Charging.processRequest(Charging.java:43)	
com.htc.servelet.airtime.Charging.doGet(Charging.java:63)	
javax.servlet.http.HttpServlet.service(HttpServlet.java:635)	
javax.servlet.http.HttpServlet.service(HttpServlet.java:742)	
org.apache.catalina.core.ApplicationFilterChain.internalDoFilter(ApplicationFilterChain.java:231)	
org.apache.catalina.core.ApplicationFilterChain.doFilter(ApplicationFilterChain.java:166)	
org.apache.tomcat.websocket.server.WsFilter.doFilter(WsFilter.java:52)	
org.apache.catalina.core.ApplicationFilterChain.internalDoFilter(ApplicationFilterChain.java:193)	
org.apache.catalina.core.ApplicationFilterChain.doFilter(ApplicationFilterChain.java:166)	
org.apache.catalina.core.StandardWrapperValve.invoke(StandardWrapperValve.java:199)	
org.apache.catalina.core.StandardContextValve.invoke(StandardContextValve.java:96)	
org.apache.catalina.authenticator.AuthenticatorBase.invoke(AuthenticatorBase.java:478)	
org.apache.catalina.core.StandardHostValve.invoke(StandardHostValve.java:140)	
org.apache.catalina.valves.ErrorReportValve.invoke(ErrorReportValve.java:81)	
org.apache.catalina.core.StandardEngineValve.invoke(StandardEngineValve.java:87)	
org.apache.catalina.connector.CoyoteAdapter.service(CoyoteAdapter.java:342)	
org.apache.coyote.http11.Http11Processor.service(Http11Processor.java:803)	
org.apache.coyote.AbstractProcessorLight.process(AbstractProcessorLight.java:66)	
org.apache.coyote.AbstractProtocol$ConnectionHandler.process(AbstractProtocol.java:868)	
org.apache.tomcat.util.net.NioEndpoint$SocketProcessor.doRun(NioEndpoint.java:1459)	
org.apache.tomcat.util.net.SocketProcessorBase.run(SocketProcessorBase.java:49)	
java.util.concurrent.ThreadPoolExecutor.runWorker(ThreadPoolExecutor.java:1149)	
java.util.concurrent.ThreadPoolExecutor$Worker.run(ThreadPoolExecutor.java:624)	
org.apache.tomcat.util.threads.TaskThread$WrappingRunnable.run(TaskThread.java:61)	
java.lang.Thread.run(Thread.java:748)	

2017-11-10 13:59:31 ERROR AirTime:319 - 2017-11-10 13:59:31.861||No value specified for parameter 2||com.mysql.jdbc.SQLError.createSQLException(SQLError.java:1078)	
com.mysql.jdbc.SQLError.createSQLException(SQLError.java:989)	
com.mysql.jdbc.SQLError.createSQLException(SQLError.java:975)	
com.mysql.jdbc.SQLError.createSQLException(SQLError.java:920)	
com.mysql.jdbc.PreparedStatement.checkAllParametersSet(PreparedStatement.java:2611)	
com.mysql.jdbc.PreparedStatement.fillSendPacket(PreparedStatement.java:2586)	
com.mysql.jdbc.PreparedStatement.fillSendPacket(PreparedStatement.java:2510)	
com.mysql.jdbc.PreparedStatement.executeQuery(PreparedStatement.java:2259)	
snaq.db.CachedPreparedStatement.executeQuery(CachedPreparedStatement.java:144)	
com.htc.services.airtime.dao.AirTime.countRequestOtp(AirTime.java:313)	
com.htc.services.airtime.entity.RequestOtp.checkReqOtp(RequestOtp.java:56)	
com.htc.services.airtime.OtpRequest.getOtp(OtpRequest.java:193)	
com.htc.servelet.airtime.Otp.processRequest(Otp.java:38)	
com.htc.servelet.airtime.Otp.doGet(Otp.java:68)	
javax.servlet.http.HttpServlet.service(HttpServlet.java:635)	
javax.servlet.http.HttpServlet.service(HttpServlet.java:742)	
org.apache.catalina.core.ApplicationFilterChain.internalDoFilter(ApplicationFilterChain.java:231)	
org.apache.catalina.core.ApplicationFilterChain.doFilter(ApplicationFilterChain.java:166)	
org.apache.tomcat.websocket.server.WsFilter.doFilter(WsFilter.java:52)	
org.apache.catalina.core.ApplicationFilterChain.internalDoFilter(ApplicationFilterChain.java:193)	
org.apache.catalina.core.ApplicationFilterChain.doFilter(ApplicationFilterChain.java:166)	
org.apache.catalina.core.StandardWrapperValve.invoke(StandardWrapperValve.java:199)	
org.apache.catalina.core.StandardContextValve.invoke(StandardContextValve.java:96)	
org.apache.catalina.authenticator.AuthenticatorBase.invoke(AuthenticatorBase.java:478)	
org.apache.catalina.core.StandardHostValve.invoke(StandardHostValve.java:140)	
org.apache.catalina.valves.ErrorReportValve.invoke(ErrorReportValve.java:81)	
org.apache.catalina.core.StandardEngineValve.invoke(StandardEngineValve.java:87)	
org.apache.catalina.connector.CoyoteAdapter.service(CoyoteAdapter.java:342)	
org.apache.coyote.http11.Http11Processor.service(Http11Processor.java:803)	
org.apache.coyote.AbstractProcessorLight.process(AbstractProcessorLight.java:66)	
org.apache.coyote.AbstractProtocol$ConnectionHandler.process(AbstractProtocol.java:868)	
org.apache.tomcat.util.net.NioEndpoint$SocketProcessor.doRun(NioEndpoint.java:1459)	
org.apache.tomcat.util.net.SocketProcessorBase.run(SocketProcessorBase.java:49)	
java.util.concurrent.ThreadPoolExecutor.runWorker(ThreadPoolExecutor.java:1149)	
java.util.concurrent.ThreadPoolExecutor$Worker.run(ThreadPoolExecutor.java:624)	
org.apache.tomcat.util.threads.TaskThread$WrappingRunnable.run(TaskThread.java:61)	
java.lang.Thread.run(Thread.java:748)	

2017-11-10 13:59:36 ERROR SOAPClientService:77 - 2017-11-10 13:59:36.966||com.sun.xml.internal.messaging.saaj.SOAPExceptionImpl: Message send failed||com.sun.xml.internal.messaging.saaj.client.p2p.HttpSOAPConnection.call(HttpSOAPConnection.java:149)	
com.htc.services.airtime.client.SOAPClientService.mpschargeRequest(SOAPClientService.java:65)	
com.htc.services.airtime.OtpRequest.doMpsOtpRequest(OtpRequest.java:371)	
com.htc.services.airtime.OtpRequest.getOtp(OtpRequest.java:248)	
com.htc.servelet.airtime.Otp.processRequest(Otp.java:38)	
com.htc.servelet.airtime.Otp.doGet(Otp.java:68)	
javax.servlet.http.HttpServlet.service(HttpServlet.java:635)	
javax.servlet.http.HttpServlet.service(HttpServlet.java:742)	
org.apache.catalina.core.ApplicationFilterChain.internalDoFilter(ApplicationFilterChain.java:231)	
org.apache.catalina.core.ApplicationFilterChain.doFilter(ApplicationFilterChain.java:166)	
org.apache.tomcat.websocket.server.WsFilter.doFilter(WsFilter.java:52)	
org.apache.catalina.core.ApplicationFilterChain.internalDoFilter(ApplicationFilterChain.java:193)	
org.apache.catalina.core.ApplicationFilterChain.doFilter(ApplicationFilterChain.java:166)	
org.apache.catalina.core.StandardWrapperValve.invoke(StandardWrapperValve.java:199)	
org.apache.catalina.core.StandardContextValve.invoke(StandardContextValve.java:96)	
org.apache.catalina.authenticator.AuthenticatorBase.invoke(AuthenticatorBase.java:478)	
org.apache.catalina.core.StandardHostValve.invoke(StandardHostValve.java:140)	
org.apache.catalina.valves.ErrorReportValve.invoke(ErrorReportValve.java:81)	
org.apache.catalina.core.StandardEngineValve.invoke(StandardEngineValve.java:87)	
org.apache.catalina.connector.CoyoteAdapter.service(CoyoteAdapter.java:342)	
org.apache.coyote.http11.Http11Processor.service(Http11Processor.java:803)	
org.apache.coyote.AbstractProcessorLight.process(AbstractProcessorLight.java:66)	
org.apache.coyote.AbstractProtocol$ConnectionHandler.process(AbstractProtocol.java:868)	
org.apache.tomcat.util.net.NioEndpoint$SocketProcessor.doRun(NioEndpoint.java:1459)	
org.apache.tomcat.util.net.SocketProcessorBase.run(SocketProcessorBase.java:49)	
java.util.concurrent.ThreadPoolExecutor.runWorker(ThreadPoolExecutor.java:1149)	
java.util.concurrent.ThreadPoolExecutor$Worker.run(ThreadPoolExecutor.java:624)	
org.apache.tomcat.util.threads.TaskThread$WrappingRunnable.run(TaskThread.java:61)	
java.lang.Thread.run(Thread.java:748)	

2017-11-10 16:57:36 ERROR ReqCacheManager:90 - 2017-11-10 16:57:36.274||sleep interrupted||java.lang.Thread.sleep(Native Method)	
com.htc.services.airtime.thread.ReqCacheManager.run(ReqCacheManager.java:87)	

2017-11-10 16:57:36 INFO  MyContext:119 - deregistering jdbc driver: com.mysql.jdbc.Driver@76721142
2017-11-10 16:57:36 ERROR CheckPriceCacheManager:84 - 2017-11-10 16:57:36.274||sleep interrupted||java.lang.Thread.sleep(Native Method)	
com.htc.services.airtime.thread.CheckPriceCacheManager.run(CheckPriceCacheManager.java:81)	

2017-11-10 16:57:36 ERROR ReqOtpCacheManager:90 - 2017-11-10 16:57:36.274||sleep interrupted||java.lang.Thread.sleep(Native Method)	
com.htc.services.airtime.thread.ReqOtpCacheManager.run(ReqOtpCacheManager.java:87)	

2017-11-10 16:57:40 INFO  MyContext:132 - config.xml
2017-11-10 16:57:40 INFO  MyContext:139 - file config successfully processed
2017-11-10 16:57:40 INFO  MyContext:140 - get Config From ConfigurationManager
