2017-11-18 09:10:45 ERROR ChargingParams:95 - 2017-11-18 09:10:45.305||A JSONObject text must begin with '{' at character 0 of ||net.sf.json.util.JSONTokener.syntaxError(JSONTokener.java:499)	
net.sf.json.JSONObject._fromJSONTokener(JSONObject.java:972)	
net.sf.json.JSONObject._fromString(JSONObject.java:1201)	
net.sf.json.JSONObject.fromObject(JSONObject.java:165)	
net.sf.json.JSONObject.fromObject(JSONObject.java:134)	
com.htc.services.airtime.entity.ChargingParams.str2Obj(ChargingParams.java:92)	
com.htc.services.airtime.OtpRequest.getOtp(OtpRequest.java:96)	
com.htc.servelet.airtime.Otp.processRequest(Otp.java:38)	
com.htc.servelet.airtime.Otp.doGet(Otp.java:68)	
javax.servlet.http.HttpServlet.service(HttpServlet.java:635)	
javax.servlet.http.HttpServlet.service(HttpServlet.java:742)	
org.apache.catalina.core.ApplicationFilterChain.internalDoFilter(ApplicationFilterChain.java:231)	
org.apache.catalina.core.ApplicationFilterChain.doFilter(ApplicationFilterChain.java:166)	
org.apache.tomcat.websocket.server.WsFilter.doFilter(WsFilter.java:52)	
org.apache.catalina.core.ApplicationFilterChain.internalDoFilter(ApplicationFilterChain.java:193)	
org.apache.catalina.core.ApplicationFilterChain.doFilter(ApplicationFilterChain.java:166)	
org.apache.catalina.core.StandardWrapperValve.invoke(StandardWrapperValve.java:199)	
org.apache.catalina.core.StandardContextValve.invoke(StandardContextValve.java:96)	
org.apache.catalina.authenticator.AuthenticatorBase.invoke(AuthenticatorBase.java:478)	
org.apache.catalina.core.StandardHostValve.invoke(StandardHostValve.java:140)	
org.apache.catalina.valves.ErrorReportValve.invoke(ErrorReportValve.java:81)	
org.apache.catalina.core.StandardEngineValve.invoke(StandardEngineValve.java:87)	
org.apache.catalina.connector.CoyoteAdapter.service(CoyoteAdapter.java:342)	
org.apache.coyote.http11.Http11Processor.service(Http11Processor.java:803)	
org.apache.coyote.AbstractProcessorLight.process(AbstractProcessorLight.java:66)	
org.apache.coyote.AbstractProtocol$ConnectionHandler.process(AbstractProtocol.java:868)	
org.apache.tomcat.util.net.NioEndpoint$SocketProcessor.doRun(NioEndpoint.java:1459)	
org.apache.tomcat.util.net.SocketProcessorBase.run(SocketProcessorBase.java:49)	
java.util.concurrent.ThreadPoolExecutor.runWorker(ThreadPoolExecutor.java:1149)	
java.util.concurrent.ThreadPoolExecutor$Worker.run(ThreadPoolExecutor.java:624)	
org.apache.tomcat.util.threads.TaskThread$WrappingRunnable.run(TaskThread.java:61)	
java.lang.Thread.run(Thread.java:748)	

2017-11-18 09:19:42 ERROR OtpRequest:290 - 2017-11-18 09:19:42.466||For input string: "price"||java.lang.NumberFormatException.forInputString(NumberFormatException.java:65)	
java.lang.Integer.parseInt(Integer.java:580)	
java.lang.Integer.parseInt(Integer.java:615)	
com.htc.services.airtime.OtpRequest.doAddErrOtpReq(OtpRequest.java:339)	
com.htc.services.airtime.OtpRequest.getOtp(OtpRequest.java:114)	
com.htc.servelet.airtime.Otp.processRequest(Otp.java:38)	
com.htc.servelet.airtime.Otp.doGet(Otp.java:68)	
javax.servlet.http.HttpServlet.service(HttpServlet.java:635)	
javax.servlet.http.HttpServlet.service(HttpServlet.java:742)	
org.apache.catalina.core.ApplicationFilterChain.internalDoFilter(ApplicationFilterChain.java:231)	
org.apache.catalina.core.ApplicationFilterChain.doFilter(ApplicationFilterChain.java:166)	
org.apache.tomcat.websocket.server.WsFilter.doFilter(WsFilter.java:52)	
org.apache.catalina.core.ApplicationFilterChain.internalDoFilter(ApplicationFilterChain.java:193)	
org.apache.catalina.core.ApplicationFilterChain.doFilter(ApplicationFilterChain.java:166)	
org.apache.catalina.core.StandardWrapperValve.invoke(StandardWrapperValve.java:199)	
org.apache.catalina.core.StandardContextValve.invoke(StandardContextValve.java:96)	
org.apache.catalina.authenticator.AuthenticatorBase.invoke(AuthenticatorBase.java:478)	
org.apache.catalina.core.StandardHostValve.invoke(StandardHostValve.java:140)	
org.apache.catalina.valves.ErrorReportValve.invoke(ErrorReportValve.java:81)	
org.apache.catalina.core.StandardEngineValve.invoke(StandardEngineValve.java:87)	
org.apache.catalina.connector.CoyoteAdapter.service(CoyoteAdapter.java:342)	
org.apache.coyote.http11.Http11Processor.service(Http11Processor.java:803)	
org.apache.coyote.AbstractProcessorLight.process(AbstractProcessorLight.java:66)	
org.apache.coyote.AbstractProtocol$ConnectionHandler.process(AbstractProtocol.java:868)	
org.apache.tomcat.util.net.NioEndpoint$SocketProcessor.doRun(NioEndpoint.java:1459)	
org.apache.tomcat.util.net.SocketProcessorBase.run(SocketProcessorBase.java:49)	
java.util.concurrent.ThreadPoolExecutor.runWorker(ThreadPoolExecutor.java:1149)	
java.util.concurrent.ThreadPoolExecutor$Worker.run(ThreadPoolExecutor.java:624)	
org.apache.tomcat.util.threads.TaskThread$WrappingRunnable.run(TaskThread.java:61)	
java.lang.Thread.run(Thread.java:748)	

2017-11-18 09:19:52 ERROR OtpRequest:290 - 2017-11-18 09:19:52.749||For input string: "price"||java.lang.NumberFormatException.forInputString(NumberFormatException.java:65)	
java.lang.Integer.parseInt(Integer.java:580)	
java.lang.Integer.parseInt(Integer.java:615)	
com.htc.services.airtime.OtpRequest.doAddErrOtpReq(OtpRequest.java:339)	
com.htc.services.airtime.OtpRequest.getOtp(OtpRequest.java:114)	
com.htc.servelet.airtime.Otp.processRequest(Otp.java:38)	
com.htc.servelet.airtime.Otp.doGet(Otp.java:68)	
javax.servlet.http.HttpServlet.service(HttpServlet.java:635)	
javax.servlet.http.HttpServlet.service(HttpServlet.java:742)	
org.apache.catalina.core.ApplicationFilterChain.internalDoFilter(ApplicationFilterChain.java:231)	
org.apache.catalina.core.ApplicationFilterChain.doFilter(ApplicationFilterChain.java:166)	
org.apache.tomcat.websocket.server.WsFilter.doFilter(WsFilter.java:52)	
org.apache.catalina.core.ApplicationFilterChain.internalDoFilter(ApplicationFilterChain.java:193)	
org.apache.catalina.core.ApplicationFilterChain.doFilter(ApplicationFilterChain.java:166)	
org.apache.catalina.core.StandardWrapperValve.invoke(StandardWrapperValve.java:199)	
org.apache.catalina.core.StandardContextValve.invoke(StandardContextValve.java:96)	
org.apache.catalina.authenticator.AuthenticatorBase.invoke(AuthenticatorBase.java:478)	
org.apache.catalina.core.StandardHostValve.invoke(StandardHostValve.java:140)	
org.apache.catalina.valves.ErrorReportValve.invoke(ErrorReportValve.java:81)	
org.apache.catalina.core.StandardEngineValve.invoke(StandardEngineValve.java:87)	
org.apache.catalina.connector.CoyoteAdapter.service(CoyoteAdapter.java:342)	
org.apache.coyote.http11.Http11Processor.service(Http11Processor.java:803)	
org.apache.coyote.AbstractProcessorLight.process(AbstractProcessorLight.java:66)	
org.apache.coyote.AbstractProtocol$ConnectionHandler.process(AbstractProtocol.java:868)	
org.apache.tomcat.util.net.NioEndpoint$SocketProcessor.doRun(NioEndpoint.java:1459)	
org.apache.tomcat.util.net.SocketProcessorBase.run(SocketProcessorBase.java:49)	
java.util.concurrent.ThreadPoolExecutor.runWorker(ThreadPoolExecutor.java:1149)	
java.util.concurrent.ThreadPoolExecutor$Worker.run(ThreadPoolExecutor.java:624)	
org.apache.tomcat.util.threads.TaskThread$WrappingRunnable.run(TaskThread.java:61)	
java.lang.Thread.run(Thread.java:748)	

2017-11-18 09:26:26 ERROR AirTime:319 - 2017-11-18 09:26:26.563||No value specified for parameter 2||com.mysql.jdbc.SQLError.createSQLException(SQLError.java:1078)	
com.mysql.jdbc.SQLError.createSQLException(SQLError.java:989)	
com.mysql.jdbc.SQLError.createSQLException(SQLError.java:975)	
com.mysql.jdbc.SQLError.createSQLException(SQLError.java:920)	
com.mysql.jdbc.PreparedStatement.checkAllParametersSet(PreparedStatement.java:2611)	
com.mysql.jdbc.PreparedStatement.fillSendPacket(PreparedStatement.java:2586)	
com.mysql.jdbc.PreparedStatement.fillSendPacket(PreparedStatement.java:2510)	
com.mysql.jdbc.PreparedStatement.executeQuery(PreparedStatement.java:2259)	
snaq.db.CachedPreparedStatement.executeQuery(CachedPreparedStatement.java:144)	
com.htc.services.airtime.dao.AirTime.countRequestOtp(AirTime.java:313)	
com.htc.services.airtime.entity.RequestOtp.checkReqOtp(RequestOtp.java:56)	
com.htc.services.airtime.OtpRequest.getOtp(OtpRequest.java:193)	
com.htc.servelet.airtime.Otp.processRequest(Otp.java:38)	
com.htc.servelet.airtime.Otp.doGet(Otp.java:68)	
javax.servlet.http.HttpServlet.service(HttpServlet.java:635)	
javax.servlet.http.HttpServlet.service(HttpServlet.java:742)	
org.apache.catalina.core.ApplicationFilterChain.internalDoFilter(ApplicationFilterChain.java:231)	
org.apache.catalina.core.ApplicationFilterChain.doFilter(ApplicationFilterChain.java:166)	
org.apache.tomcat.websocket.server.WsFilter.doFilter(WsFilter.java:52)	
org.apache.catalina.core.ApplicationFilterChain.internalDoFilter(ApplicationFilterChain.java:193)	
org.apache.catalina.core.ApplicationFilterChain.doFilter(ApplicationFilterChain.java:166)	
org.apache.catalina.core.StandardWrapperValve.invoke(StandardWrapperValve.java:199)	
org.apache.catalina.core.StandardContextValve.invoke(StandardContextValve.java:96)	
org.apache.catalina.authenticator.AuthenticatorBase.invoke(AuthenticatorBase.java:478)	
org.apache.catalina.core.StandardHostValve.invoke(StandardHostValve.java:140)	
org.apache.catalina.valves.ErrorReportValve.invoke(ErrorReportValve.java:81)	
org.apache.catalina.core.StandardEngineValve.invoke(StandardEngineValve.java:87)	
org.apache.catalina.connector.CoyoteAdapter.service(CoyoteAdapter.java:342)	
org.apache.coyote.http11.Http11Processor.service(Http11Processor.java:803)	
org.apache.coyote.AbstractProcessorLight.process(AbstractProcessorLight.java:66)	
org.apache.coyote.AbstractProtocol$ConnectionHandler.process(AbstractProtocol.java:868)	
org.apache.tomcat.util.net.NioEndpoint$SocketProcessor.doRun(NioEndpoint.java:1459)	
org.apache.tomcat.util.net.SocketProcessorBase.run(SocketProcessorBase.java:49)	
java.util.concurrent.ThreadPoolExecutor.runWorker(ThreadPoolExecutor.java:1149)	
java.util.concurrent.ThreadPoolExecutor$Worker.run(ThreadPoolExecutor.java:624)	
org.apache.tomcat.util.threads.TaskThread$WrappingRunnable.run(TaskThread.java:61)	
java.lang.Thread.run(Thread.java:748)	

2017-11-18 10:44:10 ERROR AirTime:319 - 2017-11-18 10:44:10.306||No value specified for parameter 2||com.mysql.jdbc.SQLError.createSQLException(SQLError.java:1078)	
com.mysql.jdbc.SQLError.createSQLException(SQLError.java:989)	
com.mysql.jdbc.SQLError.createSQLException(SQLError.java:975)	
com.mysql.jdbc.SQLError.createSQLException(SQLError.java:920)	
com.mysql.jdbc.PreparedStatement.checkAllParametersSet(PreparedStatement.java:2611)	
com.mysql.jdbc.PreparedStatement.fillSendPacket(PreparedStatement.java:2586)	
com.mysql.jdbc.PreparedStatement.fillSendPacket(PreparedStatement.java:2510)	
com.mysql.jdbc.PreparedStatement.executeQuery(PreparedStatement.java:2259)	
snaq.db.CachedPreparedStatement.executeQuery(CachedPreparedStatement.java:144)	
com.htc.services.airtime.dao.AirTime.countRequestOtp(AirTime.java:313)	
com.htc.services.airtime.entity.RequestOtp.checkReqOtp(RequestOtp.java:56)	
com.htc.services.airtime.OtpRequest.getOtp(OtpRequest.java:193)	
com.htc.servelet.airtime.Otp.processRequest(Otp.java:38)	
com.htc.servelet.airtime.Otp.doGet(Otp.java:68)	
javax.servlet.http.HttpServlet.service(HttpServlet.java:635)	
javax.servlet.http.HttpServlet.service(HttpServlet.java:742)	
org.apache.catalina.core.ApplicationFilterChain.internalDoFilter(ApplicationFilterChain.java:231)	
org.apache.catalina.core.ApplicationFilterChain.doFilter(ApplicationFilterChain.java:166)	
org.apache.tomcat.websocket.server.WsFilter.doFilter(WsFilter.java:52)	
org.apache.catalina.core.ApplicationFilterChain.internalDoFilter(ApplicationFilterChain.java:193)	
org.apache.catalina.core.ApplicationFilterChain.doFilter(ApplicationFilterChain.java:166)	
org.apache.catalina.core.StandardWrapperValve.invoke(StandardWrapperValve.java:199)	
org.apache.catalina.core.StandardContextValve.invoke(StandardContextValve.java:96)	
org.apache.catalina.authenticator.AuthenticatorBase.invoke(AuthenticatorBase.java:478)	
org.apache.catalina.core.StandardHostValve.invoke(StandardHostValve.java:140)	
org.apache.catalina.valves.ErrorReportValve.invoke(ErrorReportValve.java:81)	
org.apache.catalina.core.StandardEngineValve.invoke(StandardEngineValve.java:87)	
org.apache.catalina.connector.CoyoteAdapter.service(CoyoteAdapter.java:342)	
org.apache.coyote.http11.Http11Processor.service(Http11Processor.java:803)	
org.apache.coyote.AbstractProcessorLight.process(AbstractProcessorLight.java:66)	
org.apache.coyote.AbstractProtocol$ConnectionHandler.process(AbstractProtocol.java:868)	
org.apache.tomcat.util.net.NioEndpoint$SocketProcessor.doRun(NioEndpoint.java:1459)	
org.apache.tomcat.util.net.SocketProcessorBase.run(SocketProcessorBase.java:49)	
java.util.concurrent.ThreadPoolExecutor.runWorker(ThreadPoolExecutor.java:1149)	
java.util.concurrent.ThreadPoolExecutor$Worker.run(ThreadPoolExecutor.java:624)	
org.apache.tomcat.util.threads.TaskThread$WrappingRunnable.run(TaskThread.java:61)	
java.lang.Thread.run(Thread.java:748)	

2017-11-18 10:48:49 ERROR AirTime:319 - 2017-11-18 10:48:49.763||No value specified for parameter 2||com.mysql.jdbc.SQLError.createSQLException(SQLError.java:1078)	
com.mysql.jdbc.SQLError.createSQLException(SQLError.java:989)	
com.mysql.jdbc.SQLError.createSQLException(SQLError.java:975)	
com.mysql.jdbc.SQLError.createSQLException(SQLError.java:920)	
com.mysql.jdbc.PreparedStatement.checkAllParametersSet(PreparedStatement.java:2611)	
com.mysql.jdbc.PreparedStatement.fillSendPacket(PreparedStatement.java:2586)	
com.mysql.jdbc.PreparedStatement.fillSendPacket(PreparedStatement.java:2510)	
com.mysql.jdbc.PreparedStatement.executeQuery(PreparedStatement.java:2259)	
snaq.db.CachedPreparedStatement.executeQuery(CachedPreparedStatement.java:144)	
com.htc.services.airtime.dao.AirTime.countRequestOtp(AirTime.java:313)	
com.htc.services.airtime.entity.RequestOtp.checkReqOtp(RequestOtp.java:56)	
com.htc.services.airtime.OtpRequest.getOtp(OtpRequest.java:193)	
com.htc.servelet.airtime.Otp.processRequest(Otp.java:38)	
com.htc.servelet.airtime.Otp.doGet(Otp.java:68)	
javax.servlet.http.HttpServlet.service(HttpServlet.java:635)	
javax.servlet.http.HttpServlet.service(HttpServlet.java:742)	
org.apache.catalina.core.ApplicationFilterChain.internalDoFilter(ApplicationFilterChain.java:231)	
org.apache.catalina.core.ApplicationFilterChain.doFilter(ApplicationFilterChain.java:166)	
org.apache.tomcat.websocket.server.WsFilter.doFilter(WsFilter.java:52)	
org.apache.catalina.core.ApplicationFilterChain.internalDoFilter(ApplicationFilterChain.java:193)	
org.apache.catalina.core.ApplicationFilterChain.doFilter(ApplicationFilterChain.java:166)	
org.apache.catalina.core.StandardWrapperValve.invoke(StandardWrapperValve.java:199)	
org.apache.catalina.core.StandardContextValve.invoke(StandardContextValve.java:96)	
org.apache.catalina.authenticator.AuthenticatorBase.invoke(AuthenticatorBase.java:478)	
org.apache.catalina.core.StandardHostValve.invoke(StandardHostValve.java:140)	
org.apache.catalina.valves.ErrorReportValve.invoke(ErrorReportValve.java:81)	
org.apache.catalina.core.StandardEngineValve.invoke(StandardEngineValve.java:87)	
org.apache.catalina.connector.CoyoteAdapter.service(CoyoteAdapter.java:342)	
org.apache.coyote.http11.Http11Processor.service(Http11Processor.java:803)	
org.apache.coyote.AbstractProcessorLight.process(AbstractProcessorLight.java:66)	
org.apache.coyote.AbstractProtocol$ConnectionHandler.process(AbstractProtocol.java:868)	
org.apache.tomcat.util.net.NioEndpoint$SocketProcessor.doRun(NioEndpoint.java:1459)	
org.apache.tomcat.util.net.SocketProcessorBase.run(SocketProcessorBase.java:49)	
java.util.concurrent.ThreadPoolExecutor.runWorker(ThreadPoolExecutor.java:1149)	
java.util.concurrent.ThreadPoolExecutor$Worker.run(ThreadPoolExecutor.java:624)	
org.apache.tomcat.util.threads.TaskThread$WrappingRunnable.run(TaskThread.java:61)	
java.lang.Thread.run(Thread.java:748)	

2017-11-18 11:07:06 ERROR ReqOtpCacheManager:90 - 2017-11-18 11:07:06.896||sleep interrupted||java.lang.Thread.sleep(Native Method)	
com.htc.services.airtime.thread.ReqOtpCacheManager.run(ReqOtpCacheManager.java:87)	

2017-11-18 11:07:06 INFO  MyContext:119 - deregistering jdbc driver: com.mysql.jdbc.Driver@76721142
2017-11-18 11:07:06 ERROR ReqCacheManager:90 - 2017-11-18 11:07:06.896||sleep interrupted||java.lang.Thread.sleep(Native Method)	
com.htc.services.airtime.thread.ReqCacheManager.run(ReqCacheManager.java:87)	

2017-11-18 11:07:06 ERROR CheckPriceCacheManager:84 - 2017-11-18 11:07:06.896||sleep interrupted||java.lang.Thread.sleep(Native Method)	
com.htc.services.airtime.thread.CheckPriceCacheManager.run(CheckPriceCacheManager.java:81)	

2017-11-18 11:07:30 INFO  MyContext:132 - config.xml
2017-11-18 11:07:30 INFO  MyContext:139 - file config successfully processed
2017-11-18 11:07:30 INFO  MyContext:140 - get Config From ConfigurationManager
2017-11-18 11:10:09 INFO  MyContext:132 - config.xml
2017-11-18 11:10:09 INFO  MyContext:139 - file config successfully processed
2017-11-18 11:10:09 INFO  MyContext:140 - get Config From ConfigurationManager
2017-11-18 11:10:09 ERROR ReqCacheManager:90 - 2017-11-18 11:10:09.507||sleep interrupted||java.lang.Thread.sleep(Native Method)	
com.htc.services.airtime.thread.ReqCacheManager.run(ReqCacheManager.java:87)	

2017-11-18 11:10:09 ERROR ReqOtpCacheManager:90 - 2017-11-18 11:10:09.507||sleep interrupted||java.lang.Thread.sleep(Native Method)	
com.htc.services.airtime.thread.ReqOtpCacheManager.run(ReqOtpCacheManager.java:87)	

2017-11-18 11:10:09 ERROR CheckPriceCacheManager:84 - 2017-11-18 11:10:09.507||sleep interrupted||java.lang.Thread.sleep(Native Method)	
com.htc.services.airtime.thread.CheckPriceCacheManager.run(CheckPriceCacheManager.java:81)	

2017-11-18 11:10:09 INFO  MyContext:119 - deregistering jdbc driver: com.mysql.jdbc.Driver@8cc81e9
2017-11-18 12:10:41 INFO  MyContext:132 - config.xml
2017-11-18 12:10:41 INFO  MyContext:139 - file config successfully processed
2017-11-18 12:10:41 INFO  MyContext:140 - get Config From ConfigurationManager
2017-11-18 12:10:41 ERROR ReqCacheManager:90 - 2017-11-18 12:10:41.788||sleep interrupted||java.lang.Thread.sleep(Native Method)	
com.htc.services.airtime.thread.ReqCacheManager.run(ReqCacheManager.java:87)	

2017-11-18 12:10:41 ERROR CheckPriceCacheManager:84 - 2017-11-18 12:10:41.788||sleep interrupted||java.lang.Thread.sleep(Native Method)	
com.htc.services.airtime.thread.CheckPriceCacheManager.run(CheckPriceCacheManager.java:81)	

2017-11-18 12:10:41 ERROR ReqOtpCacheManager:90 - 2017-11-18 12:10:41.788||sleep interrupted||java.lang.Thread.sleep(Native Method)	
com.htc.services.airtime.thread.ReqOtpCacheManager.run(ReqOtpCacheManager.java:87)	

2017-11-18 12:10:42 INFO  MyContext:119 - deregistering jdbc driver: com.mysql.jdbc.Driver@8cc81e9
2017-11-18 12:11:47 ERROR CheckPriceCacheManager:84 - 2017-11-18 12:11:47.445||sleep interrupted||java.lang.Thread.sleep(Native Method)	
com.htc.services.airtime.thread.CheckPriceCacheManager.run(CheckPriceCacheManager.java:81)	

2017-11-18 12:11:47 ERROR ReqCacheManager:90 - 2017-11-18 12:11:47.445||sleep interrupted||java.lang.Thread.sleep(Native Method)	
com.htc.services.airtime.thread.ReqCacheManager.run(ReqCacheManager.java:87)	

2017-11-18 12:11:47 ERROR ReqOtpCacheManager:90 - 2017-11-18 12:11:47.445||sleep interrupted||java.lang.Thread.sleep(Native Method)	
com.htc.services.airtime.thread.ReqOtpCacheManager.run(ReqOtpCacheManager.java:87)	

2017-11-18 12:16:43 INFO  MyContext:132 - config.xml
2017-11-18 12:16:43 INFO  MyContext:139 - file config successfully processed
2017-11-18 12:16:43 INFO  MyContext:140 - get Config From ConfigurationManager
2017-11-18 12:17:03 ERROR ReqCacheManager:90 - 2017-11-18 12:17:03.801||sleep interrupted||java.lang.Thread.sleep(Native Method)	
com.htc.services.airtime.thread.ReqCacheManager.run(ReqCacheManager.java:87)	

2017-11-18 12:17:03 ERROR CheckPriceCacheManager:84 - 2017-11-18 12:17:03.801||sleep interrupted||java.lang.Thread.sleep(Native Method)	
com.htc.services.airtime.thread.CheckPriceCacheManager.run(CheckPriceCacheManager.java:81)	

2017-11-18 12:17:03 ERROR ReqOtpCacheManager:90 - 2017-11-18 12:17:03.801||sleep interrupted||java.lang.Thread.sleep(Native Method)	
com.htc.services.airtime.thread.ReqOtpCacheManager.run(ReqOtpCacheManager.java:87)	

2017-11-18 12:17:21 INFO  MyContext:132 - config.xml
2017-11-18 12:17:21 INFO  MyContext:139 - file config successfully processed
2017-11-18 12:17:21 INFO  MyContext:140 - get Config From ConfigurationManager
2017-11-18 12:17:29 ERROR CheckPriceCacheManager:84 - 2017-11-18 12:17:29.128||sleep interrupted||java.lang.Thread.sleep(Native Method)	
com.htc.services.airtime.thread.CheckPriceCacheManager.run(CheckPriceCacheManager.java:81)	

2017-11-18 12:17:29 ERROR ReqCacheManager:90 - 2017-11-18 12:17:29.128||sleep interrupted||java.lang.Thread.sleep(Native Method)	
com.htc.services.airtime.thread.ReqCacheManager.run(ReqCacheManager.java:87)	

2017-11-18 12:17:29 ERROR ReqOtpCacheManager:90 - 2017-11-18 12:17:29.128||sleep interrupted||java.lang.Thread.sleep(Native Method)	
com.htc.services.airtime.thread.ReqOtpCacheManager.run(ReqOtpCacheManager.java:87)	

