2017-12-05 00:01:00 INFO  CheckPriceCacheManager:79 - Clean Cache CheckPriceCacheManager: 2017-12-05 00:01:00.0
2017-12-05 00:01:00 INFO  CheckPriceCacheManager:79 - Clean Cache CheckPriceCacheManager: 2017-12-05 00:01:00.0
2017-12-05 09:56:02 WARN  JSONObject:431 - Tried to assign property result:java.lang.String to bean of class com.htc.services.airtime.entity.ChargingParams
2017-12-05 09:56:02 ERROR AirTime:483 - 2017-12-05 09:56:02.276||No value specified for parameter 2||com.mysql.jdbc.SQLError.createSQLException(SQLError.java:1078)	
com.mysql.jdbc.SQLError.createSQLException(SQLError.java:989)	
com.mysql.jdbc.SQLError.createSQLException(SQLError.java:975)	
com.mysql.jdbc.SQLError.createSQLException(SQLError.java:920)	
com.mysql.jdbc.PreparedStatement.checkAllParametersSet(PreparedStatement.java:2611)	
com.mysql.jdbc.PreparedStatement.fillSendPacket(PreparedStatement.java:2586)	
com.mysql.jdbc.PreparedStatement.fillSendPacket(PreparedStatement.java:2510)	
com.mysql.jdbc.PreparedStatement.executeQuery(PreparedStatement.java:2259)	
snaq.db.CachedPreparedStatement.executeQuery(CachedPreparedStatement.java:144)	
com.htc.services.airtime.dao.AirTime.countRequestOtp(AirTime.java:477)	
com.htc.services.airtime.entity.RequestOtp.checkReqOtp(RequestOtp.java:56)	
com.htc.services.airtime.OtpRequest.getOtp(OtpRequest.java:204)	
com.htc.servelet.airtime.Otp_1.processRequest(Otp_1.java:38)	
com.htc.servelet.airtime.Otp_1.doGet(Otp_1.java:68)	
javax.servlet.http.HttpServlet.service(HttpServlet.java:635)	
javax.servlet.http.HttpServlet.service(HttpServlet.java:742)	
org.apache.catalina.core.ApplicationFilterChain.internalDoFilter(ApplicationFilterChain.java:231)	
org.apache.catalina.core.ApplicationFilterChain.doFilter(ApplicationFilterChain.java:166)	
org.apache.tomcat.websocket.server.WsFilter.doFilter(WsFilter.java:52)	
org.apache.catalina.core.ApplicationFilterChain.internalDoFilter(ApplicationFilterChain.java:193)	
org.apache.catalina.core.ApplicationFilterChain.doFilter(ApplicationFilterChain.java:166)	
org.apache.catalina.core.StandardWrapperValve.invoke(StandardWrapperValve.java:199)	
org.apache.catalina.core.StandardContextValve.invoke(StandardContextValve.java:96)	
org.apache.catalina.authenticator.AuthenticatorBase.invoke(AuthenticatorBase.java:478)	
org.apache.catalina.core.StandardHostValve.invoke(StandardHostValve.java:140)	
org.apache.catalina.valves.ErrorReportValve.invoke(ErrorReportValve.java:81)	
org.apache.catalina.valves.AbstractAccessLogValve.invoke(AbstractAccessLogValve.java:650)	
org.apache.catalina.core.StandardEngineValve.invoke(StandardEngineValve.java:87)	
org.apache.catalina.connector.CoyoteAdapter.service(CoyoteAdapter.java:342)	
org.apache.coyote.http11.Http11Processor.service(Http11Processor.java:803)	
org.apache.coyote.AbstractProcessorLight.process(AbstractProcessorLight.java:66)	
org.apache.coyote.AbstractProtocol$ConnectionHandler.process(AbstractProtocol.java:868)	
org.apache.tomcat.util.net.NioEndpoint$SocketProcessor.doRun(NioEndpoint.java:1459)	
org.apache.tomcat.util.net.SocketProcessorBase.run(SocketProcessorBase.java:49)	
java.util.concurrent.ThreadPoolExecutor.runWorker(ThreadPoolExecutor.java:1149)	
java.util.concurrent.ThreadPoolExecutor$Worker.run(ThreadPoolExecutor.java:624)	
org.apache.tomcat.util.threads.TaskThread$WrappingRunnable.run(TaskThread.java:61)	
java.lang.Thread.run(Thread.java:748)	

2017-12-05 09:56:06 WARN  JSONObject:431 - Tried to assign property result:java.lang.String to bean of class com.htc.services.airtime.entity.ChargingParams
2017-12-05 09:56:06 ERROR AirTime:483 - 2017-12-05 09:56:06.476||No value specified for parameter 2||com.mysql.jdbc.SQLError.createSQLException(SQLError.java:1078)	
com.mysql.jdbc.SQLError.createSQLException(SQLError.java:989)	
com.mysql.jdbc.SQLError.createSQLException(SQLError.java:975)	
com.mysql.jdbc.SQLError.createSQLException(SQLError.java:920)	
com.mysql.jdbc.PreparedStatement.checkAllParametersSet(PreparedStatement.java:2611)	
com.mysql.jdbc.PreparedStatement.fillSendPacket(PreparedStatement.java:2586)	
com.mysql.jdbc.PreparedStatement.fillSendPacket(PreparedStatement.java:2510)	
com.mysql.jdbc.PreparedStatement.executeQuery(PreparedStatement.java:2259)	
snaq.db.CachedPreparedStatement.executeQuery(CachedPreparedStatement.java:144)	
com.htc.services.airtime.dao.AirTime.countRequestOtp(AirTime.java:477)	
com.htc.services.airtime.entity.RequestOtp.checkReqOtp(RequestOtp.java:56)	
com.htc.services.airtime.OtpRequest.getOtp(OtpRequest.java:204)	
com.htc.servelet.airtime.Otp_1.processRequest(Otp_1.java:38)	
com.htc.servelet.airtime.Otp_1.doGet(Otp_1.java:68)	
javax.servlet.http.HttpServlet.service(HttpServlet.java:635)	
javax.servlet.http.HttpServlet.service(HttpServlet.java:742)	
org.apache.catalina.core.ApplicationFilterChain.internalDoFilter(ApplicationFilterChain.java:231)	
org.apache.catalina.core.ApplicationFilterChain.doFilter(ApplicationFilterChain.java:166)	
org.apache.tomcat.websocket.server.WsFilter.doFilter(WsFilter.java:52)	
org.apache.catalina.core.ApplicationFilterChain.internalDoFilter(ApplicationFilterChain.java:193)	
org.apache.catalina.core.ApplicationFilterChain.doFilter(ApplicationFilterChain.java:166)	
org.apache.catalina.core.StandardWrapperValve.invoke(StandardWrapperValve.java:199)	
org.apache.catalina.core.StandardContextValve.invoke(StandardContextValve.java:96)	
org.apache.catalina.authenticator.AuthenticatorBase.invoke(AuthenticatorBase.java:478)	
org.apache.catalina.core.StandardHostValve.invoke(StandardHostValve.java:140)	
org.apache.catalina.valves.ErrorReportValve.invoke(ErrorReportValve.java:81)	
org.apache.catalina.valves.AbstractAccessLogValve.invoke(AbstractAccessLogValve.java:650)	
org.apache.catalina.core.StandardEngineValve.invoke(StandardEngineValve.java:87)	
org.apache.catalina.connector.CoyoteAdapter.service(CoyoteAdapter.java:342)	
org.apache.coyote.http11.Http11Processor.service(Http11Processor.java:803)	
org.apache.coyote.AbstractProcessorLight.process(AbstractProcessorLight.java:66)	
org.apache.coyote.AbstractProtocol$ConnectionHandler.process(AbstractProtocol.java:868)	
org.apache.tomcat.util.net.NioEndpoint$SocketProcessor.doRun(NioEndpoint.java:1459)	
org.apache.tomcat.util.net.SocketProcessorBase.run(SocketProcessorBase.java:49)	
java.util.concurrent.ThreadPoolExecutor.runWorker(ThreadPoolExecutor.java:1149)	
java.util.concurrent.ThreadPoolExecutor$Worker.run(ThreadPoolExecutor.java:624)	
org.apache.tomcat.util.threads.TaskThread$WrappingRunnable.run(TaskThread.java:61)	
java.lang.Thread.run(Thread.java:748)	

2017-12-05 09:56:08 WARN  JSONObject:431 - Tried to assign property result:java.lang.String to bean of class com.htc.services.airtime.entity.ChargingParams
2017-12-05 09:56:08 ERROR AirTime:483 - 2017-12-05 09:56:08.797||No value specified for parameter 2||com.mysql.jdbc.SQLError.createSQLException(SQLError.java:1078)	
com.mysql.jdbc.SQLError.createSQLException(SQLError.java:989)	
com.mysql.jdbc.SQLError.createSQLException(SQLError.java:975)	
com.mysql.jdbc.SQLError.createSQLException(SQLError.java:920)	
com.mysql.jdbc.PreparedStatement.checkAllParametersSet(PreparedStatement.java:2611)	
com.mysql.jdbc.PreparedStatement.fillSendPacket(PreparedStatement.java:2586)	
com.mysql.jdbc.PreparedStatement.fillSendPacket(PreparedStatement.java:2510)	
com.mysql.jdbc.PreparedStatement.executeQuery(PreparedStatement.java:2259)	
snaq.db.CachedPreparedStatement.executeQuery(CachedPreparedStatement.java:144)	
com.htc.services.airtime.dao.AirTime.countRequestOtp(AirTime.java:477)	
com.htc.services.airtime.entity.RequestOtp.checkReqOtp(RequestOtp.java:56)	
com.htc.services.airtime.OtpRequest.getOtp(OtpRequest.java:204)	
com.htc.servelet.airtime.Otp_1.processRequest(Otp_1.java:38)	
com.htc.servelet.airtime.Otp_1.doGet(Otp_1.java:68)	
javax.servlet.http.HttpServlet.service(HttpServlet.java:635)	
javax.servlet.http.HttpServlet.service(HttpServlet.java:742)	
org.apache.catalina.core.ApplicationFilterChain.internalDoFilter(ApplicationFilterChain.java:231)	
org.apache.catalina.core.ApplicationFilterChain.doFilter(ApplicationFilterChain.java:166)	
org.apache.tomcat.websocket.server.WsFilter.doFilter(WsFilter.java:52)	
org.apache.catalina.core.ApplicationFilterChain.internalDoFilter(ApplicationFilterChain.java:193)	
org.apache.catalina.core.ApplicationFilterChain.doFilter(ApplicationFilterChain.java:166)	
org.apache.catalina.core.StandardWrapperValve.invoke(StandardWrapperValve.java:199)	
org.apache.catalina.core.StandardContextValve.invoke(StandardContextValve.java:96)	
org.apache.catalina.authenticator.AuthenticatorBase.invoke(AuthenticatorBase.java:478)	
org.apache.catalina.core.StandardHostValve.invoke(StandardHostValve.java:140)	
org.apache.catalina.valves.ErrorReportValve.invoke(ErrorReportValve.java:81)	
org.apache.catalina.valves.AbstractAccessLogValve.invoke(AbstractAccessLogValve.java:650)	
org.apache.catalina.core.StandardEngineValve.invoke(StandardEngineValve.java:87)	
org.apache.catalina.connector.CoyoteAdapter.service(CoyoteAdapter.java:342)	
org.apache.coyote.http11.Http11Processor.service(Http11Processor.java:803)	
org.apache.coyote.AbstractProcessorLight.process(AbstractProcessorLight.java:66)	
org.apache.coyote.AbstractProtocol$ConnectionHandler.process(AbstractProtocol.java:868)	
org.apache.tomcat.util.net.NioEndpoint$SocketProcessor.doRun(NioEndpoint.java:1459)	
org.apache.tomcat.util.net.SocketProcessorBase.run(SocketProcessorBase.java:49)	
java.util.concurrent.ThreadPoolExecutor.runWorker(ThreadPoolExecutor.java:1149)	
java.util.concurrent.ThreadPoolExecutor$Worker.run(ThreadPoolExecutor.java:624)	
org.apache.tomcat.util.threads.TaskThread$WrappingRunnable.run(TaskThread.java:61)	
java.lang.Thread.run(Thread.java:748)	

2017-12-05 09:56:48 WARN  JSONObject:431 - Tried to assign property result:java.lang.String to bean of class com.htc.services.airtime.entity.ChargingParams
2017-12-05 09:58:44 WARN  JSONObject:431 - Tried to assign property result:java.lang.String to bean of class com.htc.services.airtime.entity.ChargingParams
2017-12-05 09:58:44 ERROR AirTime:483 - 2017-12-05 09:58:44.695||No value specified for parameter 2||com.mysql.jdbc.SQLError.createSQLException(SQLError.java:1078)	
com.mysql.jdbc.SQLError.createSQLException(SQLError.java:989)	
com.mysql.jdbc.SQLError.createSQLException(SQLError.java:975)	
com.mysql.jdbc.SQLError.createSQLException(SQLError.java:920)	
com.mysql.jdbc.PreparedStatement.checkAllParametersSet(PreparedStatement.java:2611)	
com.mysql.jdbc.PreparedStatement.fillSendPacket(PreparedStatement.java:2586)	
com.mysql.jdbc.PreparedStatement.fillSendPacket(PreparedStatement.java:2510)	
com.mysql.jdbc.PreparedStatement.executeQuery(PreparedStatement.java:2259)	
snaq.db.CachedPreparedStatement.executeQuery(CachedPreparedStatement.java:144)	
com.htc.services.airtime.dao.AirTime.countRequestOtp(AirTime.java:477)	
com.htc.services.airtime.entity.RequestOtp.checkReqOtp(RequestOtp.java:56)	
com.htc.services.airtime.OtpRequest.getOtp(OtpRequest.java:204)	
com.htc.servelet.airtime.Otp_1.processRequest(Otp_1.java:38)	
com.htc.servelet.airtime.Otp_1.doGet(Otp_1.java:68)	
javax.servlet.http.HttpServlet.service(HttpServlet.java:635)	
javax.servlet.http.HttpServlet.service(HttpServlet.java:742)	
org.apache.catalina.core.ApplicationFilterChain.internalDoFilter(ApplicationFilterChain.java:231)	
org.apache.catalina.core.ApplicationFilterChain.doFilter(ApplicationFilterChain.java:166)	
org.apache.tomcat.websocket.server.WsFilter.doFilter(WsFilter.java:52)	
org.apache.catalina.core.ApplicationFilterChain.internalDoFilter(ApplicationFilterChain.java:193)	
org.apache.catalina.core.ApplicationFilterChain.doFilter(ApplicationFilterChain.java:166)	
org.apache.catalina.core.StandardWrapperValve.invoke(StandardWrapperValve.java:199)	
org.apache.catalina.core.StandardContextValve.invoke(StandardContextValve.java:96)	
org.apache.catalina.authenticator.AuthenticatorBase.invoke(AuthenticatorBase.java:478)	
org.apache.catalina.core.StandardHostValve.invoke(StandardHostValve.java:140)	
org.apache.catalina.valves.ErrorReportValve.invoke(ErrorReportValve.java:81)	
org.apache.catalina.valves.AbstractAccessLogValve.invoke(AbstractAccessLogValve.java:650)	
org.apache.catalina.core.StandardEngineValve.invoke(StandardEngineValve.java:87)	
org.apache.catalina.connector.CoyoteAdapter.service(CoyoteAdapter.java:342)	
org.apache.coyote.http11.Http11Processor.service(Http11Processor.java:803)	
org.apache.coyote.AbstractProcessorLight.process(AbstractProcessorLight.java:66)	
org.apache.coyote.AbstractProtocol$ConnectionHandler.process(AbstractProtocol.java:868)	
org.apache.tomcat.util.net.NioEndpoint$SocketProcessor.doRun(NioEndpoint.java:1459)	
org.apache.tomcat.util.net.SocketProcessorBase.run(SocketProcessorBase.java:49)	
java.util.concurrent.ThreadPoolExecutor.runWorker(ThreadPoolExecutor.java:1149)	
java.util.concurrent.ThreadPoolExecutor$Worker.run(ThreadPoolExecutor.java:624)	
org.apache.tomcat.util.threads.TaskThread$WrappingRunnable.run(TaskThread.java:61)	
java.lang.Thread.run(Thread.java:748)	

2017-12-05 10:00:28 WARN  JSONObject:431 - Tried to assign property result:java.lang.String to bean of class com.htc.services.airtime.entity.ChargingParams
2017-12-05 10:00:28 ERROR AirTime:483 - 2017-12-05 10:00:28.551||No value specified for parameter 2||com.mysql.jdbc.SQLError.createSQLException(SQLError.java:1078)	
com.mysql.jdbc.SQLError.createSQLException(SQLError.java:989)	
com.mysql.jdbc.SQLError.createSQLException(SQLError.java:975)	
com.mysql.jdbc.SQLError.createSQLException(SQLError.java:920)	
com.mysql.jdbc.PreparedStatement.checkAllParametersSet(PreparedStatement.java:2611)	
com.mysql.jdbc.PreparedStatement.fillSendPacket(PreparedStatement.java:2586)	
com.mysql.jdbc.PreparedStatement.fillSendPacket(PreparedStatement.java:2510)	
com.mysql.jdbc.PreparedStatement.executeQuery(PreparedStatement.java:2259)	
snaq.db.CachedPreparedStatement.executeQuery(CachedPreparedStatement.java:144)	
com.htc.services.airtime.dao.AirTime.countRequestOtp(AirTime.java:477)	
com.htc.services.airtime.entity.RequestOtp.checkReqOtp(RequestOtp.java:56)	
com.htc.services.airtime.OtpRequest.getOtp(OtpRequest.java:204)	
com.htc.servelet.airtime.Otp_1.processRequest(Otp_1.java:38)	
com.htc.servelet.airtime.Otp_1.doGet(Otp_1.java:68)	
javax.servlet.http.HttpServlet.service(HttpServlet.java:635)	
javax.servlet.http.HttpServlet.service(HttpServlet.java:742)	
org.apache.catalina.core.ApplicationFilterChain.internalDoFilter(ApplicationFilterChain.java:231)	
org.apache.catalina.core.ApplicationFilterChain.doFilter(ApplicationFilterChain.java:166)	
org.apache.tomcat.websocket.server.WsFilter.doFilter(WsFilter.java:52)	
org.apache.catalina.core.ApplicationFilterChain.internalDoFilter(ApplicationFilterChain.java:193)	
org.apache.catalina.core.ApplicationFilterChain.doFilter(ApplicationFilterChain.java:166)	
org.apache.catalina.core.StandardWrapperValve.invoke(StandardWrapperValve.java:199)	
org.apache.catalina.core.StandardContextValve.invoke(StandardContextValve.java:96)	
org.apache.catalina.authenticator.AuthenticatorBase.invoke(AuthenticatorBase.java:478)	
org.apache.catalina.core.StandardHostValve.invoke(StandardHostValve.java:140)	
org.apache.catalina.valves.ErrorReportValve.invoke(ErrorReportValve.java:81)	
org.apache.catalina.valves.AbstractAccessLogValve.invoke(AbstractAccessLogValve.java:650)	
org.apache.catalina.core.StandardEngineValve.invoke(StandardEngineValve.java:87)	
org.apache.catalina.connector.CoyoteAdapter.service(CoyoteAdapter.java:342)	
org.apache.coyote.http11.Http11Processor.service(Http11Processor.java:803)	
org.apache.coyote.AbstractProcessorLight.process(AbstractProcessorLight.java:66)	
org.apache.coyote.AbstractProtocol$ConnectionHandler.process(AbstractProtocol.java:868)	
org.apache.tomcat.util.net.NioEndpoint$SocketProcessor.doRun(NioEndpoint.java:1459)	
org.apache.tomcat.util.net.SocketProcessorBase.run(SocketProcessorBase.java:49)	
java.util.concurrent.ThreadPoolExecutor.runWorker(ThreadPoolExecutor.java:1149)	
java.util.concurrent.ThreadPoolExecutor$Worker.run(ThreadPoolExecutor.java:624)	
org.apache.tomcat.util.threads.TaskThread$WrappingRunnable.run(TaskThread.java:61)	
java.lang.Thread.run(Thread.java:748)	

2017-12-05 10:03:12 WARN  JSONObject:431 - Tried to assign property result:java.lang.String to bean of class com.htc.services.airtime.entity.ChargingParams
2017-12-05 10:03:12 ERROR AirTime:483 - 2017-12-05 10:03:12.213||No value specified for parameter 2||com.mysql.jdbc.SQLError.createSQLException(SQLError.java:1078)	
com.mysql.jdbc.SQLError.createSQLException(SQLError.java:989)	
com.mysql.jdbc.SQLError.createSQLException(SQLError.java:975)	
com.mysql.jdbc.SQLError.createSQLException(SQLError.java:920)	
com.mysql.jdbc.PreparedStatement.checkAllParametersSet(PreparedStatement.java:2611)	
com.mysql.jdbc.PreparedStatement.fillSendPacket(PreparedStatement.java:2586)	
com.mysql.jdbc.PreparedStatement.fillSendPacket(PreparedStatement.java:2510)	
com.mysql.jdbc.PreparedStatement.executeQuery(PreparedStatement.java:2259)	
snaq.db.CachedPreparedStatement.executeQuery(CachedPreparedStatement.java:144)	
com.htc.services.airtime.dao.AirTime.countRequestOtp(AirTime.java:477)	
com.htc.services.airtime.entity.RequestOtp.checkReqOtp(RequestOtp.java:56)	
com.htc.services.airtime.OtpRequest.getOtp(OtpRequest.java:204)	
com.htc.servelet.airtime.Otp_1.processRequest(Otp_1.java:38)	
com.htc.servelet.airtime.Otp_1.doGet(Otp_1.java:68)	
javax.servlet.http.HttpServlet.service(HttpServlet.java:635)	
javax.servlet.http.HttpServlet.service(HttpServlet.java:742)	
org.apache.catalina.core.ApplicationFilterChain.internalDoFilter(ApplicationFilterChain.java:231)	
org.apache.catalina.core.ApplicationFilterChain.doFilter(ApplicationFilterChain.java:166)	
org.apache.tomcat.websocket.server.WsFilter.doFilter(WsFilter.java:52)	
org.apache.catalina.core.ApplicationFilterChain.internalDoFilter(ApplicationFilterChain.java:193)	
org.apache.catalina.core.ApplicationFilterChain.doFilter(ApplicationFilterChain.java:166)	
org.apache.catalina.core.StandardWrapperValve.invoke(StandardWrapperValve.java:199)	
org.apache.catalina.core.StandardContextValve.invoke(StandardContextValve.java:96)	
org.apache.catalina.authenticator.AuthenticatorBase.invoke(AuthenticatorBase.java:478)	
org.apache.catalina.core.StandardHostValve.invoke(StandardHostValve.java:140)	
org.apache.catalina.valves.ErrorReportValve.invoke(ErrorReportValve.java:81)	
org.apache.catalina.valves.AbstractAccessLogValve.invoke(AbstractAccessLogValve.java:650)	
org.apache.catalina.core.StandardEngineValve.invoke(StandardEngineValve.java:87)	
org.apache.catalina.connector.CoyoteAdapter.service(CoyoteAdapter.java:342)	
org.apache.coyote.http11.Http11Processor.service(Http11Processor.java:803)	
org.apache.coyote.AbstractProcessorLight.process(AbstractProcessorLight.java:66)	
org.apache.coyote.AbstractProtocol$ConnectionHandler.process(AbstractProtocol.java:868)	
org.apache.tomcat.util.net.NioEndpoint$SocketProcessor.doRun(NioEndpoint.java:1459)	
org.apache.tomcat.util.net.SocketProcessorBase.run(SocketProcessorBase.java:49)	
java.util.concurrent.ThreadPoolExecutor.runWorker(ThreadPoolExecutor.java:1149)	
java.util.concurrent.ThreadPoolExecutor$Worker.run(ThreadPoolExecutor.java:624)	
org.apache.tomcat.util.threads.TaskThread$WrappingRunnable.run(TaskThread.java:61)	
java.lang.Thread.run(Thread.java:748)	

2017-12-05 10:03:18 WARN  JSONObject:431 - Tried to assign property result:java.lang.String to bean of class com.htc.services.airtime.entity.ChargingParams
2017-12-05 10:03:18 ERROR AirTime:483 - 2017-12-05 10:03:18.189||No value specified for parameter 2||com.mysql.jdbc.SQLError.createSQLException(SQLError.java:1078)	
com.mysql.jdbc.SQLError.createSQLException(SQLError.java:989)	
com.mysql.jdbc.SQLError.createSQLException(SQLError.java:975)	
com.mysql.jdbc.SQLError.createSQLException(SQLError.java:920)	
com.mysql.jdbc.PreparedStatement.checkAllParametersSet(PreparedStatement.java:2611)	
com.mysql.jdbc.PreparedStatement.fillSendPacket(PreparedStatement.java:2586)	
com.mysql.jdbc.PreparedStatement.fillSendPacket(PreparedStatement.java:2510)	
com.mysql.jdbc.PreparedStatement.executeQuery(PreparedStatement.java:2259)	
snaq.db.CachedPreparedStatement.executeQuery(CachedPreparedStatement.java:144)	
com.htc.services.airtime.dao.AirTime.countRequestOtp(AirTime.java:477)	
com.htc.services.airtime.entity.RequestOtp.checkReqOtp(RequestOtp.java:56)	
com.htc.services.airtime.OtpRequest.getOtp(OtpRequest.java:204)	
com.htc.servelet.airtime.Otp_1.processRequest(Otp_1.java:38)	
com.htc.servelet.airtime.Otp_1.doGet(Otp_1.java:68)	
javax.servlet.http.HttpServlet.service(HttpServlet.java:635)	
javax.servlet.http.HttpServlet.service(HttpServlet.java:742)	
org.apache.catalina.core.ApplicationFilterChain.internalDoFilter(ApplicationFilterChain.java:231)	
org.apache.catalina.core.ApplicationFilterChain.doFilter(ApplicationFilterChain.java:166)	
org.apache.tomcat.websocket.server.WsFilter.doFilter(WsFilter.java:52)	
org.apache.catalina.core.ApplicationFilterChain.internalDoFilter(ApplicationFilterChain.java:193)	
org.apache.catalina.core.ApplicationFilterChain.doFilter(ApplicationFilterChain.java:166)	
org.apache.catalina.core.StandardWrapperValve.invoke(StandardWrapperValve.java:199)	
org.apache.catalina.core.StandardContextValve.invoke(StandardContextValve.java:96)	
org.apache.catalina.authenticator.AuthenticatorBase.invoke(AuthenticatorBase.java:478)	
org.apache.catalina.core.StandardHostValve.invoke(StandardHostValve.java:140)	
org.apache.catalina.valves.ErrorReportValve.invoke(ErrorReportValve.java:81)	
org.apache.catalina.valves.AbstractAccessLogValve.invoke(AbstractAccessLogValve.java:650)	
org.apache.catalina.core.StandardEngineValve.invoke(StandardEngineValve.java:87)	
org.apache.catalina.connector.CoyoteAdapter.service(CoyoteAdapter.java:342)	
org.apache.coyote.http11.Http11Processor.service(Http11Processor.java:803)	
org.apache.coyote.AbstractProcessorLight.process(AbstractProcessorLight.java:66)	
org.apache.coyote.AbstractProtocol$ConnectionHandler.process(AbstractProtocol.java:868)	
org.apache.tomcat.util.net.NioEndpoint$SocketProcessor.doRun(NioEndpoint.java:1459)	
org.apache.tomcat.util.net.SocketProcessorBase.run(SocketProcessorBase.java:49)	
java.util.concurrent.ThreadPoolExecutor.runWorker(ThreadPoolExecutor.java:1149)	
java.util.concurrent.ThreadPoolExecutor$Worker.run(ThreadPoolExecutor.java:624)	
org.apache.tomcat.util.threads.TaskThread$WrappingRunnable.run(TaskThread.java:61)	
java.lang.Thread.run(Thread.java:748)	

2017-12-05 10:03:24 WARN  JSONObject:431 - Tried to assign property result:java.lang.String to bean of class com.htc.services.airtime.entity.ChargingParams
2017-12-05 10:03:24 ERROR AirTime:483 - 2017-12-05 10:03:24.08||No value specified for parameter 2||com.mysql.jdbc.SQLError.createSQLException(SQLError.java:1078)	
com.mysql.jdbc.SQLError.createSQLException(SQLError.java:989)	
com.mysql.jdbc.SQLError.createSQLException(SQLError.java:975)	
com.mysql.jdbc.SQLError.createSQLException(SQLError.java:920)	
com.mysql.jdbc.PreparedStatement.checkAllParametersSet(PreparedStatement.java:2611)	
com.mysql.jdbc.PreparedStatement.fillSendPacket(PreparedStatement.java:2586)	
com.mysql.jdbc.PreparedStatement.fillSendPacket(PreparedStatement.java:2510)	
com.mysql.jdbc.PreparedStatement.executeQuery(PreparedStatement.java:2259)	
snaq.db.CachedPreparedStatement.executeQuery(CachedPreparedStatement.java:144)	
com.htc.services.airtime.dao.AirTime.countRequestOtp(AirTime.java:477)	
com.htc.services.airtime.entity.RequestOtp.checkReqOtp(RequestOtp.java:56)	
com.htc.services.airtime.OtpRequest.getOtp(OtpRequest.java:204)	
com.htc.servelet.airtime.Otp_1.processRequest(Otp_1.java:38)	
com.htc.servelet.airtime.Otp_1.doGet(Otp_1.java:68)	
javax.servlet.http.HttpServlet.service(HttpServlet.java:635)	
javax.servlet.http.HttpServlet.service(HttpServlet.java:742)	
org.apache.catalina.core.ApplicationFilterChain.internalDoFilter(ApplicationFilterChain.java:231)	
org.apache.catalina.core.ApplicationFilterChain.doFilter(ApplicationFilterChain.java:166)	
org.apache.tomcat.websocket.server.WsFilter.doFilter(WsFilter.java:52)	
org.apache.catalina.core.ApplicationFilterChain.internalDoFilter(ApplicationFilterChain.java:193)	
org.apache.catalina.core.ApplicationFilterChain.doFilter(ApplicationFilterChain.java:166)	
org.apache.catalina.core.StandardWrapperValve.invoke(StandardWrapperValve.java:199)	
org.apache.catalina.core.StandardContextValve.invoke(StandardContextValve.java:96)	
org.apache.catalina.authenticator.AuthenticatorBase.invoke(AuthenticatorBase.java:478)	
org.apache.catalina.core.StandardHostValve.invoke(StandardHostValve.java:140)	
org.apache.catalina.valves.ErrorReportValve.invoke(ErrorReportValve.java:81)	
org.apache.catalina.valves.AbstractAccessLogValve.invoke(AbstractAccessLogValve.java:650)	
org.apache.catalina.core.StandardEngineValve.invoke(StandardEngineValve.java:87)	
org.apache.catalina.connector.CoyoteAdapter.service(CoyoteAdapter.java:342)	
org.apache.coyote.http11.Http11Processor.service(Http11Processor.java:803)	
org.apache.coyote.AbstractProcessorLight.process(AbstractProcessorLight.java:66)	
org.apache.coyote.AbstractProtocol$ConnectionHandler.process(AbstractProtocol.java:868)	
org.apache.tomcat.util.net.NioEndpoint$SocketProcessor.doRun(NioEndpoint.java:1459)	
org.apache.tomcat.util.net.SocketProcessorBase.run(SocketProcessorBase.java:49)	
java.util.concurrent.ThreadPoolExecutor.runWorker(ThreadPoolExecutor.java:1149)	
java.util.concurrent.ThreadPoolExecutor$Worker.run(ThreadPoolExecutor.java:624)	
org.apache.tomcat.util.threads.TaskThread$WrappingRunnable.run(TaskThread.java:61)	
java.lang.Thread.run(Thread.java:748)	

2017-12-05 11:10:12 WARN  JSONObject:431 - Tried to assign property result:java.lang.String to bean of class com.htc.services.airtime.entity.ChargingParams
2017-12-05 11:10:12 ERROR AirTime:483 - 2017-12-05 11:10:12.433||No value specified for parameter 2||com.mysql.jdbc.SQLError.createSQLException(SQLError.java:1078)	
com.mysql.jdbc.SQLError.createSQLException(SQLError.java:989)	
com.mysql.jdbc.SQLError.createSQLException(SQLError.java:975)	
com.mysql.jdbc.SQLError.createSQLException(SQLError.java:920)	
com.mysql.jdbc.PreparedStatement.checkAllParametersSet(PreparedStatement.java:2611)	
com.mysql.jdbc.PreparedStatement.fillSendPacket(PreparedStatement.java:2586)	
com.mysql.jdbc.PreparedStatement.fillSendPacket(PreparedStatement.java:2510)	
com.mysql.jdbc.PreparedStatement.executeQuery(PreparedStatement.java:2259)	
snaq.db.CachedPreparedStatement.executeQuery(CachedPreparedStatement.java:144)	
com.htc.services.airtime.dao.AirTime.countRequestOtp(AirTime.java:477)	
com.htc.services.airtime.entity.RequestOtp.checkReqOtp(RequestOtp.java:56)	
com.htc.services.airtime.OtpRequest.getOtp(OtpRequest.java:204)	
com.htc.servelet.airtime.Otp_1.processRequest(Otp_1.java:38)	
com.htc.servelet.airtime.Otp_1.doGet(Otp_1.java:68)	
javax.servlet.http.HttpServlet.service(HttpServlet.java:635)	
javax.servlet.http.HttpServlet.service(HttpServlet.java:742)	
org.apache.catalina.core.ApplicationFilterChain.internalDoFilter(ApplicationFilterChain.java:231)	
org.apache.catalina.core.ApplicationFilterChain.doFilter(ApplicationFilterChain.java:166)	
org.apache.tomcat.websocket.server.WsFilter.doFilter(WsFilter.java:52)	
org.apache.catalina.core.ApplicationFilterChain.internalDoFilter(ApplicationFilterChain.java:193)	
org.apache.catalina.core.ApplicationFilterChain.doFilter(ApplicationFilterChain.java:166)	
org.apache.catalina.core.StandardWrapperValve.invoke(StandardWrapperValve.java:199)	
org.apache.catalina.core.StandardContextValve.invoke(StandardContextValve.java:96)	
org.apache.catalina.authenticator.AuthenticatorBase.invoke(AuthenticatorBase.java:478)	
org.apache.catalina.core.StandardHostValve.invoke(StandardHostValve.java:140)	
org.apache.catalina.valves.ErrorReportValve.invoke(ErrorReportValve.java:81)	
org.apache.catalina.valves.AbstractAccessLogValve.invoke(AbstractAccessLogValve.java:650)	
org.apache.catalina.core.StandardEngineValve.invoke(StandardEngineValve.java:87)	
org.apache.catalina.connector.CoyoteAdapter.service(CoyoteAdapter.java:342)	
org.apache.coyote.http11.Http11Processor.service(Http11Processor.java:803)	
org.apache.coyote.AbstractProcessorLight.process(AbstractProcessorLight.java:66)	
org.apache.coyote.AbstractProtocol$ConnectionHandler.process(AbstractProtocol.java:868)	
org.apache.tomcat.util.net.NioEndpoint$SocketProcessor.doRun(NioEndpoint.java:1459)	
org.apache.tomcat.util.net.SocketProcessorBase.run(SocketProcessorBase.java:49)	
java.util.concurrent.ThreadPoolExecutor.runWorker(ThreadPoolExecutor.java:1149)	
java.util.concurrent.ThreadPoolExecutor$Worker.run(ThreadPoolExecutor.java:624)	
org.apache.tomcat.util.threads.TaskThread$WrappingRunnable.run(TaskThread.java:61)	
java.lang.Thread.run(Thread.java:748)	

2017-12-05 15:52:27 WARN  JSONObject:431 - Tried to assign property result:java.lang.String to bean of class com.htc.services.airtime.entity.ChargingParams
2017-12-05 15:52:27 ERROR AirTime:483 - 2017-12-05 15:52:27.634||No value specified for parameter 2||com.mysql.jdbc.SQLError.createSQLException(SQLError.java:1078)	
com.mysql.jdbc.SQLError.createSQLException(SQLError.java:989)	
com.mysql.jdbc.SQLError.createSQLException(SQLError.java:975)	
com.mysql.jdbc.SQLError.createSQLException(SQLError.java:920)	
com.mysql.jdbc.PreparedStatement.checkAllParametersSet(PreparedStatement.java:2611)	
com.mysql.jdbc.PreparedStatement.fillSendPacket(PreparedStatement.java:2586)	
com.mysql.jdbc.PreparedStatement.fillSendPacket(PreparedStatement.java:2510)	
com.mysql.jdbc.PreparedStatement.executeQuery(PreparedStatement.java:2259)	
snaq.db.CachedPreparedStatement.executeQuery(CachedPreparedStatement.java:144)	
com.htc.services.airtime.dao.AirTime.countRequestOtp(AirTime.java:477)	
com.htc.services.airtime.entity.RequestOtp.checkReqOtp(RequestOtp.java:56)	
com.htc.services.airtime.OtpRequest.getOtp(OtpRequest.java:204)	
com.htc.servelet.airtime.Otp_1.processRequest(Otp_1.java:38)	
com.htc.servelet.airtime.Otp_1.doGet(Otp_1.java:68)	
javax.servlet.http.HttpServlet.service(HttpServlet.java:635)	
javax.servlet.http.HttpServlet.service(HttpServlet.java:742)	
org.apache.catalina.core.ApplicationFilterChain.internalDoFilter(ApplicationFilterChain.java:231)	
org.apache.catalina.core.ApplicationFilterChain.doFilter(ApplicationFilterChain.java:166)	
org.apache.tomcat.websocket.server.WsFilter.doFilter(WsFilter.java:52)	
org.apache.catalina.core.ApplicationFilterChain.internalDoFilter(ApplicationFilterChain.java:193)	
org.apache.catalina.core.ApplicationFilterChain.doFilter(ApplicationFilterChain.java:166)	
org.apache.catalina.core.StandardWrapperValve.invoke(StandardWrapperValve.java:199)	
org.apache.catalina.core.StandardContextValve.invoke(StandardContextValve.java:96)	
org.apache.catalina.authenticator.AuthenticatorBase.invoke(AuthenticatorBase.java:478)	
org.apache.catalina.core.StandardHostValve.invoke(StandardHostValve.java:140)	
org.apache.catalina.valves.ErrorReportValve.invoke(ErrorReportValve.java:81)	
org.apache.catalina.valves.AbstractAccessLogValve.invoke(AbstractAccessLogValve.java:650)	
org.apache.catalina.core.StandardEngineValve.invoke(StandardEngineValve.java:87)	
org.apache.catalina.connector.CoyoteAdapter.service(CoyoteAdapter.java:342)	
org.apache.coyote.http11.Http11Processor.service(Http11Processor.java:803)	
org.apache.coyote.AbstractProcessorLight.process(AbstractProcessorLight.java:66)	
org.apache.coyote.AbstractProtocol$ConnectionHandler.process(AbstractProtocol.java:868)	
org.apache.tomcat.util.net.NioEndpoint$SocketProcessor.doRun(NioEndpoint.java:1459)	
org.apache.tomcat.util.net.SocketProcessorBase.run(SocketProcessorBase.java:49)	
java.util.concurrent.ThreadPoolExecutor.runWorker(ThreadPoolExecutor.java:1149)	
java.util.concurrent.ThreadPoolExecutor$Worker.run(ThreadPoolExecutor.java:624)	
org.apache.tomcat.util.threads.TaskThread$WrappingRunnable.run(TaskThread.java:61)	
java.lang.Thread.run(Thread.java:748)	

2017-12-05 15:52:36 WARN  JSONObject:431 - Tried to assign property result:java.lang.String to bean of class com.htc.services.airtime.entity.ChargingParams
2017-12-05 17:23:00 WARN  JSONObject:431 - Tried to assign property result:java.lang.String to bean of class com.htc.services.airtime.entity.ChargingParams
2017-12-05 17:23:00 ERROR AirTime:483 - 2017-12-05 17:23:00.361||No value specified for parameter 2||com.mysql.jdbc.SQLError.createSQLException(SQLError.java:1078)	
com.mysql.jdbc.SQLError.createSQLException(SQLError.java:989)	
com.mysql.jdbc.SQLError.createSQLException(SQLError.java:975)	
com.mysql.jdbc.SQLError.createSQLException(SQLError.java:920)	
com.mysql.jdbc.PreparedStatement.checkAllParametersSet(PreparedStatement.java:2611)	
com.mysql.jdbc.PreparedStatement.fillSendPacket(PreparedStatement.java:2586)	
com.mysql.jdbc.PreparedStatement.fillSendPacket(PreparedStatement.java:2510)	
com.mysql.jdbc.PreparedStatement.executeQuery(PreparedStatement.java:2259)	
snaq.db.CachedPreparedStatement.executeQuery(CachedPreparedStatement.java:144)	
com.htc.services.airtime.dao.AirTime.countRequestOtp(AirTime.java:477)	
com.htc.services.airtime.entity.RequestOtp.checkReqOtp(RequestOtp.java:56)	
com.htc.services.airtime.OtpRequest.getOtp(OtpRequest.java:204)	
com.htc.servelet.airtime.Otp_1.processRequest(Otp_1.java:38)	
com.htc.servelet.airtime.Otp_1.doGet(Otp_1.java:68)	
javax.servlet.http.HttpServlet.service(HttpServlet.java:635)	
javax.servlet.http.HttpServlet.service(HttpServlet.java:742)	
org.apache.catalina.core.ApplicationFilterChain.internalDoFilter(ApplicationFilterChain.java:231)	
org.apache.catalina.core.ApplicationFilterChain.doFilter(ApplicationFilterChain.java:166)	
org.apache.tomcat.websocket.server.WsFilter.doFilter(WsFilter.java:52)	
org.apache.catalina.core.ApplicationFilterChain.internalDoFilter(ApplicationFilterChain.java:193)	
org.apache.catalina.core.ApplicationFilterChain.doFilter(ApplicationFilterChain.java:166)	
org.apache.catalina.core.StandardWrapperValve.invoke(StandardWrapperValve.java:199)	
org.apache.catalina.core.StandardContextValve.invoke(StandardContextValve.java:96)	
org.apache.catalina.authenticator.AuthenticatorBase.invoke(AuthenticatorBase.java:478)	
org.apache.catalina.core.StandardHostValve.invoke(StandardHostValve.java:140)	
org.apache.catalina.valves.ErrorReportValve.invoke(ErrorReportValve.java:81)	
org.apache.catalina.valves.AbstractAccessLogValve.invoke(AbstractAccessLogValve.java:650)	
org.apache.catalina.core.StandardEngineValve.invoke(StandardEngineValve.java:87)	
org.apache.catalina.connector.CoyoteAdapter.service(CoyoteAdapter.java:342)	
org.apache.coyote.http11.Http11Processor.service(Http11Processor.java:803)	
org.apache.coyote.AbstractProcessorLight.process(AbstractProcessorLight.java:66)	
org.apache.coyote.AbstractProtocol$ConnectionHandler.process(AbstractProtocol.java:868)	
org.apache.tomcat.util.net.NioEndpoint$SocketProcessor.doRun(NioEndpoint.java:1459)	
org.apache.tomcat.util.net.SocketProcessorBase.run(SocketProcessorBase.java:49)	
java.util.concurrent.ThreadPoolExecutor.runWorker(ThreadPoolExecutor.java:1149)	
java.util.concurrent.ThreadPoolExecutor$Worker.run(ThreadPoolExecutor.java:624)	
org.apache.tomcat.util.threads.TaskThread$WrappingRunnable.run(TaskThread.java:61)	
java.lang.Thread.run(Thread.java:748)	

2017-12-05 17:24:27 WARN  JSONObject:431 - Tried to assign property result:java.lang.String to bean of class com.htc.services.airtime.entity.ChargingParams
2017-12-05 17:24:29 WARN  JSONObject:431 - Tried to assign property result:java.lang.String to bean of class com.htc.services.airtime.entity.ChargingParams
2017-12-05 17:24:32 WARN  JSONObject:431 - Tried to assign property result:java.lang.String to bean of class com.htc.services.airtime.entity.ChargingParams
2017-12-05 22:17:35 WARN  JSONObject:431 - Tried to assign property result:java.lang.String to bean of class com.htc.services.airtime.entity.ChargingParams
2017-12-05 22:17:35 ERROR AirTime:483 - 2017-12-05 22:17:35.06||No value specified for parameter 2||com.mysql.jdbc.SQLError.createSQLException(SQLError.java:1078)	
com.mysql.jdbc.SQLError.createSQLException(SQLError.java:989)	
com.mysql.jdbc.SQLError.createSQLException(SQLError.java:975)	
com.mysql.jdbc.SQLError.createSQLException(SQLError.java:920)	
com.mysql.jdbc.PreparedStatement.checkAllParametersSet(PreparedStatement.java:2611)	
com.mysql.jdbc.PreparedStatement.fillSendPacket(PreparedStatement.java:2586)	
com.mysql.jdbc.PreparedStatement.fillSendPacket(PreparedStatement.java:2510)	
com.mysql.jdbc.PreparedStatement.executeQuery(PreparedStatement.java:2259)	
snaq.db.CachedPreparedStatement.executeQuery(CachedPreparedStatement.java:144)	
com.htc.services.airtime.dao.AirTime.countRequestOtp(AirTime.java:477)	
com.htc.services.airtime.entity.RequestOtp.checkReqOtp(RequestOtp.java:56)	
com.htc.services.airtime.OtpRequest.getOtp(OtpRequest.java:204)	
com.htc.servelet.airtime.Otp_1.processRequest(Otp_1.java:38)	
com.htc.servelet.airtime.Otp_1.doGet(Otp_1.java:68)	
javax.servlet.http.HttpServlet.service(HttpServlet.java:635)	
javax.servlet.http.HttpServlet.service(HttpServlet.java:742)	
org.apache.catalina.core.ApplicationFilterChain.internalDoFilter(ApplicationFilterChain.java:231)	
org.apache.catalina.core.ApplicationFilterChain.doFilter(ApplicationFilterChain.java:166)	
org.apache.tomcat.websocket.server.WsFilter.doFilter(WsFilter.java:52)	
org.apache.catalina.core.ApplicationFilterChain.internalDoFilter(ApplicationFilterChain.java:193)	
org.apache.catalina.core.ApplicationFilterChain.doFilter(ApplicationFilterChain.java:166)	
org.apache.catalina.core.StandardWrapperValve.invoke(StandardWrapperValve.java:199)	
org.apache.catalina.core.StandardContextValve.invoke(StandardContextValve.java:96)	
org.apache.catalina.authenticator.AuthenticatorBase.invoke(AuthenticatorBase.java:478)	
org.apache.catalina.core.StandardHostValve.invoke(StandardHostValve.java:140)	
org.apache.catalina.valves.ErrorReportValve.invoke(ErrorReportValve.java:81)	
org.apache.catalina.valves.AbstractAccessLogValve.invoke(AbstractAccessLogValve.java:650)	
org.apache.catalina.core.StandardEngineValve.invoke(StandardEngineValve.java:87)	
org.apache.catalina.connector.CoyoteAdapter.service(CoyoteAdapter.java:342)	
org.apache.coyote.http11.Http11Processor.service(Http11Processor.java:803)	
org.apache.coyote.AbstractProcessorLight.process(AbstractProcessorLight.java:66)	
org.apache.coyote.AbstractProtocol$ConnectionHandler.process(AbstractProtocol.java:868)	
org.apache.tomcat.util.net.NioEndpoint$SocketProcessor.doRun(NioEndpoint.java:1459)	
org.apache.tomcat.util.net.SocketProcessorBase.run(SocketProcessorBase.java:49)	
java.util.concurrent.ThreadPoolExecutor.runWorker(ThreadPoolExecutor.java:1149)	
java.util.concurrent.ThreadPoolExecutor$Worker.run(ThreadPoolExecutor.java:624)	
org.apache.tomcat.util.threads.TaskThread$WrappingRunnable.run(TaskThread.java:61)	
java.lang.Thread.run(Thread.java:748)	

