18-Nov-2017 11:07:06.784 INFO [Thread-14] org.apache.coyote.AbstractProtocol.pause Pausing ProtocolHandler ["http-nio-8686"]
18-Nov-2017 11:07:06.838 INFO [Thread-14] org.apache.coyote.AbstractProtocol.pause Pausing ProtocolHandler ["ajp-nio-8009"]
18-Nov-2017 11:07:06.889 INFO [Thread-14] org.apache.catalina.core.StandardService.stopInternal Stopping service [Catalina]
18-Nov-2017 11:07:06.907 WARNING [airtime.kenhthe.vn-startStop-2] org.apache.catalina.loader.WebappClassLoaderBase.clearReferencesThreads The web application [service] appears to have started a thread named [Thread-6] but has failed to stop it. This is very likely to create a memory leak. Stack trace of thread:
 java.lang.Thread.sleep(Native Method)
 org.jconfig.FileWatcher.run(FileWatcher.java:105)
 java.lang.Thread.run(Thread.java:748)
18-Nov-2017 11:07:06.915 INFO [Thread-14] org.apache.coyote.AbstractProtocol.stop Stopping ProtocolHandler ["http-nio-8686"]
18-Nov-2017 11:07:06.917 INFO [Thread-14] org.apache.coyote.AbstractProtocol.stop Stopping ProtocolHandler ["ajp-nio-8009"]
18-Nov-2017 11:07:06.919 INFO [Thread-14] org.apache.coyote.AbstractProtocol.destroy Destroying ProtocolHandler ["http-nio-8686"]
18-Nov-2017 11:07:06.920 INFO [Thread-14] org.apache.coyote.AbstractProtocol.destroy Destroying ProtocolHandler ["ajp-nio-8009"]
18-Nov-2017 11:07:29.677 INFO [main] org.apache.catalina.startup.VersionLoggerListener.log Server version:        Apache Tomcat/8.5.23
18-Nov-2017 11:07:29.679 INFO [main] org.apache.catalina.startup.VersionLoggerListener.log Server built:          Sep 28 2017 10:30:11 UTC
18-Nov-2017 11:07:29.679 INFO [main] org.apache.catalina.startup.VersionLoggerListener.log Server number:         8.5.23.0
18-Nov-2017 11:07:29.679 INFO [main] org.apache.catalina.startup.VersionLoggerListener.log OS Name:               Linux
18-Nov-2017 11:07:29.680 INFO [main] org.apache.catalina.startup.VersionLoggerListener.log OS Version:            3.10.0-693.2.2.el7.x86_64
18-Nov-2017 11:07:29.680 INFO [main] org.apache.catalina.startup.VersionLoggerListener.log Architecture:          amd64
18-Nov-2017 11:07:29.680 INFO [main] org.apache.catalina.startup.VersionLoggerListener.log Java Home:             /opt/jdk1.8.0_144/jre
18-Nov-2017 11:07:29.680 INFO [main] org.apache.catalina.startup.VersionLoggerListener.log JVM Version:           1.8.0_144-b01
18-Nov-2017 11:07:29.680 INFO [main] org.apache.catalina.startup.VersionLoggerListener.log JVM Vendor:            Oracle Corporation
18-Nov-2017 11:07:29.680 INFO [main] org.apache.catalina.startup.VersionLoggerListener.log CATALINA_BASE:         /work/webserver/tomcat-serviceAirTime-8.5.23
18-Nov-2017 11:07:29.680 INFO [main] org.apache.catalina.startup.VersionLoggerListener.log CATALINA_HOME:         /work/webserver/tomcat-serviceAirTime-8.5.23
18-Nov-2017 11:07:29.681 INFO [main] org.apache.catalina.startup.VersionLoggerListener.log Command line argument: -Djava.util.logging.config.file=/work/webserver/tomcat-serviceAirTime-8.5.23/conf/logging.properties
18-Nov-2017 11:07:29.681 INFO [main] org.apache.catalina.startup.VersionLoggerListener.log Command line argument: -Djava.util.logging.manager=org.apache.juli.ClassLoaderLogManager
18-Nov-2017 11:07:29.681 INFO [main] org.apache.catalina.startup.VersionLoggerListener.log Command line argument: -Djdk.tls.ephemeralDHKeySize=2048
18-Nov-2017 11:07:29.681 INFO [main] org.apache.catalina.startup.VersionLoggerListener.log Command line argument: -Djava.protocol.handler.pkgs=org.apache.catalina.webresources
18-Nov-2017 11:07:29.681 INFO [main] org.apache.catalina.startup.VersionLoggerListener.log Command line argument: -Dcatalina.base=/work/webserver/tomcat-serviceAirTime-8.5.23
18-Nov-2017 11:07:29.681 INFO [main] org.apache.catalina.startup.VersionLoggerListener.log Command line argument: -Dcatalina.home=/work/webserver/tomcat-serviceAirTime-8.5.23
18-Nov-2017 11:07:29.682 INFO [main] org.apache.catalina.startup.VersionLoggerListener.log Command line argument: -Djava.io.tmpdir=/work/webserver/tomcat-serviceAirTime-8.5.23/temp
18-Nov-2017 11:07:29.682 INFO [main] org.apache.catalina.core.AprLifecycleListener.lifecycleEvent The APR based Apache Tomcat Native library which allows optimal performance in production environments was not found on the java.library.path: [/usr/java/packages/lib/amd64:/usr/lib64:/lib64:/lib:/usr/lib]
18-Nov-2017 11:07:29.812 INFO [main] org.apache.coyote.AbstractProtocol.init Initializing ProtocolHandler ["http-nio-8686"]
18-Nov-2017 11:07:29.829 INFO [main] org.apache.tomcat.util.net.NioSelectorPool.getSharedSelector Using a shared selector for servlet write/read
18-Nov-2017 11:07:29.831 INFO [main] org.apache.coyote.AbstractProtocol.init Initializing ProtocolHandler ["ajp-nio-8009"]
18-Nov-2017 11:07:29.833 INFO [main] org.apache.tomcat.util.net.NioSelectorPool.getSharedSelector Using a shared selector for servlet write/read
18-Nov-2017 11:07:29.833 INFO [main] org.apache.catalina.startup.Catalina.load Initialization processed in 561 ms
18-Nov-2017 11:07:29.856 INFO [main] org.apache.catalina.core.StandardService.startInternal Starting service [Catalina]
18-Nov-2017 11:07:29.856 INFO [main] org.apache.catalina.core.StandardEngine.startInternal Starting Servlet Engine: Apache Tomcat/8.5.23
18-Nov-2017 11:07:30.858 INFO [airtime.kenhthe.vn-startStop-1] org.apache.jasper.servlet.TldScanner.scanJars At least one JAR was scanned for TLDs yet contained no TLDs. Enable debug logging for this logger for a complete list of JARs that were scanned but no TLDs were found in them. Skipping unneeded JARs during scanning can improve startup time and JSP compilation time.
18-Nov-2017 11:07:30.999 INFO [main] org.apache.coyote.AbstractProtocol.start Starting ProtocolHandler ["http-nio-8686"]
18-Nov-2017 11:07:31.006 INFO [main] org.apache.coyote.AbstractProtocol.start Starting ProtocolHandler ["ajp-nio-8009"]
18-Nov-2017 11:07:31.008 INFO [main] org.apache.catalina.startup.Catalina.start Server startup in 1174 ms
18-Nov-2017 11:10:08.218 INFO [main] org.apache.catalina.startup.VersionLoggerListener.log Server version:        Apache Tomcat/8.5.23
18-Nov-2017 11:10:08.221 INFO [main] org.apache.catalina.startup.VersionLoggerListener.log Server built:          Sep 28 2017 10:30:11 UTC
18-Nov-2017 11:10:08.221 INFO [main] org.apache.catalina.startup.VersionLoggerListener.log Server number:         8.5.23.0
18-Nov-2017 11:10:08.221 INFO [main] org.apache.catalina.startup.VersionLoggerListener.log OS Name:               Linux
18-Nov-2017 11:10:08.221 INFO [main] org.apache.catalina.startup.VersionLoggerListener.log OS Version:            3.10.0-693.2.2.el7.x86_64
18-Nov-2017 11:10:08.221 INFO [main] org.apache.catalina.startup.VersionLoggerListener.log Architecture:          amd64
18-Nov-2017 11:10:08.221 INFO [main] org.apache.catalina.startup.VersionLoggerListener.log Java Home:             /opt/jdk1.8.0_144/jre
18-Nov-2017 11:10:08.221 INFO [main] org.apache.catalina.startup.VersionLoggerListener.log JVM Version:           1.8.0_144-b01
18-Nov-2017 11:10:08.222 INFO [main] org.apache.catalina.startup.VersionLoggerListener.log JVM Vendor:            Oracle Corporation
18-Nov-2017 11:10:08.222 INFO [main] org.apache.catalina.startup.VersionLoggerListener.log CATALINA_BASE:         /work/webserver/tomcat-serviceAirTime-8.5.23
18-Nov-2017 11:10:08.222 INFO [main] org.apache.catalina.startup.VersionLoggerListener.log CATALINA_HOME:         /work/webserver/tomcat-serviceAirTime-8.5.23
18-Nov-2017 11:10:08.222 INFO [main] org.apache.catalina.startup.VersionLoggerListener.log Command line argument: -Djava.util.logging.config.file=/work/webserver/tomcat-serviceAirTime-8.5.23/conf/logging.properties
18-Nov-2017 11:10:08.222 INFO [main] org.apache.catalina.startup.VersionLoggerListener.log Command line argument: -Djava.util.logging.manager=org.apache.juli.ClassLoaderLogManager
18-Nov-2017 11:10:08.222 INFO [main] org.apache.catalina.startup.VersionLoggerListener.log Command line argument: -Djdk.tls.ephemeralDHKeySize=2048
18-Nov-2017 11:10:08.222 INFO [main] org.apache.catalina.startup.VersionLoggerListener.log Command line argument: -Djava.protocol.handler.pkgs=org.apache.catalina.webresources
18-Nov-2017 11:10:08.223 INFO [main] org.apache.catalina.startup.VersionLoggerListener.log Command line argument: -Dcatalina.base=/work/webserver/tomcat-serviceAirTime-8.5.23
18-Nov-2017 11:10:08.223 INFO [main] org.apache.catalina.startup.VersionLoggerListener.log Command line argument: -Dcatalina.home=/work/webserver/tomcat-serviceAirTime-8.5.23
18-Nov-2017 11:10:08.223 INFO [main] org.apache.catalina.startup.VersionLoggerListener.log Command line argument: -Djava.io.tmpdir=/work/webserver/tomcat-serviceAirTime-8.5.23/temp
18-Nov-2017 11:10:08.223 INFO [main] org.apache.catalina.core.AprLifecycleListener.lifecycleEvent The APR based Apache Tomcat Native library which allows optimal performance in production environments was not found on the java.library.path: [/usr/java/packages/lib/amd64:/usr/lib64:/lib64:/lib:/usr/lib]
18-Nov-2017 11:10:08.353 INFO [main] org.apache.coyote.AbstractProtocol.init Initializing ProtocolHandler ["http-nio-8686"]
18-Nov-2017 11:10:08.368 SEVERE [main] org.apache.coyote.AbstractProtocol.init Failed to initialize end point associated with ProtocolHandler ["http-nio-8686"]
 java.net.BindException: Address already in use
	at sun.nio.ch.Net.bind0(Native Method)
	at sun.nio.ch.Net.bind(Net.java:433)
	at sun.nio.ch.Net.bind(Net.java:425)
	at sun.nio.ch.ServerSocketChannelImpl.bind(ServerSocketChannelImpl.java:223)
	at sun.nio.ch.ServerSocketAdaptor.bind(ServerSocketAdaptor.java:74)
	at org.apache.tomcat.util.net.NioEndpoint.bind(NioEndpoint.java:210)
	at org.apache.tomcat.util.net.AbstractEndpoint.init(AbstractEndpoint.java:982)
	at org.apache.tomcat.util.net.AbstractJsseEndpoint.init(AbstractJsseEndpoint.java:245)
	at org.apache.coyote.AbstractProtocol.init(AbstractProtocol.java:620)
	at org.apache.coyote.http11.AbstractHttp11Protocol.init(AbstractHttp11Protocol.java:66)
	at org.apache.catalina.connector.Connector.initInternal(Connector.java:997)
	at org.apache.catalina.util.LifecycleBase.init(LifecycleBase.java:107)
	at org.apache.catalina.core.StandardService.initInternal(StandardService.java:549)
	at org.apache.catalina.util.LifecycleBase.init(LifecycleBase.java:107)
	at org.apache.catalina.core.StandardServer.initInternal(StandardServer.java:875)
	at org.apache.catalina.util.LifecycleBase.init(LifecycleBase.java:107)
	at org.apache.catalina.startup.Catalina.load(Catalina.java:621)
	at org.apache.catalina.startup.Catalina.load(Catalina.java:644)
	at sun.reflect.NativeMethodAccessorImpl.invoke0(Native Method)
	at sun.reflect.NativeMethodAccessorImpl.invoke(NativeMethodAccessorImpl.java:62)
	at sun.reflect.DelegatingMethodAccessorImpl.invoke(DelegatingMethodAccessorImpl.java:43)
	at java.lang.reflect.Method.invoke(Method.java:498)
	at org.apache.catalina.startup.Bootstrap.load(Bootstrap.java:311)
	at org.apache.catalina.startup.Bootstrap.main(Bootstrap.java:494)

18-Nov-2017 11:10:08.369 SEVERE [main] org.apache.catalina.core.StandardService.initInternal Failed to initialize connector [Connector[HTTP/1.1-8686]]
 org.apache.catalina.LifecycleException: Failed to initialize component [Connector[HTTP/1.1-8686]]
	at org.apache.catalina.util.LifecycleBase.init(LifecycleBase.java:113)
	at org.apache.catalina.core.StandardService.initInternal(StandardService.java:549)
	at org.apache.catalina.util.LifecycleBase.init(LifecycleBase.java:107)
	at org.apache.catalina.core.StandardServer.initInternal(StandardServer.java:875)
	at org.apache.catalina.util.LifecycleBase.init(LifecycleBase.java:107)
	at org.apache.catalina.startup.Catalina.load(Catalina.java:621)
	at org.apache.catalina.startup.Catalina.load(Catalina.java:644)
	at sun.reflect.NativeMethodAccessorImpl.invoke0(Native Method)
	at sun.reflect.NativeMethodAccessorImpl.invoke(NativeMethodAccessorImpl.java:62)
	at sun.reflect.DelegatingMethodAccessorImpl.invoke(DelegatingMethodAccessorImpl.java:43)
	at java.lang.reflect.Method.invoke(Method.java:498)
	at org.apache.catalina.startup.Bootstrap.load(Bootstrap.java:311)
	at org.apache.catalina.startup.Bootstrap.main(Bootstrap.java:494)
Caused by: org.apache.catalina.LifecycleException: Protocol handler initialization failed
	at org.apache.catalina.connector.Connector.initInternal(Connector.java:1000)
	at org.apache.catalina.util.LifecycleBase.init(LifecycleBase.java:107)
	... 12 more
Caused by: java.net.BindException: Address already in use
	at sun.nio.ch.Net.bind0(Native Method)
	at sun.nio.ch.Net.bind(Net.java:433)
	at sun.nio.ch.Net.bind(Net.java:425)
	at sun.nio.ch.ServerSocketChannelImpl.bind(ServerSocketChannelImpl.java:223)
	at sun.nio.ch.ServerSocketAdaptor.bind(ServerSocketAdaptor.java:74)
	at org.apache.tomcat.util.net.NioEndpoint.bind(NioEndpoint.java:210)
	at org.apache.tomcat.util.net.AbstractEndpoint.init(AbstractEndpoint.java:982)
	at org.apache.tomcat.util.net.AbstractJsseEndpoint.init(AbstractJsseEndpoint.java:245)
	at org.apache.coyote.AbstractProtocol.init(AbstractProtocol.java:620)
	at org.apache.coyote.http11.AbstractHttp11Protocol.init(AbstractHttp11Protocol.java:66)
	at org.apache.catalina.connector.Connector.initInternal(Connector.java:997)
	... 13 more

18-Nov-2017 11:10:08.370 INFO [main] org.apache.coyote.AbstractProtocol.init Initializing ProtocolHandler ["ajp-nio-8009"]
18-Nov-2017 11:10:08.371 SEVERE [main] org.apache.coyote.AbstractProtocol.init Failed to initialize end point associated with ProtocolHandler ["ajp-nio-8009"]
 java.net.BindException: Address already in use
	at sun.nio.ch.Net.bind0(Native Method)
	at sun.nio.ch.Net.bind(Net.java:433)
	at sun.nio.ch.Net.bind(Net.java:425)
	at sun.nio.ch.ServerSocketChannelImpl.bind(ServerSocketChannelImpl.java:223)
	at sun.nio.ch.ServerSocketAdaptor.bind(ServerSocketAdaptor.java:74)
	at org.apache.tomcat.util.net.NioEndpoint.bind(NioEndpoint.java:210)
	at org.apache.tomcat.util.net.AbstractEndpoint.init(AbstractEndpoint.java:982)
	at org.apache.tomcat.util.net.AbstractJsseEndpoint.init(AbstractJsseEndpoint.java:245)
	at org.apache.coyote.AbstractProtocol.init(AbstractProtocol.java:620)
	at org.apache.catalina.connector.Connector.initInternal(Connector.java:997)
	at org.apache.catalina.util.LifecycleBase.init(LifecycleBase.java:107)
	at org.apache.catalina.core.StandardService.initInternal(StandardService.java:549)
	at org.apache.catalina.util.LifecycleBase.init(LifecycleBase.java:107)
	at org.apache.catalina.core.StandardServer.initInternal(StandardServer.java:875)
	at org.apache.catalina.util.LifecycleBase.init(LifecycleBase.java:107)
	at org.apache.catalina.startup.Catalina.load(Catalina.java:621)
	at org.apache.catalina.startup.Catalina.load(Catalina.java:644)
	at sun.reflect.NativeMethodAccessorImpl.invoke0(Native Method)
	at sun.reflect.NativeMethodAccessorImpl.invoke(NativeMethodAccessorImpl.java:62)
	at sun.reflect.DelegatingMethodAccessorImpl.invoke(DelegatingMethodAccessorImpl.java:43)
	at java.lang.reflect.Method.invoke(Method.java:498)
	at org.apache.catalina.startup.Bootstrap.load(Bootstrap.java:311)
	at org.apache.catalina.startup.Bootstrap.main(Bootstrap.java:494)

18-Nov-2017 11:10:08.372 SEVERE [main] org.apache.catalina.core.StandardService.initInternal Failed to initialize connector [Connector[AJP/1.3-8009]]
 org.apache.catalina.LifecycleException: Failed to initialize component [Connector[AJP/1.3-8009]]
	at org.apache.catalina.util.LifecycleBase.init(LifecycleBase.java:113)
	at org.apache.catalina.core.StandardService.initInternal(StandardService.java:549)
	at org.apache.catalina.util.LifecycleBase.init(LifecycleBase.java:107)
	at org.apache.catalina.core.StandardServer.initInternal(StandardServer.java:875)
	at org.apache.catalina.util.LifecycleBase.init(LifecycleBase.java:107)
	at org.apache.catalina.startup.Catalina.load(Catalina.java:621)
	at org.apache.catalina.startup.Catalina.load(Catalina.java:644)
	at sun.reflect.NativeMethodAccessorImpl.invoke0(Native Method)
	at sun.reflect.NativeMethodAccessorImpl.invoke(NativeMethodAccessorImpl.java:62)
	at sun.reflect.DelegatingMethodAccessorImpl.invoke(DelegatingMethodAccessorImpl.java:43)
	at java.lang.reflect.Method.invoke(Method.java:498)
	at org.apache.catalina.startup.Bootstrap.load(Bootstrap.java:311)
	at org.apache.catalina.startup.Bootstrap.main(Bootstrap.java:494)
Caused by: org.apache.catalina.LifecycleException: Protocol handler initialization failed
	at org.apache.catalina.connector.Connector.initInternal(Connector.java:1000)
	at org.apache.catalina.util.LifecycleBase.init(LifecycleBase.java:107)
	... 12 more
Caused by: java.net.BindException: Address already in use
	at sun.nio.ch.Net.bind0(Native Method)
	at sun.nio.ch.Net.bind(Net.java:433)
	at sun.nio.ch.Net.bind(Net.java:425)
	at sun.nio.ch.ServerSocketChannelImpl.bind(ServerSocketChannelImpl.java:223)
	at sun.nio.ch.ServerSocketAdaptor.bind(ServerSocketAdaptor.java:74)
	at org.apache.tomcat.util.net.NioEndpoint.bind(NioEndpoint.java:210)
	at org.apache.tomcat.util.net.AbstractEndpoint.init(AbstractEndpoint.java:982)
	at org.apache.tomcat.util.net.AbstractJsseEndpoint.init(AbstractJsseEndpoint.java:245)
	at org.apache.coyote.AbstractProtocol.init(AbstractProtocol.java:620)
	at org.apache.catalina.connector.Connector.initInternal(Connector.java:997)
	... 13 more

18-Nov-2017 11:10:08.373 INFO [main] org.apache.catalina.startup.Catalina.load Initialization processed in 562 ms
18-Nov-2017 11:10:08.396 INFO [main] org.apache.catalina.core.StandardService.startInternal Starting service [Catalina]
18-Nov-2017 11:10:08.396 INFO [main] org.apache.catalina.core.StandardEngine.startInternal Starting Servlet Engine: Apache Tomcat/8.5.23
18-Nov-2017 11:10:09.362 INFO [airtime.kenhthe.vn-startStop-1] org.apache.jasper.servlet.TldScanner.scanJars At least one JAR was scanned for TLDs yet contained no TLDs. Enable debug logging for this logger for a complete list of JARs that were scanned but no TLDs were found in them. Skipping unneeded JARs during scanning can improve startup time and JSP compilation time.
18-Nov-2017 11:10:09.502 INFO [main] org.apache.catalina.startup.Catalina.start Server startup in 1128 ms
18-Nov-2017 11:10:09.503 SEVERE [main] org.apache.catalina.core.StandardServer.await StandardServer.await: create[localhost:8006]: 
 java.net.BindException: Address already in use (Bind failed)
	at java.net.PlainSocketImpl.socketBind(Native Method)
	at java.net.AbstractPlainSocketImpl.bind(AbstractPlainSocketImpl.java:387)
	at java.net.ServerSocket.bind(ServerSocket.java:375)
	at java.net.ServerSocket.<init>(ServerSocket.java:237)
	at org.apache.catalina.core.StandardServer.await(StandardServer.java:441)
	at org.apache.catalina.startup.Catalina.await(Catalina.java:758)
	at org.apache.catalina.startup.Catalina.start(Catalina.java:704)
	at sun.reflect.NativeMethodAccessorImpl.invoke0(Native Method)
	at sun.reflect.NativeMethodAccessorImpl.invoke(NativeMethodAccessorImpl.java:62)
	at sun.reflect.DelegatingMethodAccessorImpl.invoke(DelegatingMethodAccessorImpl.java:43)
	at java.lang.reflect.Method.invoke(Method.java:498)
	at org.apache.catalina.startup.Bootstrap.start(Bootstrap.java:355)
	at org.apache.catalina.startup.Bootstrap.main(Bootstrap.java:495)

18-Nov-2017 11:10:09.504 INFO [main] org.apache.coyote.AbstractProtocol.pause Pausing ProtocolHandler ["http-nio-8686"]
18-Nov-2017 11:10:09.504 INFO [main] org.apache.coyote.AbstractProtocol.pause Pausing ProtocolHandler ["ajp-nio-8009"]
18-Nov-2017 11:10:09.504 INFO [main] org.apache.catalina.core.StandardService.stopInternal Stopping service [Catalina]
18-Nov-2017 11:10:09.923 WARNING [airtime.kenhthe.vn-startStop-1] org.apache.catalina.loader.WebappClassLoaderBase.clearReferencesThreads The web application [service] appears to have started a thread named [Thread-4] but has failed to stop it. This is very likely to create a memory leak. Stack trace of thread:
 java.lang.Thread.sleep(Native Method)
 org.jconfig.FileWatcher.run(FileWatcher.java:105)
 java.lang.Thread.run(Thread.java:748)
18-Nov-2017 11:10:09.926 INFO [main] org.apache.coyote.AbstractProtocol.stop Stopping ProtocolHandler ["http-nio-8686"]
18-Nov-2017 11:10:09.926 INFO [main] org.apache.coyote.AbstractProtocol.destroy Destroying ProtocolHandler ["http-nio-8686"]
18-Nov-2017 11:10:09.926 INFO [main] org.apache.coyote.AbstractProtocol.stop Stopping ProtocolHandler ["ajp-nio-8009"]
18-Nov-2017 11:10:09.927 INFO [main] org.apache.coyote.AbstractProtocol.destroy Destroying ProtocolHandler ["ajp-nio-8009"]
18-Nov-2017 12:10:40.472 INFO [main] org.apache.catalina.startup.VersionLoggerListener.log Server version:        Apache Tomcat/8.5.23
18-Nov-2017 12:10:40.474 INFO [main] org.apache.catalina.startup.VersionLoggerListener.log Server built:          Sep 28 2017 10:30:11 UTC
18-Nov-2017 12:10:40.475 INFO [main] org.apache.catalina.startup.VersionLoggerListener.log Server number:         8.5.23.0
18-Nov-2017 12:10:40.475 INFO [main] org.apache.catalina.startup.VersionLoggerListener.log OS Name:               Linux
18-Nov-2017 12:10:40.475 INFO [main] org.apache.catalina.startup.VersionLoggerListener.log OS Version:            3.10.0-693.2.2.el7.x86_64
18-Nov-2017 12:10:40.475 INFO [main] org.apache.catalina.startup.VersionLoggerListener.log Architecture:          amd64
18-Nov-2017 12:10:40.475 INFO [main] org.apache.catalina.startup.VersionLoggerListener.log Java Home:             /opt/jdk1.8.0_144/jre
18-Nov-2017 12:10:40.475 INFO [main] org.apache.catalina.startup.VersionLoggerListener.log JVM Version:           1.8.0_144-b01
18-Nov-2017 12:10:40.475 INFO [main] org.apache.catalina.startup.VersionLoggerListener.log JVM Vendor:            Oracle Corporation
18-Nov-2017 12:10:40.475 INFO [main] org.apache.catalina.startup.VersionLoggerListener.log CATALINA_BASE:         /work/webserver/tomcat-serviceAirTime-8.5.23
18-Nov-2017 12:10:40.476 INFO [main] org.apache.catalina.startup.VersionLoggerListener.log CATALINA_HOME:         /work/webserver/tomcat-serviceAirTime-8.5.23
18-Nov-2017 12:10:40.476 INFO [main] org.apache.catalina.startup.VersionLoggerListener.log Command line argument: -Djava.util.logging.config.file=/work/webserver/tomcat-serviceAirTime-8.5.23/conf/logging.properties
18-Nov-2017 12:10:40.476 INFO [main] org.apache.catalina.startup.VersionLoggerListener.log Command line argument: -Djava.util.logging.manager=org.apache.juli.ClassLoaderLogManager
18-Nov-2017 12:10:40.476 INFO [main] org.apache.catalina.startup.VersionLoggerListener.log Command line argument: -Djdk.tls.ephemeralDHKeySize=2048
18-Nov-2017 12:10:40.476 INFO [main] org.apache.catalina.startup.VersionLoggerListener.log Command line argument: -Djava.protocol.handler.pkgs=org.apache.catalina.webresources
18-Nov-2017 12:10:40.476 INFO [main] org.apache.catalina.startup.VersionLoggerListener.log Command line argument: -Dcatalina.base=/work/webserver/tomcat-serviceAirTime-8.5.23
18-Nov-2017 12:10:40.476 INFO [main] org.apache.catalina.startup.VersionLoggerListener.log Command line argument: -Dcatalina.home=/work/webserver/tomcat-serviceAirTime-8.5.23
18-Nov-2017 12:10:40.477 INFO [main] org.apache.catalina.startup.VersionLoggerListener.log Command line argument: -Djava.io.tmpdir=/work/webserver/tomcat-serviceAirTime-8.5.23/temp
18-Nov-2017 12:10:40.477 INFO [main] org.apache.catalina.core.AprLifecycleListener.lifecycleEvent The APR based Apache Tomcat Native library which allows optimal performance in production environments was not found on the java.library.path: [/usr/java/packages/lib/amd64:/usr/lib64:/lib64:/lib:/usr/lib]
18-Nov-2017 12:10:40.608 INFO [main] org.apache.coyote.AbstractProtocol.init Initializing ProtocolHandler ["http-nio-8686"]
18-Nov-2017 12:10:40.624 SEVERE [main] org.apache.coyote.AbstractProtocol.init Failed to initialize end point associated with ProtocolHandler ["http-nio-8686"]
 java.net.BindException: Address already in use
	at sun.nio.ch.Net.bind0(Native Method)
	at sun.nio.ch.Net.bind(Net.java:433)
	at sun.nio.ch.Net.bind(Net.java:425)
	at sun.nio.ch.ServerSocketChannelImpl.bind(ServerSocketChannelImpl.java:223)
	at sun.nio.ch.ServerSocketAdaptor.bind(ServerSocketAdaptor.java:74)
	at org.apache.tomcat.util.net.NioEndpoint.bind(NioEndpoint.java:210)
	at org.apache.tomcat.util.net.AbstractEndpoint.init(AbstractEndpoint.java:982)
	at org.apache.tomcat.util.net.AbstractJsseEndpoint.init(AbstractJsseEndpoint.java:245)
	at org.apache.coyote.AbstractProtocol.init(AbstractProtocol.java:620)
	at org.apache.coyote.http11.AbstractHttp11Protocol.init(AbstractHttp11Protocol.java:66)
	at org.apache.catalina.connector.Connector.initInternal(Connector.java:997)
	at org.apache.catalina.util.LifecycleBase.init(LifecycleBase.java:107)
	at org.apache.catalina.core.StandardService.initInternal(StandardService.java:549)
	at org.apache.catalina.util.LifecycleBase.init(LifecycleBase.java:107)
	at org.apache.catalina.core.StandardServer.initInternal(StandardServer.java:875)
	at org.apache.catalina.util.LifecycleBase.init(LifecycleBase.java:107)
	at org.apache.catalina.startup.Catalina.load(Catalina.java:621)
	at org.apache.catalina.startup.Catalina.load(Catalina.java:644)
	at sun.reflect.NativeMethodAccessorImpl.invoke0(Native Method)
	at sun.reflect.NativeMethodAccessorImpl.invoke(NativeMethodAccessorImpl.java:62)
	at sun.reflect.DelegatingMethodAccessorImpl.invoke(DelegatingMethodAccessorImpl.java:43)
	at java.lang.reflect.Method.invoke(Method.java:498)
	at org.apache.catalina.startup.Bootstrap.load(Bootstrap.java:311)
	at org.apache.catalina.startup.Bootstrap.main(Bootstrap.java:494)

18-Nov-2017 12:10:40.625 SEVERE [main] org.apache.catalina.core.StandardService.initInternal Failed to initialize connector [Connector[HTTP/1.1-8686]]
 org.apache.catalina.LifecycleException: Failed to initialize component [Connector[HTTP/1.1-8686]]
	at org.apache.catalina.util.LifecycleBase.init(LifecycleBase.java:113)
	at org.apache.catalina.core.StandardService.initInternal(StandardService.java:549)
	at org.apache.catalina.util.LifecycleBase.init(LifecycleBase.java:107)
	at org.apache.catalina.core.StandardServer.initInternal(StandardServer.java:875)
	at org.apache.catalina.util.LifecycleBase.init(LifecycleBase.java:107)
	at org.apache.catalina.startup.Catalina.load(Catalina.java:621)
	at org.apache.catalina.startup.Catalina.load(Catalina.java:644)
	at sun.reflect.NativeMethodAccessorImpl.invoke0(Native Method)
	at sun.reflect.NativeMethodAccessorImpl.invoke(NativeMethodAccessorImpl.java:62)
	at sun.reflect.DelegatingMethodAccessorImpl.invoke(DelegatingMethodAccessorImpl.java:43)
	at java.lang.reflect.Method.invoke(Method.java:498)
	at org.apache.catalina.startup.Bootstrap.load(Bootstrap.java:311)
	at org.apache.catalina.startup.Bootstrap.main(Bootstrap.java:494)
Caused by: org.apache.catalina.LifecycleException: Protocol handler initialization failed
	at org.apache.catalina.connector.Connector.initInternal(Connector.java:1000)
	at org.apache.catalina.util.LifecycleBase.init(LifecycleBase.java:107)
	... 12 more
Caused by: java.net.BindException: Address already in use
	at sun.nio.ch.Net.bind0(Native Method)
	at sun.nio.ch.Net.bind(Net.java:433)
	at sun.nio.ch.Net.bind(Net.java:425)
	at sun.nio.ch.ServerSocketChannelImpl.bind(ServerSocketChannelImpl.java:223)
	at sun.nio.ch.ServerSocketAdaptor.bind(ServerSocketAdaptor.java:74)
	at org.apache.tomcat.util.net.NioEndpoint.bind(NioEndpoint.java:210)
	at org.apache.tomcat.util.net.AbstractEndpoint.init(AbstractEndpoint.java:982)
	at org.apache.tomcat.util.net.AbstractJsseEndpoint.init(AbstractJsseEndpoint.java:245)
	at org.apache.coyote.AbstractProtocol.init(AbstractProtocol.java:620)
	at org.apache.coyote.http11.AbstractHttp11Protocol.init(AbstractHttp11Protocol.java:66)
	at org.apache.catalina.connector.Connector.initInternal(Connector.java:997)
	... 13 more

18-Nov-2017 12:10:40.626 INFO [main] org.apache.coyote.AbstractProtocol.init Initializing ProtocolHandler ["ajp-nio-8009"]
18-Nov-2017 12:10:40.627 SEVERE [main] org.apache.coyote.AbstractProtocol.init Failed to initialize end point associated with ProtocolHandler ["ajp-nio-8009"]
 java.net.BindException: Address already in use
	at sun.nio.ch.Net.bind0(Native Method)
	at sun.nio.ch.Net.bind(Net.java:433)
	at sun.nio.ch.Net.bind(Net.java:425)
	at sun.nio.ch.ServerSocketChannelImpl.bind(ServerSocketChannelImpl.java:223)
	at sun.nio.ch.ServerSocketAdaptor.bind(ServerSocketAdaptor.java:74)
	at org.apache.tomcat.util.net.NioEndpoint.bind(NioEndpoint.java:210)
	at org.apache.tomcat.util.net.AbstractEndpoint.init(AbstractEndpoint.java:982)
	at org.apache.tomcat.util.net.AbstractJsseEndpoint.init(AbstractJsseEndpoint.java:245)
	at org.apache.coyote.AbstractProtocol.init(AbstractProtocol.java:620)
	at org.apache.catalina.connector.Connector.initInternal(Connector.java:997)
	at org.apache.catalina.util.LifecycleBase.init(LifecycleBase.java:107)
	at org.apache.catalina.core.StandardService.initInternal(StandardService.java:549)
	at org.apache.catalina.util.LifecycleBase.init(LifecycleBase.java:107)
	at org.apache.catalina.core.StandardServer.initInternal(StandardServer.java:875)
	at org.apache.catalina.util.LifecycleBase.init(LifecycleBase.java:107)
	at org.apache.catalina.startup.Catalina.load(Catalina.java:621)
	at org.apache.catalina.startup.Catalina.load(Catalina.java:644)
	at sun.reflect.NativeMethodAccessorImpl.invoke0(Native Method)
	at sun.reflect.NativeMethodAccessorImpl.invoke(NativeMethodAccessorImpl.java:62)
	at sun.reflect.DelegatingMethodAccessorImpl.invoke(DelegatingMethodAccessorImpl.java:43)
	at java.lang.reflect.Method.invoke(Method.java:498)
	at org.apache.catalina.startup.Bootstrap.load(Bootstrap.java:311)
	at org.apache.catalina.startup.Bootstrap.main(Bootstrap.java:494)

18-Nov-2017 12:10:40.628 SEVERE [main] org.apache.catalina.core.StandardService.initInternal Failed to initialize connector [Connector[AJP/1.3-8009]]
 org.apache.catalina.LifecycleException: Failed to initialize component [Connector[AJP/1.3-8009]]
	at org.apache.catalina.util.LifecycleBase.init(LifecycleBase.java:113)
	at org.apache.catalina.core.StandardService.initInternal(StandardService.java:549)
	at org.apache.catalina.util.LifecycleBase.init(LifecycleBase.java:107)
	at org.apache.catalina.core.StandardServer.initInternal(StandardServer.java:875)
	at org.apache.catalina.util.LifecycleBase.init(LifecycleBase.java:107)
	at org.apache.catalina.startup.Catalina.load(Catalina.java:621)
	at org.apache.catalina.startup.Catalina.load(Catalina.java:644)
	at sun.reflect.NativeMethodAccessorImpl.invoke0(Native Method)
	at sun.reflect.NativeMethodAccessorImpl.invoke(NativeMethodAccessorImpl.java:62)
	at sun.reflect.DelegatingMethodAccessorImpl.invoke(DelegatingMethodAccessorImpl.java:43)
	at java.lang.reflect.Method.invoke(Method.java:498)
	at org.apache.catalina.startup.Bootstrap.load(Bootstrap.java:311)
	at org.apache.catalina.startup.Bootstrap.main(Bootstrap.java:494)
Caused by: org.apache.catalina.LifecycleException: Protocol handler initialization failed
	at org.apache.catalina.connector.Connector.initInternal(Connector.java:1000)
	at org.apache.catalina.util.LifecycleBase.init(LifecycleBase.java:107)
	... 12 more
Caused by: java.net.BindException: Address already in use
	at sun.nio.ch.Net.bind0(Native Method)
	at sun.nio.ch.Net.bind(Net.java:433)
	at sun.nio.ch.Net.bind(Net.java:425)
	at sun.nio.ch.ServerSocketChannelImpl.bind(ServerSocketChannelImpl.java:223)
	at sun.nio.ch.ServerSocketAdaptor.bind(ServerSocketAdaptor.java:74)
	at org.apache.tomcat.util.net.NioEndpoint.bind(NioEndpoint.java:210)
	at org.apache.tomcat.util.net.AbstractEndpoint.init(AbstractEndpoint.java:982)
	at org.apache.tomcat.util.net.AbstractJsseEndpoint.init(AbstractJsseEndpoint.java:245)
	at org.apache.coyote.AbstractProtocol.init(AbstractProtocol.java:620)
	at org.apache.catalina.connector.Connector.initInternal(Connector.java:997)
	... 13 more

18-Nov-2017 12:10:40.629 INFO [main] org.apache.catalina.startup.Catalina.load Initialization processed in 598 ms
18-Nov-2017 12:10:40.652 INFO [main] org.apache.catalina.core.StandardService.startInternal Starting service [Catalina]
18-Nov-2017 12:10:40.653 INFO [main] org.apache.catalina.core.StandardEngine.startInternal Starting Servlet Engine: Apache Tomcat/8.5.23
18-Nov-2017 12:10:41.637 INFO [airtime.kenhthe.vn-startStop-1] org.apache.jasper.servlet.TldScanner.scanJars At least one JAR was scanned for TLDs yet contained no TLDs. Enable debug logging for this logger for a complete list of JARs that were scanned but no TLDs were found in them. Skipping unneeded JARs during scanning can improve startup time and JSP compilation time.
18-Nov-2017 12:10:41.780 INFO [main] org.apache.catalina.startup.Catalina.start Server startup in 1151 ms
18-Nov-2017 12:10:41.783 SEVERE [main] org.apache.catalina.core.StandardServer.await StandardServer.await: create[localhost:8006]: 
 java.net.BindException: Address already in use (Bind failed)
	at java.net.PlainSocketImpl.socketBind(Native Method)
	at java.net.AbstractPlainSocketImpl.bind(AbstractPlainSocketImpl.java:387)
	at java.net.ServerSocket.bind(ServerSocket.java:375)
	at java.net.ServerSocket.<init>(ServerSocket.java:237)
	at org.apache.catalina.core.StandardServer.await(StandardServer.java:441)
	at org.apache.catalina.startup.Catalina.await(Catalina.java:758)
	at org.apache.catalina.startup.Catalina.start(Catalina.java:704)
	at sun.reflect.NativeMethodAccessorImpl.invoke0(Native Method)
	at sun.reflect.NativeMethodAccessorImpl.invoke(NativeMethodAccessorImpl.java:62)
	at sun.reflect.DelegatingMethodAccessorImpl.invoke(DelegatingMethodAccessorImpl.java:43)
	at java.lang.reflect.Method.invoke(Method.java:498)
	at org.apache.catalina.startup.Bootstrap.start(Bootstrap.java:355)
	at org.apache.catalina.startup.Bootstrap.main(Bootstrap.java:495)

18-Nov-2017 12:10:41.784 INFO [main] org.apache.coyote.AbstractProtocol.pause Pausing ProtocolHandler ["http-nio-8686"]
18-Nov-2017 12:10:41.784 INFO [main] org.apache.coyote.AbstractProtocol.pause Pausing ProtocolHandler ["ajp-nio-8009"]
18-Nov-2017 12:10:41.784 INFO [main] org.apache.catalina.core.StandardService.stopInternal Stopping service [Catalina]
18-Nov-2017 12:10:42.207 WARNING [airtime.kenhthe.vn-startStop-1] org.apache.catalina.loader.WebappClassLoaderBase.clearReferencesThreads The web application [service] appears to have started a thread named [Thread-4] but has failed to stop it. This is very likely to create a memory leak. Stack trace of thread:
 java.lang.Thread.sleep(Native Method)
 org.jconfig.FileWatcher.run(FileWatcher.java:105)
 java.lang.Thread.run(Thread.java:748)
18-Nov-2017 12:10:42.211 INFO [main] org.apache.coyote.AbstractProtocol.stop Stopping ProtocolHandler ["http-nio-8686"]
18-Nov-2017 12:10:42.211 INFO [main] org.apache.coyote.AbstractProtocol.destroy Destroying ProtocolHandler ["http-nio-8686"]
18-Nov-2017 12:10:42.212 INFO [main] org.apache.coyote.AbstractProtocol.stop Stopping ProtocolHandler ["ajp-nio-8009"]
18-Nov-2017 12:10:42.212 INFO [main] org.apache.coyote.AbstractProtocol.destroy Destroying ProtocolHandler ["ajp-nio-8009"]
18-Nov-2017 12:11:47.325 INFO [Thread-14] org.apache.coyote.AbstractProtocol.pause Pausing ProtocolHandler ["http-nio-8686"]
18-Nov-2017 12:11:47.388 INFO [Thread-14] org.apache.coyote.AbstractProtocol.pause Pausing ProtocolHandler ["ajp-nio-8009"]
18-Nov-2017 12:11:47.440 INFO [Thread-14] org.apache.catalina.core.StandardService.stopInternal Stopping service [Catalina]
18-Nov-2017 12:11:47.446 SEVERE [airtime.kenhthe.vn-startStop-2] org.apache.catalina.core.StandardContext.listenerStop Exception sending context destroyed event to listener instance of class [com.htc.services.airtime.config.MyContext]
 java.lang.ExceptionInInitializerError
	at com.htc.services.airtime.config.MyContext.contextDestroyed(MyContext.java:111)
	at org.apache.catalina.core.StandardContext.listenerStop(StandardContext.java:4792)
	at org.apache.catalina.core.StandardContext.stopInternal(StandardContext.java:5429)
	at org.apache.catalina.util.LifecycleBase.stop(LifecycleBase.java:226)
	at org.apache.catalina.core.ContainerBase$StopChild.call(ContainerBase.java:1435)
	at org.apache.catalina.core.ContainerBase$StopChild.call(ContainerBase.java:1424)
	at java.util.concurrent.FutureTask.run(FutureTask.java:266)
	at java.util.concurrent.ThreadPoolExecutor.runWorker(ThreadPoolExecutor.java:1149)
	at java.util.concurrent.ThreadPoolExecutor$Worker.run(ThreadPoolExecutor.java:624)
	at java.lang.Thread.run(Thread.java:748)
Caused by: java.lang.IllegalStateException: Pool manager no longer valid for use
	at snaq.db.ConnectionPoolManager.getPool(ConnectionPoolManager.java:1173)
	at com.htc.services.airtime.db.PoolMng.getConnPool(PoolMng.java:37)
	at com.htc.services.airtime.db.DBPool.CreatePool(DBPool.java:16)
	at com.htc.services.airtime.db.DBPool.<clinit>(DBPool.java:23)
	... 10 more

18-Nov-2017 12:11:47.451 WARNING [67] org.apache.catalina.loader.WebappClassLoaderBase.clearReferencesJdbc The web application [service] registered the JDBC driver [com.mysql.jdbc.Driver] but failed to unregister it when the web application was stopped. To prevent a memory leak, the JDBC Driver has been forcibly unregistered.
18-Nov-2017 12:11:47.452 WARNING [67] org.apache.catalina.loader.WebappClassLoaderBase.clearReferencesThreads The web application [service] appears to have started a thread named [Thread-6] but has failed to stop it. This is very likely to create a memory leak. Stack trace of thread:
 java.lang.Thread.sleep(Native Method)
 org.jconfig.FileWatcher.run(FileWatcher.java:105)
 java.lang.Thread.run(Thread.java:748)
18-Nov-2017 12:11:47.456 INFO [Thread-14] org.apache.coyote.AbstractProtocol.stop Stopping ProtocolHandler ["http-nio-8686"]
18-Nov-2017 12:11:47.460 INFO [Thread-14] org.apache.coyote.AbstractProtocol.stop Stopping ProtocolHandler ["ajp-nio-8009"]
18-Nov-2017 12:16:41.090 INFO [main] org.apache.catalina.startup.VersionLoggerListener.log Server version:        Apache Tomcat/8.5.23
18-Nov-2017 12:16:41.123 INFO [main] org.apache.catalina.startup.VersionLoggerListener.log Server built:          Sep 28 2017 10:30:11 UTC
18-Nov-2017 12:16:41.123 INFO [main] org.apache.catalina.startup.VersionLoggerListener.log Server number:         8.5.23.0
18-Nov-2017 12:16:41.123 INFO [main] org.apache.catalina.startup.VersionLoggerListener.log OS Name:               Linux
18-Nov-2017 12:16:41.124 INFO [main] org.apache.catalina.startup.VersionLoggerListener.log OS Version:            3.10.0-693.2.2.el7.x86_64
18-Nov-2017 12:16:41.124 INFO [main] org.apache.catalina.startup.VersionLoggerListener.log Architecture:          amd64
18-Nov-2017 12:16:41.124 INFO [main] org.apache.catalina.startup.VersionLoggerListener.log Java Home:             /opt/jdk1.8.0_144/jre
18-Nov-2017 12:16:41.124 INFO [main] org.apache.catalina.startup.VersionLoggerListener.log JVM Version:           1.8.0_144-b01
18-Nov-2017 12:16:41.124 INFO [main] org.apache.catalina.startup.VersionLoggerListener.log JVM Vendor:            Oracle Corporation
18-Nov-2017 12:16:41.124 INFO [main] org.apache.catalina.startup.VersionLoggerListener.log CATALINA_BASE:         /work/webserver/tomcat-serviceAirTime-8.5.23
18-Nov-2017 12:16:41.124 INFO [main] org.apache.catalina.startup.VersionLoggerListener.log CATALINA_HOME:         /work/webserver/tomcat-serviceAirTime-8.5.23
18-Nov-2017 12:16:41.125 INFO [main] org.apache.catalina.startup.VersionLoggerListener.log Command line argument: -Djava.util.logging.config.file=/work/webserver/tomcat-serviceAirTime-8.5.23/conf/logging.properties
18-Nov-2017 12:16:41.125 INFO [main] org.apache.catalina.startup.VersionLoggerListener.log Command line argument: -Djava.util.logging.manager=org.apache.juli.ClassLoaderLogManager
18-Nov-2017 12:16:41.125 INFO [main] org.apache.catalina.startup.VersionLoggerListener.log Command line argument: -Djdk.tls.ephemeralDHKeySize=2048
18-Nov-2017 12:16:41.125 INFO [main] org.apache.catalina.startup.VersionLoggerListener.log Command line argument: -Djava.protocol.handler.pkgs=org.apache.catalina.webresources
18-Nov-2017 12:16:41.125 INFO [main] org.apache.catalina.startup.VersionLoggerListener.log Command line argument: -Dcatalina.base=/work/webserver/tomcat-serviceAirTime-8.5.23
18-Nov-2017 12:16:41.125 INFO [main] org.apache.catalina.startup.VersionLoggerListener.log Command line argument: -Dcatalina.home=/work/webserver/tomcat-serviceAirTime-8.5.23
18-Nov-2017 12:16:41.125 INFO [main] org.apache.catalina.startup.VersionLoggerListener.log Command line argument: -Djava.io.tmpdir=/work/webserver/tomcat-serviceAirTime-8.5.23/temp
18-Nov-2017 12:16:41.126 INFO [main] org.apache.catalina.core.AprLifecycleListener.lifecycleEvent The APR based Apache Tomcat Native library which allows optimal performance in production environments was not found on the java.library.path: [/usr/java/packages/lib/amd64:/usr/lib64:/lib64:/lib:/usr/lib]
18-Nov-2017 12:16:41.459 INFO [main] org.apache.coyote.AbstractProtocol.init Initializing ProtocolHandler ["http-nio-8686"]
18-Nov-2017 12:16:41.496 INFO [main] org.apache.tomcat.util.net.NioSelectorPool.getSharedSelector Using a shared selector for servlet write/read
18-Nov-2017 12:16:41.499 INFO [main] org.apache.coyote.AbstractProtocol.init Initializing ProtocolHandler ["ajp-nio-8009"]
18-Nov-2017 12:16:41.500 INFO [main] org.apache.tomcat.util.net.NioSelectorPool.getSharedSelector Using a shared selector for servlet write/read
18-Nov-2017 12:16:41.501 INFO [main] org.apache.catalina.startup.Catalina.load Initialization processed in 1187 ms
18-Nov-2017 12:16:41.539 INFO [main] org.apache.catalina.core.StandardService.startInternal Starting service [Catalina]
18-Nov-2017 12:16:41.539 INFO [main] org.apache.catalina.core.StandardEngine.startInternal Starting Servlet Engine: Apache Tomcat/8.5.23
18-Nov-2017 12:16:43.143 INFO [airtime.kenhthe.vn-startStop-1] org.apache.jasper.servlet.TldScanner.scanJars At least one JAR was scanned for TLDs yet contained no TLDs. Enable debug logging for this logger for a complete list of JARs that were scanned but no TLDs were found in them. Skipping unneeded JARs during scanning can improve startup time and JSP compilation time.
18-Nov-2017 12:16:43.405 INFO [main] org.apache.coyote.AbstractProtocol.start Starting ProtocolHandler ["http-nio-8686"]
18-Nov-2017 12:16:43.412 INFO [main] org.apache.coyote.AbstractProtocol.start Starting ProtocolHandler ["ajp-nio-8009"]
18-Nov-2017 12:16:43.414 INFO [main] org.apache.catalina.startup.Catalina.start Server startup in 1912 ms
18-Nov-2017 12:17:03.689 INFO [Thread-14] org.apache.coyote.AbstractProtocol.pause Pausing ProtocolHandler ["http-nio-8686"]
18-Nov-2017 12:17:03.743 INFO [Thread-14] org.apache.coyote.AbstractProtocol.pause Pausing ProtocolHandler ["ajp-nio-8009"]
18-Nov-2017 12:17:03.794 INFO [Thread-14] org.apache.catalina.core.StandardService.stopInternal Stopping service [Catalina]
18-Nov-2017 12:17:03.803 SEVERE [airtime.kenhthe.vn-startStop-2] org.apache.catalina.core.StandardContext.listenerStop Exception sending context destroyed event to listener instance of class [com.htc.services.airtime.config.MyContext]
 java.lang.ExceptionInInitializerError
	at com.htc.services.airtime.config.MyContext.contextDestroyed(MyContext.java:111)
	at org.apache.catalina.core.StandardContext.listenerStop(StandardContext.java:4792)
	at org.apache.catalina.core.StandardContext.stopInternal(StandardContext.java:5429)
	at org.apache.catalina.util.LifecycleBase.stop(LifecycleBase.java:226)
	at org.apache.catalina.core.ContainerBase$StopChild.call(ContainerBase.java:1435)
	at org.apache.catalina.core.ContainerBase$StopChild.call(ContainerBase.java:1424)
	at java.util.concurrent.FutureTask.run(FutureTask.java:266)
	at java.util.concurrent.ThreadPoolExecutor.runWorker(ThreadPoolExecutor.java:1149)
	at java.util.concurrent.ThreadPoolExecutor$Worker.run(ThreadPoolExecutor.java:624)
	at java.lang.Thread.run(Thread.java:748)
Caused by: java.lang.IllegalStateException: Pool manager no longer valid for use
	at snaq.db.ConnectionPoolManager.getPool(ConnectionPoolManager.java:1173)
	at com.htc.services.airtime.db.PoolMng.getConnPool(PoolMng.java:37)
	at com.htc.services.airtime.db.DBPool.CreatePool(DBPool.java:16)
	at com.htc.services.airtime.db.DBPool.<clinit>(DBPool.java:23)
	... 10 more

18-Nov-2017 12:17:03.812 WARNING [airtime.kenhthe.vn-startStop-2] org.apache.catalina.loader.WebappClassLoaderBase.clearReferencesJdbc The web application [service] registered the JDBC driver [com.mysql.jdbc.Driver] but failed to unregister it when the web application was stopped. To prevent a memory leak, the JDBC Driver has been forcibly unregistered.
18-Nov-2017 12:17:03.814 WARNING [airtime.kenhthe.vn-startStop-2] org.apache.catalina.loader.WebappClassLoaderBase.clearReferencesThreads The web application [service] appears to have started a thread named [Thread-6] but has failed to stop it. This is very likely to create a memory leak. Stack trace of thread:
 java.lang.Thread.sleep(Native Method)
 org.jconfig.FileWatcher.run(FileWatcher.java:105)
 java.lang.Thread.run(Thread.java:748)
18-Nov-2017 12:17:03.907 INFO [Thread-14] org.apache.coyote.AbstractProtocol.stop Stopping ProtocolHandler ["http-nio-8686"]
18-Nov-2017 12:17:03.908 INFO [Thread-14] org.apache.coyote.AbstractProtocol.stop Stopping ProtocolHandler ["ajp-nio-8009"]
18-Nov-2017 12:17:03.909 INFO [Thread-14] org.apache.coyote.AbstractProtocol.destroy Destroying ProtocolHandler ["http-nio-8686"]
18-Nov-2017 12:17:03.910 INFO [Thread-14] org.apache.coyote.AbstractProtocol.destroy Destroying ProtocolHandler ["ajp-nio-8009"]
18-Nov-2017 12:17:20.182 INFO [main] org.apache.catalina.startup.VersionLoggerListener.log Server version:        Apache Tomcat/8.5.23
18-Nov-2017 12:17:20.184 INFO [main] org.apache.catalina.startup.VersionLoggerListener.log Server built:          Sep 28 2017 10:30:11 UTC
18-Nov-2017 12:17:20.184 INFO [main] org.apache.catalina.startup.VersionLoggerListener.log Server number:         8.5.23.0
18-Nov-2017 12:17:20.184 INFO [main] org.apache.catalina.startup.VersionLoggerListener.log OS Name:               Linux
18-Nov-2017 12:17:20.184 INFO [main] org.apache.catalina.startup.VersionLoggerListener.log OS Version:            3.10.0-693.2.2.el7.x86_64
18-Nov-2017 12:17:20.185 INFO [main] org.apache.catalina.startup.VersionLoggerListener.log Architecture:          amd64
18-Nov-2017 12:17:20.185 INFO [main] org.apache.catalina.startup.VersionLoggerListener.log Java Home:             /opt/jdk1.8.0_144/jre
18-Nov-2017 12:17:20.185 INFO [main] org.apache.catalina.startup.VersionLoggerListener.log JVM Version:           1.8.0_144-b01
18-Nov-2017 12:17:20.185 INFO [main] org.apache.catalina.startup.VersionLoggerListener.log JVM Vendor:            Oracle Corporation
18-Nov-2017 12:17:20.185 INFO [main] org.apache.catalina.startup.VersionLoggerListener.log CATALINA_BASE:         /work/webserver/tomcat-serviceAirTime-8.5.23
18-Nov-2017 12:17:20.185 INFO [main] org.apache.catalina.startup.VersionLoggerListener.log CATALINA_HOME:         /work/webserver/tomcat-serviceAirTime-8.5.23
18-Nov-2017 12:17:20.185 INFO [main] org.apache.catalina.startup.VersionLoggerListener.log Command line argument: -Djava.util.logging.config.file=/work/webserver/tomcat-serviceAirTime-8.5.23/conf/logging.properties
18-Nov-2017 12:17:20.186 INFO [main] org.apache.catalina.startup.VersionLoggerListener.log Command line argument: -Djava.util.logging.manager=org.apache.juli.ClassLoaderLogManager
18-Nov-2017 12:17:20.186 INFO [main] org.apache.catalina.startup.VersionLoggerListener.log Command line argument: -Djdk.tls.ephemeralDHKeySize=2048
18-Nov-2017 12:17:20.186 INFO [main] org.apache.catalina.startup.VersionLoggerListener.log Command line argument: -Djava.protocol.handler.pkgs=org.apache.catalina.webresources
18-Nov-2017 12:17:20.186 INFO [main] org.apache.catalina.startup.VersionLoggerListener.log Command line argument: -Dcatalina.base=/work/webserver/tomcat-serviceAirTime-8.5.23
18-Nov-2017 12:17:20.186 INFO [main] org.apache.catalina.startup.VersionLoggerListener.log Command line argument: -Dcatalina.home=/work/webserver/tomcat-serviceAirTime-8.5.23
18-Nov-2017 12:17:20.186 INFO [main] org.apache.catalina.startup.VersionLoggerListener.log Command line argument: -Djava.io.tmpdir=/work/webserver/tomcat-serviceAirTime-8.5.23/temp
18-Nov-2017 12:17:20.186 INFO [main] org.apache.catalina.core.AprLifecycleListener.lifecycleEvent The APR based Apache Tomcat Native library which allows optimal performance in production environments was not found on the java.library.path: [/usr/java/packages/lib/amd64:/usr/lib64:/lib64:/lib:/usr/lib]
18-Nov-2017 12:17:20.317 INFO [main] org.apache.coyote.AbstractProtocol.init Initializing ProtocolHandler ["http-nio-8686"]
18-Nov-2017 12:17:20.335 INFO [main] org.apache.tomcat.util.net.NioSelectorPool.getSharedSelector Using a shared selector for servlet write/read
18-Nov-2017 12:17:20.337 INFO [main] org.apache.coyote.AbstractProtocol.init Initializing ProtocolHandler ["ajp-nio-8009"]
18-Nov-2017 12:17:20.339 INFO [main] org.apache.tomcat.util.net.NioSelectorPool.getSharedSelector Using a shared selector for servlet write/read
18-Nov-2017 12:17:20.339 INFO [main] org.apache.catalina.startup.Catalina.load Initialization processed in 576 ms
18-Nov-2017 12:17:20.362 INFO [main] org.apache.catalina.core.StandardService.startInternal Starting service [Catalina]
18-Nov-2017 12:17:20.363 INFO [main] org.apache.catalina.core.StandardEngine.startInternal Starting Servlet Engine: Apache Tomcat/8.5.23
18-Nov-2017 12:17:21.337 INFO [airtime.kenhthe.vn-startStop-1] org.apache.jasper.servlet.TldScanner.scanJars At least one JAR was scanned for TLDs yet contained no TLDs. Enable debug logging for this logger for a complete list of JARs that were scanned but no TLDs were found in them. Skipping unneeded JARs during scanning can improve startup time and JSP compilation time.
18-Nov-2017 12:17:21.477 INFO [main] org.apache.coyote.AbstractProtocol.start Starting ProtocolHandler ["http-nio-8686"]
18-Nov-2017 12:17:21.484 INFO [main] org.apache.coyote.AbstractProtocol.start Starting ProtocolHandler ["ajp-nio-8009"]
18-Nov-2017 12:17:21.486 INFO [main] org.apache.catalina.startup.Catalina.start Server startup in 1146 ms
18-Nov-2017 12:17:29.012 INFO [Thread-14] org.apache.coyote.AbstractProtocol.pause Pausing ProtocolHandler ["http-nio-8686"]
18-Nov-2017 12:17:29.066 INFO [Thread-14] org.apache.coyote.AbstractProtocol.pause Pausing ProtocolHandler ["ajp-nio-8009"]
18-Nov-2017 12:17:29.117 INFO [Thread-14] org.apache.catalina.core.StandardService.stopInternal Stopping service [Catalina]
18-Nov-2017 12:17:29.131 SEVERE [airtime.kenhthe.vn-startStop-1] org.apache.catalina.core.StandardContext.listenerStop Exception sending context destroyed event to listener instance of class [com.htc.services.airtime.config.MyContext]
 java.lang.ExceptionInInitializerError
	at com.htc.services.airtime.config.MyContext.contextDestroyed(MyContext.java:111)
	at org.apache.catalina.core.StandardContext.listenerStop(StandardContext.java:4792)
	at org.apache.catalina.core.StandardContext.stopInternal(StandardContext.java:5429)
	at org.apache.catalina.util.LifecycleBase.stop(LifecycleBase.java:226)
	at org.apache.catalina.core.ContainerBase$StopChild.call(ContainerBase.java:1435)
	at org.apache.catalina.core.ContainerBase$StopChild.call(ContainerBase.java:1424)
	at java.util.concurrent.FutureTask.run(FutureTask.java:266)
	at java.util.concurrent.ThreadPoolExecutor.runWorker(ThreadPoolExecutor.java:1149)
	at java.util.concurrent.ThreadPoolExecutor$Worker.run(ThreadPoolExecutor.java:624)
	at java.lang.Thread.run(Thread.java:748)
Caused by: java.lang.IllegalStateException: Pool manager no longer valid for use
	at snaq.db.ConnectionPoolManager.getPool(ConnectionPoolManager.java:1173)
	at com.htc.services.airtime.db.PoolMng.getConnPool(PoolMng.java:37)
	at com.htc.services.airtime.db.DBPool.CreatePool(DBPool.java:16)
	at com.htc.services.airtime.db.DBPool.<clinit>(DBPool.java:23)
	... 10 more

18-Nov-2017 12:17:29.142 WARNING [airtime.kenhthe.vn-startStop-1] org.apache.catalina.loader.WebappClassLoaderBase.clearReferencesJdbc The web application [service] registered the JDBC driver [com.mysql.jdbc.Driver] but failed to unregister it when the web application was stopped. To prevent a memory leak, the JDBC Driver has been forcibly unregistered.
18-Nov-2017 12:17:29.143 WARNING [airtime.kenhthe.vn-startStop-1] org.apache.catalina.loader.WebappClassLoaderBase.clearReferencesThreads The web application [service] appears to have started a thread named [Thread-6] but has failed to stop it. This is very likely to create a memory leak. Stack trace of thread:
 java.lang.Thread.sleep(Native Method)
 org.jconfig.FileWatcher.run(FileWatcher.java:105)
 java.lang.Thread.run(Thread.java:748)
18-Nov-2017 12:17:29.152 INFO [Thread-14] org.apache.coyote.AbstractProtocol.stop Stopping ProtocolHandler ["http-nio-8686"]
18-Nov-2017 12:17:29.157 INFO [Thread-14] org.apache.coyote.AbstractProtocol.stop Stopping ProtocolHandler ["ajp-nio-8009"]
18-Nov-2017 12:17:29.160 INFO [Thread-14] org.apache.coyote.AbstractProtocol.destroy Destroying ProtocolHandler ["http-nio-8686"]
18-Nov-2017 12:17:29.161 INFO [Thread-14] org.apache.coyote.AbstractProtocol.destroy Destroying ProtocolHandler ["ajp-nio-8009"]
