21-Nov-2017 09:41:29.458 INFO [main] org.apache.catalina.startup.VersionLoggerListener.log Server version:        Apache Tomcat/8.5.23
21-Nov-2017 09:41:29.460 INFO [main] org.apache.catalina.startup.VersionLoggerListener.log Server built:          Sep 28 2017 10:30:11 UTC
21-Nov-2017 09:41:29.460 INFO [main] org.apache.catalina.startup.VersionLoggerListener.log Server number:         8.5.23.0
21-Nov-2017 09:41:29.460 INFO [main] org.apache.catalina.startup.VersionLoggerListener.log OS Name:               Linux
21-Nov-2017 09:41:29.461 INFO [main] org.apache.catalina.startup.VersionLoggerListener.log OS Version:            3.10.0-693.2.2.el7.x86_64
21-Nov-2017 09:41:29.461 INFO [main] org.apache.catalina.startup.VersionLoggerListener.log Architecture:          amd64
21-Nov-2017 09:41:29.461 INFO [main] org.apache.catalina.startup.VersionLoggerListener.log Java Home:             /opt/jdk1.8.0_144/jre
21-Nov-2017 09:41:29.461 INFO [main] org.apache.catalina.startup.VersionLoggerListener.log JVM Version:           1.8.0_144-b01
21-Nov-2017 09:41:29.461 INFO [main] org.apache.catalina.startup.VersionLoggerListener.log JVM Vendor:            Oracle Corporation
21-Nov-2017 09:41:29.461 INFO [main] org.apache.catalina.startup.VersionLoggerListener.log CATALINA_BASE:         /work/webserver/tomcat-serviceAirTime-8.5.23
21-Nov-2017 09:41:29.461 INFO [main] org.apache.catalina.startup.VersionLoggerListener.log CATALINA_HOME:         /work/webserver/tomcat-serviceAirTime-8.5.23
21-Nov-2017 09:41:29.462 INFO [main] org.apache.catalina.startup.VersionLoggerListener.log Command line argument: -Djava.util.logging.config.file=/work/webserver/tomcat-serviceAirTime-8.5.23/conf/logging.properties
21-Nov-2017 09:41:29.462 INFO [main] org.apache.catalina.startup.VersionLoggerListener.log Command line argument: -Djava.util.logging.manager=org.apache.juli.ClassLoaderLogManager
21-Nov-2017 09:41:29.462 INFO [main] org.apache.catalina.startup.VersionLoggerListener.log Command line argument: -Djdk.tls.ephemeralDHKeySize=2048
21-Nov-2017 09:41:29.462 INFO [main] org.apache.catalina.startup.VersionLoggerListener.log Command line argument: -Djava.protocol.handler.pkgs=org.apache.catalina.webresources
21-Nov-2017 09:41:29.462 INFO [main] org.apache.catalina.startup.VersionLoggerListener.log Command line argument: -Dcatalina.base=/work/webserver/tomcat-serviceAirTime-8.5.23
21-Nov-2017 09:41:29.462 INFO [main] org.apache.catalina.startup.VersionLoggerListener.log Command line argument: -Dcatalina.home=/work/webserver/tomcat-serviceAirTime-8.5.23
21-Nov-2017 09:41:29.462 INFO [main] org.apache.catalina.startup.VersionLoggerListener.log Command line argument: -Djava.io.tmpdir=/work/webserver/tomcat-serviceAirTime-8.5.23/temp
21-Nov-2017 09:41:29.463 INFO [main] org.apache.catalina.core.AprLifecycleListener.lifecycleEvent The APR based Apache Tomcat Native library which allows optimal performance in production environments was not found on the java.library.path: [/usr/java/packages/lib/amd64:/usr/lib64:/lib64:/lib:/usr/lib]
21-Nov-2017 09:41:29.594 INFO [main] org.apache.coyote.AbstractProtocol.init Initializing ProtocolHandler ["http-nio-8686"]
21-Nov-2017 09:41:29.611 INFO [main] org.apache.tomcat.util.net.NioSelectorPool.getSharedSelector Using a shared selector for servlet write/read
21-Nov-2017 09:41:29.614 INFO [main] org.apache.coyote.AbstractProtocol.init Initializing ProtocolHandler ["ajp-nio-8009"]
21-Nov-2017 09:41:29.615 INFO [main] org.apache.tomcat.util.net.NioSelectorPool.getSharedSelector Using a shared selector for servlet write/read
21-Nov-2017 09:41:29.615 INFO [main] org.apache.catalina.startup.Catalina.load Initialization processed in 578 ms
21-Nov-2017 09:41:29.639 INFO [main] org.apache.catalina.core.StandardService.startInternal Starting service [Catalina]
21-Nov-2017 09:41:29.639 INFO [main] org.apache.catalina.core.StandardEngine.startInternal Starting Servlet Engine: Apache Tomcat/8.5.23
21-Nov-2017 09:41:30.641 INFO [airtime.kenhthe.vn-startStop-1] org.apache.jasper.servlet.TldScanner.scanJars At least one JAR was scanned for TLDs yet contained no TLDs. Enable debug logging for this logger for a complete list of JARs that were scanned but no TLDs were found in them. Skipping unneeded JARs during scanning can improve startup time and JSP compilation time.
21-Nov-2017 09:41:30.781 INFO [main] org.apache.coyote.AbstractProtocol.start Starting ProtocolHandler ["http-nio-8686"]
21-Nov-2017 09:41:30.791 INFO [main] org.apache.coyote.AbstractProtocol.start Starting ProtocolHandler ["ajp-nio-8009"]
21-Nov-2017 09:41:30.792 INFO [main] org.apache.catalina.startup.Catalina.start Server startup in 1176 ms
21-Nov-2017 09:45:21.448 WARNING [ContainerBackgroundProcessor[StandardEngine[Catalina]]] org.apache.catalina.core.StandardContext.backgroundProcess Exception processing loader [WebappLoader[/service]] background process
 java.lang.IllegalStateException: java.io.FileNotFoundException: /work/webroot/AirTimeServices/WEB-INF/lib/json-lib-2.4-jdk15.jar (No such file or directory)
	at org.apache.catalina.webresources.AbstractSingleArchiveResourceSet.getArchiveEntry(AbstractSingleArchiveResourceSet.java:97)
	at org.apache.catalina.webresources.AbstractArchiveResourceSet.getResource(AbstractArchiveResourceSet.java:260)
	at org.apache.catalina.webresources.StandardRoot.getResourceInternal(StandardRoot.java:281)
	at org.apache.catalina.webresources.Cache.getResource(Cache.java:62)
	at org.apache.catalina.webresources.StandardRoot.getResource(StandardRoot.java:216)
	at org.apache.catalina.webresources.StandardRoot.getClassLoaderResource(StandardRoot.java:225)
	at org.apache.catalina.loader.WebappClassLoaderBase.modified(WebappClassLoaderBase.java:686)
	at org.apache.catalina.loader.WebappLoader.modified(WebappLoader.java:343)
	at org.apache.catalina.loader.WebappLoader.backgroundProcess(WebappLoader.java:287)
	at org.apache.catalina.core.StandardContext.backgroundProcess(StandardContext.java:5563)
	at org.apache.catalina.core.ContainerBase$ContainerBackgroundProcessor.processChildren(ContainerBase.java:1388)
	at org.apache.catalina.core.ContainerBase$ContainerBackgroundProcessor.processChildren(ContainerBase.java:1392)
	at org.apache.catalina.core.ContainerBase$ContainerBackgroundProcessor.processChildren(ContainerBase.java:1392)
	at org.apache.catalina.core.ContainerBase$ContainerBackgroundProcessor.run(ContainerBase.java:1360)
	at java.lang.Thread.run(Thread.java:748)
Caused by: java.io.FileNotFoundException: /work/webroot/AirTimeServices/WEB-INF/lib/json-lib-2.4-jdk15.jar (No such file or directory)
	at java.util.zip.ZipFile.open(Native Method)
	at java.util.zip.ZipFile.<init>(ZipFile.java:225)
	at java.util.zip.ZipFile.<init>(ZipFile.java:155)
	at java.util.jar.JarFile.<init>(JarFile.java:166)
	at java.util.jar.JarFile.<init>(JarFile.java:103)
	at org.apache.catalina.webresources.AbstractArchiveResourceSet.openJarFile(AbstractArchiveResourceSet.java:308)
	at org.apache.catalina.webresources.AbstractSingleArchiveResourceSet.getArchiveEntry(AbstractSingleArchiveResourceSet.java:93)
	... 14 more

21-Nov-2017 09:45:31.453 INFO [ContainerBackgroundProcessor[StandardEngine[Catalina]]] org.apache.catalina.core.StandardContext.reload Reloading Context with name [/service] has started
21-Nov-2017 09:45:31.473 WARNING [ContainerBackgroundProcessor[StandardEngine[Catalina]]] org.apache.catalina.loader.WebappClassLoaderBase.clearReferencesThreads The web application [service] appears to have started a thread named [Thread-6] but has failed to stop it. This is very likely to create a memory leak. Stack trace of thread:
 java.lang.Thread.sleep(Native Method)
 org.jconfig.FileWatcher.run(FileWatcher.java:105)
 java.lang.Thread.run(Thread.java:748)
21-Nov-2017 09:45:31.918 SEVERE [ContainerBackgroundProcessor[StandardEngine[Catalina]]] org.apache.catalina.core.StandardContext.reload Exception starting Context with name [/service]
 org.apache.catalina.LifecycleException: Failed to start component [StandardEngine[Catalina].StandardHost[airtime.kenhthe.vn].StandardContext[/service]]
	at org.apache.catalina.util.LifecycleBase.start(LifecycleBase.java:167)
	at org.apache.catalina.core.StandardContext.reload(StandardContext.java:3800)
	at org.apache.catalina.loader.WebappLoader.backgroundProcess(WebappLoader.java:292)
	at org.apache.catalina.core.StandardContext.backgroundProcess(StandardContext.java:5563)
	at org.apache.catalina.core.ContainerBase$ContainerBackgroundProcessor.processChildren(ContainerBase.java:1388)
	at org.apache.catalina.core.ContainerBase$ContainerBackgroundProcessor.processChildren(ContainerBase.java:1392)
	at org.apache.catalina.core.ContainerBase$ContainerBackgroundProcessor.processChildren(ContainerBase.java:1392)
	at org.apache.catalina.core.ContainerBase$ContainerBackgroundProcessor.run(ContainerBase.java:1360)
	at java.lang.Thread.run(Thread.java:748)
Caused by: java.lang.NoClassDefFoundError: Lcom/htc/services/airtime/thread/ReqCacheManager;
	at java.lang.Class.getDeclaredFields0(Native Method)
	at java.lang.Class.privateGetDeclaredFields(Class.java:2583)
	at java.lang.Class.getDeclaredFields(Class.java:1916)
	at org.apache.catalina.util.Introspection.getDeclaredFields(Introspection.java:110)
	at org.apache.catalina.startup.WebAnnotationSet.loadFieldsAnnotation(WebAnnotationSet.java:262)
	at org.apache.catalina.startup.WebAnnotationSet.loadApplicationListenerAnnotations(WebAnnotationSet.java:88)
	at org.apache.catalina.startup.WebAnnotationSet.loadApplicationAnnotations(WebAnnotationSet.java:64)
	at org.apache.catalina.startup.ContextConfig.applicationAnnotationsConfig(ContextConfig.java:328)
	at org.apache.catalina.startup.ContextConfig.configureStart(ContextConfig.java:778)
	at org.apache.catalina.startup.ContextConfig.lifecycleEvent(ContextConfig.java:299)
	at org.apache.catalina.util.LifecycleBase.fireLifecycleEvent(LifecycleBase.java:94)
	at org.apache.catalina.core.StandardContext.startInternal(StandardContext.java:5105)
	at org.apache.catalina.util.LifecycleBase.start(LifecycleBase.java:150)
	... 8 more
Caused by: java.lang.ClassNotFoundException: com.htc.services.airtime.thread.ReqCacheManager
	at org.apache.catalina.loader.WebappClassLoaderBase.loadClass(WebappClassLoaderBase.java:1291)
	at org.apache.catalina.loader.WebappClassLoaderBase.loadClass(WebappClassLoaderBase.java:1119)
	... 21 more

21-Nov-2017 09:45:31.918 INFO [ContainerBackgroundProcessor[StandardEngine[Catalina]]] org.apache.catalina.core.StandardContext.reload Reloading Context with name [/service] is completed
21-Nov-2017 09:45:32.747 INFO [Thread-6] org.apache.catalina.loader.WebappClassLoaderBase.checkStateForResourceLoading Illegal access: this web application instance has been stopped already. Could not load [org.jconfig.event.FileListenerEvent]. The following stack trace is thrown for debugging purposes as well as to attempt to terminate the thread which caused the illegal access.
 java.lang.IllegalStateException: Illegal access: this web application instance has been stopped already. Could not load [org.jconfig.event.FileListenerEvent]. The following stack trace is thrown for debugging purposes as well as to attempt to terminate the thread which caused the illegal access.
	at org.apache.catalina.loader.WebappClassLoaderBase.checkStateForResourceLoading(WebappClassLoaderBase.java:1311)
	at org.apache.catalina.loader.WebappClassLoaderBase.checkStateForClassLoading(WebappClassLoaderBase.java:1299)
	at org.apache.catalina.loader.WebappClassLoaderBase.loadClass(WebappClassLoaderBase.java:1158)
	at org.apache.catalina.loader.WebappClassLoaderBase.loadClass(WebappClassLoaderBase.java:1119)
	at org.jconfig.FileWatcher.checkFile(FileWatcher.java:142)
	at org.jconfig.FileWatcher.run(FileWatcher.java:110)
	at java.lang.Thread.run(Thread.java:748)

21-Nov-2017 09:45:47.074 INFO [Thread-14] org.apache.coyote.AbstractProtocol.pause Pausing ProtocolHandler ["http-nio-8686"]
21-Nov-2017 09:45:47.128 INFO [Thread-14] org.apache.coyote.AbstractProtocol.pause Pausing ProtocolHandler ["ajp-nio-8009"]
21-Nov-2017 09:45:47.179 INFO [Thread-14] org.apache.catalina.core.StandardService.stopInternal Stopping service [Catalina]
21-Nov-2017 09:45:47.183 INFO [Thread-14] org.apache.coyote.AbstractProtocol.stop Stopping ProtocolHandler ["http-nio-8686"]
21-Nov-2017 09:45:47.185 INFO [Thread-14] org.apache.coyote.AbstractProtocol.stop Stopping ProtocolHandler ["ajp-nio-8009"]
21-Nov-2017 09:45:47.188 INFO [Thread-14] org.apache.coyote.AbstractProtocol.destroy Destroying ProtocolHandler ["http-nio-8686"]
21-Nov-2017 09:45:47.189 INFO [Thread-14] org.apache.coyote.AbstractProtocol.destroy Destroying ProtocolHandler ["ajp-nio-8009"]
21-Nov-2017 09:45:48.596 INFO [main] org.apache.catalina.startup.VersionLoggerListener.log Server version:        Apache Tomcat/8.5.23
21-Nov-2017 09:45:48.598 INFO [main] org.apache.catalina.startup.VersionLoggerListener.log Server built:          Sep 28 2017 10:30:11 UTC
21-Nov-2017 09:45:48.598 INFO [main] org.apache.catalina.startup.VersionLoggerListener.log Server number:         8.5.23.0
21-Nov-2017 09:45:48.599 INFO [main] org.apache.catalina.startup.VersionLoggerListener.log OS Name:               Linux
21-Nov-2017 09:45:48.599 INFO [main] org.apache.catalina.startup.VersionLoggerListener.log OS Version:            3.10.0-693.2.2.el7.x86_64
21-Nov-2017 09:45:48.599 INFO [main] org.apache.catalina.startup.VersionLoggerListener.log Architecture:          amd64
21-Nov-2017 09:45:48.599 INFO [main] org.apache.catalina.startup.VersionLoggerListener.log Java Home:             /opt/jdk1.8.0_144/jre
21-Nov-2017 09:45:48.599 INFO [main] org.apache.catalina.startup.VersionLoggerListener.log JVM Version:           1.8.0_144-b01
21-Nov-2017 09:45:48.599 INFO [main] org.apache.catalina.startup.VersionLoggerListener.log JVM Vendor:            Oracle Corporation
21-Nov-2017 09:45:48.599 INFO [main] org.apache.catalina.startup.VersionLoggerListener.log CATALINA_BASE:         /work/webserver/tomcat-serviceAirTime-8.5.23
21-Nov-2017 09:45:48.599 INFO [main] org.apache.catalina.startup.VersionLoggerListener.log CATALINA_HOME:         /work/webserver/tomcat-serviceAirTime-8.5.23
21-Nov-2017 09:45:48.600 INFO [main] org.apache.catalina.startup.VersionLoggerListener.log Command line argument: -Djava.util.logging.config.file=/work/webserver/tomcat-serviceAirTime-8.5.23/conf/logging.properties
21-Nov-2017 09:45:48.600 INFO [main] org.apache.catalina.startup.VersionLoggerListener.log Command line argument: -Djava.util.logging.manager=org.apache.juli.ClassLoaderLogManager
21-Nov-2017 09:45:48.600 INFO [main] org.apache.catalina.startup.VersionLoggerListener.log Command line argument: -Djdk.tls.ephemeralDHKeySize=2048
21-Nov-2017 09:45:48.600 INFO [main] org.apache.catalina.startup.VersionLoggerListener.log Command line argument: -Djava.protocol.handler.pkgs=org.apache.catalina.webresources
21-Nov-2017 09:45:48.600 INFO [main] org.apache.catalina.startup.VersionLoggerListener.log Command line argument: -Dcatalina.base=/work/webserver/tomcat-serviceAirTime-8.5.23
21-Nov-2017 09:45:48.601 INFO [main] org.apache.catalina.startup.VersionLoggerListener.log Command line argument: -Dcatalina.home=/work/webserver/tomcat-serviceAirTime-8.5.23
21-Nov-2017 09:45:48.601 INFO [main] org.apache.catalina.startup.VersionLoggerListener.log Command line argument: -Djava.io.tmpdir=/work/webserver/tomcat-serviceAirTime-8.5.23/temp
21-Nov-2017 09:45:48.601 INFO [main] org.apache.catalina.core.AprLifecycleListener.lifecycleEvent The APR based Apache Tomcat Native library which allows optimal performance in production environments was not found on the java.library.path: [/usr/java/packages/lib/amd64:/usr/lib64:/lib64:/lib:/usr/lib]
21-Nov-2017 09:45:48.738 INFO [main] org.apache.coyote.AbstractProtocol.init Initializing ProtocolHandler ["http-nio-8686"]
21-Nov-2017 09:45:48.755 INFO [main] org.apache.tomcat.util.net.NioSelectorPool.getSharedSelector Using a shared selector for servlet write/read
21-Nov-2017 09:45:48.758 INFO [main] org.apache.coyote.AbstractProtocol.init Initializing ProtocolHandler ["ajp-nio-8009"]
21-Nov-2017 09:45:48.759 INFO [main] org.apache.tomcat.util.net.NioSelectorPool.getSharedSelector Using a shared selector for servlet write/read
21-Nov-2017 09:45:48.759 INFO [main] org.apache.catalina.startup.Catalina.load Initialization processed in 595 ms
21-Nov-2017 09:45:48.783 INFO [main] org.apache.catalina.core.StandardService.startInternal Starting service [Catalina]
21-Nov-2017 09:45:48.784 INFO [main] org.apache.catalina.core.StandardEngine.startInternal Starting Servlet Engine: Apache Tomcat/8.5.23
21-Nov-2017 09:45:49.757 INFO [airtime.kenhthe.vn-startStop-1] org.apache.jasper.servlet.TldScanner.scanJars At least one JAR was scanned for TLDs yet contained no TLDs. Enable debug logging for this logger for a complete list of JARs that were scanned but no TLDs were found in them. Skipping unneeded JARs during scanning can improve startup time and JSP compilation time.
21-Nov-2017 09:45:49.968 INFO [main] org.apache.coyote.AbstractProtocol.start Starting ProtocolHandler ["http-nio-8686"]
21-Nov-2017 09:45:49.975 INFO [main] org.apache.coyote.AbstractProtocol.start Starting ProtocolHandler ["ajp-nio-8009"]
21-Nov-2017 09:45:49.977 INFO [main] org.apache.catalina.startup.Catalina.start Server startup in 1217 ms
21-Nov-2017 10:17:03.095 INFO [Thread-14] org.apache.coyote.AbstractProtocol.pause Pausing ProtocolHandler ["http-nio-8686"]
21-Nov-2017 10:17:03.149 INFO [Thread-14] org.apache.coyote.AbstractProtocol.pause Pausing ProtocolHandler ["ajp-nio-8009"]
21-Nov-2017 10:17:03.200 INFO [Thread-14] org.apache.catalina.core.StandardService.stopInternal Stopping service [Catalina]
21-Nov-2017 10:17:03.220 WARNING [airtime.kenhthe.vn-startStop-2] org.apache.catalina.loader.WebappClassLoaderBase.clearReferencesThreads The web application [service] appears to have started a thread named [Thread-6] but has failed to stop it. This is very likely to create a memory leak. Stack trace of thread:
 java.lang.Thread.sleep(Native Method)
 org.jconfig.FileWatcher.run(FileWatcher.java:105)
 java.lang.Thread.run(Thread.java:748)
21-Nov-2017 10:17:03.228 INFO [Thread-14] org.apache.coyote.AbstractProtocol.stop Stopping ProtocolHandler ["http-nio-8686"]
21-Nov-2017 10:17:03.230 INFO [Thread-14] org.apache.coyote.AbstractProtocol.stop Stopping ProtocolHandler ["ajp-nio-8009"]
21-Nov-2017 10:17:03.232 INFO [Thread-14] org.apache.coyote.AbstractProtocol.destroy Destroying ProtocolHandler ["http-nio-8686"]
21-Nov-2017 10:17:03.233 INFO [Thread-14] org.apache.coyote.AbstractProtocol.destroy Destroying ProtocolHandler ["ajp-nio-8009"]
21-Nov-2017 10:17:07.448 INFO [main] org.apache.catalina.startup.VersionLoggerListener.log Server version:        Apache Tomcat/8.5.23
21-Nov-2017 10:17:07.450 INFO [main] org.apache.catalina.startup.VersionLoggerListener.log Server built:          Sep 28 2017 10:30:11 UTC
21-Nov-2017 10:17:07.451 INFO [main] org.apache.catalina.startup.VersionLoggerListener.log Server number:         8.5.23.0
21-Nov-2017 10:17:07.451 INFO [main] org.apache.catalina.startup.VersionLoggerListener.log OS Name:               Linux
21-Nov-2017 10:17:07.451 INFO [main] org.apache.catalina.startup.VersionLoggerListener.log OS Version:            3.10.0-693.2.2.el7.x86_64
21-Nov-2017 10:17:07.451 INFO [main] org.apache.catalina.startup.VersionLoggerListener.log Architecture:          amd64
21-Nov-2017 10:17:07.451 INFO [main] org.apache.catalina.startup.VersionLoggerListener.log Java Home:             /opt/jdk1.8.0_144/jre
21-Nov-2017 10:17:07.451 INFO [main] org.apache.catalina.startup.VersionLoggerListener.log JVM Version:           1.8.0_144-b01
21-Nov-2017 10:17:07.451 INFO [main] org.apache.catalina.startup.VersionLoggerListener.log JVM Vendor:            Oracle Corporation
21-Nov-2017 10:17:07.451 INFO [main] org.apache.catalina.startup.VersionLoggerListener.log CATALINA_BASE:         /work/webserver/tomcat-serviceAirTime-8.5.23
21-Nov-2017 10:17:07.452 INFO [main] org.apache.catalina.startup.VersionLoggerListener.log CATALINA_HOME:         /work/webserver/tomcat-serviceAirTime-8.5.23
21-Nov-2017 10:17:07.452 INFO [main] org.apache.catalina.startup.VersionLoggerListener.log Command line argument: -Djava.util.logging.config.file=/work/webserver/tomcat-serviceAirTime-8.5.23/conf/logging.properties
21-Nov-2017 10:17:07.452 INFO [main] org.apache.catalina.startup.VersionLoggerListener.log Command line argument: -Djava.util.logging.manager=org.apache.juli.ClassLoaderLogManager
21-Nov-2017 10:17:07.452 INFO [main] org.apache.catalina.startup.VersionLoggerListener.log Command line argument: -Djdk.tls.ephemeralDHKeySize=2048
21-Nov-2017 10:17:07.452 INFO [main] org.apache.catalina.startup.VersionLoggerListener.log Command line argument: -Djava.protocol.handler.pkgs=org.apache.catalina.webresources
21-Nov-2017 10:17:07.452 INFO [main] org.apache.catalina.startup.VersionLoggerListener.log Command line argument: -Dcatalina.base=/work/webserver/tomcat-serviceAirTime-8.5.23
21-Nov-2017 10:17:07.452 INFO [main] org.apache.catalina.startup.VersionLoggerListener.log Command line argument: -Dcatalina.home=/work/webserver/tomcat-serviceAirTime-8.5.23
21-Nov-2017 10:17:07.453 INFO [main] org.apache.catalina.startup.VersionLoggerListener.log Command line argument: -Djava.io.tmpdir=/work/webserver/tomcat-serviceAirTime-8.5.23/temp
21-Nov-2017 10:17:07.453 INFO [main] org.apache.catalina.core.AprLifecycleListener.lifecycleEvent The APR based Apache Tomcat Native library which allows optimal performance in production environments was not found on the java.library.path: [/usr/java/packages/lib/amd64:/usr/lib64:/lib64:/lib:/usr/lib]
21-Nov-2017 10:17:07.584 INFO [main] org.apache.coyote.AbstractProtocol.init Initializing ProtocolHandler ["http-nio-8686"]
21-Nov-2017 10:17:07.600 INFO [main] org.apache.tomcat.util.net.NioSelectorPool.getSharedSelector Using a shared selector for servlet write/read
21-Nov-2017 10:17:07.603 INFO [main] org.apache.coyote.AbstractProtocol.init Initializing ProtocolHandler ["ajp-nio-8009"]
21-Nov-2017 10:17:07.604 INFO [main] org.apache.tomcat.util.net.NioSelectorPool.getSharedSelector Using a shared selector for servlet write/read
21-Nov-2017 10:17:07.604 INFO [main] org.apache.catalina.startup.Catalina.load Initialization processed in 569 ms
21-Nov-2017 10:17:07.628 INFO [main] org.apache.catalina.core.StandardService.startInternal Starting service [Catalina]
21-Nov-2017 10:17:07.628 INFO [main] org.apache.catalina.core.StandardEngine.startInternal Starting Servlet Engine: Apache Tomcat/8.5.23
21-Nov-2017 10:17:08.598 INFO [airtime.kenhthe.vn-startStop-1] org.apache.jasper.servlet.TldScanner.scanJars At least one JAR was scanned for TLDs yet contained no TLDs. Enable debug logging for this logger for a complete list of JARs that were scanned but no TLDs were found in them. Skipping unneeded JARs during scanning can improve startup time and JSP compilation time.
21-Nov-2017 10:17:08.806 INFO [main] org.apache.coyote.AbstractProtocol.start Starting ProtocolHandler ["http-nio-8686"]
21-Nov-2017 10:17:08.813 INFO [main] org.apache.coyote.AbstractProtocol.start Starting ProtocolHandler ["ajp-nio-8009"]
21-Nov-2017 10:17:08.815 INFO [main] org.apache.catalina.startup.Catalina.start Server startup in 1210 ms
21-Nov-2017 10:29:11.057 INFO [Thread-14] org.apache.coyote.AbstractProtocol.pause Pausing ProtocolHandler ["http-nio-8686"]
21-Nov-2017 10:29:11.111 INFO [Thread-14] org.apache.coyote.AbstractProtocol.pause Pausing ProtocolHandler ["ajp-nio-8009"]
21-Nov-2017 10:29:11.162 INFO [Thread-14] org.apache.catalina.core.StandardService.stopInternal Stopping service [Catalina]
21-Nov-2017 10:29:11.184 WARNING [airtime.kenhthe.vn-startStop-2] org.apache.catalina.loader.WebappClassLoaderBase.clearReferencesThreads The web application [service] appears to have started a thread named [Thread-6] but has failed to stop it. This is very likely to create a memory leak. Stack trace of thread:
 java.lang.Thread.sleep(Native Method)
 org.jconfig.FileWatcher.run(FileWatcher.java:105)
 java.lang.Thread.run(Thread.java:748)
21-Nov-2017 10:29:11.190 INFO [Thread-14] org.apache.coyote.AbstractProtocol.stop Stopping ProtocolHandler ["http-nio-8686"]
21-Nov-2017 10:29:11.192 INFO [Thread-14] org.apache.coyote.AbstractProtocol.stop Stopping ProtocolHandler ["ajp-nio-8009"]
21-Nov-2017 10:29:11.194 INFO [Thread-14] org.apache.coyote.AbstractProtocol.destroy Destroying ProtocolHandler ["http-nio-8686"]
21-Nov-2017 10:29:11.195 INFO [Thread-14] org.apache.coyote.AbstractProtocol.destroy Destroying ProtocolHandler ["ajp-nio-8009"]
21-Nov-2017 10:29:12.614 INFO [main] org.apache.catalina.startup.VersionLoggerListener.log Server version:        Apache Tomcat/8.5.23
21-Nov-2017 10:29:12.616 INFO [main] org.apache.catalina.startup.VersionLoggerListener.log Server built:          Sep 28 2017 10:30:11 UTC
21-Nov-2017 10:29:12.616 INFO [main] org.apache.catalina.startup.VersionLoggerListener.log Server number:         8.5.23.0
21-Nov-2017 10:29:12.617 INFO [main] org.apache.catalina.startup.VersionLoggerListener.log OS Name:               Linux
21-Nov-2017 10:29:12.617 INFO [main] org.apache.catalina.startup.VersionLoggerListener.log OS Version:            3.10.0-693.2.2.el7.x86_64
21-Nov-2017 10:29:12.617 INFO [main] org.apache.catalina.startup.VersionLoggerListener.log Architecture:          amd64
21-Nov-2017 10:29:12.617 INFO [main] org.apache.catalina.startup.VersionLoggerListener.log Java Home:             /opt/jdk1.8.0_144/jre
21-Nov-2017 10:29:12.617 INFO [main] org.apache.catalina.startup.VersionLoggerListener.log JVM Version:           1.8.0_144-b01
21-Nov-2017 10:29:12.617 INFO [main] org.apache.catalina.startup.VersionLoggerListener.log JVM Vendor:            Oracle Corporation
21-Nov-2017 10:29:12.618 INFO [main] org.apache.catalina.startup.VersionLoggerListener.log CATALINA_BASE:         /work/webserver/tomcat-serviceAirTime-8.5.23
21-Nov-2017 10:29:12.618 INFO [main] org.apache.catalina.startup.VersionLoggerListener.log CATALINA_HOME:         /work/webserver/tomcat-serviceAirTime-8.5.23
21-Nov-2017 10:29:12.618 INFO [main] org.apache.catalina.startup.VersionLoggerListener.log Command line argument: -Djava.util.logging.config.file=/work/webserver/tomcat-serviceAirTime-8.5.23/conf/logging.properties
21-Nov-2017 10:29:12.618 INFO [main] org.apache.catalina.startup.VersionLoggerListener.log Command line argument: -Djava.util.logging.manager=org.apache.juli.ClassLoaderLogManager
21-Nov-2017 10:29:12.618 INFO [main] org.apache.catalina.startup.VersionLoggerListener.log Command line argument: -Djdk.tls.ephemeralDHKeySize=2048
21-Nov-2017 10:29:12.618 INFO [main] org.apache.catalina.startup.VersionLoggerListener.log Command line argument: -Djava.protocol.handler.pkgs=org.apache.catalina.webresources
21-Nov-2017 10:29:12.619 INFO [main] org.apache.catalina.startup.VersionLoggerListener.log Command line argument: -Dcatalina.base=/work/webserver/tomcat-serviceAirTime-8.5.23
21-Nov-2017 10:29:12.619 INFO [main] org.apache.catalina.startup.VersionLoggerListener.log Command line argument: -Dcatalina.home=/work/webserver/tomcat-serviceAirTime-8.5.23
21-Nov-2017 10:29:12.619 INFO [main] org.apache.catalina.startup.VersionLoggerListener.log Command line argument: -Djava.io.tmpdir=/work/webserver/tomcat-serviceAirTime-8.5.23/temp
21-Nov-2017 10:29:12.619 INFO [main] org.apache.catalina.core.AprLifecycleListener.lifecycleEvent The APR based Apache Tomcat Native library which allows optimal performance in production environments was not found on the java.library.path: [/usr/java/packages/lib/amd64:/usr/lib64:/lib64:/lib:/usr/lib]
21-Nov-2017 10:29:12.751 INFO [main] org.apache.coyote.AbstractProtocol.init Initializing ProtocolHandler ["http-nio-8686"]
21-Nov-2017 10:29:12.768 INFO [main] org.apache.tomcat.util.net.NioSelectorPool.getSharedSelector Using a shared selector for servlet write/read
21-Nov-2017 10:29:12.770 INFO [main] org.apache.coyote.AbstractProtocol.init Initializing ProtocolHandler ["ajp-nio-8009"]
21-Nov-2017 10:29:12.771 INFO [main] org.apache.tomcat.util.net.NioSelectorPool.getSharedSelector Using a shared selector for servlet write/read
21-Nov-2017 10:29:12.772 INFO [main] org.apache.catalina.startup.Catalina.load Initialization processed in 569 ms
21-Nov-2017 10:29:12.795 INFO [main] org.apache.catalina.core.StandardService.startInternal Starting service [Catalina]
21-Nov-2017 10:29:12.795 INFO [main] org.apache.catalina.core.StandardEngine.startInternal Starting Servlet Engine: Apache Tomcat/8.5.23
21-Nov-2017 10:29:13.797 INFO [airtime.kenhthe.vn-startStop-1] org.apache.jasper.servlet.TldScanner.scanJars At least one JAR was scanned for TLDs yet contained no TLDs. Enable debug logging for this logger for a complete list of JARs that were scanned but no TLDs were found in them. Skipping unneeded JARs during scanning can improve startup time and JSP compilation time.
21-Nov-2017 10:29:14.005 INFO [main] org.apache.coyote.AbstractProtocol.start Starting ProtocolHandler ["http-nio-8686"]
21-Nov-2017 10:29:14.013 INFO [main] org.apache.coyote.AbstractProtocol.start Starting ProtocolHandler ["ajp-nio-8009"]
21-Nov-2017 10:29:14.015 INFO [main] org.apache.catalina.startup.Catalina.start Server startup in 1243 ms
21-Nov-2017 10:57:05.190 INFO [Thread-14] org.apache.coyote.AbstractProtocol.pause Pausing ProtocolHandler ["http-nio-8686"]
21-Nov-2017 10:57:05.244 INFO [Thread-14] org.apache.coyote.AbstractProtocol.pause Pausing ProtocolHandler ["ajp-nio-8009"]
21-Nov-2017 10:57:05.295 INFO [Thread-14] org.apache.catalina.core.StandardService.stopInternal Stopping service [Catalina]
21-Nov-2017 10:57:05.311 WARNING [airtime.kenhthe.vn-startStop-2] org.apache.catalina.loader.WebappClassLoaderBase.clearReferencesThreads The web application [service] appears to have started a thread named [Thread-6] but has failed to stop it. This is very likely to create a memory leak. Stack trace of thread:
 java.lang.Thread.sleep(Native Method)
 org.jconfig.FileWatcher.run(FileWatcher.java:105)
 java.lang.Thread.run(Thread.java:748)
21-Nov-2017 10:57:05.319 INFO [Thread-14] org.apache.coyote.AbstractProtocol.stop Stopping ProtocolHandler ["http-nio-8686"]
21-Nov-2017 10:57:05.321 INFO [Thread-14] org.apache.coyote.AbstractProtocol.stop Stopping ProtocolHandler ["ajp-nio-8009"]
21-Nov-2017 10:57:05.323 INFO [Thread-14] org.apache.coyote.AbstractProtocol.destroy Destroying ProtocolHandler ["http-nio-8686"]
21-Nov-2017 10:57:05.325 INFO [Thread-14] org.apache.coyote.AbstractProtocol.destroy Destroying ProtocolHandler ["ajp-nio-8009"]
21-Nov-2017 10:57:08.004 INFO [main] org.apache.catalina.startup.VersionLoggerListener.log Server version:        Apache Tomcat/8.5.23
21-Nov-2017 10:57:08.007 INFO [main] org.apache.catalina.startup.VersionLoggerListener.log Server built:          Sep 28 2017 10:30:11 UTC
21-Nov-2017 10:57:08.007 INFO [main] org.apache.catalina.startup.VersionLoggerListener.log Server number:         8.5.23.0
21-Nov-2017 10:57:08.007 INFO [main] org.apache.catalina.startup.VersionLoggerListener.log OS Name:               Linux
21-Nov-2017 10:57:08.007 INFO [main] org.apache.catalina.startup.VersionLoggerListener.log OS Version:            3.10.0-693.2.2.el7.x86_64
21-Nov-2017 10:57:08.007 INFO [main] org.apache.catalina.startup.VersionLoggerListener.log Architecture:          amd64
21-Nov-2017 10:57:08.007 INFO [main] org.apache.catalina.startup.VersionLoggerListener.log Java Home:             /opt/jdk1.8.0_144/jre
21-Nov-2017 10:57:08.007 INFO [main] org.apache.catalina.startup.VersionLoggerListener.log JVM Version:           1.8.0_144-b01
21-Nov-2017 10:57:08.008 INFO [main] org.apache.catalina.startup.VersionLoggerListener.log JVM Vendor:            Oracle Corporation
21-Nov-2017 10:57:08.008 INFO [main] org.apache.catalina.startup.VersionLoggerListener.log CATALINA_BASE:         /work/webserver/tomcat-serviceAirTime-8.5.23
21-Nov-2017 10:57:08.008 INFO [main] org.apache.catalina.startup.VersionLoggerListener.log CATALINA_HOME:         /work/webserver/tomcat-serviceAirTime-8.5.23
21-Nov-2017 10:57:08.008 INFO [main] org.apache.catalina.startup.VersionLoggerListener.log Command line argument: -Djava.util.logging.config.file=/work/webserver/tomcat-serviceAirTime-8.5.23/conf/logging.properties
21-Nov-2017 10:57:08.008 INFO [main] org.apache.catalina.startup.VersionLoggerListener.log Command line argument: -Djava.util.logging.manager=org.apache.juli.ClassLoaderLogManager
21-Nov-2017 10:57:08.008 INFO [main] org.apache.catalina.startup.VersionLoggerListener.log Command line argument: -Djdk.tls.ephemeralDHKeySize=2048
21-Nov-2017 10:57:08.009 INFO [main] org.apache.catalina.startup.VersionLoggerListener.log Command line argument: -Djava.protocol.handler.pkgs=org.apache.catalina.webresources
21-Nov-2017 10:57:08.009 INFO [main] org.apache.catalina.startup.VersionLoggerListener.log Command line argument: -Dcatalina.base=/work/webserver/tomcat-serviceAirTime-8.5.23
21-Nov-2017 10:57:08.009 INFO [main] org.apache.catalina.startup.VersionLoggerListener.log Command line argument: -Dcatalina.home=/work/webserver/tomcat-serviceAirTime-8.5.23
21-Nov-2017 10:57:08.009 INFO [main] org.apache.catalina.startup.VersionLoggerListener.log Command line argument: -Djava.io.tmpdir=/work/webserver/tomcat-serviceAirTime-8.5.23/temp
21-Nov-2017 10:57:08.009 INFO [main] org.apache.catalina.core.AprLifecycleListener.lifecycleEvent The APR based Apache Tomcat Native library which allows optimal performance in production environments was not found on the java.library.path: [/usr/java/packages/lib/amd64:/usr/lib64:/lib64:/lib:/usr/lib]
21-Nov-2017 10:57:08.139 INFO [main] org.apache.coyote.AbstractProtocol.init Initializing ProtocolHandler ["http-nio-8686"]
21-Nov-2017 10:57:08.156 INFO [main] org.apache.tomcat.util.net.NioSelectorPool.getSharedSelector Using a shared selector for servlet write/read
21-Nov-2017 10:57:08.159 INFO [main] org.apache.coyote.AbstractProtocol.init Initializing ProtocolHandler ["ajp-nio-8009"]
21-Nov-2017 10:57:08.160 INFO [main] org.apache.tomcat.util.net.NioSelectorPool.getSharedSelector Using a shared selector for servlet write/read
21-Nov-2017 10:57:08.160 INFO [main] org.apache.catalina.startup.Catalina.load Initialization processed in 566 ms
21-Nov-2017 10:57:08.184 INFO [main] org.apache.catalina.core.StandardService.startInternal Starting service [Catalina]
21-Nov-2017 10:57:08.184 INFO [main] org.apache.catalina.core.StandardEngine.startInternal Starting Servlet Engine: Apache Tomcat/8.5.23
21-Nov-2017 10:57:09.155 INFO [airtime.kenhthe.vn-startStop-1] org.apache.jasper.servlet.TldScanner.scanJars At least one JAR was scanned for TLDs yet contained no TLDs. Enable debug logging for this logger for a complete list of JARs that were scanned but no TLDs were found in them. Skipping unneeded JARs during scanning can improve startup time and JSP compilation time.
21-Nov-2017 10:57:09.297 INFO [main] org.apache.coyote.AbstractProtocol.start Starting ProtocolHandler ["http-nio-8686"]
21-Nov-2017 10:57:09.304 INFO [main] org.apache.coyote.AbstractProtocol.start Starting ProtocolHandler ["ajp-nio-8009"]
21-Nov-2017 10:57:09.306 INFO [main] org.apache.catalina.startup.Catalina.start Server startup in 1145 ms
21-Nov-2017 11:07:55.649 INFO [Thread-14] org.apache.coyote.AbstractProtocol.pause Pausing ProtocolHandler ["http-nio-8686"]
21-Nov-2017 11:07:55.703 INFO [Thread-14] org.apache.coyote.AbstractProtocol.pause Pausing ProtocolHandler ["ajp-nio-8009"]
21-Nov-2017 11:07:55.754 INFO [Thread-14] org.apache.catalina.core.StandardService.stopInternal Stopping service [Catalina]
21-Nov-2017 11:07:55.771 WARNING [airtime.kenhthe.vn-startStop-2] org.apache.catalina.loader.WebappClassLoaderBase.clearReferencesThreads The web application [service] appears to have started a thread named [Thread-6] but has failed to stop it. This is very likely to create a memory leak. Stack trace of thread:
 java.lang.Thread.sleep(Native Method)
 org.jconfig.FileWatcher.run(FileWatcher.java:105)
 java.lang.Thread.run(Thread.java:748)
21-Nov-2017 11:07:55.778 INFO [Thread-14] org.apache.coyote.AbstractProtocol.stop Stopping ProtocolHandler ["http-nio-8686"]
21-Nov-2017 11:07:55.780 INFO [Thread-14] org.apache.coyote.AbstractProtocol.stop Stopping ProtocolHandler ["ajp-nio-8009"]
21-Nov-2017 11:07:55.781 INFO [Thread-14] org.apache.coyote.AbstractProtocol.destroy Destroying ProtocolHandler ["http-nio-8686"]
21-Nov-2017 11:07:55.782 INFO [Thread-14] org.apache.coyote.AbstractProtocol.destroy Destroying ProtocolHandler ["ajp-nio-8009"]
21-Nov-2017 11:07:57.749 SEVERE [main] org.apache.tomcat.util.digester.Digester.fatalError Parse Fatal Error at line 163 column 92: Attribute "docBase" was already specified for element "Context".
 org.xml.sax.SAXParseException; systemId: file:/work/webserver/tomcat-serviceAirTime-8.5.23/conf/server.xml; lineNumber: 163; columnNumber: 92; Attribute "docBase" was already specified for element "Context".
	at com.sun.org.apache.xerces.internal.util.ErrorHandlerWrapper.createSAXParseException(ErrorHandlerWrapper.java:203)
	at com.sun.org.apache.xerces.internal.util.ErrorHandlerWrapper.fatalError(ErrorHandlerWrapper.java:177)
	at com.sun.org.apache.xerces.internal.impl.XMLErrorReporter.reportError(XMLErrorReporter.java:400)
	at com.sun.org.apache.xerces.internal.impl.XMLErrorReporter.reportError(XMLErrorReporter.java:327)
	at com.sun.org.apache.xerces.internal.impl.XMLScanner.reportFatalError(XMLScanner.java:1472)
	at com.sun.org.apache.xerces.internal.impl.XMLDocumentFragmentScannerImpl.scanAttribute(XMLDocumentFragmentScannerImpl.java:1560)
	at com.sun.org.apache.xerces.internal.impl.XMLDocumentFragmentScannerImpl.scanStartElement(XMLDocumentFragmentScannerImpl.java:1315)
	at com.sun.org.apache.xerces.internal.impl.XMLDocumentFragmentScannerImpl$FragmentContentDriver.next(XMLDocumentFragmentScannerImpl.java:2784)
	at com.sun.org.apache.xerces.internal.impl.XMLDocumentScannerImpl.next(XMLDocumentScannerImpl.java:602)
	at com.sun.org.apache.xerces.internal.impl.XMLDocumentFragmentScannerImpl.scanDocument(XMLDocumentFragmentScannerImpl.java:505)
	at com.sun.org.apache.xerces.internal.parsers.XML11Configuration.parse(XML11Configuration.java:841)
	at com.sun.org.apache.xerces.internal.parsers.XML11Configuration.parse(XML11Configuration.java:770)
	at com.sun.org.apache.xerces.internal.parsers.XMLParser.parse(XMLParser.java:141)
	at com.sun.org.apache.xerces.internal.parsers.AbstractSAXParser.parse(AbstractSAXParser.java:1213)
	at com.sun.org.apache.xerces.internal.jaxp.SAXParserImpl$JAXPSAXParser.parse(SAXParserImpl.java:643)
	at org.apache.tomcat.util.digester.Digester.parse(Digester.java:1517)
	at org.apache.catalina.startup.Catalina.load(Catalina.java:593)
	at org.apache.catalina.startup.Catalina.load(Catalina.java:644)
	at sun.reflect.NativeMethodAccessorImpl.invoke0(Native Method)
	at sun.reflect.NativeMethodAccessorImpl.invoke(NativeMethodAccessorImpl.java:62)
	at sun.reflect.DelegatingMethodAccessorImpl.invoke(DelegatingMethodAccessorImpl.java:43)
	at java.lang.reflect.Method.invoke(Method.java:498)
	at org.apache.catalina.startup.Bootstrap.load(Bootstrap.java:311)
	at org.apache.catalina.startup.Bootstrap.main(Bootstrap.java:494)

21-Nov-2017 11:07:57.753 WARNING [main] org.apache.catalina.startup.Catalina.load Catalina.start using conf/server.xml: Attribute "docBase" was already specified for element "Context".
21-Nov-2017 11:08:59.463 INFO [main] org.apache.catalina.startup.VersionLoggerListener.log Server version:        Apache Tomcat/8.5.23
21-Nov-2017 11:08:59.466 INFO [main] org.apache.catalina.startup.VersionLoggerListener.log Server built:          Sep 28 2017 10:30:11 UTC
21-Nov-2017 11:08:59.466 INFO [main] org.apache.catalina.startup.VersionLoggerListener.log Server number:         8.5.23.0
21-Nov-2017 11:08:59.466 INFO [main] org.apache.catalina.startup.VersionLoggerListener.log OS Name:               Linux
21-Nov-2017 11:08:59.466 INFO [main] org.apache.catalina.startup.VersionLoggerListener.log OS Version:            3.10.0-693.2.2.el7.x86_64
21-Nov-2017 11:08:59.466 INFO [main] org.apache.catalina.startup.VersionLoggerListener.log Architecture:          amd64
21-Nov-2017 11:08:59.466 INFO [main] org.apache.catalina.startup.VersionLoggerListener.log Java Home:             /opt/jdk1.8.0_144/jre
21-Nov-2017 11:08:59.467 INFO [main] org.apache.catalina.startup.VersionLoggerListener.log JVM Version:           1.8.0_144-b01
21-Nov-2017 11:08:59.467 INFO [main] org.apache.catalina.startup.VersionLoggerListener.log JVM Vendor:            Oracle Corporation
21-Nov-2017 11:08:59.467 INFO [main] org.apache.catalina.startup.VersionLoggerListener.log CATALINA_BASE:         /work/webserver/tomcat-serviceAirTime-8.5.23
21-Nov-2017 11:08:59.467 INFO [main] org.apache.catalina.startup.VersionLoggerListener.log CATALINA_HOME:         /work/webserver/tomcat-serviceAirTime-8.5.23
21-Nov-2017 11:08:59.467 INFO [main] org.apache.catalina.startup.VersionLoggerListener.log Command line argument: -Djava.util.logging.config.file=/work/webserver/tomcat-serviceAirTime-8.5.23/conf/logging.properties
21-Nov-2017 11:08:59.467 INFO [main] org.apache.catalina.startup.VersionLoggerListener.log Command line argument: -Djava.util.logging.manager=org.apache.juli.ClassLoaderLogManager
21-Nov-2017 11:08:59.468 INFO [main] org.apache.catalina.startup.VersionLoggerListener.log Command line argument: -Djdk.tls.ephemeralDHKeySize=2048
21-Nov-2017 11:08:59.468 INFO [main] org.apache.catalina.startup.VersionLoggerListener.log Command line argument: -Djava.protocol.handler.pkgs=org.apache.catalina.webresources
21-Nov-2017 11:08:59.468 INFO [main] org.apache.catalina.startup.VersionLoggerListener.log Command line argument: -Dcatalina.base=/work/webserver/tomcat-serviceAirTime-8.5.23
21-Nov-2017 11:08:59.468 INFO [main] org.apache.catalina.startup.VersionLoggerListener.log Command line argument: -Dcatalina.home=/work/webserver/tomcat-serviceAirTime-8.5.23
21-Nov-2017 11:08:59.468 INFO [main] org.apache.catalina.startup.VersionLoggerListener.log Command line argument: -Djava.io.tmpdir=/work/webserver/tomcat-serviceAirTime-8.5.23/temp
21-Nov-2017 11:08:59.468 INFO [main] org.apache.catalina.core.AprLifecycleListener.lifecycleEvent The APR based Apache Tomcat Native library which allows optimal performance in production environments was not found on the java.library.path: [/usr/java/packages/lib/amd64:/usr/lib64:/lib64:/lib:/usr/lib]
21-Nov-2017 11:08:59.600 INFO [main] org.apache.coyote.AbstractProtocol.init Initializing ProtocolHandler ["http-nio-8686"]
21-Nov-2017 11:08:59.617 INFO [main] org.apache.tomcat.util.net.NioSelectorPool.getSharedSelector Using a shared selector for servlet write/read
21-Nov-2017 11:08:59.619 INFO [main] org.apache.coyote.AbstractProtocol.init Initializing ProtocolHandler ["ajp-nio-8009"]
21-Nov-2017 11:08:59.620 INFO [main] org.apache.tomcat.util.net.NioSelectorPool.getSharedSelector Using a shared selector for servlet write/read
21-Nov-2017 11:08:59.621 INFO [main] org.apache.catalina.startup.Catalina.load Initialization processed in 570 ms
21-Nov-2017 11:08:59.644 INFO [main] org.apache.catalina.core.StandardService.startInternal Starting service [Catalina]
21-Nov-2017 11:08:59.644 INFO [main] org.apache.catalina.core.StandardEngine.startInternal Starting Servlet Engine: Apache Tomcat/8.5.23
21-Nov-2017 11:09:00.630 INFO [localhost-startStop-1] org.apache.jasper.servlet.TldScanner.scanJars At least one JAR was scanned for TLDs yet contained no TLDs. Enable debug logging for this logger for a complete list of JARs that were scanned but no TLDs were found in them. Skipping unneeded JARs during scanning can improve startup time and JSP compilation time.
21-Nov-2017 11:09:01.335 INFO [airtime.kenhthe.vn-startStop-1] org.apache.jasper.servlet.TldScanner.scanJars At least one JAR was scanned for TLDs yet contained no TLDs. Enable debug logging for this logger for a complete list of JARs that were scanned but no TLDs were found in them. Skipping unneeded JARs during scanning can improve startup time and JSP compilation time.
21-Nov-2017 11:09:01.429 INFO [main] org.apache.coyote.AbstractProtocol.start Starting ProtocolHandler ["http-nio-8686"]
21-Nov-2017 11:09:01.437 INFO [main] org.apache.coyote.AbstractProtocol.start Starting ProtocolHandler ["ajp-nio-8009"]
21-Nov-2017 11:09:01.439 INFO [main] org.apache.catalina.startup.Catalina.start Server startup in 1817 ms
