20-Nov-2017 10:36:35.290 INFO [main] org.apache.catalina.startup.VersionLoggerListener.log Server version:        Apache Tomcat/8.5.23
20-Nov-2017 10:36:35.293 INFO [main] org.apache.catalina.startup.VersionLoggerListener.log Server built:          Sep 28 2017 10:30:11 UTC
20-Nov-2017 10:36:35.293 INFO [main] org.apache.catalina.startup.VersionLoggerListener.log Server number:         8.5.23.0
20-Nov-2017 10:36:35.293 INFO [main] org.apache.catalina.startup.VersionLoggerListener.log OS Name:               Linux
20-Nov-2017 10:36:35.293 INFO [main] org.apache.catalina.startup.VersionLoggerListener.log OS Version:            3.10.0-693.2.2.el7.x86_64
20-Nov-2017 10:36:35.293 INFO [main] org.apache.catalina.startup.VersionLoggerListener.log Architecture:          amd64
20-Nov-2017 10:36:35.293 INFO [main] org.apache.catalina.startup.VersionLoggerListener.log Java Home:             /opt/jdk1.8.0_144/jre
20-Nov-2017 10:36:35.294 INFO [main] org.apache.catalina.startup.VersionLoggerListener.log JVM Version:           1.8.0_144-b01
20-Nov-2017 10:36:35.294 INFO [main] org.apache.catalina.startup.VersionLoggerListener.log JVM Vendor:            Oracle Corporation
20-Nov-2017 10:36:35.294 INFO [main] org.apache.catalina.startup.VersionLoggerListener.log CATALINA_BASE:         /work/webserver/tomcat-serviceAirTime-8.5.23
20-Nov-2017 10:36:35.294 INFO [main] org.apache.catalina.startup.VersionLoggerListener.log CATALINA_HOME:         /work/webserver/tomcat-serviceAirTime-8.5.23
20-Nov-2017 10:36:35.294 INFO [main] org.apache.catalina.startup.VersionLoggerListener.log Command line argument: -Djava.util.logging.config.file=/work/webserver/tomcat-serviceAirTime-8.5.23/conf/logging.properties
20-Nov-2017 10:36:35.294 INFO [main] org.apache.catalina.startup.VersionLoggerListener.log Command line argument: -Djava.util.logging.manager=org.apache.juli.ClassLoaderLogManager
20-Nov-2017 10:36:35.295 INFO [main] org.apache.catalina.startup.VersionLoggerListener.log Command line argument: -Djdk.tls.ephemeralDHKeySize=2048
20-Nov-2017 10:36:35.295 INFO [main] org.apache.catalina.startup.VersionLoggerListener.log Command line argument: -Djava.protocol.handler.pkgs=org.apache.catalina.webresources
20-Nov-2017 10:36:35.295 INFO [main] org.apache.catalina.startup.VersionLoggerListener.log Command line argument: -Dcatalina.base=/work/webserver/tomcat-serviceAirTime-8.5.23
20-Nov-2017 10:36:35.295 INFO [main] org.apache.catalina.startup.VersionLoggerListener.log Command line argument: -Dcatalina.home=/work/webserver/tomcat-serviceAirTime-8.5.23
20-Nov-2017 10:36:35.295 INFO [main] org.apache.catalina.startup.VersionLoggerListener.log Command line argument: -Djava.io.tmpdir=/work/webserver/tomcat-serviceAirTime-8.5.23/temp
20-Nov-2017 10:36:35.295 INFO [main] org.apache.catalina.core.AprLifecycleListener.lifecycleEvent The APR based Apache Tomcat Native library which allows optimal performance in production environments was not found on the java.library.path: [/usr/java/packages/lib/amd64:/usr/lib64:/lib64:/lib:/usr/lib]
20-Nov-2017 10:36:35.425 INFO [main] org.apache.coyote.AbstractProtocol.init Initializing ProtocolHandler ["http-nio-8686"]
20-Nov-2017 10:36:35.442 INFO [main] org.apache.tomcat.util.net.NioSelectorPool.getSharedSelector Using a shared selector for servlet write/read
20-Nov-2017 10:36:35.445 INFO [main] org.apache.coyote.AbstractProtocol.init Initializing ProtocolHandler ["ajp-nio-8009"]
20-Nov-2017 10:36:35.446 INFO [main] org.apache.tomcat.util.net.NioSelectorPool.getSharedSelector Using a shared selector for servlet write/read
20-Nov-2017 10:36:35.446 INFO [main] org.apache.catalina.startup.Catalina.load Initialization processed in 577 ms
20-Nov-2017 10:36:35.469 INFO [main] org.apache.catalina.core.StandardService.startInternal Starting service [Catalina]
20-Nov-2017 10:36:35.470 INFO [main] org.apache.catalina.core.StandardEngine.startInternal Starting Servlet Engine: Apache Tomcat/8.5.23
20-Nov-2017 10:36:36.473 INFO [airtime.kenhthe.vn-startStop-1] org.apache.jasper.servlet.TldScanner.scanJars At least one JAR was scanned for TLDs yet contained no TLDs. Enable debug logging for this logger for a complete list of JARs that were scanned but no TLDs were found in them. Skipping unneeded JARs during scanning can improve startup time and JSP compilation time.
20-Nov-2017 10:36:36.618 INFO [main] org.apache.coyote.AbstractProtocol.start Starting ProtocolHandler ["http-nio-8686"]
20-Nov-2017 10:36:36.625 INFO [main] org.apache.coyote.AbstractProtocol.start Starting ProtocolHandler ["ajp-nio-8009"]
20-Nov-2017 10:36:36.627 INFO [main] org.apache.catalina.startup.Catalina.start Server startup in 1180 ms
20-Nov-2017 10:38:18.190 INFO [main] org.apache.catalina.startup.VersionLoggerListener.log Server version:        Apache Tomcat/8.5.23
20-Nov-2017 10:38:18.193 INFO [main] org.apache.catalina.startup.VersionLoggerListener.log Server built:          Sep 28 2017 10:30:11 UTC
20-Nov-2017 10:38:18.193 INFO [main] org.apache.catalina.startup.VersionLoggerListener.log Server number:         8.5.23.0
20-Nov-2017 10:38:18.193 INFO [main] org.apache.catalina.startup.VersionLoggerListener.log OS Name:               Linux
20-Nov-2017 10:38:18.193 INFO [main] org.apache.catalina.startup.VersionLoggerListener.log OS Version:            3.10.0-693.2.2.el7.x86_64
20-Nov-2017 10:38:18.193 INFO [main] org.apache.catalina.startup.VersionLoggerListener.log Architecture:          amd64
20-Nov-2017 10:38:18.193 INFO [main] org.apache.catalina.startup.VersionLoggerListener.log Java Home:             /opt/jdk1.8.0_144/jre
20-Nov-2017 10:38:18.194 INFO [main] org.apache.catalina.startup.VersionLoggerListener.log JVM Version:           1.8.0_144-b01
20-Nov-2017 10:38:18.194 INFO [main] org.apache.catalina.startup.VersionLoggerListener.log JVM Vendor:            Oracle Corporation
20-Nov-2017 10:38:18.194 INFO [main] org.apache.catalina.startup.VersionLoggerListener.log CATALINA_BASE:         /work/webserver/tomcat-serviceAirTime-8.5.23
20-Nov-2017 10:38:18.194 INFO [main] org.apache.catalina.startup.VersionLoggerListener.log CATALINA_HOME:         /work/webserver/tomcat-serviceAirTime-8.5.23
20-Nov-2017 10:38:18.194 INFO [main] org.apache.catalina.startup.VersionLoggerListener.log Command line argument: -Djava.util.logging.config.file=/work/webserver/tomcat-serviceAirTime-8.5.23/conf/logging.properties
20-Nov-2017 10:38:18.194 INFO [main] org.apache.catalina.startup.VersionLoggerListener.log Command line argument: -Djava.util.logging.manager=org.apache.juli.ClassLoaderLogManager
20-Nov-2017 10:38:18.194 INFO [main] org.apache.catalina.startup.VersionLoggerListener.log Command line argument: -Djdk.tls.ephemeralDHKeySize=2048
20-Nov-2017 10:38:18.195 INFO [main] org.apache.catalina.startup.VersionLoggerListener.log Command line argument: -Djava.protocol.handler.pkgs=org.apache.catalina.webresources
20-Nov-2017 10:38:18.195 INFO [main] org.apache.catalina.startup.VersionLoggerListener.log Command line argument: -Dcatalina.base=/work/webserver/tomcat-serviceAirTime-8.5.23
20-Nov-2017 10:38:18.195 INFO [main] org.apache.catalina.startup.VersionLoggerListener.log Command line argument: -Dcatalina.home=/work/webserver/tomcat-serviceAirTime-8.5.23
20-Nov-2017 10:38:18.195 INFO [main] org.apache.catalina.startup.VersionLoggerListener.log Command line argument: -Djava.io.tmpdir=/work/webserver/tomcat-serviceAirTime-8.5.23/temp
20-Nov-2017 10:38:18.195 INFO [main] org.apache.catalina.core.AprLifecycleListener.lifecycleEvent The APR based Apache Tomcat Native library which allows optimal performance in production environments was not found on the java.library.path: [/usr/java/packages/lib/amd64:/usr/lib64:/lib64:/lib:/usr/lib]
20-Nov-2017 10:38:18.329 INFO [main] org.apache.coyote.AbstractProtocol.init Initializing ProtocolHandler ["http-nio-8686"]
20-Nov-2017 10:38:18.345 SEVERE [main] org.apache.coyote.AbstractProtocol.init Failed to initialize end point associated with ProtocolHandler ["http-nio-8686"]
 java.net.BindException: Address already in use
	at sun.nio.ch.Net.bind0(Native Method)
	at sun.nio.ch.Net.bind(Net.java:433)
	at sun.nio.ch.Net.bind(Net.java:425)
	at sun.nio.ch.ServerSocketChannelImpl.bind(ServerSocketChannelImpl.java:223)
	at sun.nio.ch.ServerSocketAdaptor.bind(ServerSocketAdaptor.java:74)
	at org.apache.tomcat.util.net.NioEndpoint.bind(NioEndpoint.java:210)
	at org.apache.tomcat.util.net.AbstractEndpoint.init(AbstractEndpoint.java:982)
	at org.apache.tomcat.util.net.AbstractJsseEndpoint.init(AbstractJsseEndpoint.java:245)
	at org.apache.coyote.AbstractProtocol.init(AbstractProtocol.java:620)
	at org.apache.coyote.http11.AbstractHttp11Protocol.init(AbstractHttp11Protocol.java:66)
	at org.apache.catalina.connector.Connector.initInternal(Connector.java:997)
	at org.apache.catalina.util.LifecycleBase.init(LifecycleBase.java:107)
	at org.apache.catalina.core.StandardService.initInternal(StandardService.java:549)
	at org.apache.catalina.util.LifecycleBase.init(LifecycleBase.java:107)
	at org.apache.catalina.core.StandardServer.initInternal(StandardServer.java:875)
	at org.apache.catalina.util.LifecycleBase.init(LifecycleBase.java:107)
	at org.apache.catalina.startup.Catalina.load(Catalina.java:621)
	at org.apache.catalina.startup.Catalina.load(Catalina.java:644)
	at sun.reflect.NativeMethodAccessorImpl.invoke0(Native Method)
	at sun.reflect.NativeMethodAccessorImpl.invoke(NativeMethodAccessorImpl.java:62)
	at sun.reflect.DelegatingMethodAccessorImpl.invoke(DelegatingMethodAccessorImpl.java:43)
	at java.lang.reflect.Method.invoke(Method.java:498)
	at org.apache.catalina.startup.Bootstrap.load(Bootstrap.java:311)
	at org.apache.catalina.startup.Bootstrap.main(Bootstrap.java:494)

20-Nov-2017 10:38:18.346 SEVERE [main] org.apache.catalina.core.StandardService.initInternal Failed to initialize connector [Connector[HTTP/1.1-8686]]
 org.apache.catalina.LifecycleException: Failed to initialize component [Connector[HTTP/1.1-8686]]
	at org.apache.catalina.util.LifecycleBase.init(LifecycleBase.java:113)
	at org.apache.catalina.core.StandardService.initInternal(StandardService.java:549)
	at org.apache.catalina.util.LifecycleBase.init(LifecycleBase.java:107)
	at org.apache.catalina.core.StandardServer.initInternal(StandardServer.java:875)
	at org.apache.catalina.util.LifecycleBase.init(LifecycleBase.java:107)
	at org.apache.catalina.startup.Catalina.load(Catalina.java:621)
	at org.apache.catalina.startup.Catalina.load(Catalina.java:644)
	at sun.reflect.NativeMethodAccessorImpl.invoke0(Native Method)
	at sun.reflect.NativeMethodAccessorImpl.invoke(NativeMethodAccessorImpl.java:62)
	at sun.reflect.DelegatingMethodAccessorImpl.invoke(DelegatingMethodAccessorImpl.java:43)
	at java.lang.reflect.Method.invoke(Method.java:498)
	at org.apache.catalina.startup.Bootstrap.load(Bootstrap.java:311)
	at org.apache.catalina.startup.Bootstrap.main(Bootstrap.java:494)
Caused by: org.apache.catalina.LifecycleException: Protocol handler initialization failed
	at org.apache.catalina.connector.Connector.initInternal(Connector.java:1000)
	at org.apache.catalina.util.LifecycleBase.init(LifecycleBase.java:107)
	... 12 more
Caused by: java.net.BindException: Address already in use
	at sun.nio.ch.Net.bind0(Native Method)
	at sun.nio.ch.Net.bind(Net.java:433)
	at sun.nio.ch.Net.bind(Net.java:425)
	at sun.nio.ch.ServerSocketChannelImpl.bind(ServerSocketChannelImpl.java:223)
	at sun.nio.ch.ServerSocketAdaptor.bind(ServerSocketAdaptor.java:74)
	at org.apache.tomcat.util.net.NioEndpoint.bind(NioEndpoint.java:210)
	at org.apache.tomcat.util.net.AbstractEndpoint.init(AbstractEndpoint.java:982)
	at org.apache.tomcat.util.net.AbstractJsseEndpoint.init(AbstractJsseEndpoint.java:245)
	at org.apache.coyote.AbstractProtocol.init(AbstractProtocol.java:620)
	at org.apache.coyote.http11.AbstractHttp11Protocol.init(AbstractHttp11Protocol.java:66)
	at org.apache.catalina.connector.Connector.initInternal(Connector.java:997)
	... 13 more

20-Nov-2017 10:38:18.347 INFO [main] org.apache.coyote.AbstractProtocol.init Initializing ProtocolHandler ["ajp-nio-8009"]
20-Nov-2017 10:38:18.349 SEVERE [main] org.apache.coyote.AbstractProtocol.init Failed to initialize end point associated with ProtocolHandler ["ajp-nio-8009"]
 java.net.BindException: Address already in use
	at sun.nio.ch.Net.bind0(Native Method)
	at sun.nio.ch.Net.bind(Net.java:433)
	at sun.nio.ch.Net.bind(Net.java:425)
	at sun.nio.ch.ServerSocketChannelImpl.bind(ServerSocketChannelImpl.java:223)
	at sun.nio.ch.ServerSocketAdaptor.bind(ServerSocketAdaptor.java:74)
	at org.apache.tomcat.util.net.NioEndpoint.bind(NioEndpoint.java:210)
	at org.apache.tomcat.util.net.AbstractEndpoint.init(AbstractEndpoint.java:982)
	at org.apache.tomcat.util.net.AbstractJsseEndpoint.init(AbstractJsseEndpoint.java:245)
	at org.apache.coyote.AbstractProtocol.init(AbstractProtocol.java:620)
	at org.apache.catalina.connector.Connector.initInternal(Connector.java:997)
	at org.apache.catalina.util.LifecycleBase.init(LifecycleBase.java:107)
	at org.apache.catalina.core.StandardService.initInternal(StandardService.java:549)
	at org.apache.catalina.util.LifecycleBase.init(LifecycleBase.java:107)
	at org.apache.catalina.core.StandardServer.initInternal(StandardServer.java:875)
	at org.apache.catalina.util.LifecycleBase.init(LifecycleBase.java:107)
	at org.apache.catalina.startup.Catalina.load(Catalina.java:621)
	at org.apache.catalina.startup.Catalina.load(Catalina.java:644)
	at sun.reflect.NativeMethodAccessorImpl.invoke0(Native Method)
	at sun.reflect.NativeMethodAccessorImpl.invoke(NativeMethodAccessorImpl.java:62)
	at sun.reflect.DelegatingMethodAccessorImpl.invoke(DelegatingMethodAccessorImpl.java:43)
	at java.lang.reflect.Method.invoke(Method.java:498)
	at org.apache.catalina.startup.Bootstrap.load(Bootstrap.java:311)
	at org.apache.catalina.startup.Bootstrap.main(Bootstrap.java:494)

20-Nov-2017 10:38:18.349 SEVERE [main] org.apache.catalina.core.StandardService.initInternal Failed to initialize connector [Connector[AJP/1.3-8009]]
 org.apache.catalina.LifecycleException: Failed to initialize component [Connector[AJP/1.3-8009]]
	at org.apache.catalina.util.LifecycleBase.init(LifecycleBase.java:113)
	at org.apache.catalina.core.StandardService.initInternal(StandardService.java:549)
	at org.apache.catalina.util.LifecycleBase.init(LifecycleBase.java:107)
	at org.apache.catalina.core.StandardServer.initInternal(StandardServer.java:875)
	at org.apache.catalina.util.LifecycleBase.init(LifecycleBase.java:107)
	at org.apache.catalina.startup.Catalina.load(Catalina.java:621)
	at org.apache.catalina.startup.Catalina.load(Catalina.java:644)
	at sun.reflect.NativeMethodAccessorImpl.invoke0(Native Method)
	at sun.reflect.NativeMethodAccessorImpl.invoke(NativeMethodAccessorImpl.java:62)
	at sun.reflect.DelegatingMethodAccessorImpl.invoke(DelegatingMethodAccessorImpl.java:43)
	at java.lang.reflect.Method.invoke(Method.java:498)
	at org.apache.catalina.startup.Bootstrap.load(Bootstrap.java:311)
	at org.apache.catalina.startup.Bootstrap.main(Bootstrap.java:494)
Caused by: org.apache.catalina.LifecycleException: Protocol handler initialization failed
	at org.apache.catalina.connector.Connector.initInternal(Connector.java:1000)
	at org.apache.catalina.util.LifecycleBase.init(LifecycleBase.java:107)
	... 12 more
Caused by: java.net.BindException: Address already in use
	at sun.nio.ch.Net.bind0(Native Method)
	at sun.nio.ch.Net.bind(Net.java:433)
	at sun.nio.ch.Net.bind(Net.java:425)
	at sun.nio.ch.ServerSocketChannelImpl.bind(ServerSocketChannelImpl.java:223)
	at sun.nio.ch.ServerSocketAdaptor.bind(ServerSocketAdaptor.java:74)
	at org.apache.tomcat.util.net.NioEndpoint.bind(NioEndpoint.java:210)
	at org.apache.tomcat.util.net.AbstractEndpoint.init(AbstractEndpoint.java:982)
	at org.apache.tomcat.util.net.AbstractJsseEndpoint.init(AbstractJsseEndpoint.java:245)
	at org.apache.coyote.AbstractProtocol.init(AbstractProtocol.java:620)
	at org.apache.catalina.connector.Connector.initInternal(Connector.java:997)
	... 13 more

20-Nov-2017 10:38:18.350 INFO [main] org.apache.catalina.startup.Catalina.load Initialization processed in 585 ms
20-Nov-2017 10:38:18.374 INFO [main] org.apache.catalina.core.StandardService.startInternal Starting service [Catalina]
20-Nov-2017 10:38:18.374 INFO [main] org.apache.catalina.core.StandardEngine.startInternal Starting Servlet Engine: Apache Tomcat/8.5.23
20-Nov-2017 10:38:19.370 INFO [airtime.kenhthe.vn-startStop-1] org.apache.jasper.servlet.TldScanner.scanJars At least one JAR was scanned for TLDs yet contained no TLDs. Enable debug logging for this logger for a complete list of JARs that were scanned but no TLDs were found in them. Skipping unneeded JARs during scanning can improve startup time and JSP compilation time.
20-Nov-2017 10:38:19.508 INFO [main] org.apache.catalina.startup.Catalina.start Server startup in 1158 ms
20-Nov-2017 10:38:19.510 SEVERE [main] org.apache.catalina.core.StandardServer.await StandardServer.await: create[localhost:8006]: 
 java.net.BindException: Address already in use (Bind failed)
	at java.net.PlainSocketImpl.socketBind(Native Method)
	at java.net.AbstractPlainSocketImpl.bind(AbstractPlainSocketImpl.java:387)
	at java.net.ServerSocket.bind(ServerSocket.java:375)
	at java.net.ServerSocket.<init>(ServerSocket.java:237)
	at org.apache.catalina.core.StandardServer.await(StandardServer.java:441)
	at org.apache.catalina.startup.Catalina.await(Catalina.java:758)
	at org.apache.catalina.startup.Catalina.start(Catalina.java:704)
	at sun.reflect.NativeMethodAccessorImpl.invoke0(Native Method)
	at sun.reflect.NativeMethodAccessorImpl.invoke(NativeMethodAccessorImpl.java:62)
	at sun.reflect.DelegatingMethodAccessorImpl.invoke(DelegatingMethodAccessorImpl.java:43)
	at java.lang.reflect.Method.invoke(Method.java:498)
	at org.apache.catalina.startup.Bootstrap.start(Bootstrap.java:355)
	at org.apache.catalina.startup.Bootstrap.main(Bootstrap.java:495)

20-Nov-2017 10:38:19.511 INFO [main] org.apache.coyote.AbstractProtocol.pause Pausing ProtocolHandler ["http-nio-8686"]
20-Nov-2017 10:38:19.511 INFO [main] org.apache.coyote.AbstractProtocol.pause Pausing ProtocolHandler ["ajp-nio-8009"]
20-Nov-2017 10:38:19.511 INFO [main] org.apache.catalina.core.StandardService.stopInternal Stopping service [Catalina]
20-Nov-2017 10:38:19.919 WARNING [airtime.kenhthe.vn-startStop-1] org.apache.catalina.loader.WebappClassLoaderBase.clearReferencesThreads The web application [service] appears to have started a thread named [Thread-4] but has failed to stop it. This is very likely to create a memory leak. Stack trace of thread:
 java.lang.Thread.sleep(Native Method)
 org.jconfig.FileWatcher.run(FileWatcher.java:105)
 java.lang.Thread.run(Thread.java:748)
20-Nov-2017 10:38:19.922 INFO [main] org.apache.coyote.AbstractProtocol.stop Stopping ProtocolHandler ["http-nio-8686"]
20-Nov-2017 10:38:19.922 INFO [main] org.apache.coyote.AbstractProtocol.destroy Destroying ProtocolHandler ["http-nio-8686"]
20-Nov-2017 10:38:19.923 INFO [main] org.apache.coyote.AbstractProtocol.stop Stopping ProtocolHandler ["ajp-nio-8009"]
20-Nov-2017 10:38:19.923 INFO [main] org.apache.coyote.AbstractProtocol.destroy Destroying ProtocolHandler ["ajp-nio-8009"]
20-Nov-2017 10:44:03.235 INFO [Thread-14] org.apache.coyote.AbstractProtocol.pause Pausing ProtocolHandler ["http-nio-8686"]
20-Nov-2017 10:44:03.289 INFO [Thread-14] org.apache.coyote.AbstractProtocol.pause Pausing ProtocolHandler ["ajp-nio-8009"]
20-Nov-2017 10:44:03.340 INFO [Thread-14] org.apache.catalina.core.StandardService.stopInternal Stopping service [Catalina]
20-Nov-2017 10:44:03.350 SEVERE [airtime.kenhthe.vn-startStop-2] org.apache.catalina.core.StandardContext.listenerStop Exception sending context destroyed event to listener instance of class [com.htc.services.airtime.config.MyContext]
 java.lang.ExceptionInInitializerError
	at com.htc.services.airtime.config.MyContext.contextDestroyed(MyContext.java:111)
	at org.apache.catalina.core.StandardContext.listenerStop(StandardContext.java:4792)
	at org.apache.catalina.core.StandardContext.stopInternal(StandardContext.java:5429)
	at org.apache.catalina.util.LifecycleBase.stop(LifecycleBase.java:226)
	at org.apache.catalina.core.ContainerBase$StopChild.call(ContainerBase.java:1435)
	at org.apache.catalina.core.ContainerBase$StopChild.call(ContainerBase.java:1424)
	at java.util.concurrent.FutureTask.run(FutureTask.java:266)
	at java.util.concurrent.ThreadPoolExecutor.runWorker(ThreadPoolExecutor.java:1149)
	at java.util.concurrent.ThreadPoolExecutor$Worker.run(ThreadPoolExecutor.java:624)
	at java.lang.Thread.run(Thread.java:748)
Caused by: java.lang.IllegalStateException: Pool manager no longer valid for use
	at snaq.db.ConnectionPoolManager.getPool(ConnectionPoolManager.java:1173)
	at com.htc.services.airtime.db.PoolMng.getConnPool(PoolMng.java:37)
	at com.htc.services.airtime.db.DBPool.CreatePool(DBPool.java:16)
	at com.htc.services.airtime.db.DBPool.<clinit>(DBPool.java:23)
	... 10 more

20-Nov-2017 10:44:03.359 WARNING [airtime.kenhthe.vn-startStop-2] org.apache.catalina.loader.WebappClassLoaderBase.clearReferencesJdbc The web application [service] registered the JDBC driver [com.mysql.jdbc.Driver] but failed to unregister it when the web application was stopped. To prevent a memory leak, the JDBC Driver has been forcibly unregistered.
20-Nov-2017 10:44:03.361 WARNING [airtime.kenhthe.vn-startStop-2] org.apache.catalina.loader.WebappClassLoaderBase.clearReferencesThreads The web application [service] appears to have started a thread named [Thread-6] but has failed to stop it. This is very likely to create a memory leak. Stack trace of thread:
 java.lang.Thread.sleep(Native Method)
 org.jconfig.FileWatcher.run(FileWatcher.java:105)
 java.lang.Thread.run(Thread.java:748)
20-Nov-2017 10:44:03.367 INFO [Thread-14] org.apache.coyote.AbstractProtocol.stop Stopping ProtocolHandler ["http-nio-8686"]
20-Nov-2017 10:44:03.368 INFO [Thread-14] org.apache.coyote.AbstractProtocol.stop Stopping ProtocolHandler ["ajp-nio-8009"]
20-Nov-2017 10:44:03.371 INFO [Thread-14] org.apache.coyote.AbstractProtocol.destroy Destroying ProtocolHandler ["http-nio-8686"]
20-Nov-2017 10:44:03.372 INFO [Thread-14] org.apache.coyote.AbstractProtocol.destroy Destroying ProtocolHandler ["ajp-nio-8009"]
20-Nov-2017 10:50:38.829 INFO [main] org.apache.catalina.startup.VersionLoggerListener.log Server version:        Apache Tomcat/8.5.23
20-Nov-2017 10:50:38.832 INFO [main] org.apache.catalina.startup.VersionLoggerListener.log Server built:          Sep 28 2017 10:30:11 UTC
20-Nov-2017 10:50:38.832 INFO [main] org.apache.catalina.startup.VersionLoggerListener.log Server number:         8.5.23.0
20-Nov-2017 10:50:38.832 INFO [main] org.apache.catalina.startup.VersionLoggerListener.log OS Name:               Linux
20-Nov-2017 10:50:38.832 INFO [main] org.apache.catalina.startup.VersionLoggerListener.log OS Version:            3.10.0-693.2.2.el7.x86_64
20-Nov-2017 10:50:38.832 INFO [main] org.apache.catalina.startup.VersionLoggerListener.log Architecture:          amd64
20-Nov-2017 10:50:38.832 INFO [main] org.apache.catalina.startup.VersionLoggerListener.log Java Home:             /opt/jdk1.8.0_144/jre
20-Nov-2017 10:50:38.832 INFO [main] org.apache.catalina.startup.VersionLoggerListener.log JVM Version:           1.8.0_144-b01
20-Nov-2017 10:50:38.832 INFO [main] org.apache.catalina.startup.VersionLoggerListener.log JVM Vendor:            Oracle Corporation
20-Nov-2017 10:50:38.833 INFO [main] org.apache.catalina.startup.VersionLoggerListener.log CATALINA_BASE:         /work/webserver/tomcat-serviceAirTime-8.5.23
20-Nov-2017 10:50:38.833 INFO [main] org.apache.catalina.startup.VersionLoggerListener.log CATALINA_HOME:         /work/webserver/tomcat-serviceAirTime-8.5.23
20-Nov-2017 10:50:38.833 INFO [main] org.apache.catalina.startup.VersionLoggerListener.log Command line argument: -Djava.util.logging.config.file=/work/webserver/tomcat-serviceAirTime-8.5.23/conf/logging.properties
20-Nov-2017 10:50:38.833 INFO [main] org.apache.catalina.startup.VersionLoggerListener.log Command line argument: -Djava.util.logging.manager=org.apache.juli.ClassLoaderLogManager
20-Nov-2017 10:50:38.833 INFO [main] org.apache.catalina.startup.VersionLoggerListener.log Command line argument: -Djdk.tls.ephemeralDHKeySize=2048
20-Nov-2017 10:50:38.833 INFO [main] org.apache.catalina.startup.VersionLoggerListener.log Command line argument: -Djava.protocol.handler.pkgs=org.apache.catalina.webresources
20-Nov-2017 10:50:38.833 INFO [main] org.apache.catalina.startup.VersionLoggerListener.log Command line argument: -Dcatalina.base=/work/webserver/tomcat-serviceAirTime-8.5.23
20-Nov-2017 10:50:38.834 INFO [main] org.apache.catalina.startup.VersionLoggerListener.log Command line argument: -Dcatalina.home=/work/webserver/tomcat-serviceAirTime-8.5.23
20-Nov-2017 10:50:38.834 INFO [main] org.apache.catalina.startup.VersionLoggerListener.log Command line argument: -Djava.io.tmpdir=/work/webserver/tomcat-serviceAirTime-8.5.23/temp
20-Nov-2017 10:50:38.834 INFO [main] org.apache.catalina.core.AprLifecycleListener.lifecycleEvent The APR based Apache Tomcat Native library which allows optimal performance in production environments was not found on the java.library.path: [/usr/java/packages/lib/amd64:/usr/lib64:/lib64:/lib:/usr/lib]
20-Nov-2017 10:50:38.970 INFO [main] org.apache.coyote.AbstractProtocol.init Initializing ProtocolHandler ["http-nio-8686"]
20-Nov-2017 10:50:38.987 INFO [main] org.apache.tomcat.util.net.NioSelectorPool.getSharedSelector Using a shared selector for servlet write/read
20-Nov-2017 10:50:38.989 INFO [main] org.apache.coyote.AbstractProtocol.init Initializing ProtocolHandler ["ajp-nio-8009"]
20-Nov-2017 10:50:38.991 INFO [main] org.apache.tomcat.util.net.NioSelectorPool.getSharedSelector Using a shared selector for servlet write/read
20-Nov-2017 10:50:38.991 INFO [main] org.apache.catalina.startup.Catalina.load Initialization processed in 593 ms
20-Nov-2017 10:50:39.015 INFO [main] org.apache.catalina.core.StandardService.startInternal Starting service [Catalina]
20-Nov-2017 10:50:39.015 INFO [main] org.apache.catalina.core.StandardEngine.startInternal Starting Servlet Engine: Apache Tomcat/8.5.23
20-Nov-2017 10:50:39.994 INFO [airtime.kenhthe.vn-startStop-1] org.apache.jasper.servlet.TldScanner.scanJars At least one JAR was scanned for TLDs yet contained no TLDs. Enable debug logging for this logger for a complete list of JARs that were scanned but no TLDs were found in them. Skipping unneeded JARs during scanning can improve startup time and JSP compilation time.
20-Nov-2017 10:50:40.136 INFO [main] org.apache.coyote.AbstractProtocol.start Starting ProtocolHandler ["http-nio-8686"]
20-Nov-2017 10:50:40.144 INFO [main] org.apache.coyote.AbstractProtocol.start Starting ProtocolHandler ["ajp-nio-8009"]
20-Nov-2017 10:50:40.146 INFO [main] org.apache.catalina.startup.Catalina.start Server startup in 1154 ms
20-Nov-2017 11:27:09.826 SEVERE [http-nio-8686-exec-10] com.sun.xml.internal.messaging.saaj.client.p2p.HttpSOAPConnection.post SAAJ0009: Message send failed
20-Nov-2017 13:50:27.146 INFO [Thread-14] org.apache.coyote.AbstractProtocol.pause Pausing ProtocolHandler ["http-nio-8686"]
20-Nov-2017 13:50:27.199 INFO [Thread-14] org.apache.coyote.AbstractProtocol.pause Pausing ProtocolHandler ["ajp-nio-8009"]
20-Nov-2017 13:50:27.250 INFO [Thread-14] org.apache.catalina.core.StandardService.stopInternal Stopping service [Catalina]
20-Nov-2017 13:50:27.280 WARNING [airtime.kenhthe.vn-startStop-2] org.apache.catalina.loader.WebappClassLoaderBase.clearReferencesThreads The web application [service] appears to have started a thread named [Thread-6] but has failed to stop it. This is very likely to create a memory leak. Stack trace of thread:
 java.lang.Thread.sleep(Native Method)
 org.jconfig.FileWatcher.run(FileWatcher.java:105)
 java.lang.Thread.run(Thread.java:748)
20-Nov-2017 13:50:27.289 INFO [Thread-14] org.apache.coyote.AbstractProtocol.stop Stopping ProtocolHandler ["http-nio-8686"]
20-Nov-2017 13:50:27.291 INFO [Thread-14] org.apache.coyote.AbstractProtocol.stop Stopping ProtocolHandler ["ajp-nio-8009"]
20-Nov-2017 13:50:27.293 INFO [Thread-14] org.apache.coyote.AbstractProtocol.destroy Destroying ProtocolHandler ["http-nio-8686"]
20-Nov-2017 13:50:27.294 INFO [Thread-14] org.apache.coyote.AbstractProtocol.destroy Destroying ProtocolHandler ["ajp-nio-8009"]
