08-Nov-2017 10:27:22.460 INFO [localhost-startStop-1] org.apache.catalina.core.ApplicationContext.log ContextListener: contextInitialized()
08-Nov-2017 10:27:22.460 INFO [localhost-startStop-1] org.apache.catalina.core.ApplicationContext.log SessionListener: contextInitialized()
08-Nov-2017 10:27:22.551 INFO [localhost-startStop-1] org.apache.catalina.core.ApplicationContext.log SessionListener: contextDestroyed()
08-Nov-2017 10:27:22.551 INFO [localhost-startStop-1] org.apache.catalina.core.ApplicationContext.log ContextListener: contextDestroyed()
08-Nov-2017 10:27:45.440 INFO [localhost-startStop-1] org.apache.catalina.core.ApplicationContext.log ContextListener: contextInitialized()
08-Nov-2017 10:27:45.440 INFO [localhost-startStop-1] org.apache.catalina.core.ApplicationContext.log SessionListener: contextInitialized()
08-Nov-2017 10:27:45.659 INFO [localhost-startStop-1] org.apache.catalina.core.ApplicationContext.log SessionListener: contextDestroyed()
08-Nov-2017 10:27:45.659 INFO [localhost-startStop-1] org.apache.catalina.core.ApplicationContext.log ContextListener: contextDestroyed()
08-Nov-2017 10:31:50.124 INFO [localhost-startStop-1] org.apache.catalina.core.ApplicationContext.log ContextListener: contextInitialized()
08-Nov-2017 10:31:50.124 INFO [localhost-startStop-1] org.apache.catalina.core.ApplicationContext.log SessionListener: contextInitialized()
08-Nov-2017 10:32:02.945 SEVERE [localhost-startStop-2] org.apache.catalina.core.StandardContext.listenerStop Exception sending context destroyed event to listener instance of class [com.htc.airtime.configs.MyContext]
 java.lang.ExceptionInInitializerError
	at com.htc.airtime.configs.MyContext.contextDestroyed(MyContext.java:94)
	at org.apache.catalina.core.StandardContext.listenerStop(StandardContext.java:4792)
	at org.apache.catalina.core.StandardContext.stopInternal(StandardContext.java:5429)
	at org.apache.catalina.util.LifecycleBase.stop(LifecycleBase.java:226)
	at org.apache.catalina.core.ContainerBase$StopChild.call(ContainerBase.java:1435)
	at org.apache.catalina.core.ContainerBase$StopChild.call(ContainerBase.java:1424)
	at java.util.concurrent.FutureTask.run(FutureTask.java:266)
	at java.util.concurrent.ThreadPoolExecutor.runWorker(ThreadPoolExecutor.java:1149)
	at java.util.concurrent.ThreadPoolExecutor$Worker.run(ThreadPoolExecutor.java:624)
	at java.lang.Thread.run(Thread.java:748)
Caused by: java.lang.IllegalStateException: Pool manager no longer valid for use
	at snaq.db.ConnectionPoolManager.getPool(ConnectionPoolManager.java:1173)
	at com.htc.airtime.connect.PoolMng.getConnPool(PoolMng.java:37)
	at com.htc.airtime.connect.DBPool.CreatePool(DBPool.java:16)
	at com.htc.airtime.connect.DBPool.<clinit>(DBPool.java:23)
	... 10 more

08-Nov-2017 10:32:02.956 INFO [localhost-startStop-2] org.apache.catalina.core.ApplicationContext.log SessionListener: contextDestroyed()
08-Nov-2017 10:32:02.956 INFO [localhost-startStop-2] org.apache.catalina.core.ApplicationContext.log ContextListener: contextDestroyed()
08-Nov-2017 10:32:07.421 INFO [localhost-startStop-1] org.apache.catalina.core.ApplicationContext.log ContextListener: contextInitialized()
08-Nov-2017 10:32:07.422 INFO [localhost-startStop-1] org.apache.catalina.core.ApplicationContext.log SessionListener: contextInitialized()
08-Nov-2017 10:32:19.898 SEVERE [localhost-startStop-2] org.apache.catalina.core.StandardContext.listenerStop Exception sending context destroyed event to listener instance of class [com.htc.airtime.configs.MyContext]
 java.lang.ExceptionInInitializerError
	at com.htc.airtime.configs.MyContext.contextDestroyed(MyContext.java:94)
	at org.apache.catalina.core.StandardContext.listenerStop(StandardContext.java:4792)
	at org.apache.catalina.core.StandardContext.stopInternal(StandardContext.java:5429)
	at org.apache.catalina.util.LifecycleBase.stop(LifecycleBase.java:226)
	at org.apache.catalina.core.ContainerBase$StopChild.call(ContainerBase.java:1435)
	at org.apache.catalina.core.ContainerBase$StopChild.call(ContainerBase.java:1424)
	at java.util.concurrent.FutureTask.run(FutureTask.java:266)
	at java.util.concurrent.ThreadPoolExecutor.runWorker(ThreadPoolExecutor.java:1149)
	at java.util.concurrent.ThreadPoolExecutor$Worker.run(ThreadPoolExecutor.java:624)
	at java.lang.Thread.run(Thread.java:748)
Caused by: java.lang.IllegalStateException: Pool manager no longer valid for use
	at snaq.db.ConnectionPoolManager.getPool(ConnectionPoolManager.java:1173)
	at com.htc.airtime.connect.PoolMng.getConnPool(PoolMng.java:37)
	at com.htc.airtime.connect.DBPool.CreatePool(DBPool.java:16)
	at com.htc.airtime.connect.DBPool.<clinit>(DBPool.java:23)
	... 10 more

08-Nov-2017 10:32:19.910 INFO [localhost-startStop-2] org.apache.catalina.core.ApplicationContext.log SessionListener: contextDestroyed()
08-Nov-2017 10:32:19.910 INFO [localhost-startStop-2] org.apache.catalina.core.ApplicationContext.log ContextListener: contextDestroyed()
08-Nov-2017 10:32:19.921 SEVERE [localhost-startStop-2] org.apache.catalina.core.StandardContext.listenerStop Exception sending context destroyed event to listener instance of class [com.htc.services.airtime.config.MyContext]
 java.lang.ExceptionInInitializerError
	at com.htc.services.airtime.config.MyContext.contextDestroyed(MyContext.java:111)
	at org.apache.catalina.core.StandardContext.listenerStop(StandardContext.java:4792)
	at org.apache.catalina.core.StandardContext.stopInternal(StandardContext.java:5429)
	at org.apache.catalina.util.LifecycleBase.stop(LifecycleBase.java:226)
	at org.apache.catalina.core.ContainerBase$StopChild.call(ContainerBase.java:1435)
	at org.apache.catalina.core.ContainerBase$StopChild.call(ContainerBase.java:1424)
	at java.util.concurrent.FutureTask.run(FutureTask.java:266)
	at java.util.concurrent.ThreadPoolExecutor.runWorker(ThreadPoolExecutor.java:1149)
	at java.util.concurrent.ThreadPoolExecutor$Worker.run(ThreadPoolExecutor.java:624)
	at java.lang.Thread.run(Thread.java:748)
Caused by: java.lang.IllegalStateException: Pool manager no longer valid for use
	at snaq.db.ConnectionPoolManager.getPool(ConnectionPoolManager.java:1173)
	at com.htc.services.airtime.db.PoolMng.getConnPool(PoolMng.java:37)
	at com.htc.services.airtime.db.DBPool.CreatePool(DBPool.java:16)
	at com.htc.services.airtime.db.DBPool.<clinit>(DBPool.java:23)
	... 10 more

08-Nov-2017 10:34:29.163 INFO [localhost-startStop-1] org.apache.catalina.core.ApplicationContext.log ContextListener: contextInitialized()
08-Nov-2017 10:34:29.163 INFO [localhost-startStop-1] org.apache.catalina.core.ApplicationContext.log SessionListener: contextInitialized()
08-Nov-2017 10:37:11.757 INFO [ContainerBackgroundProcessor[StandardEngine[Catalina]]] org.apache.catalina.core.ApplicationContext.log SessionListener: contextDestroyed()
08-Nov-2017 10:37:11.757 INFO [ContainerBackgroundProcessor[StandardEngine[Catalina]]] org.apache.catalina.core.ApplicationContext.log ContextListener: contextDestroyed()
08-Nov-2017 10:37:24.628 SEVERE [localhost-startStop-2] org.apache.catalina.core.StandardContext.listenerStop Exception sending context destroyed event to listener instance of class [com.htc.airtime.configs.MyContext]
 java.lang.ExceptionInInitializerError
	at com.htc.airtime.configs.MyContext.contextDestroyed(MyContext.java:94)
	at org.apache.catalina.core.StandardContext.listenerStop(StandardContext.java:4792)
	at org.apache.catalina.core.StandardContext.stopInternal(StandardContext.java:5429)
	at org.apache.catalina.util.LifecycleBase.stop(LifecycleBase.java:226)
	at org.apache.catalina.core.ContainerBase$StopChild.call(ContainerBase.java:1435)
	at org.apache.catalina.core.ContainerBase$StopChild.call(ContainerBase.java:1424)
	at java.util.concurrent.FutureTask.run(FutureTask.java:266)
	at java.util.concurrent.ThreadPoolExecutor.runWorker(ThreadPoolExecutor.java:1149)
	at java.util.concurrent.ThreadPoolExecutor$Worker.run(ThreadPoolExecutor.java:624)
	at java.lang.Thread.run(Thread.java:748)
Caused by: java.lang.IllegalStateException: Pool manager no longer valid for use
	at snaq.db.ConnectionPoolManager.getPool(ConnectionPoolManager.java:1173)
	at com.htc.airtime.connect.PoolMng.getConnPool(PoolMng.java:37)
	at com.htc.airtime.connect.DBPool.CreatePool(DBPool.java:16)
	at com.htc.airtime.connect.DBPool.<clinit>(DBPool.java:23)
	... 10 more

08-Nov-2017 10:37:24.643 SEVERE [localhost-startStop-2] org.apache.catalina.core.StandardContext.listenerStop Exception sending context destroyed event to listener instance of class [com.htc.services.airtime.config.MyContext]
 java.lang.ExceptionInInitializerError
	at com.htc.services.airtime.config.MyContext.contextDestroyed(MyContext.java:111)
	at org.apache.catalina.core.StandardContext.listenerStop(StandardContext.java:4792)
	at org.apache.catalina.core.StandardContext.stopInternal(StandardContext.java:5429)
	at org.apache.catalina.util.LifecycleBase.stop(LifecycleBase.java:226)
	at org.apache.catalina.core.ContainerBase$StopChild.call(ContainerBase.java:1435)
	at org.apache.catalina.core.ContainerBase$StopChild.call(ContainerBase.java:1424)
	at java.util.concurrent.FutureTask.run(FutureTask.java:266)
	at java.util.concurrent.ThreadPoolExecutor.runWorker(ThreadPoolExecutor.java:1149)
	at java.util.concurrent.ThreadPoolExecutor$Worker.run(ThreadPoolExecutor.java:624)
	at java.lang.Thread.run(Thread.java:748)
Caused by: java.lang.IllegalStateException: Pool manager no longer valid for use
	at snaq.db.ConnectionPoolManager.getPool(ConnectionPoolManager.java:1173)
	at com.htc.services.airtime.db.PoolMng.getConnPool(PoolMng.java:37)
	at com.htc.services.airtime.db.DBPool.CreatePool(DBPool.java:16)
	at com.htc.services.airtime.db.DBPool.<clinit>(DBPool.java:23)
	... 10 more

08-Nov-2017 11:17:22.747 INFO [localhost-startStop-1] org.apache.catalina.core.ApplicationContext.log ContextListener: contextInitialized()
08-Nov-2017 11:17:22.747 INFO [localhost-startStop-1] org.apache.catalina.core.ApplicationContext.log SessionListener: contextInitialized()
08-Nov-2017 11:19:33.637 INFO [localhost-startStop-2] org.apache.catalina.core.ApplicationContext.log SessionListener: contextDestroyed()
08-Nov-2017 11:19:33.637 INFO [localhost-startStop-2] org.apache.catalina.core.ApplicationContext.log ContextListener: contextDestroyed()
08-Nov-2017 11:19:43.061 INFO [localhost-startStop-1] org.apache.catalina.core.ApplicationContext.log ContextListener: contextInitialized()
08-Nov-2017 11:19:43.061 INFO [localhost-startStop-1] org.apache.catalina.core.ApplicationContext.log SessionListener: contextInitialized()
08-Nov-2017 11:25:34.405 INFO [localhost-startStop-2] org.apache.catalina.core.ApplicationContext.log SessionListener: contextDestroyed()
08-Nov-2017 11:25:34.406 INFO [localhost-startStop-2] org.apache.catalina.core.ApplicationContext.log ContextListener: contextDestroyed()
