2017-11-08 10:27:21 INFO  MyContext:115 - config.xml
2017-11-08 10:27:21 INFO  MyContext:122 - file config successfully processed
2017-11-08 10:27:21 INFO  MyContext:123 - get Config From ConfigurationManager
2017-11-08 10:27:22 INFO  MyContext:132 - config.xml
2017-11-08 10:27:22 INFO  MyContext:139 - file config successfully processed
2017-11-08 10:27:22 INFO  MyContext:140 - get Config From ConfigurationManager
2017-11-08 10:27:22 INFO  MyContext:102 - deregistering jdbc driver: com.mysql.jdbc.Driver@7cb25773
2017-11-08 10:27:22 ERROR ReqOtpCacheManager:90 - 2017-11-08 10:27:22.558||sleep interrupted||java.lang.Thread.sleep(Native Method)	
com.htc.services.airtime.thread.ReqOtpCacheManager.run(ReqOtpCacheManager.java:87)	

2017-11-08 10:27:22 ERROR ReqCacheManager:90 - 2017-11-08 10:27:22.558||sleep interrupted||java.lang.Thread.sleep(Native Method)	
com.htc.services.airtime.thread.ReqCacheManager.run(ReqCacheManager.java:87)	

2017-11-08 10:27:22 ERROR CheckPriceCacheManager:84 - 2017-11-08 10:27:22.558||sleep interrupted||java.lang.Thread.sleep(Native Method)	
com.htc.services.airtime.thread.CheckPriceCacheManager.run(CheckPriceCacheManager.java:81)	

2017-11-08 10:27:22 INFO  MyContext:119 - deregistering jdbc driver: com.mysql.jdbc.Driver@443e878b
2017-11-08 10:27:45 INFO  MyContext:115 - config.xml
2017-11-08 10:27:45 INFO  MyContext:122 - file config successfully processed
2017-11-08 10:27:45 INFO  MyContext:123 - get Config From ConfigurationManager
2017-11-08 10:27:45 INFO  MyContext:102 - deregistering jdbc driver: com.mysql.jdbc.Driver@1c044bae
2017-11-08 10:31:49 INFO  MyContext:115 - config.xml
2017-11-08 10:31:49 INFO  MyContext:122 - file config successfully processed
2017-11-08 10:31:49 INFO  MyContext:123 - get Config From ConfigurationManager
2017-11-08 10:32:06 INFO  MyContext:115 - config.xml
2017-11-08 10:32:06 INFO  MyContext:122 - file config successfully processed
2017-11-08 10:32:06 INFO  MyContext:123 - get Config From ConfigurationManager
2017-11-08 10:32:07 INFO  MyContext:132 - config.xml
2017-11-08 10:32:07 INFO  MyContext:139 - file config successfully processed
2017-11-08 10:32:07 INFO  MyContext:140 - get Config From ConfigurationManager
2017-11-08 10:32:19 ERROR ReqOtpCacheManager:90 - 2017-11-08 10:32:19.92||sleep interrupted||java.lang.Thread.sleep(Native Method)	
com.htc.services.airtime.thread.ReqOtpCacheManager.run(ReqOtpCacheManager.java:87)	

2017-11-08 10:32:19 ERROR CheckPriceCacheManager:84 - 2017-11-08 10:32:19.92||sleep interrupted||java.lang.Thread.sleep(Native Method)	
com.htc.services.airtime.thread.CheckPriceCacheManager.run(CheckPriceCacheManager.java:81)	

2017-11-08 10:32:19 ERROR ReqCacheManager:90 - 2017-11-08 10:32:19.92||sleep interrupted||java.lang.Thread.sleep(Native Method)	
com.htc.services.airtime.thread.ReqCacheManager.run(ReqCacheManager.java:87)	

2017-11-08 10:34:27 INFO  MyContext:115 - config.xml
2017-11-08 10:34:27 INFO  MyContext:122 - file config successfully processed
2017-11-08 10:34:27 INFO  MyContext:123 - get Config From ConfigurationManager
2017-11-08 10:34:28 INFO  MyContext:132 - config.xml
2017-11-08 10:34:28 INFO  MyContext:139 - file config successfully processed
2017-11-08 10:34:28 INFO  MyContext:140 - get Config From ConfigurationManager
2017-11-08 12:03:48 INFO  MyContext:115 - config.xml
2017-11-08 12:03:48 INFO  MyContext:122 - file config successfully processed
2017-11-08 12:03:48 INFO  MyContext:123 - get Config From ConfigurationManager
2017-11-08 12:23:20 INFO  MyContext:115 - config.xml
2017-11-08 12:23:20 INFO  MyContext:122 - file config successfully processed
2017-11-08 12:23:20 INFO  MyContext:123 - get Config From ConfigurationManager
2017-11-08 14:08:53 INFO  MyContext:115 - config.xml
2017-11-08 14:08:53 INFO  MyContext:122 - file config successfully processed
2017-11-08 14:08:53 INFO  MyContext:123 - get Config From ConfigurationManager
2017-11-08 14:08:54 INFO  MyContext:102 - deregistering jdbc driver: com.mysql.jdbc.Driver@b218b2b
2017-11-08 14:11:14 INFO  MyContext:115 - config.xml
2017-11-08 14:11:14 INFO  MyContext:122 - file config successfully processed
2017-11-08 14:11:14 INFO  MyContext:123 - get Config From ConfigurationManager
2017-11-08 14:11:15 INFO  MyContext:102 - deregistering jdbc driver: com.mysql.jdbc.Driver@b218b2b
2017-11-08 16:29:00 INFO  MyContext:115 - config.xml
2017-11-08 16:29:00 INFO  MyContext:122 - file config successfully processed
2017-11-08 16:29:00 INFO  MyContext:123 - get Config From ConfigurationManager
2017-11-08 17:10:49 INFO  MyContext:115 - config.xml
2017-11-08 17:10:49 INFO  MyContext:122 - file config successfully processed
2017-11-08 17:10:49 INFO  MyContext:123 - get Config From ConfigurationManager
2017-11-08 17:10:59 ERROR AccountDAO:582 - 2017-11-08 17:10:59.322||null||com.htc.airtime.dao.AccountDAO.checkLogin(AccountDAO.java:552)	
com.htc.airtime.servlet.auth.login.processRequest(login.java:75)	
com.htc.airtime.servlet.auth.login.doPost(login.java:127)	
javax.servlet.http.HttpServlet.service(HttpServlet.java:661)	
javax.servlet.http.HttpServlet.service(HttpServlet.java:742)	
org.apache.catalina.core.ApplicationFilterChain.internalDoFilter(ApplicationFilterChain.java:231)	
org.apache.catalina.core.ApplicationFilterChain.doFilter(ApplicationFilterChain.java:166)	
org.apache.tomcat.websocket.server.WsFilter.doFilter(WsFilter.java:52)	
org.apache.catalina.core.ApplicationFilterChain.internalDoFilter(ApplicationFilterChain.java:193)	
org.apache.catalina.core.ApplicationFilterChain.doFilter(ApplicationFilterChain.java:166)	
org.apache.catalina.core.StandardWrapperValve.invoke(StandardWrapperValve.java:199)	
org.apache.catalina.core.StandardContextValve.invoke(StandardContextValve.java:96)	
org.apache.catalina.authenticator.AuthenticatorBase.invoke(AuthenticatorBase.java:478)	
org.apache.catalina.core.StandardHostValve.invoke(StandardHostValve.java:140)	
org.apache.catalina.valves.ErrorReportValve.invoke(ErrorReportValve.java:81)	
org.apache.catalina.valves.AbstractAccessLogValve.invoke(AbstractAccessLogValve.java:650)	
org.apache.catalina.core.StandardEngineValve.invoke(StandardEngineValve.java:87)	
org.apache.catalina.connector.CoyoteAdapter.service(CoyoteAdapter.java:342)	
org.apache.coyote.http11.Http11Processor.service(Http11Processor.java:803)	
org.apache.coyote.AbstractProcessorLight.process(AbstractProcessorLight.java:66)	
org.apache.coyote.AbstractProtocol$ConnectionHandler.process(AbstractProtocol.java:868)	
org.apache.tomcat.util.net.NioEndpoint$SocketProcessor.doRun(NioEndpoint.java:1459)	
org.apache.tomcat.util.net.SocketProcessorBase.run(SocketProcessorBase.java:49)	
java.util.concurrent.ThreadPoolExecutor.runWorker(ThreadPoolExecutor.java:1149)	
java.util.concurrent.ThreadPoolExecutor$Worker.run(ThreadPoolExecutor.java:624)	
org.apache.tomcat.util.threads.TaskThread$WrappingRunnable.run(TaskThread.java:61)	
java.lang.Thread.run(Thread.java:748)	

2017-11-08 17:11:03 ERROR AccountDAO:582 - 2017-11-08 17:11:03.337||null||com.htc.airtime.dao.AccountDAO.checkLogin(AccountDAO.java:552)	
com.htc.airtime.servlet.auth.login.processRequest(login.java:75)	
com.htc.airtime.servlet.auth.login.doPost(login.java:127)	
javax.servlet.http.HttpServlet.service(HttpServlet.java:661)	
javax.servlet.http.HttpServlet.service(HttpServlet.java:742)	
org.apache.catalina.core.ApplicationFilterChain.internalDoFilter(ApplicationFilterChain.java:231)	
org.apache.catalina.core.ApplicationFilterChain.doFilter(ApplicationFilterChain.java:166)	
org.apache.tomcat.websocket.server.WsFilter.doFilter(WsFilter.java:52)	
org.apache.catalina.core.ApplicationFilterChain.internalDoFilter(ApplicationFilterChain.java:193)	
org.apache.catalina.core.ApplicationFilterChain.doFilter(ApplicationFilterChain.java:166)	
org.apache.catalina.core.StandardWrapperValve.invoke(StandardWrapperValve.java:199)	
org.apache.catalina.core.StandardContextValve.invoke(StandardContextValve.java:96)	
org.apache.catalina.authenticator.AuthenticatorBase.invoke(AuthenticatorBase.java:478)	
org.apache.catalina.core.StandardHostValve.invoke(StandardHostValve.java:140)	
org.apache.catalina.valves.ErrorReportValve.invoke(ErrorReportValve.java:81)	
org.apache.catalina.valves.AbstractAccessLogValve.invoke(AbstractAccessLogValve.java:650)	
org.apache.catalina.core.StandardEngineValve.invoke(StandardEngineValve.java:87)	
org.apache.catalina.connector.CoyoteAdapter.service(CoyoteAdapter.java:342)	
org.apache.coyote.http11.Http11Processor.service(Http11Processor.java:803)	
org.apache.coyote.AbstractProcessorLight.process(AbstractProcessorLight.java:66)	
org.apache.coyote.AbstractProtocol$ConnectionHandler.process(AbstractProtocol.java:868)	
org.apache.tomcat.util.net.NioEndpoint$SocketProcessor.doRun(NioEndpoint.java:1459)	
org.apache.tomcat.util.net.SocketProcessorBase.run(SocketProcessorBase.java:49)	
java.util.concurrent.ThreadPoolExecutor.runWorker(ThreadPoolExecutor.java:1149)	
java.util.concurrent.ThreadPoolExecutor$Worker.run(ThreadPoolExecutor.java:624)	
org.apache.tomcat.util.threads.TaskThread$WrappingRunnable.run(TaskThread.java:61)	
java.lang.Thread.run(Thread.java:748)	

2017-11-08 17:11:11 ERROR AccountDAO:582 - 2017-11-08 17:11:11.489||null||com.htc.airtime.dao.AccountDAO.checkLogin(AccountDAO.java:552)	
com.htc.airtime.servlet.auth.login.processRequest(login.java:75)	
com.htc.airtime.servlet.auth.login.doPost(login.java:127)	
javax.servlet.http.HttpServlet.service(HttpServlet.java:661)	
javax.servlet.http.HttpServlet.service(HttpServlet.java:742)	
org.apache.catalina.core.ApplicationFilterChain.internalDoFilter(ApplicationFilterChain.java:231)	
org.apache.catalina.core.ApplicationFilterChain.doFilter(ApplicationFilterChain.java:166)	
org.apache.tomcat.websocket.server.WsFilter.doFilter(WsFilter.java:52)	
org.apache.catalina.core.ApplicationFilterChain.internalDoFilter(ApplicationFilterChain.java:193)	
org.apache.catalina.core.ApplicationFilterChain.doFilter(ApplicationFilterChain.java:166)	
org.apache.catalina.core.StandardWrapperValve.invoke(StandardWrapperValve.java:199)	
org.apache.catalina.core.StandardContextValve.invoke(StandardContextValve.java:96)	
org.apache.catalina.authenticator.AuthenticatorBase.invoke(AuthenticatorBase.java:478)	
org.apache.catalina.core.StandardHostValve.invoke(StandardHostValve.java:140)	
org.apache.catalina.valves.ErrorReportValve.invoke(ErrorReportValve.java:81)	
org.apache.catalina.valves.AbstractAccessLogValve.invoke(AbstractAccessLogValve.java:650)	
org.apache.catalina.core.StandardEngineValve.invoke(StandardEngineValve.java:87)	
org.apache.catalina.connector.CoyoteAdapter.service(CoyoteAdapter.java:342)	
org.apache.coyote.http11.Http11Processor.service(Http11Processor.java:803)	
org.apache.coyote.AbstractProcessorLight.process(AbstractProcessorLight.java:66)	
org.apache.coyote.AbstractProtocol$ConnectionHandler.process(AbstractProtocol.java:868)	
org.apache.tomcat.util.net.NioEndpoint$SocketProcessor.doRun(NioEndpoint.java:1459)	
org.apache.tomcat.util.net.SocketProcessorBase.run(SocketProcessorBase.java:49)	
java.util.concurrent.ThreadPoolExecutor.runWorker(ThreadPoolExecutor.java:1149)	
java.util.concurrent.ThreadPoolExecutor$Worker.run(ThreadPoolExecutor.java:624)	
org.apache.tomcat.util.threads.TaskThread$WrappingRunnable.run(TaskThread.java:61)	
java.lang.Thread.run(Thread.java:748)	

2017-11-08 17:14:40 INFO  MyContext:102 - deregistering jdbc driver: com.mysql.jdbc.Driver@3fb8d1e3
2017-11-08 17:14:45 INFO  MyContext:115 - config.xml
2017-11-08 17:14:45 INFO  MyContext:122 - file config successfully processed
2017-11-08 17:14:45 INFO  MyContext:123 - get Config From ConfigurationManager
2017-11-08 17:14:52 ERROR AccountDAO:582 - 2017-11-08 17:14:52.71||null||com.htc.airtime.dao.AccountDAO.checkLogin(AccountDAO.java:552)	
com.htc.airtime.servlet.auth.login.processRequest(login.java:75)	
com.htc.airtime.servlet.auth.login.doPost(login.java:127)	
javax.servlet.http.HttpServlet.service(HttpServlet.java:661)	
javax.servlet.http.HttpServlet.service(HttpServlet.java:742)	
org.apache.catalina.core.ApplicationFilterChain.internalDoFilter(ApplicationFilterChain.java:231)	
org.apache.catalina.core.ApplicationFilterChain.doFilter(ApplicationFilterChain.java:166)	
org.apache.tomcat.websocket.server.WsFilter.doFilter(WsFilter.java:52)	
org.apache.catalina.core.ApplicationFilterChain.internalDoFilter(ApplicationFilterChain.java:193)	
org.apache.catalina.core.ApplicationFilterChain.doFilter(ApplicationFilterChain.java:166)	
org.apache.catalina.core.StandardWrapperValve.invoke(StandardWrapperValve.java:199)	
org.apache.catalina.core.StandardContextValve.invoke(StandardContextValve.java:96)	
org.apache.catalina.authenticator.AuthenticatorBase.invoke(AuthenticatorBase.java:478)	
org.apache.catalina.core.StandardHostValve.invoke(StandardHostValve.java:140)	
org.apache.catalina.valves.ErrorReportValve.invoke(ErrorReportValve.java:81)	
org.apache.catalina.valves.AbstractAccessLogValve.invoke(AbstractAccessLogValve.java:650)	
org.apache.catalina.core.StandardEngineValve.invoke(StandardEngineValve.java:87)	
org.apache.catalina.connector.CoyoteAdapter.service(CoyoteAdapter.java:342)	
org.apache.coyote.http11.Http11Processor.service(Http11Processor.java:803)	
org.apache.coyote.AbstractProcessorLight.process(AbstractProcessorLight.java:66)	
org.apache.coyote.AbstractProtocol$ConnectionHandler.process(AbstractProtocol.java:868)	
org.apache.tomcat.util.net.NioEndpoint$SocketProcessor.doRun(NioEndpoint.java:1459)	
org.apache.tomcat.util.net.SocketProcessorBase.run(SocketProcessorBase.java:49)	
java.util.concurrent.ThreadPoolExecutor.runWorker(ThreadPoolExecutor.java:1149)	
java.util.concurrent.ThreadPoolExecutor$Worker.run(ThreadPoolExecutor.java:624)	
org.apache.tomcat.util.threads.TaskThread$WrappingRunnable.run(TaskThread.java:61)	
java.lang.Thread.run(Thread.java:748)	

2017-11-08 17:18:42 INFO  MyContext:102 - deregistering jdbc driver: com.mysql.jdbc.Driver@3fb8d1e3
2017-11-08 17:18:45 INFO  MyContext:115 - config.xml
2017-11-08 17:18:45 INFO  MyContext:122 - file config successfully processed
2017-11-08 17:18:45 INFO  MyContext:123 - get Config From ConfigurationManager
2017-11-08 17:18:51 ERROR AccountDAO:582 - 2017-11-08 17:18:51.979||null||com.htc.airtime.dao.AccountDAO.checkLogin(AccountDAO.java:552)	
com.htc.airtime.servlet.auth.login.processRequest(login.java:75)	
com.htc.airtime.servlet.auth.login.doPost(login.java:127)	
javax.servlet.http.HttpServlet.service(HttpServlet.java:661)	
javax.servlet.http.HttpServlet.service(HttpServlet.java:742)	
org.apache.catalina.core.ApplicationFilterChain.internalDoFilter(ApplicationFilterChain.java:231)	
org.apache.catalina.core.ApplicationFilterChain.doFilter(ApplicationFilterChain.java:166)	
org.apache.tomcat.websocket.server.WsFilter.doFilter(WsFilter.java:52)	
org.apache.catalina.core.ApplicationFilterChain.internalDoFilter(ApplicationFilterChain.java:193)	
org.apache.catalina.core.ApplicationFilterChain.doFilter(ApplicationFilterChain.java:166)	
org.apache.catalina.core.StandardWrapperValve.invoke(StandardWrapperValve.java:199)	
org.apache.catalina.core.StandardContextValve.invoke(StandardContextValve.java:96)	
org.apache.catalina.authenticator.AuthenticatorBase.invoke(AuthenticatorBase.java:478)	
org.apache.catalina.core.StandardHostValve.invoke(StandardHostValve.java:140)	
org.apache.catalina.valves.ErrorReportValve.invoke(ErrorReportValve.java:81)	
org.apache.catalina.valves.AbstractAccessLogValve.invoke(AbstractAccessLogValve.java:650)	
org.apache.catalina.core.StandardEngineValve.invoke(StandardEngineValve.java:87)	
org.apache.catalina.connector.CoyoteAdapter.service(CoyoteAdapter.java:342)	
org.apache.coyote.http11.Http11Processor.service(Http11Processor.java:803)	
org.apache.coyote.AbstractProcessorLight.process(AbstractProcessorLight.java:66)	
org.apache.coyote.AbstractProtocol$ConnectionHandler.process(AbstractProtocol.java:868)	
org.apache.tomcat.util.net.NioEndpoint$SocketProcessor.doRun(NioEndpoint.java:1459)	
org.apache.tomcat.util.net.SocketProcessorBase.run(SocketProcessorBase.java:49)	
java.util.concurrent.ThreadPoolExecutor.runWorker(ThreadPoolExecutor.java:1149)	
java.util.concurrent.ThreadPoolExecutor$Worker.run(ThreadPoolExecutor.java:624)	
org.apache.tomcat.util.threads.TaskThread$WrappingRunnable.run(TaskThread.java:61)	
java.lang.Thread.run(Thread.java:748)	

2017-11-08 18:35:55 ERROR AccountDAO:582 - 2017-11-08 18:35:55.621||null||com.htc.airtime.dao.AccountDAO.checkLogin(AccountDAO.java:552)	
com.htc.airtime.servlet.auth.login.processRequest(login.java:75)	
com.htc.airtime.servlet.auth.login.doPost(login.java:127)	
javax.servlet.http.HttpServlet.service(HttpServlet.java:661)	
javax.servlet.http.HttpServlet.service(HttpServlet.java:742)	
org.apache.catalina.core.ApplicationFilterChain.internalDoFilter(ApplicationFilterChain.java:231)	
org.apache.catalina.core.ApplicationFilterChain.doFilter(ApplicationFilterChain.java:166)	
org.apache.tomcat.websocket.server.WsFilter.doFilter(WsFilter.java:52)	
org.apache.catalina.core.ApplicationFilterChain.internalDoFilter(ApplicationFilterChain.java:193)	
org.apache.catalina.core.ApplicationFilterChain.doFilter(ApplicationFilterChain.java:166)	
org.apache.catalina.core.StandardWrapperValve.invoke(StandardWrapperValve.java:199)	
org.apache.catalina.core.StandardContextValve.invoke(StandardContextValve.java:96)	
org.apache.catalina.authenticator.AuthenticatorBase.invoke(AuthenticatorBase.java:478)	
org.apache.catalina.core.StandardHostValve.invoke(StandardHostValve.java:140)	
org.apache.catalina.valves.ErrorReportValve.invoke(ErrorReportValve.java:81)	
org.apache.catalina.valves.AbstractAccessLogValve.invoke(AbstractAccessLogValve.java:650)	
org.apache.catalina.core.StandardEngineValve.invoke(StandardEngineValve.java:87)	
org.apache.catalina.connector.CoyoteAdapter.service(CoyoteAdapter.java:342)	
org.apache.coyote.http11.Http11Processor.service(Http11Processor.java:803)	
org.apache.coyote.AbstractProcessorLight.process(AbstractProcessorLight.java:66)	
org.apache.coyote.AbstractProtocol$ConnectionHandler.process(AbstractProtocol.java:868)	
org.apache.tomcat.util.net.NioEndpoint$SocketProcessor.doRun(NioEndpoint.java:1459)	
org.apache.tomcat.util.net.SocketProcessorBase.run(SocketProcessorBase.java:49)	
java.util.concurrent.ThreadPoolExecutor.runWorker(ThreadPoolExecutor.java:1149)	
java.util.concurrent.ThreadPoolExecutor$Worker.run(ThreadPoolExecutor.java:624)	
org.apache.tomcat.util.threads.TaskThread$WrappingRunnable.run(TaskThread.java:61)	
java.lang.Thread.run(Thread.java:748)	

2017-11-08 18:35:59 ERROR AccountDAO:582 - 2017-11-08 18:35:59.194||null||com.htc.airtime.dao.AccountDAO.checkLogin(AccountDAO.java:552)	
com.htc.airtime.servlet.auth.login.processRequest(login.java:75)	
com.htc.airtime.servlet.auth.login.doPost(login.java:127)	
javax.servlet.http.HttpServlet.service(HttpServlet.java:661)	
javax.servlet.http.HttpServlet.service(HttpServlet.java:742)	
org.apache.catalina.core.ApplicationFilterChain.internalDoFilter(ApplicationFilterChain.java:231)	
org.apache.catalina.core.ApplicationFilterChain.doFilter(ApplicationFilterChain.java:166)	
org.apache.tomcat.websocket.server.WsFilter.doFilter(WsFilter.java:52)	
org.apache.catalina.core.ApplicationFilterChain.internalDoFilter(ApplicationFilterChain.java:193)	
org.apache.catalina.core.ApplicationFilterChain.doFilter(ApplicationFilterChain.java:166)	
org.apache.catalina.core.StandardWrapperValve.invoke(StandardWrapperValve.java:199)	
org.apache.catalina.core.StandardContextValve.invoke(StandardContextValve.java:96)	
org.apache.catalina.authenticator.AuthenticatorBase.invoke(AuthenticatorBase.java:478)	
org.apache.catalina.core.StandardHostValve.invoke(StandardHostValve.java:140)	
org.apache.catalina.valves.ErrorReportValve.invoke(ErrorReportValve.java:81)	
org.apache.catalina.valves.AbstractAccessLogValve.invoke(AbstractAccessLogValve.java:650)	
org.apache.catalina.core.StandardEngineValve.invoke(StandardEngineValve.java:87)	
org.apache.catalina.connector.CoyoteAdapter.service(CoyoteAdapter.java:342)	
org.apache.coyote.http11.Http11Processor.service(Http11Processor.java:803)	
org.apache.coyote.AbstractProcessorLight.process(AbstractProcessorLight.java:66)	
org.apache.coyote.AbstractProtocol$ConnectionHandler.process(AbstractProtocol.java:868)	
org.apache.tomcat.util.net.NioEndpoint$SocketProcessor.doRun(NioEndpoint.java:1459)	
org.apache.tomcat.util.net.SocketProcessorBase.run(SocketProcessorBase.java:49)	
java.util.concurrent.ThreadPoolExecutor.runWorker(ThreadPoolExecutor.java:1149)	
java.util.concurrent.ThreadPoolExecutor$Worker.run(ThreadPoolExecutor.java:624)	
org.apache.tomcat.util.threads.TaskThread$WrappingRunnable.run(TaskThread.java:61)	
java.lang.Thread.run(Thread.java:748)	

2017-11-08 18:36:02 ERROR AccountDAO:582 - 2017-11-08 18:36:02.318||null||com.htc.airtime.dao.AccountDAO.checkLogin(AccountDAO.java:552)	
com.htc.airtime.servlet.auth.login.processRequest(login.java:75)	
com.htc.airtime.servlet.auth.login.doPost(login.java:127)	
javax.servlet.http.HttpServlet.service(HttpServlet.java:661)	
javax.servlet.http.HttpServlet.service(HttpServlet.java:742)	
org.apache.catalina.core.ApplicationFilterChain.internalDoFilter(ApplicationFilterChain.java:231)	
org.apache.catalina.core.ApplicationFilterChain.doFilter(ApplicationFilterChain.java:166)	
org.apache.tomcat.websocket.server.WsFilter.doFilter(WsFilter.java:52)	
org.apache.catalina.core.ApplicationFilterChain.internalDoFilter(ApplicationFilterChain.java:193)	
org.apache.catalina.core.ApplicationFilterChain.doFilter(ApplicationFilterChain.java:166)	
org.apache.catalina.core.StandardWrapperValve.invoke(StandardWrapperValve.java:199)	
org.apache.catalina.core.StandardContextValve.invoke(StandardContextValve.java:96)	
org.apache.catalina.authenticator.AuthenticatorBase.invoke(AuthenticatorBase.java:478)	
org.apache.catalina.core.StandardHostValve.invoke(StandardHostValve.java:140)	
org.apache.catalina.valves.ErrorReportValve.invoke(ErrorReportValve.java:81)	
org.apache.catalina.valves.AbstractAccessLogValve.invoke(AbstractAccessLogValve.java:650)	
org.apache.catalina.core.StandardEngineValve.invoke(StandardEngineValve.java:87)	
org.apache.catalina.connector.CoyoteAdapter.service(CoyoteAdapter.java:342)	
org.apache.coyote.http11.Http11Processor.service(Http11Processor.java:803)	
org.apache.coyote.AbstractProcessorLight.process(AbstractProcessorLight.java:66)	
org.apache.coyote.AbstractProtocol$ConnectionHandler.process(AbstractProtocol.java:868)	
org.apache.tomcat.util.net.NioEndpoint$SocketProcessor.doRun(NioEndpoint.java:1459)	
org.apache.tomcat.util.net.SocketProcessorBase.run(SocketProcessorBase.java:49)	
java.util.concurrent.ThreadPoolExecutor.runWorker(ThreadPoolExecutor.java:1149)	
java.util.concurrent.ThreadPoolExecutor$Worker.run(ThreadPoolExecutor.java:624)	
org.apache.tomcat.util.threads.TaskThread$WrappingRunnable.run(TaskThread.java:61)	
java.lang.Thread.run(Thread.java:748)	

2017-11-08 18:36:25 ERROR AccountDAO:582 - 2017-11-08 18:36:25.564||null||com.htc.airtime.dao.AccountDAO.checkLogin(AccountDAO.java:552)	
com.htc.airtime.servlet.auth.login.processRequest(login.java:75)	
com.htc.airtime.servlet.auth.login.doPost(login.java:127)	
javax.servlet.http.HttpServlet.service(HttpServlet.java:661)	
javax.servlet.http.HttpServlet.service(HttpServlet.java:742)	
org.apache.catalina.core.ApplicationFilterChain.internalDoFilter(ApplicationFilterChain.java:231)	
org.apache.catalina.core.ApplicationFilterChain.doFilter(ApplicationFilterChain.java:166)	
org.apache.tomcat.websocket.server.WsFilter.doFilter(WsFilter.java:52)	
org.apache.catalina.core.ApplicationFilterChain.internalDoFilter(ApplicationFilterChain.java:193)	
org.apache.catalina.core.ApplicationFilterChain.doFilter(ApplicationFilterChain.java:166)	
org.apache.catalina.core.StandardWrapperValve.invoke(StandardWrapperValve.java:199)	
org.apache.catalina.core.StandardContextValve.invoke(StandardContextValve.java:96)	
org.apache.catalina.authenticator.AuthenticatorBase.invoke(AuthenticatorBase.java:478)	
org.apache.catalina.core.StandardHostValve.invoke(StandardHostValve.java:140)	
org.apache.catalina.valves.ErrorReportValve.invoke(ErrorReportValve.java:81)	
org.apache.catalina.valves.AbstractAccessLogValve.invoke(AbstractAccessLogValve.java:650)	
org.apache.catalina.core.StandardEngineValve.invoke(StandardEngineValve.java:87)	
org.apache.catalina.connector.CoyoteAdapter.service(CoyoteAdapter.java:342)	
org.apache.coyote.http11.Http11Processor.service(Http11Processor.java:803)	
org.apache.coyote.AbstractProcessorLight.process(AbstractProcessorLight.java:66)	
org.apache.coyote.AbstractProtocol$ConnectionHandler.process(AbstractProtocol.java:868)	
org.apache.tomcat.util.net.NioEndpoint$SocketProcessor.doRun(NioEndpoint.java:1459)	
org.apache.tomcat.util.net.SocketProcessorBase.run(SocketProcessorBase.java:49)	
java.util.concurrent.ThreadPoolExecutor.runWorker(ThreadPoolExecutor.java:1149)	
java.util.concurrent.ThreadPoolExecutor$Worker.run(ThreadPoolExecutor.java:624)	
org.apache.tomcat.util.threads.TaskThread$WrappingRunnable.run(TaskThread.java:61)	
java.lang.Thread.run(Thread.java:748)	

2017-11-08 18:36:39 INFO  MyContext:102 - deregistering jdbc driver: com.mysql.jdbc.Driver@5ab653d7
2017-11-08 18:36:46 INFO  MyContext:115 - config.xml
2017-11-08 18:36:46 INFO  MyContext:122 - file config successfully processed
2017-11-08 18:36:46 INFO  MyContext:123 - get Config From ConfigurationManager
2017-11-08 18:36:46 ERROR AccountDAO:582 - 2017-11-08 18:36:46.423||null||com.htc.airtime.dao.AccountDAO.checkLogin(AccountDAO.java:552)	
com.htc.airtime.servlet.auth.login.processRequest(login.java:75)	
com.htc.airtime.servlet.auth.login.doPost(login.java:127)	
javax.servlet.http.HttpServlet.service(HttpServlet.java:661)	
javax.servlet.http.HttpServlet.service(HttpServlet.java:742)	
org.apache.catalina.core.ApplicationFilterChain.internalDoFilter(ApplicationFilterChain.java:231)	
org.apache.catalina.core.ApplicationFilterChain.doFilter(ApplicationFilterChain.java:166)	
org.apache.tomcat.websocket.server.WsFilter.doFilter(WsFilter.java:52)	
org.apache.catalina.core.ApplicationFilterChain.internalDoFilter(ApplicationFilterChain.java:193)	
org.apache.catalina.core.ApplicationFilterChain.doFilter(ApplicationFilterChain.java:166)	
org.apache.catalina.core.StandardWrapperValve.invoke(StandardWrapperValve.java:199)	
org.apache.catalina.core.StandardContextValve.invoke(StandardContextValve.java:96)	
org.apache.catalina.authenticator.AuthenticatorBase.invoke(AuthenticatorBase.java:478)	
org.apache.catalina.core.StandardHostValve.invoke(StandardHostValve.java:140)	
org.apache.catalina.valves.ErrorReportValve.invoke(ErrorReportValve.java:81)	
org.apache.catalina.valves.AbstractAccessLogValve.invoke(AbstractAccessLogValve.java:650)	
org.apache.catalina.core.StandardEngineValve.invoke(StandardEngineValve.java:87)	
org.apache.catalina.connector.CoyoteAdapter.service(CoyoteAdapter.java:342)	
org.apache.coyote.http11.Http11Processor.service(Http11Processor.java:803)	
org.apache.coyote.AbstractProcessorLight.process(AbstractProcessorLight.java:66)	
org.apache.coyote.AbstractProtocol$ConnectionHandler.process(AbstractProtocol.java:868)	
org.apache.tomcat.util.net.NioEndpoint$SocketProcessor.doRun(NioEndpoint.java:1459)	
org.apache.tomcat.util.net.SocketProcessorBase.run(SocketProcessorBase.java:49)	
java.util.concurrent.ThreadPoolExecutor.runWorker(ThreadPoolExecutor.java:1149)	
java.util.concurrent.ThreadPoolExecutor$Worker.run(ThreadPoolExecutor.java:624)	
org.apache.tomcat.util.threads.TaskThread$WrappingRunnable.run(TaskThread.java:61)	
java.lang.Thread.run(Thread.java:748)	

2017-11-08 18:37:12 ERROR AccountDAO:582 - 2017-11-08 18:37:12.964||null||com.htc.airtime.dao.AccountDAO.checkLogin(AccountDAO.java:552)	
com.htc.airtime.servlet.auth.login.processRequest(login.java:75)	
com.htc.airtime.servlet.auth.login.doPost(login.java:127)	
javax.servlet.http.HttpServlet.service(HttpServlet.java:661)	
javax.servlet.http.HttpServlet.service(HttpServlet.java:742)	
org.apache.catalina.core.ApplicationFilterChain.internalDoFilter(ApplicationFilterChain.java:231)	
org.apache.catalina.core.ApplicationFilterChain.doFilter(ApplicationFilterChain.java:166)	
org.apache.tomcat.websocket.server.WsFilter.doFilter(WsFilter.java:52)	
org.apache.catalina.core.ApplicationFilterChain.internalDoFilter(ApplicationFilterChain.java:193)	
org.apache.catalina.core.ApplicationFilterChain.doFilter(ApplicationFilterChain.java:166)	
org.apache.catalina.core.StandardWrapperValve.invoke(StandardWrapperValve.java:199)	
org.apache.catalina.core.StandardContextValve.invoke(StandardContextValve.java:96)	
org.apache.catalina.authenticator.AuthenticatorBase.invoke(AuthenticatorBase.java:478)	
org.apache.catalina.core.StandardHostValve.invoke(StandardHostValve.java:140)	
org.apache.catalina.valves.ErrorReportValve.invoke(ErrorReportValve.java:81)	
org.apache.catalina.valves.AbstractAccessLogValve.invoke(AbstractAccessLogValve.java:650)	
org.apache.catalina.core.StandardEngineValve.invoke(StandardEngineValve.java:87)	
org.apache.catalina.connector.CoyoteAdapter.service(CoyoteAdapter.java:342)	
org.apache.coyote.http11.Http11Processor.service(Http11Processor.java:803)	
org.apache.coyote.AbstractProcessorLight.process(AbstractProcessorLight.java:66)	
org.apache.coyote.AbstractProtocol$ConnectionHandler.process(AbstractProtocol.java:868)	
org.apache.tomcat.util.net.NioEndpoint$SocketProcessor.doRun(NioEndpoint.java:1459)	
org.apache.tomcat.util.net.SocketProcessorBase.run(SocketProcessorBase.java:49)	
java.util.concurrent.ThreadPoolExecutor.runWorker(ThreadPoolExecutor.java:1149)	
java.util.concurrent.ThreadPoolExecutor$Worker.run(ThreadPoolExecutor.java:624)	
org.apache.tomcat.util.threads.TaskThread$WrappingRunnable.run(TaskThread.java:61)	
java.lang.Thread.run(Thread.java:748)	

2017-11-08 18:37:15 INFO  MyContext:102 - deregistering jdbc driver: com.mysql.jdbc.Driver@3fb8d1e3
2017-11-08 18:37:18 INFO  MyContext:115 - config.xml
2017-11-08 18:37:18 INFO  MyContext:122 - file config successfully processed
2017-11-08 18:37:18 INFO  MyContext:123 - get Config From ConfigurationManager
2017-11-08 18:37:21 ERROR AccountDAO:582 - 2017-11-08 18:37:21.306||null||com.htc.airtime.dao.AccountDAO.checkLogin(AccountDAO.java:552)	
com.htc.airtime.servlet.auth.login.processRequest(login.java:75)	
com.htc.airtime.servlet.auth.login.doPost(login.java:127)	
javax.servlet.http.HttpServlet.service(HttpServlet.java:661)	
javax.servlet.http.HttpServlet.service(HttpServlet.java:742)	
org.apache.catalina.core.ApplicationFilterChain.internalDoFilter(ApplicationFilterChain.java:231)	
org.apache.catalina.core.ApplicationFilterChain.doFilter(ApplicationFilterChain.java:166)	
org.apache.tomcat.websocket.server.WsFilter.doFilter(WsFilter.java:52)	
org.apache.catalina.core.ApplicationFilterChain.internalDoFilter(ApplicationFilterChain.java:193)	
org.apache.catalina.core.ApplicationFilterChain.doFilter(ApplicationFilterChain.java:166)	
org.apache.catalina.core.StandardWrapperValve.invoke(StandardWrapperValve.java:199)	
org.apache.catalina.core.StandardContextValve.invoke(StandardContextValve.java:96)	
org.apache.catalina.authenticator.AuthenticatorBase.invoke(AuthenticatorBase.java:478)	
org.apache.catalina.core.StandardHostValve.invoke(StandardHostValve.java:140)	
org.apache.catalina.valves.ErrorReportValve.invoke(ErrorReportValve.java:81)	
org.apache.catalina.valves.AbstractAccessLogValve.invoke(AbstractAccessLogValve.java:650)	
org.apache.catalina.core.StandardEngineValve.invoke(StandardEngineValve.java:87)	
org.apache.catalina.connector.CoyoteAdapter.service(CoyoteAdapter.java:342)	
org.apache.coyote.http11.Http11Processor.service(Http11Processor.java:803)	
org.apache.coyote.AbstractProcessorLight.process(AbstractProcessorLight.java:66)	
org.apache.coyote.AbstractProtocol$ConnectionHandler.process(AbstractProtocol.java:868)	
org.apache.tomcat.util.net.NioEndpoint$SocketProcessor.doRun(NioEndpoint.java:1459)	
org.apache.tomcat.util.net.SocketProcessorBase.run(SocketProcessorBase.java:49)	
java.util.concurrent.ThreadPoolExecutor.runWorker(ThreadPoolExecutor.java:1149)	
java.util.concurrent.ThreadPoolExecutor$Worker.run(ThreadPoolExecutor.java:624)	
org.apache.tomcat.util.threads.TaskThread$WrappingRunnable.run(TaskThread.java:61)	
java.lang.Thread.run(Thread.java:748)	

2017-11-08 18:37:24 ERROR AccountDAO:582 - 2017-11-08 18:37:24.052||null||com.htc.airtime.dao.AccountDAO.checkLogin(AccountDAO.java:552)	
com.htc.airtime.servlet.auth.login.processRequest(login.java:75)	
com.htc.airtime.servlet.auth.login.doPost(login.java:127)	
javax.servlet.http.HttpServlet.service(HttpServlet.java:661)	
javax.servlet.http.HttpServlet.service(HttpServlet.java:742)	
org.apache.catalina.core.ApplicationFilterChain.internalDoFilter(ApplicationFilterChain.java:231)	
org.apache.catalina.core.ApplicationFilterChain.doFilter(ApplicationFilterChain.java:166)	
org.apache.tomcat.websocket.server.WsFilter.doFilter(WsFilter.java:52)	
org.apache.catalina.core.ApplicationFilterChain.internalDoFilter(ApplicationFilterChain.java:193)	
org.apache.catalina.core.ApplicationFilterChain.doFilter(ApplicationFilterChain.java:166)	
org.apache.catalina.core.StandardWrapperValve.invoke(StandardWrapperValve.java:199)	
org.apache.catalina.core.StandardContextValve.invoke(StandardContextValve.java:96)	
org.apache.catalina.authenticator.AuthenticatorBase.invoke(AuthenticatorBase.java:478)	
org.apache.catalina.core.StandardHostValve.invoke(StandardHostValve.java:140)	
org.apache.catalina.valves.ErrorReportValve.invoke(ErrorReportValve.java:81)	
org.apache.catalina.valves.AbstractAccessLogValve.invoke(AbstractAccessLogValve.java:650)	
org.apache.catalina.core.StandardEngineValve.invoke(StandardEngineValve.java:87)	
org.apache.catalina.connector.CoyoteAdapter.service(CoyoteAdapter.java:342)	
org.apache.coyote.http11.Http11Processor.service(Http11Processor.java:803)	
org.apache.coyote.AbstractProcessorLight.process(AbstractProcessorLight.java:66)	
org.apache.coyote.AbstractProtocol$ConnectionHandler.process(AbstractProtocol.java:868)	
org.apache.tomcat.util.net.NioEndpoint$SocketProcessor.doRun(NioEndpoint.java:1459)	
org.apache.tomcat.util.net.SocketProcessorBase.run(SocketProcessorBase.java:49)	
java.util.concurrent.ThreadPoolExecutor.runWorker(ThreadPoolExecutor.java:1149)	
java.util.concurrent.ThreadPoolExecutor$Worker.run(ThreadPoolExecutor.java:624)	
org.apache.tomcat.util.threads.TaskThread$WrappingRunnable.run(TaskThread.java:61)	
java.lang.Thread.run(Thread.java:748)	

2017-11-08 18:39:28 ERROR AccountDAO:582 - 2017-11-08 18:39:28.469||null||com.htc.airtime.dao.AccountDAO.checkLogin(AccountDAO.java:552)	
com.htc.airtime.servlet.auth.login.processRequest(login.java:75)	
com.htc.airtime.servlet.auth.login.doPost(login.java:127)	
javax.servlet.http.HttpServlet.service(HttpServlet.java:661)	
javax.servlet.http.HttpServlet.service(HttpServlet.java:742)	
org.apache.catalina.core.ApplicationFilterChain.internalDoFilter(ApplicationFilterChain.java:231)	
org.apache.catalina.core.ApplicationFilterChain.doFilter(ApplicationFilterChain.java:166)	
org.apache.tomcat.websocket.server.WsFilter.doFilter(WsFilter.java:52)	
org.apache.catalina.core.ApplicationFilterChain.internalDoFilter(ApplicationFilterChain.java:193)	
org.apache.catalina.core.ApplicationFilterChain.doFilter(ApplicationFilterChain.java:166)	
org.apache.catalina.core.StandardWrapperValve.invoke(StandardWrapperValve.java:199)	
org.apache.catalina.core.StandardContextValve.invoke(StandardContextValve.java:96)	
org.apache.catalina.authenticator.AuthenticatorBase.invoke(AuthenticatorBase.java:478)	
org.apache.catalina.core.StandardHostValve.invoke(StandardHostValve.java:140)	
org.apache.catalina.valves.ErrorReportValve.invoke(ErrorReportValve.java:81)	
org.apache.catalina.valves.AbstractAccessLogValve.invoke(AbstractAccessLogValve.java:650)	
org.apache.catalina.core.StandardEngineValve.invoke(StandardEngineValve.java:87)	
org.apache.catalina.connector.CoyoteAdapter.service(CoyoteAdapter.java:342)	
org.apache.coyote.http11.Http11Processor.service(Http11Processor.java:803)	
org.apache.coyote.AbstractProcessorLight.process(AbstractProcessorLight.java:66)	
org.apache.coyote.AbstractProtocol$ConnectionHandler.process(AbstractProtocol.java:868)	
org.apache.tomcat.util.net.NioEndpoint$SocketProcessor.doRun(NioEndpoint.java:1459)	
org.apache.tomcat.util.net.SocketProcessorBase.run(SocketProcessorBase.java:49)	
java.util.concurrent.ThreadPoolExecutor.runWorker(ThreadPoolExecutor.java:1149)	
java.util.concurrent.ThreadPoolExecutor$Worker.run(ThreadPoolExecutor.java:624)	
org.apache.tomcat.util.threads.TaskThread$WrappingRunnable.run(TaskThread.java:61)	
java.lang.Thread.run(Thread.java:748)	

2017-11-08 18:39:31 ERROR AccountDAO:582 - 2017-11-08 18:39:31.455||null||com.htc.airtime.dao.AccountDAO.checkLogin(AccountDAO.java:552)	
com.htc.airtime.servlet.auth.login.processRequest(login.java:75)	
com.htc.airtime.servlet.auth.login.doPost(login.java:127)	
javax.servlet.http.HttpServlet.service(HttpServlet.java:661)	
javax.servlet.http.HttpServlet.service(HttpServlet.java:742)	
org.apache.catalina.core.ApplicationFilterChain.internalDoFilter(ApplicationFilterChain.java:231)	
org.apache.catalina.core.ApplicationFilterChain.doFilter(ApplicationFilterChain.java:166)	
org.apache.tomcat.websocket.server.WsFilter.doFilter(WsFilter.java:52)	
org.apache.catalina.core.ApplicationFilterChain.internalDoFilter(ApplicationFilterChain.java:193)	
org.apache.catalina.core.ApplicationFilterChain.doFilter(ApplicationFilterChain.java:166)	
org.apache.catalina.core.StandardWrapperValve.invoke(StandardWrapperValve.java:199)	
org.apache.catalina.core.StandardContextValve.invoke(StandardContextValve.java:96)	
org.apache.catalina.authenticator.AuthenticatorBase.invoke(AuthenticatorBase.java:478)	
org.apache.catalina.core.StandardHostValve.invoke(StandardHostValve.java:140)	
org.apache.catalina.valves.ErrorReportValve.invoke(ErrorReportValve.java:81)	
org.apache.catalina.valves.AbstractAccessLogValve.invoke(AbstractAccessLogValve.java:650)	
org.apache.catalina.core.StandardEngineValve.invoke(StandardEngineValve.java:87)	
org.apache.catalina.connector.CoyoteAdapter.service(CoyoteAdapter.java:342)	
org.apache.coyote.http11.Http11Processor.service(Http11Processor.java:803)	
org.apache.coyote.AbstractProcessorLight.process(AbstractProcessorLight.java:66)	
org.apache.coyote.AbstractProtocol$ConnectionHandler.process(AbstractProtocol.java:868)	
org.apache.tomcat.util.net.NioEndpoint$SocketProcessor.doRun(NioEndpoint.java:1459)	
org.apache.tomcat.util.net.SocketProcessorBase.run(SocketProcessorBase.java:49)	
java.util.concurrent.ThreadPoolExecutor.runWorker(ThreadPoolExecutor.java:1149)	
java.util.concurrent.ThreadPoolExecutor$Worker.run(ThreadPoolExecutor.java:624)	
org.apache.tomcat.util.threads.TaskThread$WrappingRunnable.run(TaskThread.java:61)	
java.lang.Thread.run(Thread.java:748)	

2017-11-08 19:08:39 INFO  MyContext:102 - deregistering jdbc driver: com.mysql.jdbc.Driver@3fb8d1e3
2017-11-08 19:08:40 INFO  MyContext:115 - config.xml
2017-11-08 19:08:40 INFO  MyContext:122 - file config successfully processed
2017-11-08 19:08:40 INFO  MyContext:123 - get Config From ConfigurationManager
2017-11-08 19:08:59 INFO  MyContext:115 - config.xml
2017-11-08 19:08:59 INFO  MyContext:122 - file config successfully processed
2017-11-08 19:08:59 INFO  MyContext:123 - get Config From ConfigurationManager
