2017-11-10 10:46:50 INFO  MyContext:115 - config.xml
2017-11-10 10:46:50 INFO  MyContext:122 - file config successfully processed
2017-11-10 10:46:50 INFO  MyContext:123 - get Config From ConfigurationManager
2017-11-10 10:59:45 INFO  MyContext:102 - deregistering jdbc driver: com.mysql.jdbc.Driver@51f6b423
2017-11-10 11:01:18 INFO  MyContext:115 - config.xml
2017-11-10 11:01:18 INFO  MyContext:122 - file config successfully processed
2017-11-10 11:01:18 INFO  MyContext:123 - get Config From ConfigurationManager
2017-11-10 11:01:26 ERROR AccountDAO:582 - 2017-11-10 11:01:26.089||null||com.htc.airtime.dao.AccountDAO.checkLogin(AccountDAO.java:552)	
com.htc.airtime.servlet.auth.login.processRequest(login.java:68)	
com.htc.airtime.servlet.auth.login.doPost(login.java:118)	
javax.servlet.http.HttpServlet.service(HttpServlet.java:661)	
javax.servlet.http.HttpServlet.service(HttpServlet.java:742)	
org.apache.catalina.core.ApplicationFilterChain.internalDoFilter(ApplicationFilterChain.java:231)	
org.apache.catalina.core.ApplicationFilterChain.doFilter(ApplicationFilterChain.java:166)	
org.apache.tomcat.websocket.server.WsFilter.doFilter(WsFilter.java:52)	
org.apache.catalina.core.ApplicationFilterChain.internalDoFilter(ApplicationFilterChain.java:193)	
org.apache.catalina.core.ApplicationFilterChain.doFilter(ApplicationFilterChain.java:166)	
org.apache.catalina.core.StandardWrapperValve.invoke(StandardWrapperValve.java:199)	
org.apache.catalina.core.StandardContextValve.invoke(StandardContextValve.java:96)	
org.apache.catalina.authenticator.AuthenticatorBase.invoke(AuthenticatorBase.java:478)	
org.apache.catalina.core.StandardHostValve.invoke(StandardHostValve.java:140)	
org.apache.catalina.valves.ErrorReportValve.invoke(ErrorReportValve.java:81)	
org.apache.catalina.valves.AbstractAccessLogValve.invoke(AbstractAccessLogValve.java:650)	
org.apache.catalina.core.StandardEngineValve.invoke(StandardEngineValve.java:87)	
org.apache.catalina.connector.CoyoteAdapter.service(CoyoteAdapter.java:342)	
org.apache.coyote.http11.Http11Processor.service(Http11Processor.java:803)	
org.apache.coyote.AbstractProcessorLight.process(AbstractProcessorLight.java:66)	
org.apache.coyote.AbstractProtocol$ConnectionHandler.process(AbstractProtocol.java:868)	
org.apache.tomcat.util.net.NioEndpoint$SocketProcessor.doRun(NioEndpoint.java:1459)	
org.apache.tomcat.util.net.SocketProcessorBase.run(SocketProcessorBase.java:49)	
java.util.concurrent.ThreadPoolExecutor.runWorker(ThreadPoolExecutor.java:1149)	
java.util.concurrent.ThreadPoolExecutor$Worker.run(ThreadPoolExecutor.java:624)	
org.apache.tomcat.util.threads.TaskThread$WrappingRunnable.run(TaskThread.java:61)	
java.lang.Thread.run(Thread.java:748)	

2017-11-10 11:01:29 ERROR AccountDAO:582 - 2017-11-10 11:01:29.352||null||com.htc.airtime.dao.AccountDAO.checkLogin(AccountDAO.java:552)	
com.htc.airtime.servlet.auth.login.processRequest(login.java:68)	
com.htc.airtime.servlet.auth.login.doPost(login.java:118)	
javax.servlet.http.HttpServlet.service(HttpServlet.java:661)	
javax.servlet.http.HttpServlet.service(HttpServlet.java:742)	
org.apache.catalina.core.ApplicationFilterChain.internalDoFilter(ApplicationFilterChain.java:231)	
org.apache.catalina.core.ApplicationFilterChain.doFilter(ApplicationFilterChain.java:166)	
org.apache.tomcat.websocket.server.WsFilter.doFilter(WsFilter.java:52)	
org.apache.catalina.core.ApplicationFilterChain.internalDoFilter(ApplicationFilterChain.java:193)	
org.apache.catalina.core.ApplicationFilterChain.doFilter(ApplicationFilterChain.java:166)	
org.apache.catalina.core.StandardWrapperValve.invoke(StandardWrapperValve.java:199)	
org.apache.catalina.core.StandardContextValve.invoke(StandardContextValve.java:96)	
org.apache.catalina.authenticator.AuthenticatorBase.invoke(AuthenticatorBase.java:478)	
org.apache.catalina.core.StandardHostValve.invoke(StandardHostValve.java:140)	
org.apache.catalina.valves.ErrorReportValve.invoke(ErrorReportValve.java:81)	
org.apache.catalina.valves.AbstractAccessLogValve.invoke(AbstractAccessLogValve.java:650)	
org.apache.catalina.core.StandardEngineValve.invoke(StandardEngineValve.java:87)	
org.apache.catalina.connector.CoyoteAdapter.service(CoyoteAdapter.java:342)	
org.apache.coyote.http11.Http11Processor.service(Http11Processor.java:803)	
org.apache.coyote.AbstractProcessorLight.process(AbstractProcessorLight.java:66)	
org.apache.coyote.AbstractProtocol$ConnectionHandler.process(AbstractProtocol.java:868)	
org.apache.tomcat.util.net.NioEndpoint$SocketProcessor.doRun(NioEndpoint.java:1459)	
org.apache.tomcat.util.net.SocketProcessorBase.run(SocketProcessorBase.java:49)	
java.util.concurrent.ThreadPoolExecutor.runWorker(ThreadPoolExecutor.java:1149)	
java.util.concurrent.ThreadPoolExecutor$Worker.run(ThreadPoolExecutor.java:624)	
org.apache.tomcat.util.threads.TaskThread$WrappingRunnable.run(TaskThread.java:61)	
java.lang.Thread.run(Thread.java:748)	

2017-11-10 11:02:32 INFO  MyContext:102 - deregistering jdbc driver: com.mysql.jdbc.Driver@5d360c20
2017-11-10 11:02:35 INFO  MyContext:115 - config.xml
2017-11-10 11:02:35 INFO  MyContext:122 - file config successfully processed
2017-11-10 11:02:35 INFO  MyContext:123 - get Config From ConfigurationManager
2017-11-10 13:03:21 INFO  MyContext:102 - deregistering jdbc driver: com.mysql.jdbc.Driver@5d360c20
2017-11-10 13:13:13 INFO  MyContext:115 - config.xml
2017-11-10 13:13:13 INFO  MyContext:122 - file config successfully processed
2017-11-10 13:13:13 INFO  MyContext:123 - get Config From ConfigurationManager
2017-11-10 16:58:04 INFO  MyContext:102 - deregistering jdbc driver: com.mysql.jdbc.Driver@5d360c20
