2017-11-24 11:03:56 INFO  air_time:885 - air_time: Getting connection (user/password): jdbc:mysql://10.58.98.53:3307/htc_payment?useUnicode=true&characterEncoding=UTF-8
2017-11-24 11:03:56 INFO  air_time:885 - air_time: Created a new connection
2017-11-24 11:03:56 DEBUG air_time:910 - air_time: Checkout - 1/1 (HitRate=97.99035%)
2017-11-24 11:03:56 DEBUG air_time:910 - air_time: Checkin  - 0/1
2017-11-24 11:03:56 DEBUG air_time:910 - air_time: Checkout - 1/1 (HitRate=97.99197%)
2017-11-24 11:03:56 DEBUG air_time:910 - air_time: Checkin  - 0/1
2017-11-24 11:03:58 DEBUG air_time:910 - air_time: Checkout - 1/1 (HitRate=97.993576%)
2017-11-24 11:03:58 DEBUG air_time:910 - air_time: Checkin  - 0/1
2017-11-24 11:04:01 DEBUG air_time:910 - air_time: Checkout - 1/1 (HitRate=97.995186%)
2017-11-24 11:04:01 DEBUG air_time:910 - air_time: Checkin  - 0/1
2017-11-24 11:04:17 DEBUG air_time:910 - air_time: Checkout - 1/1 (HitRate=97.996796%)
2017-11-24 11:04:17 DEBUG air_time:910 - air_time: Checkin  - 0/1
2017-11-24 11:05:31 DEBUG air_time:910 - air_time: Checkout - 1/1 (HitRate=97.9984%)
2017-11-24 11:05:31 DEBUG air_time:910 - air_time: Checkin  - 0/1
2017-11-24 11:05:54 DEBUG air_time:910 - air_time: Checkout - 1/1 (HitRate=98.0%)
2017-11-24 11:05:54 DEBUG air_time:910 - air_time: Checkin  - 0/1
2017-11-24 11:07:35 DEBUG air_time:910 - air_time: Checkout - 1/1 (HitRate=98.0016%)
2017-11-24 11:07:35 DEBUG air_time:910 - air_time: Checkin  - 0/1
2017-11-24 11:07:46 DEBUG air_time:910 - air_time: Checkout - 1/1 (HitRate=98.0032%)
2017-11-24 11:07:46 DEBUG air_time:910 - air_time: Checkin  - 0/1
2017-11-24 11:07:49 DEBUG air_time:910 - air_time: Checkout - 1/1 (HitRate=98.00479%)
2017-11-24 11:07:49 DEBUG air_time:910 - air_time: Checkin  - 0/1
2017-11-24 11:07:50 DEBUG air_time:910 - air_time: Checkout - 1/1 (HitRate=98.00638%)
2017-11-24 11:07:50 DEBUG air_time:910 - air_time: Checkin  - 0/1
2017-11-24 11:07:56 DEBUG air_time:910 - air_time: Checkout - 1/1 (HitRate=98.00797%)
2017-11-24 11:07:56 DEBUG air_time:910 - air_time: Checkin  - 0/1
2017-11-24 11:07:57 DEBUG air_time:910 - air_time: Checkout - 1/1 (HitRate=98.00956%)
2017-11-24 11:07:57 DEBUG air_time:910 - air_time: Checkin  - 0/1
2017-11-24 11:08:19 DEBUG air_time:910 - air_time: Checkout - 1/1 (HitRate=98.01114%)
2017-11-24 11:08:19 DEBUG air_time:910 - air_time: Checkin  - 0/1
2017-11-24 11:11:21 INFO  air_time:885 - air_time: Destroyed connection
2017-11-24 14:23:12 INFO  air_time:885 - air_time: Getting connection (user/password): jdbc:mysql://10.58.98.53:3307/htc_payment?useUnicode=true&characterEncoding=UTF-8
2017-11-24 14:23:12 INFO  air_time:885 - air_time: Created a new connection
2017-11-24 14:23:12 DEBUG air_time:910 - air_time: Checkout - 1/1 (HitRate=97.93323%)
2017-11-24 14:23:12 DEBUG air_time:910 - air_time: Checkin  - 0/1
2017-11-24 14:23:12 DEBUG air_time:910 - air_time: Checkout - 1/1 (HitRate=97.934875%)
2017-11-24 14:23:12 DEBUG air_time:910 - air_time: Checkin  - 0/1
2017-11-24 14:23:13 DEBUG air_time:910 - air_time: Checkout - 1/1 (HitRate=97.93651%)
2017-11-24 14:23:13 DEBUG air_time:910 - air_time: Checkin  - 0/1
2017-11-24 14:23:22 DEBUG air_time:910 - air_time: Checkout - 1/1 (HitRate=97.93814%)
2017-11-24 14:23:22 DEBUG air_time:910 - air_time: Checkin  - 0/1
2017-11-24 14:23:49 DEBUG air_time:910 - air_time: Checkout - 1/1 (HitRate=97.93977%)
2017-11-24 14:23:49 DEBUG air_time:910 - air_time: Checkin  - 0/1
2017-11-24 14:23:49 DEBUG air_time:910 - air_time: Checkout - 1/1 (HitRate=97.941414%)
2017-11-24 14:23:49 DEBUG air_time:910 - air_time: Checkin  - 0/1
2017-11-24 14:23:49 DEBUG air_time:910 - air_time: Checkout - 1/1 (HitRate=97.94304%)
2017-11-24 14:23:49 DEBUG air_time:910 - air_time: Checkin  - 0/1
2017-11-24 14:23:49 DEBUG air_time:910 - air_time: Checkout - 1/1 (HitRate=97.944664%)
2017-11-24 14:23:49 DEBUG air_time:910 - air_time: Checkin  - 0/1
2017-11-24 14:23:51 DEBUG air_time:910 - air_time: Checkout - 1/1 (HitRate=97.94629%)
2017-11-24 14:23:51 DEBUG air_time:910 - air_time: Checkin  - 0/1
2017-11-24 14:23:51 DEBUG air_time:910 - air_time: Checkout - 1/1 (HitRate=97.94791%)
2017-11-24 14:23:51 DEBUG air_time:910 - air_time: Checkin  - 0/1
2017-11-24 14:23:51 DEBUG air_time:910 - air_time: Checkout - 1/1 (HitRate=97.94953%)
2017-11-24 14:23:51 DEBUG air_time:910 - air_time: Checkin  - 0/1
2017-11-24 14:23:51 DEBUG air_time:910 - air_time: Checkout - 1/1 (HitRate=97.95114%)
2017-11-24 14:23:51 DEBUG air_time:910 - air_time: Checkin  - 0/1
2017-11-24 14:23:55 DEBUG air_time:910 - air_time: Checkout - 1/1 (HitRate=97.95275%)
2017-11-24 14:23:55 DEBUG air_time:910 - air_time: Checkin  - 0/1
2017-11-24 14:23:55 DEBUG air_time:910 - air_time: Checkout - 1/1 (HitRate=97.95437%)
2017-11-24 14:23:55 DEBUG air_time:910 - air_time: Checkin  - 0/1
2017-11-24 14:23:55 DEBUG air_time:910 - air_time: Checkout - 1/1 (HitRate=97.95597%)
2017-11-24 14:23:55 DEBUG air_time:910 - air_time: Checkin  - 0/1
2017-11-24 14:23:55 DEBUG air_time:910 - air_time: Checkout - 1/1 (HitRate=97.95758%)
2017-11-24 14:23:55 DEBUG air_time:910 - air_time: Checkin  - 0/1
2017-11-24 14:26:57 INFO  air_time:885 - air_time: Destroyed connection
