09-Dec-2017 09:03:00.967 WARNING [ContainerBackgroundProcessor[StandardEngine[Catalina]]] org.apache.catalina.core.StandardContext.backgroundProcess Exception processing loader [WebappLoader[]] background process
 java.lang.IllegalStateException: java.io.FileNotFoundException: /work/webroot/CmsAirTime/WEB-INF/lib/poi-examples-3.9.jar (No such file or directory)
	at org.apache.catalina.webresources.AbstractSingleArchiveResourceSet.getArchiveEntry(AbstractSingleArchiveResourceSet.java:97)
	at org.apache.catalina.webresources.AbstractArchiveResourceSet.getResource(AbstractArchiveResourceSet.java:260)
	at org.apache.catalina.webresources.StandardRoot.getResourceInternal(StandardRoot.java:281)
	at org.apache.catalina.webresources.Cache.getResource(Cache.java:62)
	at org.apache.catalina.webresources.StandardRoot.getResource(StandardRoot.java:216)
	at org.apache.catalina.webresources.StandardRoot.getClassLoaderResource(StandardRoot.java:225)
	at org.apache.catalina.loader.WebappClassLoaderBase.modified(WebappClassLoaderBase.java:686)
	at org.apache.catalina.loader.WebappLoader.modified(WebappLoader.java:343)
	at org.apache.catalina.loader.WebappLoader.backgroundProcess(WebappLoader.java:287)
	at org.apache.catalina.core.StandardContext.backgroundProcess(StandardContext.java:5563)
	at org.apache.catalina.core.ContainerBase$ContainerBackgroundProcessor.processChildren(ContainerBase.java:1388)
	at org.apache.catalina.core.ContainerBase$ContainerBackgroundProcessor.processChildren(ContainerBase.java:1392)
	at org.apache.catalina.core.ContainerBase$ContainerBackgroundProcessor.processChildren(ContainerBase.java:1392)
	at org.apache.catalina.core.ContainerBase$ContainerBackgroundProcessor.run(ContainerBase.java:1360)
	at java.lang.Thread.run(Thread.java:748)
Caused by: java.io.FileNotFoundException: /work/webroot/CmsAirTime/WEB-INF/lib/poi-examples-3.9.jar (No such file or directory)
	at java.util.zip.ZipFile.open(Native Method)
	at java.util.zip.ZipFile.<init>(ZipFile.java:225)
	at java.util.zip.ZipFile.<init>(ZipFile.java:155)
	at java.util.jar.JarFile.<init>(JarFile.java:166)
	at java.util.jar.JarFile.<init>(JarFile.java:103)
	at org.apache.catalina.webresources.AbstractArchiveResourceSet.openJarFile(AbstractArchiveResourceSet.java:308)
	at org.apache.catalina.webresources.AbstractSingleArchiveResourceSet.getArchiveEntry(AbstractSingleArchiveResourceSet.java:93)
	... 14 more

09-Dec-2017 09:03:10.969 WARNING [ContainerBackgroundProcessor[StandardEngine[Catalina]]] org.apache.catalina.core.StandardContext.backgroundProcess Exception processing loader [WebappLoader[]] background process
 java.lang.IllegalStateException: java.io.FileNotFoundException: /work/webroot/CmsAirTime/WEB-INF/lib/poi-examples-3.9.jar (No such file or directory)
	at org.apache.catalina.webresources.AbstractSingleArchiveResourceSet.getArchiveEntry(AbstractSingleArchiveResourceSet.java:97)
	at org.apache.catalina.webresources.AbstractArchiveResourceSet.getResource(AbstractArchiveResourceSet.java:260)
	at org.apache.catalina.webresources.StandardRoot.getResourceInternal(StandardRoot.java:281)
	at org.apache.catalina.webresources.Cache.getResource(Cache.java:62)
	at org.apache.catalina.webresources.StandardRoot.getResource(StandardRoot.java:216)
	at org.apache.catalina.webresources.StandardRoot.getClassLoaderResource(StandardRoot.java:225)
	at org.apache.catalina.loader.WebappClassLoaderBase.modified(WebappClassLoaderBase.java:686)
	at org.apache.catalina.loader.WebappLoader.modified(WebappLoader.java:343)
	at org.apache.catalina.loader.WebappLoader.backgroundProcess(WebappLoader.java:287)
	at org.apache.catalina.core.StandardContext.backgroundProcess(StandardContext.java:5563)
	at org.apache.catalina.core.ContainerBase$ContainerBackgroundProcessor.processChildren(ContainerBase.java:1388)
	at org.apache.catalina.core.ContainerBase$ContainerBackgroundProcessor.processChildren(ContainerBase.java:1392)
	at org.apache.catalina.core.ContainerBase$ContainerBackgroundProcessor.processChildren(ContainerBase.java:1392)
	at org.apache.catalina.core.ContainerBase$ContainerBackgroundProcessor.run(ContainerBase.java:1360)
	at java.lang.Thread.run(Thread.java:748)
Caused by: java.io.FileNotFoundException: /work/webroot/CmsAirTime/WEB-INF/lib/poi-examples-3.9.jar (No such file or directory)
	at java.util.zip.ZipFile.open(Native Method)
	at java.util.zip.ZipFile.<init>(ZipFile.java:225)
	at java.util.zip.ZipFile.<init>(ZipFile.java:155)
	at java.util.jar.JarFile.<init>(JarFile.java:166)
	at java.util.jar.JarFile.<init>(JarFile.java:103)
	at org.apache.catalina.webresources.AbstractArchiveResourceSet.openJarFile(AbstractArchiveResourceSet.java:308)
	at org.apache.catalina.webresources.AbstractSingleArchiveResourceSet.getArchiveEntry(AbstractSingleArchiveResourceSet.java:93)
	... 14 more

09-Dec-2017 09:03:20.970 WARNING [ContainerBackgroundProcessor[StandardEngine[Catalina]]] org.apache.catalina.core.StandardContext.backgroundProcess Exception processing loader [WebappLoader[]] background process
 java.lang.IllegalStateException: java.io.FileNotFoundException: /work/webroot/CmsAirTime/WEB-INF/lib/poi-examples-3.9.jar (No such file or directory)
	at org.apache.catalina.webresources.AbstractSingleArchiveResourceSet.getArchiveEntry(AbstractSingleArchiveResourceSet.java:97)
	at org.apache.catalina.webresources.AbstractArchiveResourceSet.getResource(AbstractArchiveResourceSet.java:260)
	at org.apache.catalina.webresources.StandardRoot.getResourceInternal(StandardRoot.java:281)
	at org.apache.catalina.webresources.Cache.getResource(Cache.java:62)
	at org.apache.catalina.webresources.StandardRoot.getResource(StandardRoot.java:216)
	at org.apache.catalina.webresources.StandardRoot.getClassLoaderResource(StandardRoot.java:225)
	at org.apache.catalina.loader.WebappClassLoaderBase.modified(WebappClassLoaderBase.java:686)
	at org.apache.catalina.loader.WebappLoader.modified(WebappLoader.java:343)
	at org.apache.catalina.loader.WebappLoader.backgroundProcess(WebappLoader.java:287)
	at org.apache.catalina.core.StandardContext.backgroundProcess(StandardContext.java:5563)
	at org.apache.catalina.core.ContainerBase$ContainerBackgroundProcessor.processChildren(ContainerBase.java:1388)
	at org.apache.catalina.core.ContainerBase$ContainerBackgroundProcessor.processChildren(ContainerBase.java:1392)
	at org.apache.catalina.core.ContainerBase$ContainerBackgroundProcessor.processChildren(ContainerBase.java:1392)
	at org.apache.catalina.core.ContainerBase$ContainerBackgroundProcessor.run(ContainerBase.java:1360)
	at java.lang.Thread.run(Thread.java:748)
Caused by: java.io.FileNotFoundException: /work/webroot/CmsAirTime/WEB-INF/lib/poi-examples-3.9.jar (No such file or directory)
	at java.util.zip.ZipFile.open(Native Method)
	at java.util.zip.ZipFile.<init>(ZipFile.java:225)
	at java.util.zip.ZipFile.<init>(ZipFile.java:155)
	at java.util.jar.JarFile.<init>(JarFile.java:166)
	at java.util.jar.JarFile.<init>(JarFile.java:103)
	at org.apache.catalina.webresources.AbstractArchiveResourceSet.openJarFile(AbstractArchiveResourceSet.java:308)
	at org.apache.catalina.webresources.AbstractSingleArchiveResourceSet.getArchiveEntry(AbstractSingleArchiveResourceSet.java:93)
	... 14 more

09-Dec-2017 09:03:30.972 WARNING [ContainerBackgroundProcessor[StandardEngine[Catalina]]] org.apache.catalina.core.StandardContext.backgroundProcess Exception processing loader [WebappLoader[]] background process
 java.lang.IllegalStateException: java.io.FileNotFoundException: /work/webroot/CmsAirTime/WEB-INF/lib/poi-examples-3.9.jar (No such file or directory)
	at org.apache.catalina.webresources.AbstractSingleArchiveResourceSet.getArchiveEntry(AbstractSingleArchiveResourceSet.java:97)
	at org.apache.catalina.webresources.AbstractArchiveResourceSet.getResource(AbstractArchiveResourceSet.java:260)
	at org.apache.catalina.webresources.StandardRoot.getResourceInternal(StandardRoot.java:281)
	at org.apache.catalina.webresources.Cache.getResource(Cache.java:62)
	at org.apache.catalina.webresources.StandardRoot.getResource(StandardRoot.java:216)
	at org.apache.catalina.webresources.StandardRoot.getClassLoaderResource(StandardRoot.java:225)
	at org.apache.catalina.loader.WebappClassLoaderBase.modified(WebappClassLoaderBase.java:686)
	at org.apache.catalina.loader.WebappLoader.modified(WebappLoader.java:343)
	at org.apache.catalina.loader.WebappLoader.backgroundProcess(WebappLoader.java:287)
	at org.apache.catalina.core.StandardContext.backgroundProcess(StandardContext.java:5563)
	at org.apache.catalina.core.ContainerBase$ContainerBackgroundProcessor.processChildren(ContainerBase.java:1388)
	at org.apache.catalina.core.ContainerBase$ContainerBackgroundProcessor.processChildren(ContainerBase.java:1392)
	at org.apache.catalina.core.ContainerBase$ContainerBackgroundProcessor.processChildren(ContainerBase.java:1392)
	at org.apache.catalina.core.ContainerBase$ContainerBackgroundProcessor.run(ContainerBase.java:1360)
	at java.lang.Thread.run(Thread.java:748)
Caused by: java.io.FileNotFoundException: /work/webroot/CmsAirTime/WEB-INF/lib/poi-examples-3.9.jar (No such file or directory)
	at java.util.zip.ZipFile.open(Native Method)
	at java.util.zip.ZipFile.<init>(ZipFile.java:225)
	at java.util.zip.ZipFile.<init>(ZipFile.java:155)
	at java.util.jar.JarFile.<init>(JarFile.java:166)
	at java.util.jar.JarFile.<init>(JarFile.java:103)
	at org.apache.catalina.webresources.AbstractArchiveResourceSet.openJarFile(AbstractArchiveResourceSet.java:308)
	at org.apache.catalina.webresources.AbstractSingleArchiveResourceSet.getArchiveEntry(AbstractSingleArchiveResourceSet.java:93)
	... 14 more

09-Dec-2017 09:03:40.977 INFO [ContainerBackgroundProcessor[StandardEngine[Catalina]]] org.apache.catalina.core.StandardContext.reload Reloading Context with name [] has started
09-Dec-2017 09:03:41.003 WARNING [ContainerBackgroundProcessor[StandardEngine[Catalina]]] org.apache.catalina.loader.WebappClassLoaderBase.clearReferencesThreads The web application [ROOT] appears to have started a thread named [Thread-6] but has failed to stop it. This is very likely to create a memory leak. Stack trace of thread:
 java.lang.Thread.sleep(Native Method)
 org.jconfig.FileWatcher.run(FileWatcher.java:105)
 java.lang.Thread.run(Thread.java:748)
09-Dec-2017 09:03:41.702 SEVERE [ContainerBackgroundProcessor[StandardEngine[Catalina]]] org.apache.catalina.core.StandardContext.startInternal One or more listeners failed to start. Full details will be found in the appropriate container log file
09-Dec-2017 09:03:41.933 SEVERE [ContainerBackgroundProcessor[StandardEngine[Catalina]]] org.apache.catalina.core.StandardContext.startInternal Context [] startup failed due to previous errors
09-Dec-2017 09:03:41.939 INFO [ContainerBackgroundProcessor[StandardEngine[Catalina]]] org.apache.catalina.core.StandardContext.reload Reloading Context with name [] is completed
09-Dec-2017 09:03:47.714 INFO [Thread-6] org.apache.catalina.loader.WebappClassLoaderBase.checkStateForResourceLoading Illegal access: this web application instance has been stopped already. Could not load [org.jconfig.event.FileListenerEvent]. The following stack trace is thrown for debugging purposes as well as to attempt to terminate the thread which caused the illegal access.
 java.lang.IllegalStateException: Illegal access: this web application instance has been stopped already. Could not load [org.jconfig.event.FileListenerEvent]. The following stack trace is thrown for debugging purposes as well as to attempt to terminate the thread which caused the illegal access.
	at org.apache.catalina.loader.WebappClassLoaderBase.checkStateForResourceLoading(WebappClassLoaderBase.java:1311)
	at org.apache.catalina.loader.WebappClassLoaderBase.checkStateForClassLoading(WebappClassLoaderBase.java:1299)
	at org.apache.catalina.loader.WebappClassLoaderBase.loadClass(WebappClassLoaderBase.java:1158)
	at org.apache.catalina.loader.WebappClassLoaderBase.loadClass(WebappClassLoaderBase.java:1119)
	at org.jconfig.FileWatcher.checkFile(FileWatcher.java:142)
	at org.jconfig.FileWatcher.run(FileWatcher.java:110)
	at java.lang.Thread.run(Thread.java:748)

09-Dec-2017 09:04:05.230 INFO [Thread-12] org.apache.coyote.AbstractProtocol.pause Pausing ProtocolHandler ["http-nio-8586"]
09-Dec-2017 09:04:05.283 INFO [Thread-12] org.apache.coyote.AbstractProtocol.pause Pausing ProtocolHandler ["ajp-nio-8010"]
09-Dec-2017 09:04:05.335 INFO [Thread-12] org.apache.catalina.core.StandardService.stopInternal Stopping service [Catalina]
09-Dec-2017 09:04:05.353 INFO [Thread-12] org.apache.coyote.AbstractProtocol.stop Stopping ProtocolHandler ["http-nio-8586"]
09-Dec-2017 09:04:05.355 INFO [Thread-12] org.apache.coyote.AbstractProtocol.stop Stopping ProtocolHandler ["ajp-nio-8010"]
09-Dec-2017 09:04:05.357 INFO [Thread-12] org.apache.coyote.AbstractProtocol.destroy Destroying ProtocolHandler ["http-nio-8586"]
09-Dec-2017 09:04:05.358 INFO [Thread-12] org.apache.coyote.AbstractProtocol.destroy Destroying ProtocolHandler ["ajp-nio-8010"]
09-Dec-2017 09:04:06.447 INFO [main] org.apache.catalina.startup.VersionLoggerListener.log Server version:        Apache Tomcat/8.5.23
09-Dec-2017 09:04:06.450 INFO [main] org.apache.catalina.startup.VersionLoggerListener.log Server built:          Sep 28 2017 10:30:11 UTC
09-Dec-2017 09:04:06.450 INFO [main] org.apache.catalina.startup.VersionLoggerListener.log Server number:         8.5.23.0
09-Dec-2017 09:04:06.451 INFO [main] org.apache.catalina.startup.VersionLoggerListener.log OS Name:               Linux
09-Dec-2017 09:04:06.451 INFO [main] org.apache.catalina.startup.VersionLoggerListener.log OS Version:            3.10.0-693.2.2.el7.x86_64
09-Dec-2017 09:04:06.451 INFO [main] org.apache.catalina.startup.VersionLoggerListener.log Architecture:          amd64
09-Dec-2017 09:04:06.451 INFO [main] org.apache.catalina.startup.VersionLoggerListener.log Java Home:             /opt/jdk1.8.0_144/jre
09-Dec-2017 09:04:06.451 INFO [main] org.apache.catalina.startup.VersionLoggerListener.log JVM Version:           1.8.0_144-b01
09-Dec-2017 09:04:06.451 INFO [main] org.apache.catalina.startup.VersionLoggerListener.log JVM Vendor:            Oracle Corporation
09-Dec-2017 09:04:06.451 INFO [main] org.apache.catalina.startup.VersionLoggerListener.log CATALINA_BASE:         /work/webserver/tomcat-cmsAirTime-8.5.23
09-Dec-2017 09:04:06.451 INFO [main] org.apache.catalina.startup.VersionLoggerListener.log CATALINA_HOME:         /work/webserver/tomcat-cmsAirTime-8.5.23
09-Dec-2017 09:04:06.452 INFO [main] org.apache.catalina.startup.VersionLoggerListener.log Command line argument: -Djava.util.logging.config.file=/work/webserver/tomcat-cmsAirTime-8.5.23/conf/logging.properties
09-Dec-2017 09:04:06.452 INFO [main] org.apache.catalina.startup.VersionLoggerListener.log Command line argument: -Djava.util.logging.manager=org.apache.juli.ClassLoaderLogManager
09-Dec-2017 09:04:06.452 INFO [main] org.apache.catalina.startup.VersionLoggerListener.log Command line argument: -Djdk.tls.ephemeralDHKeySize=2048
09-Dec-2017 09:04:06.452 INFO [main] org.apache.catalina.startup.VersionLoggerListener.log Command line argument: -Djava.protocol.handler.pkgs=org.apache.catalina.webresources
09-Dec-2017 09:04:06.452 INFO [main] org.apache.catalina.startup.VersionLoggerListener.log Command line argument: -Dcatalina.base=/work/webserver/tomcat-cmsAirTime-8.5.23
09-Dec-2017 09:04:06.452 INFO [main] org.apache.catalina.startup.VersionLoggerListener.log Command line argument: -Dcatalina.home=/work/webserver/tomcat-cmsAirTime-8.5.23
09-Dec-2017 09:04:06.453 INFO [main] org.apache.catalina.startup.VersionLoggerListener.log Command line argument: -Djava.io.tmpdir=/work/webserver/tomcat-cmsAirTime-8.5.23/temp
09-Dec-2017 09:04:06.453 INFO [main] org.apache.catalina.core.AprLifecycleListener.lifecycleEvent The APR based Apache Tomcat Native library which allows optimal performance in production environments was not found on the java.library.path: [/usr/java/packages/lib/amd64:/usr/lib64:/lib64:/lib:/usr/lib]
09-Dec-2017 09:04:06.603 INFO [main] org.apache.coyote.AbstractProtocol.init Initializing ProtocolHandler ["http-nio-8586"]
09-Dec-2017 09:04:06.622 INFO [main] org.apache.tomcat.util.net.NioSelectorPool.getSharedSelector Using a shared selector for servlet write/read
09-Dec-2017 09:04:06.626 INFO [main] org.apache.coyote.AbstractProtocol.init Initializing ProtocolHandler ["ajp-nio-8010"]
09-Dec-2017 09:04:06.628 INFO [main] org.apache.tomcat.util.net.NioSelectorPool.getSharedSelector Using a shared selector for servlet write/read
09-Dec-2017 09:04:06.628 INFO [main] org.apache.catalina.startup.Catalina.load Initialization processed in 641 ms
09-Dec-2017 09:04:06.655 INFO [main] org.apache.catalina.core.StandardService.startInternal Starting service [Catalina]
09-Dec-2017 09:04:06.655 INFO [main] org.apache.catalina.core.StandardEngine.startInternal Starting Servlet Engine: Apache Tomcat/8.5.23
09-Dec-2017 09:04:07.955 INFO [localhost-startStop-1] org.apache.jasper.servlet.TldScanner.scanJars At least one JAR was scanned for TLDs yet contained no TLDs. Enable debug logging for this logger for a complete list of JARs that were scanned but no TLDs were found in them. Skipping unneeded JARs during scanning can improve startup time and JSP compilation time.
09-Dec-2017 09:04:08.182 INFO [localhost-startStop-1] org.apache.catalina.startup.HostConfig.deployDirectory Deploying web application directory [/work/webserver/tomcat-cmsAirTime-8.5.23/webapps/examples]
09-Dec-2017 09:04:08.200 INFO [localhost-startStop-1] org.apache.catalina.startup.HostConfig.deployDirectory Deployment of web application directory [/work/webserver/tomcat-cmsAirTime-8.5.23/webapps/examples] has finished in [17] ms
09-Dec-2017 09:04:08.200 INFO [localhost-startStop-1] org.apache.catalina.startup.HostConfig.deployDirectory Deploying web application directory [/work/webserver/tomcat-cmsAirTime-8.5.23/webapps/manager]
09-Dec-2017 09:04:08.232 INFO [localhost-startStop-1] org.apache.catalina.startup.HostConfig.deployDirectory Deployment of web application directory [/work/webserver/tomcat-cmsAirTime-8.5.23/webapps/manager] has finished in [31] ms
09-Dec-2017 09:04:08.232 INFO [localhost-startStop-1] org.apache.catalina.startup.HostConfig.deployDirectory Deploying web application directory [/work/webserver/tomcat-cmsAirTime-8.5.23/webapps/host-manager]
09-Dec-2017 09:04:08.251 INFO [localhost-startStop-1] org.apache.catalina.startup.HostConfig.deployDirectory Deployment of web application directory [/work/webserver/tomcat-cmsAirTime-8.5.23/webapps/host-manager] has finished in [19] ms
09-Dec-2017 09:04:08.255 INFO [main] org.apache.coyote.AbstractProtocol.start Starting ProtocolHandler ["http-nio-8586"]
09-Dec-2017 09:04:08.274 INFO [main] org.apache.coyote.AbstractProtocol.start Starting ProtocolHandler ["ajp-nio-8010"]
09-Dec-2017 09:04:08.291 INFO [main] org.apache.catalina.startup.Catalina.start Server startup in 1662 ms
