10-Nov-2017 10:46:48.792 INFO [main] org.apache.catalina.startup.VersionLoggerListener.log Server version:        Apache Tomcat/8.5.23
10-Nov-2017 10:46:48.795 INFO [main] org.apache.catalina.startup.VersionLoggerListener.log Server built:          Sep 28 2017 10:30:11 UTC
10-Nov-2017 10:46:48.795 INFO [main] org.apache.catalina.startup.VersionLoggerListener.log Server number:         8.5.23.0
10-Nov-2017 10:46:48.795 INFO [main] org.apache.catalina.startup.VersionLoggerListener.log OS Name:               Linux
10-Nov-2017 10:46:48.795 INFO [main] org.apache.catalina.startup.VersionLoggerListener.log OS Version:            3.10.0-693.2.2.el7.x86_64
10-Nov-2017 10:46:48.795 INFO [main] org.apache.catalina.startup.VersionLoggerListener.log Architecture:          amd64
10-Nov-2017 10:46:48.796 INFO [main] org.apache.catalina.startup.VersionLoggerListener.log Java Home:             /opt/jdk1.8.0_144/jre
10-Nov-2017 10:46:48.796 INFO [main] org.apache.catalina.startup.VersionLoggerListener.log JVM Version:           1.8.0_144-b01
10-Nov-2017 10:46:48.796 INFO [main] org.apache.catalina.startup.VersionLoggerListener.log JVM Vendor:            Oracle Corporation
10-Nov-2017 10:46:48.796 INFO [main] org.apache.catalina.startup.VersionLoggerListener.log CATALINA_BASE:         /work/webserver/tomcat-cmsAirTime-8.5.23
10-Nov-2017 10:46:48.796 INFO [main] org.apache.catalina.startup.VersionLoggerListener.log CATALINA_HOME:         /work/webserver/tomcat-cmsAirTime-8.5.23
10-Nov-2017 10:46:48.796 INFO [main] org.apache.catalina.startup.VersionLoggerListener.log Command line argument: -Djava.util.logging.config.file=/work/webserver/tomcat-cmsAirTime-8.5.23/conf/logging.properties
10-Nov-2017 10:46:48.796 INFO [main] org.apache.catalina.startup.VersionLoggerListener.log Command line argument: -Djava.util.logging.manager=org.apache.juli.ClassLoaderLogManager
10-Nov-2017 10:46:48.797 INFO [main] org.apache.catalina.startup.VersionLoggerListener.log Command line argument: -Djdk.tls.ephemeralDHKeySize=2048
10-Nov-2017 10:46:48.797 INFO [main] org.apache.catalina.startup.VersionLoggerListener.log Command line argument: -Djava.protocol.handler.pkgs=org.apache.catalina.webresources
10-Nov-2017 10:46:48.797 INFO [main] org.apache.catalina.startup.VersionLoggerListener.log Command line argument: -Dcatalina.base=/work/webserver/tomcat-cmsAirTime-8.5.23
10-Nov-2017 10:46:48.797 INFO [main] org.apache.catalina.startup.VersionLoggerListener.log Command line argument: -Dcatalina.home=/work/webserver/tomcat-cmsAirTime-8.5.23
10-Nov-2017 10:46:48.797 INFO [main] org.apache.catalina.startup.VersionLoggerListener.log Command line argument: -Djava.io.tmpdir=/work/webserver/tomcat-cmsAirTime-8.5.23/temp
10-Nov-2017 10:46:48.797 INFO [main] org.apache.catalina.core.AprLifecycleListener.lifecycleEvent The APR based Apache Tomcat Native library which allows optimal performance in production environments was not found on the java.library.path: [/usr/java/packages/lib/amd64:/usr/lib64:/lib64:/lib:/usr/lib]
10-Nov-2017 10:46:48.929 INFO [main] org.apache.coyote.AbstractProtocol.init Initializing ProtocolHandler ["http-nio-8586"]
10-Nov-2017 10:46:48.946 INFO [main] org.apache.tomcat.util.net.NioSelectorPool.getSharedSelector Using a shared selector for servlet write/read
10-Nov-2017 10:46:48.948 INFO [main] org.apache.coyote.AbstractProtocol.init Initializing ProtocolHandler ["ajp-nio-8010"]
10-Nov-2017 10:46:48.950 INFO [main] org.apache.tomcat.util.net.NioSelectorPool.getSharedSelector Using a shared selector for servlet write/read
10-Nov-2017 10:46:48.950 INFO [main] org.apache.catalina.startup.Catalina.load Initialization processed in 591 ms
10-Nov-2017 10:46:48.974 INFO [main] org.apache.catalina.core.StandardService.startInternal Starting service [Catalina]
10-Nov-2017 10:46:48.974 INFO [main] org.apache.catalina.core.StandardEngine.startInternal Starting Servlet Engine: Apache Tomcat/8.5.23
10-Nov-2017 10:46:50.212 INFO [localhost-startStop-1] org.apache.jasper.servlet.TldScanner.scanJars At least one JAR was scanned for TLDs yet contained no TLDs. Enable debug logging for this logger for a complete list of JARs that were scanned but no TLDs were found in them. Skipping unneeded JARs during scanning can improve startup time and JSP compilation time.
10-Nov-2017 10:46:50.430 INFO [localhost-startStop-1] org.apache.catalina.startup.HostConfig.deployDirectory Deploying web application directory [/work/webserver/tomcat-cmsAirTime-8.5.23/webapps/examples]
10-Nov-2017 10:46:50.447 INFO [localhost-startStop-1] org.apache.catalina.startup.HostConfig.deployDirectory Deployment of web application directory [/work/webserver/tomcat-cmsAirTime-8.5.23/webapps/examples] has finished in [16] ms
10-Nov-2017 10:46:50.447 INFO [localhost-startStop-1] org.apache.catalina.startup.HostConfig.deployDirectory Deploying web application directory [/work/webserver/tomcat-cmsAirTime-8.5.23/webapps/manager]
10-Nov-2017 10:46:50.474 INFO [localhost-startStop-1] org.apache.catalina.startup.HostConfig.deployDirectory Deployment of web application directory [/work/webserver/tomcat-cmsAirTime-8.5.23/webapps/manager] has finished in [27] ms
10-Nov-2017 10:46:50.474 INFO [localhost-startStop-1] org.apache.catalina.startup.HostConfig.deployDirectory Deploying web application directory [/work/webserver/tomcat-cmsAirTime-8.5.23/webapps/host-manager]
10-Nov-2017 10:46:50.490 INFO [localhost-startStop-1] org.apache.catalina.startup.HostConfig.deployDirectory Deployment of web application directory [/work/webserver/tomcat-cmsAirTime-8.5.23/webapps/host-manager] has finished in [16] ms
10-Nov-2017 10:46:50.494 INFO [main] org.apache.coyote.AbstractProtocol.start Starting ProtocolHandler ["http-nio-8586"]
10-Nov-2017 10:46:50.501 INFO [main] org.apache.coyote.AbstractProtocol.start Starting ProtocolHandler ["ajp-nio-8010"]
10-Nov-2017 10:46:50.502 INFO [main] org.apache.catalina.startup.Catalina.start Server startup in 1552 ms
10-Nov-2017 10:58:55.769 WARNING [ContainerBackgroundProcessor[StandardEngine[Catalina]]] org.apache.catalina.core.StandardContext.backgroundProcess Exception processing loader [WebappLoader[]] background process
 java.lang.IllegalStateException: java.io.FileNotFoundException: /work/webroot/CmsAirTime/WEB-INF/lib/poi-examples-3.9.jar (No such file or directory)
	at org.apache.catalina.webresources.AbstractSingleArchiveResourceSet.getArchiveEntry(AbstractSingleArchiveResourceSet.java:97)
	at org.apache.catalina.webresources.AbstractArchiveResourceSet.getResource(AbstractArchiveResourceSet.java:260)
	at org.apache.catalina.webresources.StandardRoot.getResourceInternal(StandardRoot.java:281)
	at org.apache.catalina.webresources.Cache.getResource(Cache.java:62)
	at org.apache.catalina.webresources.StandardRoot.getResource(StandardRoot.java:216)
	at org.apache.catalina.webresources.StandardRoot.getClassLoaderResource(StandardRoot.java:225)
	at org.apache.catalina.loader.WebappClassLoaderBase.modified(WebappClassLoaderBase.java:686)
	at org.apache.catalina.loader.WebappLoader.modified(WebappLoader.java:343)
	at org.apache.catalina.loader.WebappLoader.backgroundProcess(WebappLoader.java:287)
	at org.apache.catalina.core.StandardContext.backgroundProcess(StandardContext.java:5563)
	at org.apache.catalina.core.ContainerBase$ContainerBackgroundProcessor.processChildren(ContainerBase.java:1388)
	at org.apache.catalina.core.ContainerBase$ContainerBackgroundProcessor.processChildren(ContainerBase.java:1392)
	at org.apache.catalina.core.ContainerBase$ContainerBackgroundProcessor.processChildren(ContainerBase.java:1392)
	at org.apache.catalina.core.ContainerBase$ContainerBackgroundProcessor.run(ContainerBase.java:1360)
	at java.lang.Thread.run(Thread.java:748)
Caused by: java.io.FileNotFoundException: /work/webroot/CmsAirTime/WEB-INF/lib/poi-examples-3.9.jar (No such file or directory)
	at java.util.zip.ZipFile.open(Native Method)
	at java.util.zip.ZipFile.<init>(ZipFile.java:225)
	at java.util.zip.ZipFile.<init>(ZipFile.java:155)
	at java.util.jar.JarFile.<init>(JarFile.java:166)
	at java.util.jar.JarFile.<init>(JarFile.java:103)
	at org.apache.catalina.webresources.AbstractArchiveResourceSet.openJarFile(AbstractArchiveResourceSet.java:308)
	at org.apache.catalina.webresources.AbstractSingleArchiveResourceSet.getArchiveEntry(AbstractSingleArchiveResourceSet.java:93)
	... 14 more

10-Nov-2017 10:59:05.773 WARNING [ContainerBackgroundProcessor[StandardEngine[Catalina]]] org.apache.catalina.core.StandardContext.backgroundProcess Exception processing loader [WebappLoader[]] background process
 java.lang.IllegalStateException: java.io.FileNotFoundException: /work/webroot/CmsAirTime/WEB-INF/lib/poi-examples-3.9.jar (No such file or directory)
	at org.apache.catalina.webresources.AbstractSingleArchiveResourceSet.getArchiveEntry(AbstractSingleArchiveResourceSet.java:97)
	at org.apache.catalina.webresources.AbstractArchiveResourceSet.getResource(AbstractArchiveResourceSet.java:260)
	at org.apache.catalina.webresources.StandardRoot.getResourceInternal(StandardRoot.java:281)
	at org.apache.catalina.webresources.Cache.getResource(Cache.java:62)
	at org.apache.catalina.webresources.StandardRoot.getResource(StandardRoot.java:216)
	at org.apache.catalina.webresources.StandardRoot.getClassLoaderResource(StandardRoot.java:225)
	at org.apache.catalina.loader.WebappClassLoaderBase.modified(WebappClassLoaderBase.java:686)
	at org.apache.catalina.loader.WebappLoader.modified(WebappLoader.java:343)
	at org.apache.catalina.loader.WebappLoader.backgroundProcess(WebappLoader.java:287)
	at org.apache.catalina.core.StandardContext.backgroundProcess(StandardContext.java:5563)
	at org.apache.catalina.core.ContainerBase$ContainerBackgroundProcessor.processChildren(ContainerBase.java:1388)
	at org.apache.catalina.core.ContainerBase$ContainerBackgroundProcessor.processChildren(ContainerBase.java:1392)
	at org.apache.catalina.core.ContainerBase$ContainerBackgroundProcessor.processChildren(ContainerBase.java:1392)
	at org.apache.catalina.core.ContainerBase$ContainerBackgroundProcessor.run(ContainerBase.java:1360)
	at java.lang.Thread.run(Thread.java:748)
Caused by: java.io.FileNotFoundException: /work/webroot/CmsAirTime/WEB-INF/lib/poi-examples-3.9.jar (No such file or directory)
	at java.util.zip.ZipFile.open(Native Method)
	at java.util.zip.ZipFile.<init>(ZipFile.java:225)
	at java.util.zip.ZipFile.<init>(ZipFile.java:155)
	at java.util.jar.JarFile.<init>(JarFile.java:166)
	at java.util.jar.JarFile.<init>(JarFile.java:103)
	at org.apache.catalina.webresources.AbstractArchiveResourceSet.openJarFile(AbstractArchiveResourceSet.java:308)
	at org.apache.catalina.webresources.AbstractSingleArchiveResourceSet.getArchiveEntry(AbstractSingleArchiveResourceSet.java:93)
	... 14 more

10-Nov-2017 10:59:15.776 WARNING [ContainerBackgroundProcessor[StandardEngine[Catalina]]] org.apache.catalina.core.StandardContext.backgroundProcess Exception processing loader [WebappLoader[]] background process
 java.lang.IllegalStateException: java.io.FileNotFoundException: /work/webroot/CmsAirTime/WEB-INF/lib/poi-examples-3.9.jar (No such file or directory)
	at org.apache.catalina.webresources.AbstractSingleArchiveResourceSet.getArchiveEntry(AbstractSingleArchiveResourceSet.java:97)
	at org.apache.catalina.webresources.AbstractArchiveResourceSet.getResource(AbstractArchiveResourceSet.java:260)
	at org.apache.catalina.webresources.StandardRoot.getResourceInternal(StandardRoot.java:281)
	at org.apache.catalina.webresources.Cache.getResource(Cache.java:62)
	at org.apache.catalina.webresources.StandardRoot.getResource(StandardRoot.java:216)
	at org.apache.catalina.webresources.StandardRoot.getClassLoaderResource(StandardRoot.java:225)
	at org.apache.catalina.loader.WebappClassLoaderBase.modified(WebappClassLoaderBase.java:686)
	at org.apache.catalina.loader.WebappLoader.modified(WebappLoader.java:343)
	at org.apache.catalina.loader.WebappLoader.backgroundProcess(WebappLoader.java:287)
	at org.apache.catalina.core.StandardContext.backgroundProcess(StandardContext.java:5563)
	at org.apache.catalina.core.ContainerBase$ContainerBackgroundProcessor.processChildren(ContainerBase.java:1388)
	at org.apache.catalina.core.ContainerBase$ContainerBackgroundProcessor.processChildren(ContainerBase.java:1392)
	at org.apache.catalina.core.ContainerBase$ContainerBackgroundProcessor.processChildren(ContainerBase.java:1392)
	at org.apache.catalina.core.ContainerBase$ContainerBackgroundProcessor.run(ContainerBase.java:1360)
	at java.lang.Thread.run(Thread.java:748)
Caused by: java.io.FileNotFoundException: /work/webroot/CmsAirTime/WEB-INF/lib/poi-examples-3.9.jar (No such file or directory)
	at java.util.zip.ZipFile.open(Native Method)
	at java.util.zip.ZipFile.<init>(ZipFile.java:225)
	at java.util.zip.ZipFile.<init>(ZipFile.java:155)
	at java.util.jar.JarFile.<init>(JarFile.java:166)
	at java.util.jar.JarFile.<init>(JarFile.java:103)
	at org.apache.catalina.webresources.AbstractArchiveResourceSet.openJarFile(AbstractArchiveResourceSet.java:308)
	at org.apache.catalina.webresources.AbstractSingleArchiveResourceSet.getArchiveEntry(AbstractSingleArchiveResourceSet.java:93)
	... 14 more

10-Nov-2017 10:59:25.779 WARNING [ContainerBackgroundProcessor[StandardEngine[Catalina]]] org.apache.catalina.core.StandardContext.backgroundProcess Exception processing loader [WebappLoader[]] background process
 java.lang.IllegalStateException: java.io.FileNotFoundException: /work/webroot/CmsAirTime/WEB-INF/lib/poi-examples-3.9.jar (No such file or directory)
	at org.apache.catalina.webresources.AbstractSingleArchiveResourceSet.getArchiveEntry(AbstractSingleArchiveResourceSet.java:97)
	at org.apache.catalina.webresources.AbstractArchiveResourceSet.getResource(AbstractArchiveResourceSet.java:260)
	at org.apache.catalina.webresources.StandardRoot.getResourceInternal(StandardRoot.java:281)
	at org.apache.catalina.webresources.Cache.getResource(Cache.java:62)
	at org.apache.catalina.webresources.StandardRoot.getResource(StandardRoot.java:216)
	at org.apache.catalina.webresources.StandardRoot.getClassLoaderResource(StandardRoot.java:225)
	at org.apache.catalina.loader.WebappClassLoaderBase.modified(WebappClassLoaderBase.java:686)
	at org.apache.catalina.loader.WebappLoader.modified(WebappLoader.java:343)
	at org.apache.catalina.loader.WebappLoader.backgroundProcess(WebappLoader.java:287)
	at org.apache.catalina.core.StandardContext.backgroundProcess(StandardContext.java:5563)
	at org.apache.catalina.core.ContainerBase$ContainerBackgroundProcessor.processChildren(ContainerBase.java:1388)
	at org.apache.catalina.core.ContainerBase$ContainerBackgroundProcessor.processChildren(ContainerBase.java:1392)
	at org.apache.catalina.core.ContainerBase$ContainerBackgroundProcessor.processChildren(ContainerBase.java:1392)
	at org.apache.catalina.core.ContainerBase$ContainerBackgroundProcessor.run(ContainerBase.java:1360)
	at java.lang.Thread.run(Thread.java:748)
Caused by: java.io.FileNotFoundException: /work/webroot/CmsAirTime/WEB-INF/lib/poi-examples-3.9.jar (No such file or directory)
	at java.util.zip.ZipFile.open(Native Method)
	at java.util.zip.ZipFile.<init>(ZipFile.java:225)
	at java.util.zip.ZipFile.<init>(ZipFile.java:155)
	at java.util.jar.JarFile.<init>(JarFile.java:166)
	at java.util.jar.JarFile.<init>(JarFile.java:103)
	at org.apache.catalina.webresources.AbstractArchiveResourceSet.openJarFile(AbstractArchiveResourceSet.java:308)
	at org.apache.catalina.webresources.AbstractSingleArchiveResourceSet.getArchiveEntry(AbstractSingleArchiveResourceSet.java:93)
	... 14 more

10-Nov-2017 10:59:35.782 WARNING [ContainerBackgroundProcessor[StandardEngine[Catalina]]] org.apache.catalina.core.StandardContext.backgroundProcess Exception processing loader [WebappLoader[]] background process
 java.lang.IllegalStateException: java.io.FileNotFoundException: /work/webroot/CmsAirTime/WEB-INF/lib/poi-scratchpad-3.9.jar (No such file or directory)
	at org.apache.catalina.webresources.AbstractSingleArchiveResourceSet.getArchiveEntry(AbstractSingleArchiveResourceSet.java:97)
	at org.apache.catalina.webresources.AbstractArchiveResourceSet.getResource(AbstractArchiveResourceSet.java:260)
	at org.apache.catalina.webresources.StandardRoot.getResourceInternal(StandardRoot.java:281)
	at org.apache.catalina.webresources.Cache.getResource(Cache.java:62)
	at org.apache.catalina.webresources.StandardRoot.getResource(StandardRoot.java:216)
	at org.apache.catalina.webresources.StandardRoot.getClassLoaderResource(StandardRoot.java:225)
	at org.apache.catalina.loader.WebappClassLoaderBase.modified(WebappClassLoaderBase.java:686)
	at org.apache.catalina.loader.WebappLoader.modified(WebappLoader.java:343)
	at org.apache.catalina.loader.WebappLoader.backgroundProcess(WebappLoader.java:287)
	at org.apache.catalina.core.StandardContext.backgroundProcess(StandardContext.java:5563)
	at org.apache.catalina.core.ContainerBase$ContainerBackgroundProcessor.processChildren(ContainerBase.java:1388)
	at org.apache.catalina.core.ContainerBase$ContainerBackgroundProcessor.processChildren(ContainerBase.java:1392)
	at org.apache.catalina.core.ContainerBase$ContainerBackgroundProcessor.processChildren(ContainerBase.java:1392)
	at org.apache.catalina.core.ContainerBase$ContainerBackgroundProcessor.run(ContainerBase.java:1360)
	at java.lang.Thread.run(Thread.java:748)
Caused by: java.io.FileNotFoundException: /work/webroot/CmsAirTime/WEB-INF/lib/poi-scratchpad-3.9.jar (No such file or directory)
	at java.util.zip.ZipFile.open(Native Method)
	at java.util.zip.ZipFile.<init>(ZipFile.java:225)
	at java.util.zip.ZipFile.<init>(ZipFile.java:155)
	at java.util.jar.JarFile.<init>(JarFile.java:166)
	at java.util.jar.JarFile.<init>(JarFile.java:103)
	at org.apache.catalina.webresources.AbstractArchiveResourceSet.openJarFile(AbstractArchiveResourceSet.java:308)
	at org.apache.catalina.webresources.AbstractSingleArchiveResourceSet.getArchiveEntry(AbstractSingleArchiveResourceSet.java:93)
	... 14 more

10-Nov-2017 10:59:45.793 INFO [ContainerBackgroundProcessor[StandardEngine[Catalina]]] org.apache.catalina.core.StandardContext.reload Reloading Context with name [] has started
10-Nov-2017 10:59:45.829 WARNING [ContainerBackgroundProcessor[StandardEngine[Catalina]]] org.apache.catalina.loader.WebappClassLoaderBase.clearReferencesThreads The web application [ROOT] appears to have started a thread named [Thread-6] but has failed to stop it. This is very likely to create a memory leak. Stack trace of thread:
 java.lang.Thread.sleep(Native Method)
 org.jconfig.FileWatcher.run(FileWatcher.java:105)
 java.lang.Thread.run(Thread.java:748)
10-Nov-2017 10:59:46.451 SEVERE [ContainerBackgroundProcessor[StandardEngine[Catalina]]] org.apache.catalina.core.StandardContext.startInternal One or more listeners failed to start. Full details will be found in the appropriate container log file
10-Nov-2017 10:59:46.456 SEVERE [ContainerBackgroundProcessor[StandardEngine[Catalina]]] org.apache.catalina.core.StandardContext.startInternal Context [] startup failed due to previous errors
10-Nov-2017 10:59:46.461 INFO [ContainerBackgroundProcessor[StandardEngine[Catalina]]] org.apache.catalina.core.StandardContext.reload Reloading Context with name [] is completed
10-Nov-2017 10:59:48.349 INFO [Thread-6] org.apache.catalina.loader.WebappClassLoaderBase.checkStateForResourceLoading Illegal access: this web application instance has been stopped already. Could not load [org.jconfig.event.FileListenerEvent]. The following stack trace is thrown for debugging purposes as well as to attempt to terminate the thread which caused the illegal access.
 java.lang.IllegalStateException: Illegal access: this web application instance has been stopped already. Could not load [org.jconfig.event.FileListenerEvent]. The following stack trace is thrown for debugging purposes as well as to attempt to terminate the thread which caused the illegal access.
	at org.apache.catalina.loader.WebappClassLoaderBase.checkStateForResourceLoading(WebappClassLoaderBase.java:1311)
	at org.apache.catalina.loader.WebappClassLoaderBase.checkStateForClassLoading(WebappClassLoaderBase.java:1299)
	at org.apache.catalina.loader.WebappClassLoaderBase.loadClass(WebappClassLoaderBase.java:1158)
	at org.apache.catalina.loader.WebappClassLoaderBase.loadClass(WebappClassLoaderBase.java:1119)
	at org.jconfig.FileWatcher.checkFile(FileWatcher.java:142)
	at org.jconfig.FileWatcher.run(FileWatcher.java:110)
	at java.lang.Thread.run(Thread.java:748)

10-Nov-2017 11:01:15.138 INFO [Thread-11] org.apache.coyote.AbstractProtocol.pause Pausing ProtocolHandler ["http-nio-8586"]
10-Nov-2017 11:01:15.191 INFO [Thread-11] org.apache.coyote.AbstractProtocol.pause Pausing ProtocolHandler ["ajp-nio-8010"]
10-Nov-2017 11:01:15.242 INFO [Thread-11] org.apache.catalina.core.StandardService.stopInternal Stopping service [Catalina]
10-Nov-2017 11:01:15.261 INFO [Thread-11] org.apache.coyote.AbstractProtocol.stop Stopping ProtocolHandler ["http-nio-8586"]
10-Nov-2017 11:01:15.263 INFO [Thread-11] org.apache.coyote.AbstractProtocol.stop Stopping ProtocolHandler ["ajp-nio-8010"]
10-Nov-2017 11:01:15.266 INFO [Thread-11] org.apache.coyote.AbstractProtocol.destroy Destroying ProtocolHandler ["http-nio-8586"]
10-Nov-2017 11:01:15.268 INFO [Thread-11] org.apache.coyote.AbstractProtocol.destroy Destroying ProtocolHandler ["ajp-nio-8010"]
10-Nov-2017 11:01:16.873 INFO [main] org.apache.catalina.startup.VersionLoggerListener.log Server version:        Apache Tomcat/8.5.23
10-Nov-2017 11:01:16.875 INFO [main] org.apache.catalina.startup.VersionLoggerListener.log Server built:          Sep 28 2017 10:30:11 UTC
10-Nov-2017 11:01:16.875 INFO [main] org.apache.catalina.startup.VersionLoggerListener.log Server number:         8.5.23.0
10-Nov-2017 11:01:16.876 INFO [main] org.apache.catalina.startup.VersionLoggerListener.log OS Name:               Linux
10-Nov-2017 11:01:16.876 INFO [main] org.apache.catalina.startup.VersionLoggerListener.log OS Version:            3.10.0-693.2.2.el7.x86_64
10-Nov-2017 11:01:16.876 INFO [main] org.apache.catalina.startup.VersionLoggerListener.log Architecture:          amd64
10-Nov-2017 11:01:16.876 INFO [main] org.apache.catalina.startup.VersionLoggerListener.log Java Home:             /opt/jdk1.8.0_144/jre
10-Nov-2017 11:01:16.876 INFO [main] org.apache.catalina.startup.VersionLoggerListener.log JVM Version:           1.8.0_144-b01
10-Nov-2017 11:01:16.876 INFO [main] org.apache.catalina.startup.VersionLoggerListener.log JVM Vendor:            Oracle Corporation
10-Nov-2017 11:01:16.876 INFO [main] org.apache.catalina.startup.VersionLoggerListener.log CATALINA_BASE:         /work/webserver/tomcat-cmsAirTime-8.5.23
10-Nov-2017 11:01:16.876 INFO [main] org.apache.catalina.startup.VersionLoggerListener.log CATALINA_HOME:         /work/webserver/tomcat-cmsAirTime-8.5.23
10-Nov-2017 11:01:16.877 INFO [main] org.apache.catalina.startup.VersionLoggerListener.log Command line argument: -Djava.util.logging.config.file=/work/webserver/tomcat-cmsAirTime-8.5.23/conf/logging.properties
10-Nov-2017 11:01:16.877 INFO [main] org.apache.catalina.startup.VersionLoggerListener.log Command line argument: -Djava.util.logging.manager=org.apache.juli.ClassLoaderLogManager
10-Nov-2017 11:01:16.877 INFO [main] org.apache.catalina.startup.VersionLoggerListener.log Command line argument: -Djdk.tls.ephemeralDHKeySize=2048
10-Nov-2017 11:01:16.877 INFO [main] org.apache.catalina.startup.VersionLoggerListener.log Command line argument: -Djava.protocol.handler.pkgs=org.apache.catalina.webresources
10-Nov-2017 11:01:16.877 INFO [main] org.apache.catalina.startup.VersionLoggerListener.log Command line argument: -Dcatalina.base=/work/webserver/tomcat-cmsAirTime-8.5.23
10-Nov-2017 11:01:16.877 INFO [main] org.apache.catalina.startup.VersionLoggerListener.log Command line argument: -Dcatalina.home=/work/webserver/tomcat-cmsAirTime-8.5.23
10-Nov-2017 11:01:16.878 INFO [main] org.apache.catalina.startup.VersionLoggerListener.log Command line argument: -Djava.io.tmpdir=/work/webserver/tomcat-cmsAirTime-8.5.23/temp
10-Nov-2017 11:01:16.878 INFO [main] org.apache.catalina.core.AprLifecycleListener.lifecycleEvent The APR based Apache Tomcat Native library which allows optimal performance in production environments was not found on the java.library.path: [/usr/java/packages/lib/amd64:/usr/lib64:/lib64:/lib:/usr/lib]
10-Nov-2017 11:01:17.009 INFO [main] org.apache.coyote.AbstractProtocol.init Initializing ProtocolHandler ["http-nio-8586"]
10-Nov-2017 11:01:17.026 INFO [main] org.apache.tomcat.util.net.NioSelectorPool.getSharedSelector Using a shared selector for servlet write/read
10-Nov-2017 11:01:17.029 INFO [main] org.apache.coyote.AbstractProtocol.init Initializing ProtocolHandler ["ajp-nio-8010"]
10-Nov-2017 11:01:17.030 INFO [main] org.apache.tomcat.util.net.NioSelectorPool.getSharedSelector Using a shared selector for servlet write/read
10-Nov-2017 11:01:17.031 INFO [main] org.apache.catalina.startup.Catalina.load Initialization processed in 577 ms
10-Nov-2017 11:01:17.054 INFO [main] org.apache.catalina.core.StandardService.startInternal Starting service [Catalina]
10-Nov-2017 11:01:17.054 INFO [main] org.apache.catalina.core.StandardEngine.startInternal Starting Servlet Engine: Apache Tomcat/8.5.23
10-Nov-2017 11:01:18.265 INFO [localhost-startStop-1] org.apache.jasper.servlet.TldScanner.scanJars At least one JAR was scanned for TLDs yet contained no TLDs. Enable debug logging for this logger for a complete list of JARs that were scanned but no TLDs were found in them. Skipping unneeded JARs during scanning can improve startup time and JSP compilation time.
10-Nov-2017 11:01:18.471 INFO [localhost-startStop-1] org.apache.catalina.startup.HostConfig.deployDirectory Deploying web application directory [/work/webserver/tomcat-cmsAirTime-8.5.23/webapps/examples]
10-Nov-2017 11:01:18.486 INFO [localhost-startStop-1] org.apache.catalina.startup.HostConfig.deployDirectory Deployment of web application directory [/work/webserver/tomcat-cmsAirTime-8.5.23/webapps/examples] has finished in [15] ms
10-Nov-2017 11:01:18.487 INFO [localhost-startStop-1] org.apache.catalina.startup.HostConfig.deployDirectory Deploying web application directory [/work/webserver/tomcat-cmsAirTime-8.5.23/webapps/manager]
10-Nov-2017 11:01:18.514 INFO [localhost-startStop-1] org.apache.catalina.startup.HostConfig.deployDirectory Deployment of web application directory [/work/webserver/tomcat-cmsAirTime-8.5.23/webapps/manager] has finished in [28] ms
10-Nov-2017 11:01:18.514 INFO [localhost-startStop-1] org.apache.catalina.startup.HostConfig.deployDirectory Deploying web application directory [/work/webserver/tomcat-cmsAirTime-8.5.23/webapps/host-manager]
10-Nov-2017 11:01:18.530 INFO [localhost-startStop-1] org.apache.catalina.startup.HostConfig.deployDirectory Deployment of web application directory [/work/webserver/tomcat-cmsAirTime-8.5.23/webapps/host-manager] has finished in [16] ms
10-Nov-2017 11:01:18.533 INFO [main] org.apache.coyote.AbstractProtocol.start Starting ProtocolHandler ["http-nio-8586"]
10-Nov-2017 11:01:18.540 INFO [main] org.apache.coyote.AbstractProtocol.start Starting ProtocolHandler ["ajp-nio-8010"]
10-Nov-2017 11:01:18.542 INFO [main] org.apache.catalina.startup.Catalina.start Server startup in 1511 ms
10-Nov-2017 11:02:32.691 INFO [Thread-11] org.apache.coyote.AbstractProtocol.pause Pausing ProtocolHandler ["http-nio-8586"]
10-Nov-2017 11:02:32.744 INFO [Thread-11] org.apache.coyote.AbstractProtocol.pause Pausing ProtocolHandler ["ajp-nio-8010"]
10-Nov-2017 11:02:32.795 INFO [Thread-11] org.apache.catalina.core.StandardService.stopInternal Stopping service [Catalina]
10-Nov-2017 11:02:32.817 WARNING [localhost-startStop-2] org.apache.catalina.loader.WebappClassLoaderBase.clearReferencesThreads The web application [ROOT] appears to have started a thread named [Thread-6] but has failed to stop it. This is very likely to create a memory leak. Stack trace of thread:
 java.lang.Thread.sleep(Native Method)
 org.jconfig.FileWatcher.run(FileWatcher.java:105)
 java.lang.Thread.run(Thread.java:748)
10-Nov-2017 11:02:32.839 INFO [Thread-11] org.apache.coyote.AbstractProtocol.stop Stopping ProtocolHandler ["http-nio-8586"]
10-Nov-2017 11:02:32.843 INFO [Thread-11] org.apache.coyote.AbstractProtocol.stop Stopping ProtocolHandler ["ajp-nio-8010"]
10-Nov-2017 11:02:32.849 INFO [Thread-11] org.apache.coyote.AbstractProtocol.destroy Destroying ProtocolHandler ["http-nio-8586"]
10-Nov-2017 11:02:32.850 INFO [Thread-11] org.apache.coyote.AbstractProtocol.destroy Destroying ProtocolHandler ["ajp-nio-8010"]
10-Nov-2017 11:02:34.206 INFO [main] org.apache.catalina.startup.VersionLoggerListener.log Server version:        Apache Tomcat/8.5.23
10-Nov-2017 11:02:34.209 INFO [main] org.apache.catalina.startup.VersionLoggerListener.log Server built:          Sep 28 2017 10:30:11 UTC
10-Nov-2017 11:02:34.209 INFO [main] org.apache.catalina.startup.VersionLoggerListener.log Server number:         8.5.23.0
10-Nov-2017 11:02:34.209 INFO [main] org.apache.catalina.startup.VersionLoggerListener.log OS Name:               Linux
10-Nov-2017 11:02:34.209 INFO [main] org.apache.catalina.startup.VersionLoggerListener.log OS Version:            3.10.0-693.2.2.el7.x86_64
10-Nov-2017 11:02:34.209 INFO [main] org.apache.catalina.startup.VersionLoggerListener.log Architecture:          amd64
10-Nov-2017 11:02:34.210 INFO [main] org.apache.catalina.startup.VersionLoggerListener.log Java Home:             /opt/jdk1.8.0_144/jre
10-Nov-2017 11:02:34.210 INFO [main] org.apache.catalina.startup.VersionLoggerListener.log JVM Version:           1.8.0_144-b01
10-Nov-2017 11:02:34.210 INFO [main] org.apache.catalina.startup.VersionLoggerListener.log JVM Vendor:            Oracle Corporation
10-Nov-2017 11:02:34.210 INFO [main] org.apache.catalina.startup.VersionLoggerListener.log CATALINA_BASE:         /work/webserver/tomcat-cmsAirTime-8.5.23
10-Nov-2017 11:02:34.210 INFO [main] org.apache.catalina.startup.VersionLoggerListener.log CATALINA_HOME:         /work/webserver/tomcat-cmsAirTime-8.5.23
10-Nov-2017 11:02:34.210 INFO [main] org.apache.catalina.startup.VersionLoggerListener.log Command line argument: -Djava.util.logging.config.file=/work/webserver/tomcat-cmsAirTime-8.5.23/conf/logging.properties
10-Nov-2017 11:02:34.211 INFO [main] org.apache.catalina.startup.VersionLoggerListener.log Command line argument: -Djava.util.logging.manager=org.apache.juli.ClassLoaderLogManager
10-Nov-2017 11:02:34.211 INFO [main] org.apache.catalina.startup.VersionLoggerListener.log Command line argument: -Djdk.tls.ephemeralDHKeySize=2048
10-Nov-2017 11:02:34.211 INFO [main] org.apache.catalina.startup.VersionLoggerListener.log Command line argument: -Djava.protocol.handler.pkgs=org.apache.catalina.webresources
10-Nov-2017 11:02:34.211 INFO [main] org.apache.catalina.startup.VersionLoggerListener.log Command line argument: -Dcatalina.base=/work/webserver/tomcat-cmsAirTime-8.5.23
10-Nov-2017 11:02:34.211 INFO [main] org.apache.catalina.startup.VersionLoggerListener.log Command line argument: -Dcatalina.home=/work/webserver/tomcat-cmsAirTime-8.5.23
10-Nov-2017 11:02:34.211 INFO [main] org.apache.catalina.startup.VersionLoggerListener.log Command line argument: -Djava.io.tmpdir=/work/webserver/tomcat-cmsAirTime-8.5.23/temp
10-Nov-2017 11:02:34.211 INFO [main] org.apache.catalina.core.AprLifecycleListener.lifecycleEvent The APR based Apache Tomcat Native library which allows optimal performance in production environments was not found on the java.library.path: [/usr/java/packages/lib/amd64:/usr/lib64:/lib64:/lib:/usr/lib]
10-Nov-2017 11:02:34.344 INFO [main] org.apache.coyote.AbstractProtocol.init Initializing ProtocolHandler ["http-nio-8586"]
10-Nov-2017 11:02:34.361 INFO [main] org.apache.tomcat.util.net.NioSelectorPool.getSharedSelector Using a shared selector for servlet write/read
10-Nov-2017 11:02:34.363 INFO [main] org.apache.coyote.AbstractProtocol.init Initializing ProtocolHandler ["ajp-nio-8010"]
10-Nov-2017 11:02:34.365 INFO [main] org.apache.tomcat.util.net.NioSelectorPool.getSharedSelector Using a shared selector for servlet write/read
10-Nov-2017 11:02:34.365 INFO [main] org.apache.catalina.startup.Catalina.load Initialization processed in 605 ms
10-Nov-2017 11:02:34.388 INFO [main] org.apache.catalina.core.StandardService.startInternal Starting service [Catalina]
10-Nov-2017 11:02:34.389 INFO [main] org.apache.catalina.core.StandardEngine.startInternal Starting Servlet Engine: Apache Tomcat/8.5.23
10-Nov-2017 11:02:35.613 INFO [localhost-startStop-1] org.apache.jasper.servlet.TldScanner.scanJars At least one JAR was scanned for TLDs yet contained no TLDs. Enable debug logging for this logger for a complete list of JARs that were scanned but no TLDs were found in them. Skipping unneeded JARs during scanning can improve startup time and JSP compilation time.
10-Nov-2017 11:02:35.822 INFO [localhost-startStop-1] org.apache.catalina.startup.HostConfig.deployDirectory Deploying web application directory [/work/webserver/tomcat-cmsAirTime-8.5.23/webapps/examples]
10-Nov-2017 11:02:35.838 INFO [localhost-startStop-1] org.apache.catalina.startup.HostConfig.deployDirectory Deployment of web application directory [/work/webserver/tomcat-cmsAirTime-8.5.23/webapps/examples] has finished in [15] ms
10-Nov-2017 11:02:35.838 INFO [localhost-startStop-1] org.apache.catalina.startup.HostConfig.deployDirectory Deploying web application directory [/work/webserver/tomcat-cmsAirTime-8.5.23/webapps/manager]
10-Nov-2017 11:02:35.865 INFO [localhost-startStop-1] org.apache.catalina.startup.HostConfig.deployDirectory Deployment of web application directory [/work/webserver/tomcat-cmsAirTime-8.5.23/webapps/manager] has finished in [27] ms
10-Nov-2017 11:02:35.865 INFO [localhost-startStop-1] org.apache.catalina.startup.HostConfig.deployDirectory Deploying web application directory [/work/webserver/tomcat-cmsAirTime-8.5.23/webapps/host-manager]
10-Nov-2017 11:02:35.881 INFO [localhost-startStop-1] org.apache.catalina.startup.HostConfig.deployDirectory Deployment of web application directory [/work/webserver/tomcat-cmsAirTime-8.5.23/webapps/host-manager] has finished in [16] ms
10-Nov-2017 11:02:35.884 INFO [main] org.apache.coyote.AbstractProtocol.start Starting ProtocolHandler ["http-nio-8586"]
10-Nov-2017 11:02:35.892 INFO [main] org.apache.coyote.AbstractProtocol.start Starting ProtocolHandler ["ajp-nio-8010"]
10-Nov-2017 11:02:35.898 INFO [main] org.apache.catalina.startup.Catalina.start Server startup in 1533 ms
10-Nov-2017 13:03:21.372 INFO [Thread-11] org.apache.coyote.AbstractProtocol.pause Pausing ProtocolHandler ["http-nio-8586"]
10-Nov-2017 13:03:21.425 INFO [Thread-11] org.apache.coyote.AbstractProtocol.pause Pausing ProtocolHandler ["ajp-nio-8010"]
10-Nov-2017 13:03:21.476 INFO [Thread-11] org.apache.catalina.core.StandardService.stopInternal Stopping service [Catalina]
10-Nov-2017 13:03:21.510 WARNING [localhost-startStop-2] org.apache.catalina.loader.WebappClassLoaderBase.clearReferencesThreads The web application [ROOT] appears to have started a thread named [Thread-6] but has failed to stop it. This is very likely to create a memory leak. Stack trace of thread:
 java.lang.Thread.sleep(Native Method)
 org.jconfig.FileWatcher.run(FileWatcher.java:105)
 java.lang.Thread.run(Thread.java:748)
10-Nov-2017 13:03:21.529 INFO [Thread-11] org.apache.coyote.AbstractProtocol.stop Stopping ProtocolHandler ["http-nio-8586"]
10-Nov-2017 13:03:21.530 INFO [Thread-11] org.apache.coyote.AbstractProtocol.stop Stopping ProtocolHandler ["ajp-nio-8010"]
10-Nov-2017 13:03:21.532 INFO [Thread-11] org.apache.coyote.AbstractProtocol.destroy Destroying ProtocolHandler ["http-nio-8586"]
10-Nov-2017 13:03:21.533 INFO [Thread-11] org.apache.coyote.AbstractProtocol.destroy Destroying ProtocolHandler ["ajp-nio-8010"]
10-Nov-2017 13:13:12.194 INFO [main] org.apache.catalina.startup.VersionLoggerListener.log Server version:        Apache Tomcat/8.5.23
10-Nov-2017 13:13:12.197 INFO [main] org.apache.catalina.startup.VersionLoggerListener.log Server built:          Sep 28 2017 10:30:11 UTC
10-Nov-2017 13:13:12.197 INFO [main] org.apache.catalina.startup.VersionLoggerListener.log Server number:         8.5.23.0
10-Nov-2017 13:13:12.197 INFO [main] org.apache.catalina.startup.VersionLoggerListener.log OS Name:               Linux
10-Nov-2017 13:13:12.197 INFO [main] org.apache.catalina.startup.VersionLoggerListener.log OS Version:            3.10.0-693.2.2.el7.x86_64
10-Nov-2017 13:13:12.197 INFO [main] org.apache.catalina.startup.VersionLoggerListener.log Architecture:          amd64
10-Nov-2017 13:13:12.198 INFO [main] org.apache.catalina.startup.VersionLoggerListener.log Java Home:             /opt/jdk1.8.0_144/jre
10-Nov-2017 13:13:12.198 INFO [main] org.apache.catalina.startup.VersionLoggerListener.log JVM Version:           1.8.0_144-b01
10-Nov-2017 13:13:12.198 INFO [main] org.apache.catalina.startup.VersionLoggerListener.log JVM Vendor:            Oracle Corporation
10-Nov-2017 13:13:12.198 INFO [main] org.apache.catalina.startup.VersionLoggerListener.log CATALINA_BASE:         /work/webserver/tomcat-cmsAirTime-8.5.23
10-Nov-2017 13:13:12.198 INFO [main] org.apache.catalina.startup.VersionLoggerListener.log CATALINA_HOME:         /work/webserver/tomcat-cmsAirTime-8.5.23
10-Nov-2017 13:13:12.198 INFO [main] org.apache.catalina.startup.VersionLoggerListener.log Command line argument: -Djava.util.logging.config.file=/work/webserver/tomcat-cmsAirTime-8.5.23/conf/logging.properties
10-Nov-2017 13:13:12.199 INFO [main] org.apache.catalina.startup.VersionLoggerListener.log Command line argument: -Djava.util.logging.manager=org.apache.juli.ClassLoaderLogManager
10-Nov-2017 13:13:12.199 INFO [main] org.apache.catalina.startup.VersionLoggerListener.log Command line argument: -Djdk.tls.ephemeralDHKeySize=2048
10-Nov-2017 13:13:12.199 INFO [main] org.apache.catalina.startup.VersionLoggerListener.log Command line argument: -Djava.protocol.handler.pkgs=org.apache.catalina.webresources
10-Nov-2017 13:13:12.199 INFO [main] org.apache.catalina.startup.VersionLoggerListener.log Command line argument: -Dcatalina.base=/work/webserver/tomcat-cmsAirTime-8.5.23
10-Nov-2017 13:13:12.199 INFO [main] org.apache.catalina.startup.VersionLoggerListener.log Command line argument: -Dcatalina.home=/work/webserver/tomcat-cmsAirTime-8.5.23
10-Nov-2017 13:13:12.199 INFO [main] org.apache.catalina.startup.VersionLoggerListener.log Command line argument: -Djava.io.tmpdir=/work/webserver/tomcat-cmsAirTime-8.5.23/temp
10-Nov-2017 13:13:12.199 INFO [main] org.apache.catalina.core.AprLifecycleListener.lifecycleEvent The APR based Apache Tomcat Native library which allows optimal performance in production environments was not found on the java.library.path: [/usr/java/packages/lib/amd64:/usr/lib64:/lib64:/lib:/usr/lib]
10-Nov-2017 13:13:12.332 INFO [main] org.apache.coyote.AbstractProtocol.init Initializing ProtocolHandler ["http-nio-8586"]
10-Nov-2017 13:13:12.350 INFO [main] org.apache.tomcat.util.net.NioSelectorPool.getSharedSelector Using a shared selector for servlet write/read
10-Nov-2017 13:13:12.353 INFO [main] org.apache.coyote.AbstractProtocol.init Initializing ProtocolHandler ["ajp-nio-8010"]
10-Nov-2017 13:13:12.355 INFO [main] org.apache.tomcat.util.net.NioSelectorPool.getSharedSelector Using a shared selector for servlet write/read
10-Nov-2017 13:13:12.355 INFO [main] org.apache.catalina.startup.Catalina.load Initialization processed in 573 ms
10-Nov-2017 13:13:12.379 INFO [main] org.apache.catalina.core.StandardService.startInternal Starting service [Catalina]
10-Nov-2017 13:13:12.379 INFO [main] org.apache.catalina.core.StandardEngine.startInternal Starting Servlet Engine: Apache Tomcat/8.5.23
10-Nov-2017 13:13:13.589 INFO [localhost-startStop-1] org.apache.jasper.servlet.TldScanner.scanJars At least one JAR was scanned for TLDs yet contained no TLDs. Enable debug logging for this logger for a complete list of JARs that were scanned but no TLDs were found in them. Skipping unneeded JARs during scanning can improve startup time and JSP compilation time.
10-Nov-2017 13:13:13.799 INFO [localhost-startStop-1] org.apache.catalina.startup.HostConfig.deployDirectory Deploying web application directory [/work/webserver/tomcat-cmsAirTime-8.5.23/webapps/examples]
10-Nov-2017 13:13:13.814 INFO [localhost-startStop-1] org.apache.catalina.startup.HostConfig.deployDirectory Deployment of web application directory [/work/webserver/tomcat-cmsAirTime-8.5.23/webapps/examples] has finished in [15] ms
10-Nov-2017 13:13:13.814 INFO [localhost-startStop-1] org.apache.catalina.startup.HostConfig.deployDirectory Deploying web application directory [/work/webserver/tomcat-cmsAirTime-8.5.23/webapps/manager]
10-Nov-2017 13:13:13.840 INFO [localhost-startStop-1] org.apache.catalina.startup.HostConfig.deployDirectory Deployment of web application directory [/work/webserver/tomcat-cmsAirTime-8.5.23/webapps/manager] has finished in [26] ms
10-Nov-2017 13:13:13.840 INFO [localhost-startStop-1] org.apache.catalina.startup.HostConfig.deployDirectory Deploying web application directory [/work/webserver/tomcat-cmsAirTime-8.5.23/webapps/host-manager]
10-Nov-2017 13:13:13.855 INFO [localhost-startStop-1] org.apache.catalina.startup.HostConfig.deployDirectory Deployment of web application directory [/work/webserver/tomcat-cmsAirTime-8.5.23/webapps/host-manager] has finished in [15] ms
10-Nov-2017 13:13:13.858 INFO [main] org.apache.coyote.AbstractProtocol.start Starting ProtocolHandler ["http-nio-8586"]
10-Nov-2017 13:13:13.867 INFO [main] org.apache.coyote.AbstractProtocol.start Starting ProtocolHandler ["ajp-nio-8010"]
10-Nov-2017 13:13:13.868 INFO [main] org.apache.catalina.startup.Catalina.start Server startup in 1513 ms
10-Nov-2017 16:58:04.524 INFO [Thread-11] org.apache.coyote.AbstractProtocol.pause Pausing ProtocolHandler ["http-nio-8586"]
10-Nov-2017 16:58:04.577 INFO [Thread-11] org.apache.coyote.AbstractProtocol.pause Pausing ProtocolHandler ["ajp-nio-8010"]
10-Nov-2017 16:58:04.628 INFO [Thread-11] org.apache.catalina.core.StandardService.stopInternal Stopping service [Catalina]
10-Nov-2017 16:58:04.656 WARNING [localhost-startStop-2] org.apache.catalina.loader.WebappClassLoaderBase.clearReferencesThreads The web application [ROOT] appears to have started a thread named [Thread-6] but has failed to stop it. This is very likely to create a memory leak. Stack trace of thread:
 java.lang.Thread.sleep(Native Method)
 org.jconfig.FileWatcher.run(FileWatcher.java:105)
 java.lang.Thread.run(Thread.java:748)
10-Nov-2017 16:58:04.672 INFO [Thread-11] org.apache.coyote.AbstractProtocol.stop Stopping ProtocolHandler ["http-nio-8586"]
10-Nov-2017 16:58:04.674 INFO [Thread-11] org.apache.coyote.AbstractProtocol.stop Stopping ProtocolHandler ["ajp-nio-8010"]
10-Nov-2017 16:58:04.676 INFO [Thread-11] org.apache.coyote.AbstractProtocol.destroy Destroying ProtocolHandler ["http-nio-8586"]
10-Nov-2017 16:58:04.677 INFO [Thread-11] org.apache.coyote.AbstractProtocol.destroy Destroying ProtocolHandler ["ajp-nio-8010"]
