12-Dec-2017 09:33:57.651 WARNING [ContainerBackgroundProcessor[StandardEngine[Catalina]]] org.apache.catalina.core.StandardContext.backgroundProcess Exception processing loader [WebappLoader[]] background process
 java.lang.IllegalStateException: java.io.FileNotFoundException: /work/webroot/CmsAirTime/WEB-INF/lib/poi-examples-3.9.jar (No such file or directory)
	at org.apache.catalina.webresources.AbstractSingleArchiveResourceSet.getArchiveEntry(AbstractSingleArchiveResourceSet.java:97)
	at org.apache.catalina.webresources.AbstractArchiveResourceSet.getResource(AbstractArchiveResourceSet.java:260)
	at org.apache.catalina.webresources.StandardRoot.getResourceInternal(StandardRoot.java:281)
	at org.apache.catalina.webresources.Cache.getResource(Cache.java:62)
	at org.apache.catalina.webresources.StandardRoot.getResource(StandardRoot.java:216)
	at org.apache.catalina.webresources.StandardRoot.getClassLoaderResource(StandardRoot.java:225)
	at org.apache.catalina.loader.WebappClassLoaderBase.modified(WebappClassLoaderBase.java:686)
	at org.apache.catalina.loader.WebappLoader.modified(WebappLoader.java:343)
	at org.apache.catalina.loader.WebappLoader.backgroundProcess(WebappLoader.java:287)
	at org.apache.catalina.core.StandardContext.backgroundProcess(StandardContext.java:5563)
	at org.apache.catalina.core.ContainerBase$ContainerBackgroundProcessor.processChildren(ContainerBase.java:1388)
	at org.apache.catalina.core.ContainerBase$ContainerBackgroundProcessor.processChildren(ContainerBase.java:1392)
	at org.apache.catalina.core.ContainerBase$ContainerBackgroundProcessor.processChildren(ContainerBase.java:1392)
	at org.apache.catalina.core.ContainerBase$ContainerBackgroundProcessor.run(ContainerBase.java:1360)
	at java.lang.Thread.run(Thread.java:748)
Caused by: java.io.FileNotFoundException: /work/webroot/CmsAirTime/WEB-INF/lib/poi-examples-3.9.jar (No such file or directory)
	at java.util.zip.ZipFile.open(Native Method)
	at java.util.zip.ZipFile.<init>(ZipFile.java:225)
	at java.util.zip.ZipFile.<init>(ZipFile.java:155)
	at java.util.jar.JarFile.<init>(JarFile.java:166)
	at java.util.jar.JarFile.<init>(JarFile.java:103)
	at org.apache.catalina.webresources.AbstractArchiveResourceSet.openJarFile(AbstractArchiveResourceSet.java:308)
	at org.apache.catalina.webresources.AbstractSingleArchiveResourceSet.getArchiveEntry(AbstractSingleArchiveResourceSet.java:93)
	... 14 more

12-Dec-2017 09:34:07.652 WARNING [ContainerBackgroundProcessor[StandardEngine[Catalina]]] org.apache.catalina.core.StandardContext.backgroundProcess Exception processing loader [WebappLoader[]] background process
 java.lang.IllegalStateException: java.io.FileNotFoundException: /work/webroot/CmsAirTime/WEB-INF/lib/poi-examples-3.9.jar (No such file or directory)
	at org.apache.catalina.webresources.AbstractSingleArchiveResourceSet.getArchiveEntry(AbstractSingleArchiveResourceSet.java:97)
	at org.apache.catalina.webresources.AbstractArchiveResourceSet.getResource(AbstractArchiveResourceSet.java:260)
	at org.apache.catalina.webresources.StandardRoot.getResourceInternal(StandardRoot.java:281)
	at org.apache.catalina.webresources.Cache.getResource(Cache.java:62)
	at org.apache.catalina.webresources.StandardRoot.getResource(StandardRoot.java:216)
	at org.apache.catalina.webresources.StandardRoot.getClassLoaderResource(StandardRoot.java:225)
	at org.apache.catalina.loader.WebappClassLoaderBase.modified(WebappClassLoaderBase.java:686)
	at org.apache.catalina.loader.WebappLoader.modified(WebappLoader.java:343)
	at org.apache.catalina.loader.WebappLoader.backgroundProcess(WebappLoader.java:287)
	at org.apache.catalina.core.StandardContext.backgroundProcess(StandardContext.java:5563)
	at org.apache.catalina.core.ContainerBase$ContainerBackgroundProcessor.processChildren(ContainerBase.java:1388)
	at org.apache.catalina.core.ContainerBase$ContainerBackgroundProcessor.processChildren(ContainerBase.java:1392)
	at org.apache.catalina.core.ContainerBase$ContainerBackgroundProcessor.processChildren(ContainerBase.java:1392)
	at org.apache.catalina.core.ContainerBase$ContainerBackgroundProcessor.run(ContainerBase.java:1360)
	at java.lang.Thread.run(Thread.java:748)
Caused by: java.io.FileNotFoundException: /work/webroot/CmsAirTime/WEB-INF/lib/poi-examples-3.9.jar (No such file or directory)
	at java.util.zip.ZipFile.open(Native Method)
	at java.util.zip.ZipFile.<init>(ZipFile.java:225)
	at java.util.zip.ZipFile.<init>(ZipFile.java:155)
	at java.util.jar.JarFile.<init>(JarFile.java:166)
	at java.util.jar.JarFile.<init>(JarFile.java:103)
	at org.apache.catalina.webresources.AbstractArchiveResourceSet.openJarFile(AbstractArchiveResourceSet.java:308)
	at org.apache.catalina.webresources.AbstractSingleArchiveResourceSet.getArchiveEntry(AbstractSingleArchiveResourceSet.java:93)
	... 14 more

12-Dec-2017 09:34:17.654 WARNING [ContainerBackgroundProcessor[StandardEngine[Catalina]]] org.apache.catalina.core.StandardContext.backgroundProcess Exception processing loader [WebappLoader[]] background process
 java.lang.IllegalStateException: java.io.FileNotFoundException: /work/webroot/CmsAirTime/WEB-INF/lib/poi-examples-3.9.jar (No such file or directory)
	at org.apache.catalina.webresources.AbstractSingleArchiveResourceSet.getArchiveEntry(AbstractSingleArchiveResourceSet.java:97)
	at org.apache.catalina.webresources.AbstractArchiveResourceSet.getResource(AbstractArchiveResourceSet.java:260)
	at org.apache.catalina.webresources.StandardRoot.getResourceInternal(StandardRoot.java:281)
	at org.apache.catalina.webresources.Cache.getResource(Cache.java:62)
	at org.apache.catalina.webresources.StandardRoot.getResource(StandardRoot.java:216)
	at org.apache.catalina.webresources.StandardRoot.getClassLoaderResource(StandardRoot.java:225)
	at org.apache.catalina.loader.WebappClassLoaderBase.modified(WebappClassLoaderBase.java:686)
	at org.apache.catalina.loader.WebappLoader.modified(WebappLoader.java:343)
	at org.apache.catalina.loader.WebappLoader.backgroundProcess(WebappLoader.java:287)
	at org.apache.catalina.core.StandardContext.backgroundProcess(StandardContext.java:5563)
	at org.apache.catalina.core.ContainerBase$ContainerBackgroundProcessor.processChildren(ContainerBase.java:1388)
	at org.apache.catalina.core.ContainerBase$ContainerBackgroundProcessor.processChildren(ContainerBase.java:1392)
	at org.apache.catalina.core.ContainerBase$ContainerBackgroundProcessor.processChildren(ContainerBase.java:1392)
	at org.apache.catalina.core.ContainerBase$ContainerBackgroundProcessor.run(ContainerBase.java:1360)
	at java.lang.Thread.run(Thread.java:748)
Caused by: java.io.FileNotFoundException: /work/webroot/CmsAirTime/WEB-INF/lib/poi-examples-3.9.jar (No such file or directory)
	at java.util.zip.ZipFile.open(Native Method)
	at java.util.zip.ZipFile.<init>(ZipFile.java:225)
	at java.util.zip.ZipFile.<init>(ZipFile.java:155)
	at java.util.jar.JarFile.<init>(JarFile.java:166)
	at java.util.jar.JarFile.<init>(JarFile.java:103)
	at org.apache.catalina.webresources.AbstractArchiveResourceSet.openJarFile(AbstractArchiveResourceSet.java:308)
	at org.apache.catalina.webresources.AbstractSingleArchiveResourceSet.getArchiveEntry(AbstractSingleArchiveResourceSet.java:93)
	... 14 more

12-Dec-2017 09:34:27.655 WARNING [ContainerBackgroundProcessor[StandardEngine[Catalina]]] org.apache.catalina.core.StandardContext.backgroundProcess Exception processing loader [WebappLoader[]] background process
 java.lang.IllegalStateException: java.io.FileNotFoundException: /work/webroot/CmsAirTime/WEB-INF/lib/poi-examples-3.9.jar (No such file or directory)
	at org.apache.catalina.webresources.AbstractSingleArchiveResourceSet.getArchiveEntry(AbstractSingleArchiveResourceSet.java:97)
	at org.apache.catalina.webresources.AbstractArchiveResourceSet.getResource(AbstractArchiveResourceSet.java:260)
	at org.apache.catalina.webresources.StandardRoot.getResourceInternal(StandardRoot.java:281)
	at org.apache.catalina.webresources.Cache.getResource(Cache.java:62)
	at org.apache.catalina.webresources.StandardRoot.getResource(StandardRoot.java:216)
	at org.apache.catalina.webresources.StandardRoot.getClassLoaderResource(StandardRoot.java:225)
	at org.apache.catalina.loader.WebappClassLoaderBase.modified(WebappClassLoaderBase.java:686)
	at org.apache.catalina.loader.WebappLoader.modified(WebappLoader.java:343)
	at org.apache.catalina.loader.WebappLoader.backgroundProcess(WebappLoader.java:287)
	at org.apache.catalina.core.StandardContext.backgroundProcess(StandardContext.java:5563)
	at org.apache.catalina.core.ContainerBase$ContainerBackgroundProcessor.processChildren(ContainerBase.java:1388)
	at org.apache.catalina.core.ContainerBase$ContainerBackgroundProcessor.processChildren(ContainerBase.java:1392)
	at org.apache.catalina.core.ContainerBase$ContainerBackgroundProcessor.processChildren(ContainerBase.java:1392)
	at org.apache.catalina.core.ContainerBase$ContainerBackgroundProcessor.run(ContainerBase.java:1360)
	at java.lang.Thread.run(Thread.java:748)
Caused by: java.io.FileNotFoundException: /work/webroot/CmsAirTime/WEB-INF/lib/poi-examples-3.9.jar (No such file or directory)
	at java.util.zip.ZipFile.open(Native Method)
	at java.util.zip.ZipFile.<init>(ZipFile.java:225)
	at java.util.zip.ZipFile.<init>(ZipFile.java:155)
	at java.util.jar.JarFile.<init>(JarFile.java:166)
	at java.util.jar.JarFile.<init>(JarFile.java:103)
	at org.apache.catalina.webresources.AbstractArchiveResourceSet.openJarFile(AbstractArchiveResourceSet.java:308)
	at org.apache.catalina.webresources.AbstractSingleArchiveResourceSet.getArchiveEntry(AbstractSingleArchiveResourceSet.java:93)
	... 14 more

12-Dec-2017 09:34:37.657 WARNING [ContainerBackgroundProcessor[StandardEngine[Catalina]]] org.apache.catalina.core.StandardContext.backgroundProcess Exception processing loader [WebappLoader[]] background process
 java.lang.IllegalStateException: java.io.FileNotFoundException: /work/webroot/CmsAirTime/WEB-INF/lib/poi-examples-3.9.jar (No such file or directory)
	at org.apache.catalina.webresources.AbstractSingleArchiveResourceSet.getArchiveEntry(AbstractSingleArchiveResourceSet.java:97)
	at org.apache.catalina.webresources.AbstractArchiveResourceSet.getResource(AbstractArchiveResourceSet.java:260)
	at org.apache.catalina.webresources.StandardRoot.getResourceInternal(StandardRoot.java:281)
	at org.apache.catalina.webresources.Cache.getResource(Cache.java:62)
	at org.apache.catalina.webresources.StandardRoot.getResource(StandardRoot.java:216)
	at org.apache.catalina.webresources.StandardRoot.getClassLoaderResource(StandardRoot.java:225)
	at org.apache.catalina.loader.WebappClassLoaderBase.modified(WebappClassLoaderBase.java:686)
	at org.apache.catalina.loader.WebappLoader.modified(WebappLoader.java:343)
	at org.apache.catalina.loader.WebappLoader.backgroundProcess(WebappLoader.java:287)
	at org.apache.catalina.core.StandardContext.backgroundProcess(StandardContext.java:5563)
	at org.apache.catalina.core.ContainerBase$ContainerBackgroundProcessor.processChildren(ContainerBase.java:1388)
	at org.apache.catalina.core.ContainerBase$ContainerBackgroundProcessor.processChildren(ContainerBase.java:1392)
	at org.apache.catalina.core.ContainerBase$ContainerBackgroundProcessor.processChildren(ContainerBase.java:1392)
	at org.apache.catalina.core.ContainerBase$ContainerBackgroundProcessor.run(ContainerBase.java:1360)
	at java.lang.Thread.run(Thread.java:748)
Caused by: java.io.FileNotFoundException: /work/webroot/CmsAirTime/WEB-INF/lib/poi-examples-3.9.jar (No such file or directory)
	at java.util.zip.ZipFile.open(Native Method)
	at java.util.zip.ZipFile.<init>(ZipFile.java:225)
	at java.util.zip.ZipFile.<init>(ZipFile.java:155)
	at java.util.jar.JarFile.<init>(JarFile.java:166)
	at java.util.jar.JarFile.<init>(JarFile.java:103)
	at org.apache.catalina.webresources.AbstractArchiveResourceSet.openJarFile(AbstractArchiveResourceSet.java:308)
	at org.apache.catalina.webresources.AbstractSingleArchiveResourceSet.getArchiveEntry(AbstractSingleArchiveResourceSet.java:93)
	... 14 more

12-Dec-2017 09:34:47.658 WARNING [ContainerBackgroundProcessor[StandardEngine[Catalina]]] org.apache.catalina.core.StandardContext.backgroundProcess Exception processing loader [WebappLoader[]] background process
 java.lang.IllegalStateException: java.io.FileNotFoundException: /work/webroot/CmsAirTime/WEB-INF/lib/poi-examples-3.9.jar (No such file or directory)
	at org.apache.catalina.webresources.AbstractSingleArchiveResourceSet.getArchiveEntry(AbstractSingleArchiveResourceSet.java:97)
	at org.apache.catalina.webresources.AbstractArchiveResourceSet.getResource(AbstractArchiveResourceSet.java:260)
	at org.apache.catalina.webresources.StandardRoot.getResourceInternal(StandardRoot.java:281)
	at org.apache.catalina.webresources.Cache.getResource(Cache.java:62)
	at org.apache.catalina.webresources.StandardRoot.getResource(StandardRoot.java:216)
	at org.apache.catalina.webresources.StandardRoot.getClassLoaderResource(StandardRoot.java:225)
	at org.apache.catalina.loader.WebappClassLoaderBase.modified(WebappClassLoaderBase.java:686)
	at org.apache.catalina.loader.WebappLoader.modified(WebappLoader.java:343)
	at org.apache.catalina.loader.WebappLoader.backgroundProcess(WebappLoader.java:287)
	at org.apache.catalina.core.StandardContext.backgroundProcess(StandardContext.java:5563)
	at org.apache.catalina.core.ContainerBase$ContainerBackgroundProcessor.processChildren(ContainerBase.java:1388)
	at org.apache.catalina.core.ContainerBase$ContainerBackgroundProcessor.processChildren(ContainerBase.java:1392)
	at org.apache.catalina.core.ContainerBase$ContainerBackgroundProcessor.processChildren(ContainerBase.java:1392)
	at org.apache.catalina.core.ContainerBase$ContainerBackgroundProcessor.run(ContainerBase.java:1360)
	at java.lang.Thread.run(Thread.java:748)
Caused by: java.io.FileNotFoundException: /work/webroot/CmsAirTime/WEB-INF/lib/poi-examples-3.9.jar (No such file or directory)
	at java.util.zip.ZipFile.open(Native Method)
	at java.util.zip.ZipFile.<init>(ZipFile.java:225)
	at java.util.zip.ZipFile.<init>(ZipFile.java:155)
	at java.util.jar.JarFile.<init>(JarFile.java:166)
	at java.util.jar.JarFile.<init>(JarFile.java:103)
	at org.apache.catalina.webresources.AbstractArchiveResourceSet.openJarFile(AbstractArchiveResourceSet.java:308)
	at org.apache.catalina.webresources.AbstractSingleArchiveResourceSet.getArchiveEntry(AbstractSingleArchiveResourceSet.java:93)
	... 14 more

12-Dec-2017 09:34:57.659 WARNING [ContainerBackgroundProcessor[StandardEngine[Catalina]]] org.apache.catalina.core.StandardContext.backgroundProcess Exception processing loader [WebappLoader[]] background process
 java.lang.IllegalStateException: java.io.FileNotFoundException: /work/webroot/CmsAirTime/WEB-INF/lib/poi-examples-3.9.jar (No such file or directory)
	at org.apache.catalina.webresources.AbstractSingleArchiveResourceSet.getArchiveEntry(AbstractSingleArchiveResourceSet.java:97)
	at org.apache.catalina.webresources.AbstractArchiveResourceSet.getResource(AbstractArchiveResourceSet.java:260)
	at org.apache.catalina.webresources.StandardRoot.getResourceInternal(StandardRoot.java:281)
	at org.apache.catalina.webresources.Cache.getResource(Cache.java:62)
	at org.apache.catalina.webresources.StandardRoot.getResource(StandardRoot.java:216)
	at org.apache.catalina.webresources.StandardRoot.getClassLoaderResource(StandardRoot.java:225)
	at org.apache.catalina.loader.WebappClassLoaderBase.modified(WebappClassLoaderBase.java:686)
	at org.apache.catalina.loader.WebappLoader.modified(WebappLoader.java:343)
	at org.apache.catalina.loader.WebappLoader.backgroundProcess(WebappLoader.java:287)
	at org.apache.catalina.core.StandardContext.backgroundProcess(StandardContext.java:5563)
	at org.apache.catalina.core.ContainerBase$ContainerBackgroundProcessor.processChildren(ContainerBase.java:1388)
	at org.apache.catalina.core.ContainerBase$ContainerBackgroundProcessor.processChildren(ContainerBase.java:1392)
	at org.apache.catalina.core.ContainerBase$ContainerBackgroundProcessor.processChildren(ContainerBase.java:1392)
	at org.apache.catalina.core.ContainerBase$ContainerBackgroundProcessor.run(ContainerBase.java:1360)
	at java.lang.Thread.run(Thread.java:748)
Caused by: java.io.FileNotFoundException: /work/webroot/CmsAirTime/WEB-INF/lib/poi-examples-3.9.jar (No such file or directory)
	at java.util.zip.ZipFile.open(Native Method)
	at java.util.zip.ZipFile.<init>(ZipFile.java:225)
	at java.util.zip.ZipFile.<init>(ZipFile.java:155)
	at java.util.jar.JarFile.<init>(JarFile.java:166)
	at java.util.jar.JarFile.<init>(JarFile.java:103)
	at org.apache.catalina.webresources.AbstractArchiveResourceSet.openJarFile(AbstractArchiveResourceSet.java:308)
	at org.apache.catalina.webresources.AbstractSingleArchiveResourceSet.getArchiveEntry(AbstractSingleArchiveResourceSet.java:93)
	... 14 more

12-Dec-2017 09:35:07.660 WARNING [ContainerBackgroundProcessor[StandardEngine[Catalina]]] org.apache.catalina.core.StandardContext.backgroundProcess Exception processing loader [WebappLoader[]] background process
 java.lang.IllegalStateException: java.io.FileNotFoundException: /work/webroot/CmsAirTime/WEB-INF/lib/poi-examples-3.9.jar (No such file or directory)
	at org.apache.catalina.webresources.AbstractSingleArchiveResourceSet.getArchiveEntry(AbstractSingleArchiveResourceSet.java:97)
	at org.apache.catalina.webresources.AbstractArchiveResourceSet.getResource(AbstractArchiveResourceSet.java:260)
	at org.apache.catalina.webresources.StandardRoot.getResourceInternal(StandardRoot.java:281)
	at org.apache.catalina.webresources.Cache.getResource(Cache.java:62)
	at org.apache.catalina.webresources.StandardRoot.getResource(StandardRoot.java:216)
	at org.apache.catalina.webresources.StandardRoot.getClassLoaderResource(StandardRoot.java:225)
	at org.apache.catalina.loader.WebappClassLoaderBase.modified(WebappClassLoaderBase.java:686)
	at org.apache.catalina.loader.WebappLoader.modified(WebappLoader.java:343)
	at org.apache.catalina.loader.WebappLoader.backgroundProcess(WebappLoader.java:287)
	at org.apache.catalina.core.StandardContext.backgroundProcess(StandardContext.java:5563)
	at org.apache.catalina.core.ContainerBase$ContainerBackgroundProcessor.processChildren(ContainerBase.java:1388)
	at org.apache.catalina.core.ContainerBase$ContainerBackgroundProcessor.processChildren(ContainerBase.java:1392)
	at org.apache.catalina.core.ContainerBase$ContainerBackgroundProcessor.processChildren(ContainerBase.java:1392)
	at org.apache.catalina.core.ContainerBase$ContainerBackgroundProcessor.run(ContainerBase.java:1360)
	at java.lang.Thread.run(Thread.java:748)
Caused by: java.io.FileNotFoundException: /work/webroot/CmsAirTime/WEB-INF/lib/poi-examples-3.9.jar (No such file or directory)
	at java.util.zip.ZipFile.open(Native Method)
	at java.util.zip.ZipFile.<init>(ZipFile.java:225)
	at java.util.zip.ZipFile.<init>(ZipFile.java:155)
	at java.util.jar.JarFile.<init>(JarFile.java:166)
	at java.util.jar.JarFile.<init>(JarFile.java:103)
	at org.apache.catalina.webresources.AbstractArchiveResourceSet.openJarFile(AbstractArchiveResourceSet.java:308)
	at org.apache.catalina.webresources.AbstractSingleArchiveResourceSet.getArchiveEntry(AbstractSingleArchiveResourceSet.java:93)
	... 14 more

12-Dec-2017 09:35:17.661 WARNING [ContainerBackgroundProcessor[StandardEngine[Catalina]]] org.apache.catalina.core.StandardContext.backgroundProcess Exception processing loader [WebappLoader[]] background process
 java.lang.IllegalStateException: java.io.FileNotFoundException: /work/webroot/CmsAirTime/WEB-INF/lib/poi-examples-3.9.jar (No such file or directory)
	at org.apache.catalina.webresources.AbstractSingleArchiveResourceSet.getArchiveEntry(AbstractSingleArchiveResourceSet.java:97)
	at org.apache.catalina.webresources.AbstractArchiveResourceSet.getResource(AbstractArchiveResourceSet.java:260)
	at org.apache.catalina.webresources.StandardRoot.getResourceInternal(StandardRoot.java:281)
	at org.apache.catalina.webresources.Cache.getResource(Cache.java:62)
	at org.apache.catalina.webresources.StandardRoot.getResource(StandardRoot.java:216)
	at org.apache.catalina.webresources.StandardRoot.getClassLoaderResource(StandardRoot.java:225)
	at org.apache.catalina.loader.WebappClassLoaderBase.modified(WebappClassLoaderBase.java:686)
	at org.apache.catalina.loader.WebappLoader.modified(WebappLoader.java:343)
	at org.apache.catalina.loader.WebappLoader.backgroundProcess(WebappLoader.java:287)
	at org.apache.catalina.core.StandardContext.backgroundProcess(StandardContext.java:5563)
	at org.apache.catalina.core.ContainerBase$ContainerBackgroundProcessor.processChildren(ContainerBase.java:1388)
	at org.apache.catalina.core.ContainerBase$ContainerBackgroundProcessor.processChildren(ContainerBase.java:1392)
	at org.apache.catalina.core.ContainerBase$ContainerBackgroundProcessor.processChildren(ContainerBase.java:1392)
	at org.apache.catalina.core.ContainerBase$ContainerBackgroundProcessor.run(ContainerBase.java:1360)
	at java.lang.Thread.run(Thread.java:748)
Caused by: java.io.FileNotFoundException: /work/webroot/CmsAirTime/WEB-INF/lib/poi-examples-3.9.jar (No such file or directory)
	at java.util.zip.ZipFile.open(Native Method)
	at java.util.zip.ZipFile.<init>(ZipFile.java:225)
	at java.util.zip.ZipFile.<init>(ZipFile.java:155)
	at java.util.jar.JarFile.<init>(JarFile.java:166)
	at java.util.jar.JarFile.<init>(JarFile.java:103)
	at org.apache.catalina.webresources.AbstractArchiveResourceSet.openJarFile(AbstractArchiveResourceSet.java:308)
	at org.apache.catalina.webresources.AbstractSingleArchiveResourceSet.getArchiveEntry(AbstractSingleArchiveResourceSet.java:93)
	... 14 more

12-Dec-2017 09:35:27.662 WARNING [ContainerBackgroundProcessor[StandardEngine[Catalina]]] org.apache.catalina.core.StandardContext.backgroundProcess Exception processing loader [WebappLoader[]] background process
 java.lang.IllegalStateException: java.io.FileNotFoundException: /work/webroot/CmsAirTime/WEB-INF/lib/poi-examples-3.9.jar (No such file or directory)
	at org.apache.catalina.webresources.AbstractSingleArchiveResourceSet.getArchiveEntry(AbstractSingleArchiveResourceSet.java:97)
	at org.apache.catalina.webresources.AbstractArchiveResourceSet.getResource(AbstractArchiveResourceSet.java:260)
	at org.apache.catalina.webresources.StandardRoot.getResourceInternal(StandardRoot.java:281)
	at org.apache.catalina.webresources.Cache.getResource(Cache.java:62)
	at org.apache.catalina.webresources.StandardRoot.getResource(StandardRoot.java:216)
	at org.apache.catalina.webresources.StandardRoot.getClassLoaderResource(StandardRoot.java:225)
	at org.apache.catalina.loader.WebappClassLoaderBase.modified(WebappClassLoaderBase.java:686)
	at org.apache.catalina.loader.WebappLoader.modified(WebappLoader.java:343)
	at org.apache.catalina.loader.WebappLoader.backgroundProcess(WebappLoader.java:287)
	at org.apache.catalina.core.StandardContext.backgroundProcess(StandardContext.java:5563)
	at org.apache.catalina.core.ContainerBase$ContainerBackgroundProcessor.processChildren(ContainerBase.java:1388)
	at org.apache.catalina.core.ContainerBase$ContainerBackgroundProcessor.processChildren(ContainerBase.java:1392)
	at org.apache.catalina.core.ContainerBase$ContainerBackgroundProcessor.processChildren(ContainerBase.java:1392)
	at org.apache.catalina.core.ContainerBase$ContainerBackgroundProcessor.run(ContainerBase.java:1360)
	at java.lang.Thread.run(Thread.java:748)
Caused by: java.io.FileNotFoundException: /work/webroot/CmsAirTime/WEB-INF/lib/poi-examples-3.9.jar (No such file or directory)
	at java.util.zip.ZipFile.open(Native Method)
	at java.util.zip.ZipFile.<init>(ZipFile.java:225)
	at java.util.zip.ZipFile.<init>(ZipFile.java:155)
	at java.util.jar.JarFile.<init>(JarFile.java:166)
	at java.util.jar.JarFile.<init>(JarFile.java:103)
	at org.apache.catalina.webresources.AbstractArchiveResourceSet.openJarFile(AbstractArchiveResourceSet.java:308)
	at org.apache.catalina.webresources.AbstractSingleArchiveResourceSet.getArchiveEntry(AbstractSingleArchiveResourceSet.java:93)
	... 14 more

12-Dec-2017 09:35:37.663 WARNING [ContainerBackgroundProcessor[StandardEngine[Catalina]]] org.apache.catalina.core.StandardContext.backgroundProcess Exception processing loader [WebappLoader[]] background process
 java.lang.IllegalStateException: java.io.FileNotFoundException: /work/webroot/CmsAirTime/WEB-INF/lib/poi-examples-3.9.jar (No such file or directory)
	at org.apache.catalina.webresources.AbstractSingleArchiveResourceSet.getArchiveEntry(AbstractSingleArchiveResourceSet.java:97)
	at org.apache.catalina.webresources.AbstractArchiveResourceSet.getResource(AbstractArchiveResourceSet.java:260)
	at org.apache.catalina.webresources.StandardRoot.getResourceInternal(StandardRoot.java:281)
	at org.apache.catalina.webresources.Cache.getResource(Cache.java:62)
	at org.apache.catalina.webresources.StandardRoot.getResource(StandardRoot.java:216)
	at org.apache.catalina.webresources.StandardRoot.getClassLoaderResource(StandardRoot.java:225)
	at org.apache.catalina.loader.WebappClassLoaderBase.modified(WebappClassLoaderBase.java:686)
	at org.apache.catalina.loader.WebappLoader.modified(WebappLoader.java:343)
	at org.apache.catalina.loader.WebappLoader.backgroundProcess(WebappLoader.java:287)
	at org.apache.catalina.core.StandardContext.backgroundProcess(StandardContext.java:5563)
	at org.apache.catalina.core.ContainerBase$ContainerBackgroundProcessor.processChildren(ContainerBase.java:1388)
	at org.apache.catalina.core.ContainerBase$ContainerBackgroundProcessor.processChildren(ContainerBase.java:1392)
	at org.apache.catalina.core.ContainerBase$ContainerBackgroundProcessor.processChildren(ContainerBase.java:1392)
	at org.apache.catalina.core.ContainerBase$ContainerBackgroundProcessor.run(ContainerBase.java:1360)
	at java.lang.Thread.run(Thread.java:748)
Caused by: java.io.FileNotFoundException: /work/webroot/CmsAirTime/WEB-INF/lib/poi-examples-3.9.jar (No such file or directory)
	at java.util.zip.ZipFile.open(Native Method)
	at java.util.zip.ZipFile.<init>(ZipFile.java:225)
	at java.util.zip.ZipFile.<init>(ZipFile.java:155)
	at java.util.jar.JarFile.<init>(JarFile.java:166)
	at java.util.jar.JarFile.<init>(JarFile.java:103)
	at org.apache.catalina.webresources.AbstractArchiveResourceSet.openJarFile(AbstractArchiveResourceSet.java:308)
	at org.apache.catalina.webresources.AbstractSingleArchiveResourceSet.getArchiveEntry(AbstractSingleArchiveResourceSet.java:93)
	... 14 more

12-Dec-2017 09:35:47.665 WARNING [ContainerBackgroundProcessor[StandardEngine[Catalina]]] org.apache.catalina.core.StandardContext.backgroundProcess Exception processing loader [WebappLoader[]] background process
 java.lang.IllegalStateException: java.io.FileNotFoundException: /work/webroot/CmsAirTime/WEB-INF/lib/poi-examples-3.9.jar (No such file or directory)
	at org.apache.catalina.webresources.AbstractSingleArchiveResourceSet.getArchiveEntry(AbstractSingleArchiveResourceSet.java:97)
	at org.apache.catalina.webresources.AbstractArchiveResourceSet.getResource(AbstractArchiveResourceSet.java:260)
	at org.apache.catalina.webresources.StandardRoot.getResourceInternal(StandardRoot.java:281)
	at org.apache.catalina.webresources.Cache.getResource(Cache.java:62)
	at org.apache.catalina.webresources.StandardRoot.getResource(StandardRoot.java:216)
	at org.apache.catalina.webresources.StandardRoot.getClassLoaderResource(StandardRoot.java:225)
	at org.apache.catalina.loader.WebappClassLoaderBase.modified(WebappClassLoaderBase.java:686)
	at org.apache.catalina.loader.WebappLoader.modified(WebappLoader.java:343)
	at org.apache.catalina.loader.WebappLoader.backgroundProcess(WebappLoader.java:287)
	at org.apache.catalina.core.StandardContext.backgroundProcess(StandardContext.java:5563)
	at org.apache.catalina.core.ContainerBase$ContainerBackgroundProcessor.processChildren(ContainerBase.java:1388)
	at org.apache.catalina.core.ContainerBase$ContainerBackgroundProcessor.processChildren(ContainerBase.java:1392)
	at org.apache.catalina.core.ContainerBase$ContainerBackgroundProcessor.processChildren(ContainerBase.java:1392)
	at org.apache.catalina.core.ContainerBase$ContainerBackgroundProcessor.run(ContainerBase.java:1360)
	at java.lang.Thread.run(Thread.java:748)
Caused by: java.io.FileNotFoundException: /work/webroot/CmsAirTime/WEB-INF/lib/poi-examples-3.9.jar (No such file or directory)
	at java.util.zip.ZipFile.open(Native Method)
	at java.util.zip.ZipFile.<init>(ZipFile.java:225)
	at java.util.zip.ZipFile.<init>(ZipFile.java:155)
	at java.util.jar.JarFile.<init>(JarFile.java:166)
	at java.util.jar.JarFile.<init>(JarFile.java:103)
	at org.apache.catalina.webresources.AbstractArchiveResourceSet.openJarFile(AbstractArchiveResourceSet.java:308)
	at org.apache.catalina.webresources.AbstractSingleArchiveResourceSet.getArchiveEntry(AbstractSingleArchiveResourceSet.java:93)
	... 14 more

12-Dec-2017 09:35:57.666 WARNING [ContainerBackgroundProcessor[StandardEngine[Catalina]]] org.apache.catalina.core.StandardContext.backgroundProcess Exception processing loader [WebappLoader[]] background process
 java.lang.IllegalStateException: java.io.FileNotFoundException: /work/webroot/CmsAirTime/WEB-INF/lib/poi-scratchpad-3.9.jar (No such file or directory)
	at org.apache.catalina.webresources.AbstractSingleArchiveResourceSet.getArchiveEntry(AbstractSingleArchiveResourceSet.java:97)
	at org.apache.catalina.webresources.AbstractArchiveResourceSet.getResource(AbstractArchiveResourceSet.java:260)
	at org.apache.catalina.webresources.StandardRoot.getResourceInternal(StandardRoot.java:281)
	at org.apache.catalina.webresources.Cache.getResource(Cache.java:62)
	at org.apache.catalina.webresources.StandardRoot.getResource(StandardRoot.java:216)
	at org.apache.catalina.webresources.StandardRoot.getClassLoaderResource(StandardRoot.java:225)
	at org.apache.catalina.loader.WebappClassLoaderBase.modified(WebappClassLoaderBase.java:686)
	at org.apache.catalina.loader.WebappLoader.modified(WebappLoader.java:343)
	at org.apache.catalina.loader.WebappLoader.backgroundProcess(WebappLoader.java:287)
	at org.apache.catalina.core.StandardContext.backgroundProcess(StandardContext.java:5563)
	at org.apache.catalina.core.ContainerBase$ContainerBackgroundProcessor.processChildren(ContainerBase.java:1388)
	at org.apache.catalina.core.ContainerBase$ContainerBackgroundProcessor.processChildren(ContainerBase.java:1392)
	at org.apache.catalina.core.ContainerBase$ContainerBackgroundProcessor.processChildren(ContainerBase.java:1392)
	at org.apache.catalina.core.ContainerBase$ContainerBackgroundProcessor.run(ContainerBase.java:1360)
	at java.lang.Thread.run(Thread.java:748)
Caused by: java.io.FileNotFoundException: /work/webroot/CmsAirTime/WEB-INF/lib/poi-scratchpad-3.9.jar (No such file or directory)
	at java.util.zip.ZipFile.open(Native Method)
	at java.util.zip.ZipFile.<init>(ZipFile.java:225)
	at java.util.zip.ZipFile.<init>(ZipFile.java:155)
	at java.util.jar.JarFile.<init>(JarFile.java:166)
	at java.util.jar.JarFile.<init>(JarFile.java:103)
	at org.apache.catalina.webresources.AbstractArchiveResourceSet.openJarFile(AbstractArchiveResourceSet.java:308)
	at org.apache.catalina.webresources.AbstractSingleArchiveResourceSet.getArchiveEntry(AbstractSingleArchiveResourceSet.java:93)
	... 14 more

12-Dec-2017 09:36:07.330 INFO [Thread-63] org.apache.catalina.loader.WebappClassLoaderBase.checkStateForResourceLoading Illegal access: this web application instance has been stopped already. Could not load [org.jconfig.event.FileListenerEvent]. The following stack trace is thrown for debugging purposes as well as to attempt to terminate the thread which caused the illegal access.
 java.lang.IllegalStateException: Illegal access: this web application instance has been stopped already. Could not load [org.jconfig.event.FileListenerEvent]. The following stack trace is thrown for debugging purposes as well as to attempt to terminate the thread which caused the illegal access.
	at org.apache.catalina.loader.WebappClassLoaderBase.checkStateForResourceLoading(WebappClassLoaderBase.java:1311)
	at org.apache.catalina.loader.WebappClassLoaderBase.checkStateForClassLoading(WebappClassLoaderBase.java:1299)
	at org.apache.catalina.loader.WebappClassLoaderBase.loadClass(WebappClassLoaderBase.java:1158)
	at org.apache.catalina.loader.WebappClassLoaderBase.loadClass(WebappClassLoaderBase.java:1119)
	at org.jconfig.FileWatcher.checkFile(FileWatcher.java:142)
	at org.jconfig.FileWatcher.run(FileWatcher.java:110)
	at java.lang.Thread.run(Thread.java:748)

12-Dec-2017 09:36:07.344 INFO [Thread-6] org.apache.catalina.loader.WebappClassLoaderBase.checkStateForResourceLoading Illegal access: this web application instance has been stopped already. Could not load [org.jconfig.event.FileListenerEvent]. The following stack trace is thrown for debugging purposes as well as to attempt to terminate the thread which caused the illegal access.
 java.lang.IllegalStateException: Illegal access: this web application instance has been stopped already. Could not load [org.jconfig.event.FileListenerEvent]. The following stack trace is thrown for debugging purposes as well as to attempt to terminate the thread which caused the illegal access.
	at org.apache.catalina.loader.WebappClassLoaderBase.checkStateForResourceLoading(WebappClassLoaderBase.java:1311)
	at org.apache.catalina.loader.WebappClassLoaderBase.checkStateForClassLoading(WebappClassLoaderBase.java:1299)
	at org.apache.catalina.loader.WebappClassLoaderBase.loadClass(WebappClassLoaderBase.java:1158)
	at org.apache.catalina.loader.WebappClassLoaderBase.loadClass(WebappClassLoaderBase.java:1119)
	at org.jconfig.FileWatcher.checkFile(FileWatcher.java:142)
	at org.jconfig.FileWatcher.run(FileWatcher.java:110)
	at java.lang.Thread.run(Thread.java:748)

12-Dec-2017 09:36:07.522 INFO [Thread-55] org.apache.catalina.loader.WebappClassLoaderBase.checkStateForResourceLoading Illegal access: this web application instance has been stopped already. Could not load [org.jconfig.event.FileListenerEvent]. The following stack trace is thrown for debugging purposes as well as to attempt to terminate the thread which caused the illegal access.
 java.lang.IllegalStateException: Illegal access: this web application instance has been stopped already. Could not load [org.jconfig.event.FileListenerEvent]. The following stack trace is thrown for debugging purposes as well as to attempt to terminate the thread which caused the illegal access.
	at org.apache.catalina.loader.WebappClassLoaderBase.checkStateForResourceLoading(WebappClassLoaderBase.java:1311)
	at org.apache.catalina.loader.WebappClassLoaderBase.checkStateForClassLoading(WebappClassLoaderBase.java:1299)
	at org.apache.catalina.loader.WebappClassLoaderBase.loadClass(WebappClassLoaderBase.java:1158)
	at org.apache.catalina.loader.WebappClassLoaderBase.loadClass(WebappClassLoaderBase.java:1119)
	at org.jconfig.FileWatcher.checkFile(FileWatcher.java:142)
	at org.jconfig.FileWatcher.run(FileWatcher.java:110)
	at java.lang.Thread.run(Thread.java:748)

12-Dec-2017 09:36:07.522 INFO [Thread-103] org.apache.catalina.loader.WebappClassLoaderBase.checkStateForResourceLoading Illegal access: this web application instance has been stopped already. Could not load [org.jconfig.event.FileListenerEvent]. The following stack trace is thrown for debugging purposes as well as to attempt to terminate the thread which caused the illegal access.
 java.lang.IllegalStateException: Illegal access: this web application instance has been stopped already. Could not load [org.jconfig.event.FileListenerEvent]. The following stack trace is thrown for debugging purposes as well as to attempt to terminate the thread which caused the illegal access.
	at org.apache.catalina.loader.WebappClassLoaderBase.checkStateForResourceLoading(WebappClassLoaderBase.java:1311)
	at org.apache.catalina.loader.WebappClassLoaderBase.checkStateForClassLoading(WebappClassLoaderBase.java:1299)
	at org.apache.catalina.loader.WebappClassLoaderBase.loadClass(WebappClassLoaderBase.java:1158)
	at org.apache.catalina.loader.WebappClassLoaderBase.loadClass(WebappClassLoaderBase.java:1119)
	at org.jconfig.FileWatcher.checkFile(FileWatcher.java:142)
	at org.jconfig.FileWatcher.run(FileWatcher.java:110)
	at java.lang.Thread.run(Thread.java:748)

12-Dec-2017 09:36:07.672 INFO [ContainerBackgroundProcessor[StandardEngine[Catalina]]] org.apache.catalina.core.StandardContext.reload Reloading Context with name [] has started
12-Dec-2017 09:36:07.679 WARNING [ContainerBackgroundProcessor[StandardEngine[Catalina]]] org.apache.catalina.loader.WebappClassLoaderBase.clearReferencesThreads The web application [ROOT] appears to have started a thread named [Thread-127] but has failed to stop it. This is very likely to create a memory leak. Stack trace of thread:
 java.lang.Thread.sleep(Native Method)
 org.jconfig.FileWatcher.run(FileWatcher.java:105)
 java.lang.Thread.run(Thread.java:748)
12-Dec-2017 09:36:07.691 INFO [Thread-127] org.apache.catalina.loader.WebappClassLoaderBase.checkStateForResourceLoading Illegal access: this web application instance has been stopped already. Could not load [org.jconfig.event.FileListenerEvent]. The following stack trace is thrown for debugging purposes as well as to attempt to terminate the thread which caused the illegal access.
 java.lang.IllegalStateException: Illegal access: this web application instance has been stopped already. Could not load [org.jconfig.event.FileListenerEvent]. The following stack trace is thrown for debugging purposes as well as to attempt to terminate the thread which caused the illegal access.
	at org.apache.catalina.loader.WebappClassLoaderBase.checkStateForResourceLoading(WebappClassLoaderBase.java:1311)
	at org.apache.catalina.loader.WebappClassLoaderBase.checkStateForClassLoading(WebappClassLoaderBase.java:1299)
	at org.apache.catalina.loader.WebappClassLoaderBase.loadClass(WebappClassLoaderBase.java:1158)
	at org.apache.catalina.loader.WebappClassLoaderBase.loadClass(WebappClassLoaderBase.java:1119)
	at org.jconfig.FileWatcher.checkFile(FileWatcher.java:142)
	at org.jconfig.FileWatcher.run(FileWatcher.java:110)
	at java.lang.Thread.run(Thread.java:748)

12-Dec-2017 09:36:07.700 SEVERE [ContainerBackgroundProcessor[StandardEngine[Catalina]]] org.apache.catalina.startup.ContextConfig.processAnnotationsWebResource Unable to process web resource [/WEB-INF/classes/com/htc/airtime/connect/PoolMng.class] for annotations
 java.io.EOFException
	at java.io.DataInputStream.readInt(DataInputStream.java:392)
	at org.apache.tomcat.util.bcel.classfile.ClassParser.readID(ClassParser.java:199)
	at org.apache.tomcat.util.bcel.classfile.ClassParser.parse(ClassParser.java:78)
	at org.apache.catalina.startup.ContextConfig.processAnnotationsStream(ContextConfig.java:2053)
	at org.apache.catalina.startup.ContextConfig.processAnnotationsWebResource(ContextConfig.java:1952)
	at org.apache.catalina.startup.ContextConfig.processAnnotationsWebResource(ContextConfig.java:1946)
	at org.apache.catalina.startup.ContextConfig.processAnnotationsWebResource(ContextConfig.java:1946)
	at org.apache.catalina.startup.ContextConfig.processAnnotationsWebResource(ContextConfig.java:1946)
	at org.apache.catalina.startup.ContextConfig.processAnnotationsWebResource(ContextConfig.java:1946)
	at org.apache.catalina.startup.ContextConfig.webConfig(ContextConfig.java:1153)
	at org.apache.catalina.startup.ContextConfig.configureStart(ContextConfig.java:775)
	at org.apache.catalina.startup.ContextConfig.lifecycleEvent(ContextConfig.java:299)
	at org.apache.catalina.util.LifecycleBase.fireLifecycleEvent(LifecycleBase.java:94)
	at org.apache.catalina.core.StandardContext.startInternal(StandardContext.java:5105)
	at org.apache.catalina.util.LifecycleBase.start(LifecycleBase.java:150)
	at org.apache.catalina.core.StandardContext.reload(StandardContext.java:3800)
	at org.apache.catalina.loader.WebappLoader.backgroundProcess(WebappLoader.java:292)
	at org.apache.catalina.core.StandardContext.backgroundProcess(StandardContext.java:5563)
	at org.apache.catalina.core.ContainerBase$ContainerBackgroundProcessor.processChildren(ContainerBase.java:1388)
	at org.apache.catalina.core.ContainerBase$ContainerBackgroundProcessor.processChildren(ContainerBase.java:1392)
	at org.apache.catalina.core.ContainerBase$ContainerBackgroundProcessor.processChildren(ContainerBase.java:1392)
	at org.apache.catalina.core.ContainerBase$ContainerBackgroundProcessor.run(ContainerBase.java:1360)
	at java.lang.Thread.run(Thread.java:748)

12-Dec-2017 09:36:07.758 INFO [Thread-39] org.apache.catalina.loader.WebappClassLoaderBase.checkStateForResourceLoading Illegal access: this web application instance has been stopped already. Could not load [org.jconfig.event.FileListenerEvent]. The following stack trace is thrown for debugging purposes as well as to attempt to terminate the thread which caused the illegal access.
 java.lang.IllegalStateException: Illegal access: this web application instance has been stopped already. Could not load [org.jconfig.event.FileListenerEvent]. The following stack trace is thrown for debugging purposes as well as to attempt to terminate the thread which caused the illegal access.
	at org.apache.catalina.loader.WebappClassLoaderBase.checkStateForResourceLoading(WebappClassLoaderBase.java:1311)
	at org.apache.catalina.loader.WebappClassLoaderBase.checkStateForClassLoading(WebappClassLoaderBase.java:1299)
	at org.apache.catalina.loader.WebappClassLoaderBase.loadClass(WebappClassLoaderBase.java:1158)
	at org.apache.catalina.loader.WebappClassLoaderBase.loadClass(WebappClassLoaderBase.java:1119)
	at org.jconfig.FileWatcher.checkFile(FileWatcher.java:142)
	at org.jconfig.FileWatcher.run(FileWatcher.java:110)
	at java.lang.Thread.run(Thread.java:748)

12-Dec-2017 09:36:07.852 INFO [Thread-79] org.apache.catalina.loader.WebappClassLoaderBase.checkStateForResourceLoading Illegal access: this web application instance has been stopped already. Could not load [org.jconfig.event.FileListenerEvent]. The following stack trace is thrown for debugging purposes as well as to attempt to terminate the thread which caused the illegal access.
 java.lang.IllegalStateException: Illegal access: this web application instance has been stopped already. Could not load [org.jconfig.event.FileListenerEvent]. The following stack trace is thrown for debugging purposes as well as to attempt to terminate the thread which caused the illegal access.
	at org.apache.catalina.loader.WebappClassLoaderBase.checkStateForResourceLoading(WebappClassLoaderBase.java:1311)
	at org.apache.catalina.loader.WebappClassLoaderBase.checkStateForClassLoading(WebappClassLoaderBase.java:1299)
	at org.apache.catalina.loader.WebappClassLoaderBase.loadClass(WebappClassLoaderBase.java:1158)
	at org.apache.catalina.loader.WebappClassLoaderBase.loadClass(WebappClassLoaderBase.java:1119)
	at org.jconfig.FileWatcher.checkFile(FileWatcher.java:142)
	at org.jconfig.FileWatcher.run(FileWatcher.java:110)
	at java.lang.Thread.run(Thread.java:748)

12-Dec-2017 09:36:07.930 INFO [Thread-111] org.apache.catalina.loader.WebappClassLoaderBase.checkStateForResourceLoading Illegal access: this web application instance has been stopped already. Could not load [org.jconfig.event.FileListenerEvent]. The following stack trace is thrown for debugging purposes as well as to attempt to terminate the thread which caused the illegal access.
 java.lang.IllegalStateException: Illegal access: this web application instance has been stopped already. Could not load [org.jconfig.event.FileListenerEvent]. The following stack trace is thrown for debugging purposes as well as to attempt to terminate the thread which caused the illegal access.
	at org.apache.catalina.loader.WebappClassLoaderBase.checkStateForResourceLoading(WebappClassLoaderBase.java:1311)
	at org.apache.catalina.loader.WebappClassLoaderBase.checkStateForClassLoading(WebappClassLoaderBase.java:1299)
	at org.apache.catalina.loader.WebappClassLoaderBase.loadClass(WebappClassLoaderBase.java:1158)
	at org.apache.catalina.loader.WebappClassLoaderBase.loadClass(WebappClassLoaderBase.java:1119)
	at org.jconfig.FileWatcher.checkFile(FileWatcher.java:142)
	at org.jconfig.FileWatcher.run(FileWatcher.java:110)
	at java.lang.Thread.run(Thread.java:748)

12-Dec-2017 09:36:08.010 INFO [Thread-119] org.apache.catalina.loader.WebappClassLoaderBase.checkStateForResourceLoading Illegal access: this web application instance has been stopped already. Could not load [org.jconfig.event.FileListenerEvent]. The following stack trace is thrown for debugging purposes as well as to attempt to terminate the thread which caused the illegal access.
 java.lang.IllegalStateException: Illegal access: this web application instance has been stopped already. Could not load [org.jconfig.event.FileListenerEvent]. The following stack trace is thrown for debugging purposes as well as to attempt to terminate the thread which caused the illegal access.
	at org.apache.catalina.loader.WebappClassLoaderBase.checkStateForResourceLoading(WebappClassLoaderBase.java:1311)
	at org.apache.catalina.loader.WebappClassLoaderBase.checkStateForClassLoading(WebappClassLoaderBase.java:1299)
	at org.apache.catalina.loader.WebappClassLoaderBase.loadClass(WebappClassLoaderBase.java:1158)
	at org.apache.catalina.loader.WebappClassLoaderBase.loadClass(WebappClassLoaderBase.java:1119)
	at org.jconfig.FileWatcher.checkFile(FileWatcher.java:142)
	at org.jconfig.FileWatcher.run(FileWatcher.java:110)
	at java.lang.Thread.run(Thread.java:748)

12-Dec-2017 09:36:08.281 SEVERE [ContainerBackgroundProcessor[StandardEngine[Catalina]]] org.apache.catalina.core.StandardContext.reload Exception starting Context with name []
 org.apache.catalina.LifecycleException: Failed to start component [StandardEngine[Catalina].StandardHost[localhost].StandardContext[]]
	at org.apache.catalina.util.LifecycleBase.start(LifecycleBase.java:167)
	at org.apache.catalina.core.StandardContext.reload(StandardContext.java:3800)
	at org.apache.catalina.loader.WebappLoader.backgroundProcess(WebappLoader.java:292)
	at org.apache.catalina.core.StandardContext.backgroundProcess(StandardContext.java:5563)
	at org.apache.catalina.core.ContainerBase$ContainerBackgroundProcessor.processChildren(ContainerBase.java:1388)
	at org.apache.catalina.core.ContainerBase$ContainerBackgroundProcessor.processChildren(ContainerBase.java:1392)
	at org.apache.catalina.core.ContainerBase$ContainerBackgroundProcessor.processChildren(ContainerBase.java:1392)
	at org.apache.catalina.core.ContainerBase$ContainerBackgroundProcessor.run(ContainerBase.java:1360)
	at java.lang.Thread.run(Thread.java:748)
Caused by: java.lang.NoClassDefFoundError: Lcom/htc/airtime/thread/AccountCacheManager;
	at java.lang.Class.getDeclaredFields0(Native Method)
	at java.lang.Class.privateGetDeclaredFields(Class.java:2583)
	at java.lang.Class.getDeclaredFields(Class.java:1916)
	at org.apache.catalina.util.Introspection.getDeclaredFields(Introspection.java:110)
	at org.apache.catalina.startup.WebAnnotationSet.loadFieldsAnnotation(WebAnnotationSet.java:262)
	at org.apache.catalina.startup.WebAnnotationSet.loadApplicationListenerAnnotations(WebAnnotationSet.java:88)
	at org.apache.catalina.startup.WebAnnotationSet.loadApplicationAnnotations(WebAnnotationSet.java:64)
	at org.apache.catalina.startup.ContextConfig.applicationAnnotationsConfig(ContextConfig.java:328)
	at org.apache.catalina.startup.ContextConfig.configureStart(ContextConfig.java:778)
	at org.apache.catalina.startup.ContextConfig.lifecycleEvent(ContextConfig.java:299)
	at org.apache.catalina.util.LifecycleBase.fireLifecycleEvent(LifecycleBase.java:94)
	at org.apache.catalina.core.StandardContext.startInternal(StandardContext.java:5105)
	at org.apache.catalina.util.LifecycleBase.start(LifecycleBase.java:150)
	... 8 more
Caused by: java.lang.ClassNotFoundException: com.htc.airtime.thread.AccountCacheManager
	at org.apache.catalina.loader.WebappClassLoaderBase.loadClass(WebappClassLoaderBase.java:1291)
	at org.apache.catalina.loader.WebappClassLoaderBase.loadClass(WebappClassLoaderBase.java:1119)
	... 21 more

12-Dec-2017 09:36:08.282 INFO [ContainerBackgroundProcessor[StandardEngine[Catalina]]] org.apache.catalina.core.StandardContext.reload Reloading Context with name [] is completed
12-Dec-2017 09:36:08.499 INFO [Thread-71] org.apache.catalina.loader.WebappClassLoaderBase.checkStateForResourceLoading Illegal access: this web application instance has been stopped already. Could not load [org.jconfig.event.FileListenerEvent]. The following stack trace is thrown for debugging purposes as well as to attempt to terminate the thread which caused the illegal access.
 java.lang.IllegalStateException: Illegal access: this web application instance has been stopped already. Could not load [org.jconfig.event.FileListenerEvent]. The following stack trace is thrown for debugging purposes as well as to attempt to terminate the thread which caused the illegal access.
	at org.apache.catalina.loader.WebappClassLoaderBase.checkStateForResourceLoading(WebappClassLoaderBase.java:1311)
	at org.apache.catalina.loader.WebappClassLoaderBase.checkStateForClassLoading(WebappClassLoaderBase.java:1299)
	at org.apache.catalina.loader.WebappClassLoaderBase.loadClass(WebappClassLoaderBase.java:1158)
	at org.apache.catalina.loader.WebappClassLoaderBase.loadClass(WebappClassLoaderBase.java:1119)
	at org.jconfig.FileWatcher.checkFile(FileWatcher.java:142)
	at org.jconfig.FileWatcher.run(FileWatcher.java:110)
	at java.lang.Thread.run(Thread.java:748)

12-Dec-2017 09:36:08.622 INFO [Thread-47] org.apache.catalina.loader.WebappClassLoaderBase.checkStateForResourceLoading Illegal access: this web application instance has been stopped already. Could not load [org.jconfig.event.FileListenerEvent]. The following stack trace is thrown for debugging purposes as well as to attempt to terminate the thread which caused the illegal access.
 java.lang.IllegalStateException: Illegal access: this web application instance has been stopped already. Could not load [org.jconfig.event.FileListenerEvent]. The following stack trace is thrown for debugging purposes as well as to attempt to terminate the thread which caused the illegal access.
	at org.apache.catalina.loader.WebappClassLoaderBase.checkStateForResourceLoading(WebappClassLoaderBase.java:1311)
	at org.apache.catalina.loader.WebappClassLoaderBase.checkStateForClassLoading(WebappClassLoaderBase.java:1299)
	at org.apache.catalina.loader.WebappClassLoaderBase.loadClass(WebappClassLoaderBase.java:1158)
	at org.apache.catalina.loader.WebappClassLoaderBase.loadClass(WebappClassLoaderBase.java:1119)
	at org.jconfig.FileWatcher.checkFile(FileWatcher.java:142)
	at org.jconfig.FileWatcher.run(FileWatcher.java:110)
	at java.lang.Thread.run(Thread.java:748)

12-Dec-2017 09:36:08.622 INFO [Thread-23] org.apache.catalina.loader.WebappClassLoaderBase.checkStateForResourceLoading Illegal access: this web application instance has been stopped already. Could not load [org.jconfig.event.FileListenerEvent]. The following stack trace is thrown for debugging purposes as well as to attempt to terminate the thread which caused the illegal access.
 java.lang.IllegalStateException: Illegal access: this web application instance has been stopped already. Could not load [org.jconfig.event.FileListenerEvent]. The following stack trace is thrown for debugging purposes as well as to attempt to terminate the thread which caused the illegal access.
	at org.apache.catalina.loader.WebappClassLoaderBase.checkStateForResourceLoading(WebappClassLoaderBase.java:1311)
	at org.apache.catalina.loader.WebappClassLoaderBase.checkStateForClassLoading(WebappClassLoaderBase.java:1299)
	at org.apache.catalina.loader.WebappClassLoaderBase.loadClass(WebappClassLoaderBase.java:1158)
	at org.apache.catalina.loader.WebappClassLoaderBase.loadClass(WebappClassLoaderBase.java:1119)
	at org.jconfig.FileWatcher.checkFile(FileWatcher.java:142)
	at org.jconfig.FileWatcher.run(FileWatcher.java:110)
	at java.lang.Thread.run(Thread.java:748)

12-Dec-2017 09:36:08.622 INFO [Thread-31] org.apache.catalina.loader.WebappClassLoaderBase.checkStateForResourceLoading Illegal access: this web application instance has been stopped already. Could not load [org.jconfig.event.FileListenerEvent]. The following stack trace is thrown for debugging purposes as well as to attempt to terminate the thread which caused the illegal access.
 java.lang.IllegalStateException: Illegal access: this web application instance has been stopped already. Could not load [org.jconfig.event.FileListenerEvent]. The following stack trace is thrown for debugging purposes as well as to attempt to terminate the thread which caused the illegal access.
	at org.apache.catalina.loader.WebappClassLoaderBase.checkStateForResourceLoading(WebappClassLoaderBase.java:1311)
	at org.apache.catalina.loader.WebappClassLoaderBase.checkStateForClassLoading(WebappClassLoaderBase.java:1299)
	at org.apache.catalina.loader.WebappClassLoaderBase.loadClass(WebappClassLoaderBase.java:1158)
	at org.apache.catalina.loader.WebappClassLoaderBase.loadClass(WebappClassLoaderBase.java:1119)
	at org.jconfig.FileWatcher.checkFile(FileWatcher.java:142)
	at org.jconfig.FileWatcher.run(FileWatcher.java:110)
	at java.lang.Thread.run(Thread.java:748)

12-Dec-2017 09:36:08.622 INFO [Thread-87] org.apache.catalina.loader.WebappClassLoaderBase.checkStateForResourceLoading Illegal access: this web application instance has been stopped already. Could not load [org.jconfig.event.FileListenerEvent]. The following stack trace is thrown for debugging purposes as well as to attempt to terminate the thread which caused the illegal access.
 java.lang.IllegalStateException: Illegal access: this web application instance has been stopped already. Could not load [org.jconfig.event.FileListenerEvent]. The following stack trace is thrown for debugging purposes as well as to attempt to terminate the thread which caused the illegal access.
	at org.apache.catalina.loader.WebappClassLoaderBase.checkStateForResourceLoading(WebappClassLoaderBase.java:1311)
	at org.apache.catalina.loader.WebappClassLoaderBase.checkStateForClassLoading(WebappClassLoaderBase.java:1299)
	at org.apache.catalina.loader.WebappClassLoaderBase.loadClass(WebappClassLoaderBase.java:1158)
	at org.apache.catalina.loader.WebappClassLoaderBase.loadClass(WebappClassLoaderBase.java:1119)
	at org.jconfig.FileWatcher.checkFile(FileWatcher.java:142)
	at org.jconfig.FileWatcher.run(FileWatcher.java:110)
	at java.lang.Thread.run(Thread.java:748)

12-Dec-2017 09:36:08.623 INFO [Thread-95] org.apache.catalina.loader.WebappClassLoaderBase.checkStateForResourceLoading Illegal access: this web application instance has been stopped already. Could not load [org.jconfig.event.FileListenerEvent]. The following stack trace is thrown for debugging purposes as well as to attempt to terminate the thread which caused the illegal access.
 java.lang.IllegalStateException: Illegal access: this web application instance has been stopped already. Could not load [org.jconfig.event.FileListenerEvent]. The following stack trace is thrown for debugging purposes as well as to attempt to terminate the thread which caused the illegal access.
	at org.apache.catalina.loader.WebappClassLoaderBase.checkStateForResourceLoading(WebappClassLoaderBase.java:1311)
	at org.apache.catalina.loader.WebappClassLoaderBase.checkStateForClassLoading(WebappClassLoaderBase.java:1299)
	at org.apache.catalina.loader.WebappClassLoaderBase.loadClass(WebappClassLoaderBase.java:1158)
	at org.apache.catalina.loader.WebappClassLoaderBase.loadClass(WebappClassLoaderBase.java:1119)
	at org.jconfig.FileWatcher.checkFile(FileWatcher.java:142)
	at org.jconfig.FileWatcher.run(FileWatcher.java:110)
	at java.lang.Thread.run(Thread.java:748)

12-Dec-2017 09:36:08.875 INFO [Thread-15] org.apache.catalina.loader.WebappClassLoaderBase.checkStateForResourceLoading Illegal access: this web application instance has been stopped already. Could not load [org.jconfig.event.FileListenerEvent]. The following stack trace is thrown for debugging purposes as well as to attempt to terminate the thread which caused the illegal access.
 java.lang.IllegalStateException: Illegal access: this web application instance has been stopped already. Could not load [org.jconfig.event.FileListenerEvent]. The following stack trace is thrown for debugging purposes as well as to attempt to terminate the thread which caused the illegal access.
	at org.apache.catalina.loader.WebappClassLoaderBase.checkStateForResourceLoading(WebappClassLoaderBase.java:1311)
	at org.apache.catalina.loader.WebappClassLoaderBase.checkStateForClassLoading(WebappClassLoaderBase.java:1299)
	at org.apache.catalina.loader.WebappClassLoaderBase.loadClass(WebappClassLoaderBase.java:1158)
	at org.apache.catalina.loader.WebappClassLoaderBase.loadClass(WebappClassLoaderBase.java:1119)
	at org.jconfig.FileWatcher.checkFile(FileWatcher.java:142)
	at org.jconfig.FileWatcher.run(FileWatcher.java:110)
	at java.lang.Thread.run(Thread.java:748)

12-Dec-2017 09:36:32.339 INFO [Thread-12] org.apache.coyote.AbstractProtocol.pause Pausing ProtocolHandler ["http-nio-8586"]
12-Dec-2017 09:36:32.391 INFO [Thread-12] org.apache.coyote.AbstractProtocol.pause Pausing ProtocolHandler ["ajp-nio-8010"]
12-Dec-2017 09:36:32.442 INFO [Thread-12] org.apache.catalina.core.StandardService.stopInternal Stopping service [Catalina]
12-Dec-2017 09:36:32.445 INFO [Thread-12] org.apache.coyote.AbstractProtocol.stop Stopping ProtocolHandler ["http-nio-8586"]
12-Dec-2017 09:36:32.448 INFO [Thread-12] org.apache.coyote.AbstractProtocol.stop Stopping ProtocolHandler ["ajp-nio-8010"]
12-Dec-2017 09:36:32.451 INFO [Thread-12] org.apache.coyote.AbstractProtocol.destroy Destroying ProtocolHandler ["http-nio-8586"]
12-Dec-2017 09:36:32.452 INFO [Thread-12] org.apache.coyote.AbstractProtocol.destroy Destroying ProtocolHandler ["ajp-nio-8010"]
12-Dec-2017 09:36:33.637 INFO [main] org.apache.catalina.startup.VersionLoggerListener.log Server version:        Apache Tomcat/8.5.23
12-Dec-2017 09:36:33.639 INFO [main] org.apache.catalina.startup.VersionLoggerListener.log Server built:          Sep 28 2017 10:30:11 UTC
12-Dec-2017 09:36:33.640 INFO [main] org.apache.catalina.startup.VersionLoggerListener.log Server number:         8.5.23.0
12-Dec-2017 09:36:33.640 INFO [main] org.apache.catalina.startup.VersionLoggerListener.log OS Name:               Linux
12-Dec-2017 09:36:33.640 INFO [main] org.apache.catalina.startup.VersionLoggerListener.log OS Version:            3.10.0-693.2.2.el7.x86_64
12-Dec-2017 09:36:33.640 INFO [main] org.apache.catalina.startup.VersionLoggerListener.log Architecture:          amd64
12-Dec-2017 09:36:33.640 INFO [main] org.apache.catalina.startup.VersionLoggerListener.log Java Home:             /opt/jdk1.8.0_144/jre
12-Dec-2017 09:36:33.640 INFO [main] org.apache.catalina.startup.VersionLoggerListener.log JVM Version:           1.8.0_144-b01
12-Dec-2017 09:36:33.640 INFO [main] org.apache.catalina.startup.VersionLoggerListener.log JVM Vendor:            Oracle Corporation
12-Dec-2017 09:36:33.640 INFO [main] org.apache.catalina.startup.VersionLoggerListener.log CATALINA_BASE:         /work/webserver/tomcat-cmsAirTime-8.5.23
12-Dec-2017 09:36:33.641 INFO [main] org.apache.catalina.startup.VersionLoggerListener.log CATALINA_HOME:         /work/webserver/tomcat-cmsAirTime-8.5.23
12-Dec-2017 09:36:33.641 INFO [main] org.apache.catalina.startup.VersionLoggerListener.log Command line argument: -Djava.util.logging.config.file=/work/webserver/tomcat-cmsAirTime-8.5.23/conf/logging.properties
12-Dec-2017 09:36:33.641 INFO [main] org.apache.catalina.startup.VersionLoggerListener.log Command line argument: -Djava.util.logging.manager=org.apache.juli.ClassLoaderLogManager
12-Dec-2017 09:36:33.641 INFO [main] org.apache.catalina.startup.VersionLoggerListener.log Command line argument: -Djdk.tls.ephemeralDHKeySize=2048
12-Dec-2017 09:36:33.641 INFO [main] org.apache.catalina.startup.VersionLoggerListener.log Command line argument: -Djava.protocol.handler.pkgs=org.apache.catalina.webresources
12-Dec-2017 09:36:33.641 INFO [main] org.apache.catalina.startup.VersionLoggerListener.log Command line argument: -Dcatalina.base=/work/webserver/tomcat-cmsAirTime-8.5.23
12-Dec-2017 09:36:33.641 INFO [main] org.apache.catalina.startup.VersionLoggerListener.log Command line argument: -Dcatalina.home=/work/webserver/tomcat-cmsAirTime-8.5.23
12-Dec-2017 09:36:33.642 INFO [main] org.apache.catalina.startup.VersionLoggerListener.log Command line argument: -Djava.io.tmpdir=/work/webserver/tomcat-cmsAirTime-8.5.23/temp
12-Dec-2017 09:36:33.642 INFO [main] org.apache.catalina.core.AprLifecycleListener.lifecycleEvent The APR based Apache Tomcat Native library which allows optimal performance in production environments was not found on the java.library.path: [/usr/java/packages/lib/amd64:/usr/lib64:/lib64:/lib:/usr/lib]
12-Dec-2017 09:36:33.783 INFO [main] org.apache.coyote.AbstractProtocol.init Initializing ProtocolHandler ["http-nio-8586"]
12-Dec-2017 09:36:33.800 INFO [main] org.apache.tomcat.util.net.NioSelectorPool.getSharedSelector Using a shared selector for servlet write/read
12-Dec-2017 09:36:33.804 INFO [main] org.apache.coyote.AbstractProtocol.init Initializing ProtocolHandler ["ajp-nio-8010"]
12-Dec-2017 09:36:33.805 INFO [main] org.apache.tomcat.util.net.NioSelectorPool.getSharedSelector Using a shared selector for servlet write/read
12-Dec-2017 09:36:33.806 INFO [main] org.apache.catalina.startup.Catalina.load Initialization processed in 606 ms
12-Dec-2017 09:36:33.831 INFO [main] org.apache.catalina.core.StandardService.startInternal Starting service [Catalina]
12-Dec-2017 09:36:33.831 INFO [main] org.apache.catalina.core.StandardEngine.startInternal Starting Servlet Engine: Apache Tomcat/8.5.23
12-Dec-2017 09:36:35.111 INFO [localhost-startStop-1] org.apache.jasper.servlet.TldScanner.scanJars At least one JAR was scanned for TLDs yet contained no TLDs. Enable debug logging for this logger for a complete list of JARs that were scanned but no TLDs were found in them. Skipping unneeded JARs during scanning can improve startup time and JSP compilation time.
12-Dec-2017 09:36:35.346 INFO [main] org.apache.coyote.AbstractProtocol.start Starting ProtocolHandler ["http-nio-8586"]
12-Dec-2017 09:36:35.368 INFO [main] org.apache.coyote.AbstractProtocol.start Starting ProtocolHandler ["ajp-nio-8010"]
12-Dec-2017 09:36:35.383 INFO [main] org.apache.catalina.startup.Catalina.start Server startup in 1577 ms
12-Dec-2017 09:50:54.537 INFO [Thread-12] org.apache.coyote.AbstractProtocol.pause Pausing ProtocolHandler ["http-nio-8586"]
12-Dec-2017 09:50:54.590 INFO [Thread-12] org.apache.coyote.AbstractProtocol.pause Pausing ProtocolHandler ["ajp-nio-8010"]
12-Dec-2017 09:50:54.642 INFO [Thread-12] org.apache.catalina.core.StandardService.stopInternal Stopping service [Catalina]
12-Dec-2017 09:50:54.663 WARNING [localhost-startStop-2] org.apache.catalina.loader.WebappClassLoaderBase.clearReferencesThreads The web application [ROOT] appears to have started a thread named [Thread-6] but has failed to stop it. This is very likely to create a memory leak. Stack trace of thread:
 java.lang.Thread.sleep(Native Method)
 org.jconfig.FileWatcher.run(FileWatcher.java:105)
 java.lang.Thread.run(Thread.java:748)
12-Dec-2017 09:50:54.670 INFO [Thread-12] org.apache.coyote.AbstractProtocol.stop Stopping ProtocolHandler ["http-nio-8586"]
12-Dec-2017 09:50:54.672 INFO [Thread-12] org.apache.coyote.AbstractProtocol.stop Stopping ProtocolHandler ["ajp-nio-8010"]
12-Dec-2017 09:50:54.680 INFO [Thread-12] org.apache.coyote.AbstractProtocol.destroy Destroying ProtocolHandler ["http-nio-8586"]
12-Dec-2017 09:50:54.680 INFO [Thread-12] org.apache.coyote.AbstractProtocol.destroy Destroying ProtocolHandler ["ajp-nio-8010"]
12-Dec-2017 09:51:27.936 INFO [main] org.apache.catalina.startup.VersionLoggerListener.log Server version:        Apache Tomcat/8.5.23
12-Dec-2017 09:51:27.939 INFO [main] org.apache.catalina.startup.VersionLoggerListener.log Server built:          Sep 28 2017 10:30:11 UTC
12-Dec-2017 09:51:27.939 INFO [main] org.apache.catalina.startup.VersionLoggerListener.log Server number:         8.5.23.0
12-Dec-2017 09:51:27.939 INFO [main] org.apache.catalina.startup.VersionLoggerListener.log OS Name:               Linux
12-Dec-2017 09:51:27.939 INFO [main] org.apache.catalina.startup.VersionLoggerListener.log OS Version:            3.10.0-693.2.2.el7.x86_64
12-Dec-2017 09:51:27.939 INFO [main] org.apache.catalina.startup.VersionLoggerListener.log Architecture:          amd64
12-Dec-2017 09:51:27.939 INFO [main] org.apache.catalina.startup.VersionLoggerListener.log Java Home:             /opt/jdk1.8.0_144/jre
12-Dec-2017 09:51:27.939 INFO [main] org.apache.catalina.startup.VersionLoggerListener.log JVM Version:           1.8.0_144-b01
12-Dec-2017 09:51:27.940 INFO [main] org.apache.catalina.startup.VersionLoggerListener.log JVM Vendor:            Oracle Corporation
12-Dec-2017 09:51:27.940 INFO [main] org.apache.catalina.startup.VersionLoggerListener.log CATALINA_BASE:         /work/webserver/tomcat-cmsAirTime-8.5.23
12-Dec-2017 09:51:27.940 INFO [main] org.apache.catalina.startup.VersionLoggerListener.log CATALINA_HOME:         /work/webserver/tomcat-cmsAirTime-8.5.23
12-Dec-2017 09:51:27.940 INFO [main] org.apache.catalina.startup.VersionLoggerListener.log Command line argument: -Djava.util.logging.config.file=/work/webserver/tomcat-cmsAirTime-8.5.23/conf/logging.properties
12-Dec-2017 09:51:27.940 INFO [main] org.apache.catalina.startup.VersionLoggerListener.log Command line argument: -Djava.util.logging.manager=org.apache.juli.ClassLoaderLogManager
12-Dec-2017 09:51:27.940 INFO [main] org.apache.catalina.startup.VersionLoggerListener.log Command line argument: -Djdk.tls.ephemeralDHKeySize=2048
12-Dec-2017 09:51:27.940 INFO [main] org.apache.catalina.startup.VersionLoggerListener.log Command line argument: -Djava.protocol.handler.pkgs=org.apache.catalina.webresources
12-Dec-2017 09:51:27.941 INFO [main] org.apache.catalina.startup.VersionLoggerListener.log Command line argument: -Dcatalina.base=/work/webserver/tomcat-cmsAirTime-8.5.23
12-Dec-2017 09:51:27.941 INFO [main] org.apache.catalina.startup.VersionLoggerListener.log Command line argument: -Dcatalina.home=/work/webserver/tomcat-cmsAirTime-8.5.23
12-Dec-2017 09:51:27.941 INFO [main] org.apache.catalina.startup.VersionLoggerListener.log Command line argument: -Djava.io.tmpdir=/work/webserver/tomcat-cmsAirTime-8.5.23/temp
12-Dec-2017 09:51:27.941 INFO [main] org.apache.catalina.core.AprLifecycleListener.lifecycleEvent The APR based Apache Tomcat Native library which allows optimal performance in production environments was not found on the java.library.path: [/usr/java/packages/lib/amd64:/usr/lib64:/lib64:/lib:/usr/lib]
12-Dec-2017 09:51:28.086 INFO [main] org.apache.coyote.AbstractProtocol.init Initializing ProtocolHandler ["http-nio-8586"]
12-Dec-2017 09:51:28.105 INFO [main] org.apache.tomcat.util.net.NioSelectorPool.getSharedSelector Using a shared selector for servlet write/read
12-Dec-2017 09:51:28.108 INFO [main] org.apache.coyote.AbstractProtocol.init Initializing ProtocolHandler ["ajp-nio-8010"]
12-Dec-2017 09:51:28.110 INFO [main] org.apache.tomcat.util.net.NioSelectorPool.getSharedSelector Using a shared selector for servlet write/read
12-Dec-2017 09:51:28.110 INFO [main] org.apache.catalina.startup.Catalina.load Initialization processed in 625 ms
12-Dec-2017 09:51:28.136 INFO [main] org.apache.catalina.core.StandardService.startInternal Starting service [Catalina]
12-Dec-2017 09:51:28.136 INFO [main] org.apache.catalina.core.StandardEngine.startInternal Starting Servlet Engine: Apache Tomcat/8.5.23
12-Dec-2017 09:51:29.399 INFO [localhost-startStop-1] org.apache.jasper.servlet.TldScanner.scanJars At least one JAR was scanned for TLDs yet contained no TLDs. Enable debug logging for this logger for a complete list of JARs that were scanned but no TLDs were found in them. Skipping unneeded JARs during scanning can improve startup time and JSP compilation time.
12-Dec-2017 09:51:29.615 INFO [main] org.apache.coyote.AbstractProtocol.start Starting ProtocolHandler ["http-nio-8586"]
12-Dec-2017 09:51:29.631 INFO [main] org.apache.coyote.AbstractProtocol.start Starting ProtocolHandler ["ajp-nio-8010"]
12-Dec-2017 09:51:29.634 INFO [main] org.apache.catalina.startup.Catalina.start Server startup in 1523 ms
