04-Jan-2018 15:00:00.838 SEVERE [http-nio-8586-exec-1] org.apache.catalina.core.StandardWrapperValve.invoke Servlet.service() for servlet [jsp] in context with path [] threw exception [Unable to compile class for JSP: 

An error occurred at line: [15] in the generated java file: [/work/webserver/tomcat-cmsAirTime-8.5.23/work/Catalina/localhost/ROOT/org/apache/jsp/chargeAirTime/index_jsp.java]
Only a type can be imported. com.htc.airtime.dao.ChargeAirTimeDAO resolves to a package

An error occurred at line: [44] in the generated java file: [/work/webserver/tomcat-cmsAirTime-8.5.23/work/Catalina/localhost/ROOT/org/apache/jsp/chargeAirTime/index_jsp.java]
Only a type can be imported. com.htc.airtime.model.ChargeAirTime resolves to a package

An error occurred at line: [45] in the generated java file: [/work/webserver/tomcat-cmsAirTime-8.5.23/work/Catalina/localhost/ROOT/org/apache/jsp/chargeAirTime/index_jsp.java]
Only a type can be imported. com.htc.airtime.dao.ChargeAirTimeDAO resolves to a package

An error occurred at line: [77] in the jsp file: [/chargeAirTime/index.jsp]
ChargeAirTimeDAO cannot be resolved to a type
74: //                System.out.println(formDate);
75: //                System.out.println(toDate);
76: //                System.out.println(limit);
77:             ChargeAirTimeDAO chargeAirTime = new ChargeAirTimeDAO();
78: 
79:             int totalItem = chargeAirTime.countAllSearch(price, cpCode, cpName, cpGame, msisdn, formDate, toDate,arrAcc);
80:             ArrayList<ChargeAirTime> dts = chargeAirTime.getListSearch(price, cpCode, cpName, cpGame, msisdn, formDate, toDate, limit, offset,arrAcc);


An error occurred at line: [77] in the jsp file: [/chargeAirTime/index.jsp]
ChargeAirTimeDAO cannot be resolved to a type
74: //                System.out.println(formDate);
75: //                System.out.println(toDate);
76: //                System.out.println(limit);
77:             ChargeAirTimeDAO chargeAirTime = new ChargeAirTimeDAO();
78: 
79:             int totalItem = chargeAirTime.countAllSearch(price, cpCode, cpName, cpGame, msisdn, formDate, toDate,arrAcc);
80:             ArrayList<ChargeAirTime> dts = chargeAirTime.getListSearch(price, cpCode, cpName, cpGame, msisdn, formDate, toDate, limit, offset,arrAcc);


An error occurred at line: [80] in the jsp file: [/chargeAirTime/index.jsp]
ChargeAirTime cannot be resolved to a type
77:             ChargeAirTimeDAO chargeAirTime = new ChargeAirTimeDAO();
78: 
79:             int totalItem = chargeAirTime.countAllSearch(price, cpCode, cpName, cpGame, msisdn, formDate, toDate,arrAcc);
80:             ArrayList<ChargeAirTime> dts = chargeAirTime.getListSearch(price, cpCode, cpName, cpGame, msisdn, formDate, toDate, limit, offset,arrAcc);
81: 
82:             int totalPage = (int) Math.ceil((double) totalItem / limit);
83: 


An error occurred at line: [30] in the jsp file: [/chargeAirTime/table.jsp]
ChargeAirTime cannot be resolved to a type
27:     <tbody>
28:         <%
29:             int i = 0;
30:             for (ChargeAirTime dt : dts) {
31:                 i++;
32:                 int idService = dt.getID();
33: 


Stacktrace:] with root cause
 org.apache.jasper.JasperException: Unable to compile class for JSP: 

An error occurred at line: [15] in the generated java file: [/work/webserver/tomcat-cmsAirTime-8.5.23/work/Catalina/localhost/ROOT/org/apache/jsp/chargeAirTime/index_jsp.java]
Only a type can be imported. com.htc.airtime.dao.ChargeAirTimeDAO resolves to a package

An error occurred at line: [44] in the generated java file: [/work/webserver/tomcat-cmsAirTime-8.5.23/work/Catalina/localhost/ROOT/org/apache/jsp/chargeAirTime/index_jsp.java]
Only a type can be imported. com.htc.airtime.model.ChargeAirTime resolves to a package

An error occurred at line: [45] in the generated java file: [/work/webserver/tomcat-cmsAirTime-8.5.23/work/Catalina/localhost/ROOT/org/apache/jsp/chargeAirTime/index_jsp.java]
Only a type can be imported. com.htc.airtime.dao.ChargeAirTimeDAO resolves to a package

An error occurred at line: [77] in the jsp file: [/chargeAirTime/index.jsp]
ChargeAirTimeDAO cannot be resolved to a type
74: //                System.out.println(formDate);
75: //                System.out.println(toDate);
76: //                System.out.println(limit);
77:             ChargeAirTimeDAO chargeAirTime = new ChargeAirTimeDAO();
78: 
79:             int totalItem = chargeAirTime.countAllSearch(price, cpCode, cpName, cpGame, msisdn, formDate, toDate,arrAcc);
80:             ArrayList<ChargeAirTime> dts = chargeAirTime.getListSearch(price, cpCode, cpName, cpGame, msisdn, formDate, toDate, limit, offset,arrAcc);


An error occurred at line: [77] in the jsp file: [/chargeAirTime/index.jsp]
ChargeAirTimeDAO cannot be resolved to a type
74: //                System.out.println(formDate);
75: //                System.out.println(toDate);
76: //                System.out.println(limit);
77:             ChargeAirTimeDAO chargeAirTime = new ChargeAirTimeDAO();
78: 
79:             int totalItem = chargeAirTime.countAllSearch(price, cpCode, cpName, cpGame, msisdn, formDate, toDate,arrAcc);
80:             ArrayList<ChargeAirTime> dts = chargeAirTime.getListSearch(price, cpCode, cpName, cpGame, msisdn, formDate, toDate, limit, offset,arrAcc);


An error occurred at line: [80] in the jsp file: [/chargeAirTime/index.jsp]
ChargeAirTime cannot be resolved to a type
77:             ChargeAirTimeDAO chargeAirTime = new ChargeAirTimeDAO();
78: 
79:             int totalItem = chargeAirTime.countAllSearch(price, cpCode, cpName, cpGame, msisdn, formDate, toDate,arrAcc);
80:             ArrayList<ChargeAirTime> dts = chargeAirTime.getListSearch(price, cpCode, cpName, cpGame, msisdn, formDate, toDate, limit, offset,arrAcc);
81: 
82:             int totalPage = (int) Math.ceil((double) totalItem / limit);
83: 


An error occurred at line: [30] in the jsp file: [/chargeAirTime/table.jsp]
ChargeAirTime cannot be resolved to a type
27:     <tbody>
28:         <%
29:             int i = 0;
30:             for (ChargeAirTime dt : dts) {
31:                 i++;
32:                 int idService = dt.getID();
33: 


Stacktrace:
	at org.apache.jasper.compiler.DefaultErrorHandler.javacError(DefaultErrorHandler.java:103)
	at org.apache.jasper.compiler.ErrorDispatcher.javacError(ErrorDispatcher.java:212)
	at org.apache.jasper.compiler.JDTCompiler.generateClass(JDTCompiler.java:457)
	at org.apache.jasper.compiler.Compiler.compile(Compiler.java:379)
	at org.apache.jasper.compiler.Compiler.compile(Compiler.java:351)
	at org.apache.jasper.compiler.Compiler.compile(Compiler.java:335)
	at org.apache.jasper.JspCompilationContext.compile(JspCompilationContext.java:601)
	at org.apache.jasper.servlet.JspServletWrapper.service(JspServletWrapper.java:368)
	at org.apache.jasper.servlet.JspServlet.serviceJspFile(JspServlet.java:385)
	at org.apache.jasper.servlet.JspServlet.service(JspServlet.java:329)
	at javax.servlet.http.HttpServlet.service(HttpServlet.java:742)
	at org.apache.catalina.core.ApplicationFilterChain.internalDoFilter(ApplicationFilterChain.java:231)
	at org.apache.catalina.core.ApplicationFilterChain.doFilter(ApplicationFilterChain.java:166)
	at org.apache.tomcat.websocket.server.WsFilter.doFilter(WsFilter.java:52)
	at org.apache.catalina.core.ApplicationFilterChain.internalDoFilter(ApplicationFilterChain.java:193)
	at org.apache.catalina.core.ApplicationFilterChain.doFilter(ApplicationFilterChain.java:166)
	at org.apache.catalina.core.StandardWrapperValve.invoke(StandardWrapperValve.java:199)
	at org.apache.catalina.core.StandardContextValve.invoke(StandardContextValve.java:96)
	at org.apache.catalina.authenticator.AuthenticatorBase.invoke(AuthenticatorBase.java:478)
	at org.apache.catalina.core.StandardHostValve.invoke(StandardHostValve.java:140)
	at org.apache.catalina.valves.ErrorReportValve.invoke(ErrorReportValve.java:81)
	at org.apache.catalina.valves.AbstractAccessLogValve.invoke(AbstractAccessLogValve.java:650)
	at org.apache.catalina.core.StandardEngineValve.invoke(StandardEngineValve.java:87)
	at org.apache.catalina.connector.CoyoteAdapter.service(CoyoteAdapter.java:342)
	at org.apache.coyote.http11.Http11Processor.service(Http11Processor.java:803)
	at org.apache.coyote.AbstractProcessorLight.process(AbstractProcessorLight.java:66)
	at org.apache.coyote.AbstractProtocol$ConnectionHandler.process(AbstractProtocol.java:868)
	at org.apache.tomcat.util.net.NioEndpoint$SocketProcessor.doRun(NioEndpoint.java:1459)
	at org.apache.tomcat.util.net.SocketProcessorBase.run(SocketProcessorBase.java:49)
	at java.util.concurrent.ThreadPoolExecutor.runWorker(ThreadPoolExecutor.java:1149)
	at java.util.concurrent.ThreadPoolExecutor$Worker.run(ThreadPoolExecutor.java:624)
	at org.apache.tomcat.util.threads.TaskThread$WrappingRunnable.run(TaskThread.java:61)
	at java.lang.Thread.run(Thread.java:748)

