21-Nov-2017 10:13:56.213 WARNING [localhost-startStop-1] org.apache.catalina.session.StandardSession.doReadObject Cannot deserialize session attribute [userPermission] for session [6EE94202EEE55A3676233B6A4003E958]
21-Nov-2017 10:28:32.907 WARNING [ContainerBackgroundProcessor[StandardEngine[Catalina]]] org.apache.catalina.session.StandardSession.doWriteObject Cannot serialize session attribute [userPermission] for session [F472DA2FCA232759F910A9EE88C82F4F]
 java.io.NotSerializableException: com.htc.airtime.model.UserPermission
	at java.io.ObjectOutputStream.writeObject0(ObjectOutputStream.java:1184)
	at java.io.ObjectOutputStream.writeObject(ObjectOutputStream.java:348)
	at java.util.ArrayList.writeObject(ArrayList.java:762)
	at sun.reflect.NativeMethodAccessorImpl.invoke0(Native Method)
	at sun.reflect.NativeMethodAccessorImpl.invoke(NativeMethodAccessorImpl.java:62)
	at sun.reflect.DelegatingMethodAccessorImpl.invoke(DelegatingMethodAccessorImpl.java:43)
	at java.lang.reflect.Method.invoke(Method.java:498)
	at java.io.ObjectStreamClass.invokeWriteObject(ObjectStreamClass.java:1028)
	at java.io.ObjectOutputStream.writeSerialData(ObjectOutputStream.java:1496)
	at java.io.ObjectOutputStream.writeOrdinaryObject(ObjectOutputStream.java:1432)
	at java.io.ObjectOutputStream.writeObject0(ObjectOutputStream.java:1178)
	at java.io.ObjectOutputStream.writeObject(ObjectOutputStream.java:348)
	at org.apache.catalina.session.StandardSession.doWriteObject(StandardSession.java:1702)
	at org.apache.catalina.session.StandardSession.writeObjectData(StandardSession.java:1094)
	at org.apache.catalina.session.StandardManager.doUnload(StandardManager.java:315)
	at org.apache.catalina.session.StandardManager.unload(StandardManager.java:265)
	at org.apache.catalina.session.StandardManager.stopInternal(StandardManager.java:384)
	at org.apache.catalina.util.LifecycleBase.stop(LifecycleBase.java:226)
	at org.apache.catalina.core.StandardContext.stopInternal(StandardContext.java:5425)
	at org.apache.catalina.util.LifecycleBase.stop(LifecycleBase.java:226)
	at org.apache.catalina.core.StandardContext.reload(StandardContext.java:3793)
	at org.apache.catalina.loader.WebappLoader.backgroundProcess(WebappLoader.java:292)
	at org.apache.catalina.core.StandardContext.backgroundProcess(StandardContext.java:5563)
	at org.apache.catalina.core.ContainerBase$ContainerBackgroundProcessor.processChildren(ContainerBase.java:1388)
	at org.apache.catalina.core.ContainerBase$ContainerBackgroundProcessor.processChildren(ContainerBase.java:1392)
	at org.apache.catalina.core.ContainerBase$ContainerBackgroundProcessor.processChildren(ContainerBase.java:1392)
	at org.apache.catalina.core.ContainerBase$ContainerBackgroundProcessor.run(ContainerBase.java:1360)
	at java.lang.Thread.run(Thread.java:748)

21-Nov-2017 10:28:33.739 WARNING [ContainerBackgroundProcessor[StandardEngine[Catalina]]] org.apache.catalina.session.StandardSession.doReadObject Cannot deserialize session attribute [userPermission] for session [F472DA2FCA232759F910A9EE88C82F4F]
21-Nov-2017 10:31:24.871 WARNING [ContainerBackgroundProcessor[StandardEngine[Catalina]]] org.apache.catalina.session.StandardSession.doWriteObject Cannot serialize session attribute [userPermission] for session [F472DA2FCA232759F910A9EE88C82F4F]
 java.io.NotSerializableException: com.htc.airtime.model.UserPermission
	at java.io.ObjectOutputStream.writeObject0(ObjectOutputStream.java:1184)
	at java.io.ObjectOutputStream.writeObject(ObjectOutputStream.java:348)
	at java.util.ArrayList.writeObject(ArrayList.java:762)
	at sun.reflect.NativeMethodAccessorImpl.invoke0(Native Method)
	at sun.reflect.NativeMethodAccessorImpl.invoke(NativeMethodAccessorImpl.java:62)
	at sun.reflect.DelegatingMethodAccessorImpl.invoke(DelegatingMethodAccessorImpl.java:43)
	at java.lang.reflect.Method.invoke(Method.java:498)
	at java.io.ObjectStreamClass.invokeWriteObject(ObjectStreamClass.java:1028)
	at java.io.ObjectOutputStream.writeSerialData(ObjectOutputStream.java:1496)
	at java.io.ObjectOutputStream.writeOrdinaryObject(ObjectOutputStream.java:1432)
	at java.io.ObjectOutputStream.writeObject0(ObjectOutputStream.java:1178)
	at java.io.ObjectOutputStream.writeObject(ObjectOutputStream.java:348)
	at org.apache.catalina.session.StandardSession.doWriteObject(StandardSession.java:1702)
	at org.apache.catalina.session.StandardSession.writeObjectData(StandardSession.java:1094)
	at org.apache.catalina.session.StandardManager.doUnload(StandardManager.java:315)
	at org.apache.catalina.session.StandardManager.unload(StandardManager.java:265)
	at org.apache.catalina.session.StandardManager.stopInternal(StandardManager.java:384)
	at org.apache.catalina.util.LifecycleBase.stop(LifecycleBase.java:226)
	at org.apache.catalina.core.StandardContext.stopInternal(StandardContext.java:5425)
	at org.apache.catalina.util.LifecycleBase.stop(LifecycleBase.java:226)
	at org.apache.catalina.core.StandardContext.reload(StandardContext.java:3793)
	at org.apache.catalina.loader.WebappLoader.backgroundProcess(WebappLoader.java:292)
	at org.apache.catalina.core.StandardContext.backgroundProcess(StandardContext.java:5563)
	at org.apache.catalina.core.ContainerBase$ContainerBackgroundProcessor.processChildren(ContainerBase.java:1388)
	at org.apache.catalina.core.ContainerBase$ContainerBackgroundProcessor.processChildren(ContainerBase.java:1392)
	at org.apache.catalina.core.ContainerBase$ContainerBackgroundProcessor.processChildren(ContainerBase.java:1392)
	at org.apache.catalina.core.ContainerBase$ContainerBackgroundProcessor.run(ContainerBase.java:1360)
	at java.lang.Thread.run(Thread.java:748)

21-Nov-2017 10:31:25.584 WARNING [ContainerBackgroundProcessor[StandardEngine[Catalina]]] org.apache.catalina.session.StandardSession.doReadObject Cannot deserialize session attribute [userPermission] for session [F472DA2FCA232759F910A9EE88C82F4F]
21-Nov-2017 10:33:17.768 WARNING [http-nio-8586-exec-23] org.apache.catalina.core.ApplicationDispatcher.invoke Servlet [jsp] is currently unavailable
21-Nov-2017 10:33:17.769 WARNING [http-nio-8586-exec-22] org.apache.catalina.core.ApplicationDispatcher.invoke Servlet [jsp] is currently unavailable
21-Nov-2017 10:33:17.832 WARNING [ContainerBackgroundProcessor[StandardEngine[Catalina]]] org.apache.catalina.session.StandardSession.doWriteObject Cannot serialize session attribute [userPermission] for session [F472DA2FCA232759F910A9EE88C82F4F]
 java.io.NotSerializableException: com.htc.airtime.model.UserPermission
	at java.io.ObjectOutputStream.writeObject0(ObjectOutputStream.java:1184)
	at java.io.ObjectOutputStream.writeObject(ObjectOutputStream.java:348)
	at java.util.ArrayList.writeObject(ArrayList.java:762)
	at sun.reflect.NativeMethodAccessorImpl.invoke0(Native Method)
	at sun.reflect.NativeMethodAccessorImpl.invoke(NativeMethodAccessorImpl.java:62)
	at sun.reflect.DelegatingMethodAccessorImpl.invoke(DelegatingMethodAccessorImpl.java:43)
	at java.lang.reflect.Method.invoke(Method.java:498)
	at java.io.ObjectStreamClass.invokeWriteObject(ObjectStreamClass.java:1028)
	at java.io.ObjectOutputStream.writeSerialData(ObjectOutputStream.java:1496)
	at java.io.ObjectOutputStream.writeOrdinaryObject(ObjectOutputStream.java:1432)
	at java.io.ObjectOutputStream.writeObject0(ObjectOutputStream.java:1178)
	at java.io.ObjectOutputStream.writeObject(ObjectOutputStream.java:348)
	at org.apache.catalina.session.StandardSession.doWriteObject(StandardSession.java:1702)
	at org.apache.catalina.session.StandardSession.writeObjectData(StandardSession.java:1094)
	at org.apache.catalina.session.StandardManager.doUnload(StandardManager.java:315)
	at org.apache.catalina.session.StandardManager.unload(StandardManager.java:265)
	at org.apache.catalina.session.StandardManager.stopInternal(StandardManager.java:384)
	at org.apache.catalina.util.LifecycleBase.stop(LifecycleBase.java:226)
	at org.apache.catalina.core.StandardContext.stopInternal(StandardContext.java:5425)
	at org.apache.catalina.util.LifecycleBase.stop(LifecycleBase.java:226)
	at org.apache.catalina.core.StandardContext.reload(StandardContext.java:3793)
	at org.apache.catalina.loader.WebappLoader.backgroundProcess(WebappLoader.java:292)
	at org.apache.catalina.core.StandardContext.backgroundProcess(StandardContext.java:5563)
	at org.apache.catalina.core.ContainerBase$ContainerBackgroundProcessor.processChildren(ContainerBase.java:1388)
	at org.apache.catalina.core.ContainerBase$ContainerBackgroundProcessor.processChildren(ContainerBase.java:1392)
	at org.apache.catalina.core.ContainerBase$ContainerBackgroundProcessor.processChildren(ContainerBase.java:1392)
	at org.apache.catalina.core.ContainerBase$ContainerBackgroundProcessor.run(ContainerBase.java:1360)
	at java.lang.Thread.run(Thread.java:748)

21-Nov-2017 10:33:18.512 WARNING [ContainerBackgroundProcessor[StandardEngine[Catalina]]] org.apache.catalina.session.StandardSession.doReadObject Cannot deserialize session attribute [userPermission] for session [F472DA2FCA232759F910A9EE88C82F4F]
21-Nov-2017 10:41:32.147 WARNING [ContainerBackgroundProcessor[StandardEngine[Catalina]]] org.apache.catalina.session.StandardSession.doWriteObject Cannot serialize session attribute [userPermission] for session [EBD332673A555FB1A8EB2E6B355C8F2B]
 java.io.NotSerializableException: com.htc.airtime.model.UserPermission
	at java.io.ObjectOutputStream.writeObject0(ObjectOutputStream.java:1184)
	at java.io.ObjectOutputStream.writeObject(ObjectOutputStream.java:348)
	at java.util.ArrayList.writeObject(ArrayList.java:762)
	at sun.reflect.NativeMethodAccessorImpl.invoke0(Native Method)
	at sun.reflect.NativeMethodAccessorImpl.invoke(NativeMethodAccessorImpl.java:62)
	at sun.reflect.DelegatingMethodAccessorImpl.invoke(DelegatingMethodAccessorImpl.java:43)
	at java.lang.reflect.Method.invoke(Method.java:498)
	at java.io.ObjectStreamClass.invokeWriteObject(ObjectStreamClass.java:1028)
	at java.io.ObjectOutputStream.writeSerialData(ObjectOutputStream.java:1496)
	at java.io.ObjectOutputStream.writeOrdinaryObject(ObjectOutputStream.java:1432)
	at java.io.ObjectOutputStream.writeObject0(ObjectOutputStream.java:1178)
	at java.io.ObjectOutputStream.writeObject(ObjectOutputStream.java:348)
	at org.apache.catalina.session.StandardSession.doWriteObject(StandardSession.java:1702)
	at org.apache.catalina.session.StandardSession.writeObjectData(StandardSession.java:1094)
	at org.apache.catalina.session.StandardManager.doUnload(StandardManager.java:315)
	at org.apache.catalina.session.StandardManager.unload(StandardManager.java:265)
	at org.apache.catalina.session.StandardManager.stopInternal(StandardManager.java:384)
	at org.apache.catalina.util.LifecycleBase.stop(LifecycleBase.java:226)
	at org.apache.catalina.core.StandardContext.stopInternal(StandardContext.java:5425)
	at org.apache.catalina.util.LifecycleBase.stop(LifecycleBase.java:226)
	at org.apache.catalina.core.StandardContext.reload(StandardContext.java:3793)
	at org.apache.catalina.loader.WebappLoader.backgroundProcess(WebappLoader.java:292)
	at org.apache.catalina.core.StandardContext.backgroundProcess(StandardContext.java:5563)
	at org.apache.catalina.core.ContainerBase$ContainerBackgroundProcessor.processChildren(ContainerBase.java:1388)
	at org.apache.catalina.core.ContainerBase$ContainerBackgroundProcessor.processChildren(ContainerBase.java:1392)
	at org.apache.catalina.core.ContainerBase$ContainerBackgroundProcessor.processChildren(ContainerBase.java:1392)
	at org.apache.catalina.core.ContainerBase$ContainerBackgroundProcessor.run(ContainerBase.java:1360)
	at java.lang.Thread.run(Thread.java:748)

21-Nov-2017 10:41:32.148 WARNING [ContainerBackgroundProcessor[StandardEngine[Catalina]]] org.apache.catalina.session.StandardSession.doWriteObject Cannot serialize session attribute [userPermission] for session [F472DA2FCA232759F910A9EE88C82F4F]
 java.io.NotSerializableException: com.htc.airtime.model.UserPermission
	at java.io.ObjectOutputStream.writeObject0(ObjectOutputStream.java:1184)
	at java.io.ObjectOutputStream.writeObject(ObjectOutputStream.java:348)
	at java.util.ArrayList.writeObject(ArrayList.java:762)
	at sun.reflect.NativeMethodAccessorImpl.invoke0(Native Method)
	at sun.reflect.NativeMethodAccessorImpl.invoke(NativeMethodAccessorImpl.java:62)
	at sun.reflect.DelegatingMethodAccessorImpl.invoke(DelegatingMethodAccessorImpl.java:43)
	at java.lang.reflect.Method.invoke(Method.java:498)
	at java.io.ObjectStreamClass.invokeWriteObject(ObjectStreamClass.java:1028)
	at java.io.ObjectOutputStream.writeSerialData(ObjectOutputStream.java:1496)
	at java.io.ObjectOutputStream.writeOrdinaryObject(ObjectOutputStream.java:1432)
	at java.io.ObjectOutputStream.writeObject0(ObjectOutputStream.java:1178)
	at java.io.ObjectOutputStream.writeObject(ObjectOutputStream.java:348)
	at org.apache.catalina.session.StandardSession.doWriteObject(StandardSession.java:1702)
	at org.apache.catalina.session.StandardSession.writeObjectData(StandardSession.java:1094)
	at org.apache.catalina.session.StandardManager.doUnload(StandardManager.java:315)
	at org.apache.catalina.session.StandardManager.unload(StandardManager.java:265)
	at org.apache.catalina.session.StandardManager.stopInternal(StandardManager.java:384)
	at org.apache.catalina.util.LifecycleBase.stop(LifecycleBase.java:226)
	at org.apache.catalina.core.StandardContext.stopInternal(StandardContext.java:5425)
	at org.apache.catalina.util.LifecycleBase.stop(LifecycleBase.java:226)
	at org.apache.catalina.core.StandardContext.reload(StandardContext.java:3793)
	at org.apache.catalina.loader.WebappLoader.backgroundProcess(WebappLoader.java:292)
	at org.apache.catalina.core.StandardContext.backgroundProcess(StandardContext.java:5563)
	at org.apache.catalina.core.ContainerBase$ContainerBackgroundProcessor.processChildren(ContainerBase.java:1388)
	at org.apache.catalina.core.ContainerBase$ContainerBackgroundProcessor.processChildren(ContainerBase.java:1392)
	at org.apache.catalina.core.ContainerBase$ContainerBackgroundProcessor.processChildren(ContainerBase.java:1392)
	at org.apache.catalina.core.ContainerBase$ContainerBackgroundProcessor.run(ContainerBase.java:1360)
	at java.lang.Thread.run(Thread.java:748)

21-Nov-2017 10:41:32.827 WARNING [ContainerBackgroundProcessor[StandardEngine[Catalina]]] org.apache.catalina.session.StandardSession.doReadObject Cannot deserialize session attribute [userPermission] for session [EBD332673A555FB1A8EB2E6B355C8F2B]
21-Nov-2017 10:42:53.353 WARNING [ContainerBackgroundProcessor[StandardEngine[Catalina]]] org.apache.catalina.session.StandardSession.doWriteObject Cannot serialize session attribute [userPermission] for session [9200EEBC4DBDF677AE129C1F0C48C68D]
 java.io.NotSerializableException: com.htc.airtime.model.UserPermission
	at java.io.ObjectOutputStream.writeObject0(ObjectOutputStream.java:1184)
	at java.io.ObjectOutputStream.writeObject(ObjectOutputStream.java:348)
	at java.util.ArrayList.writeObject(ArrayList.java:762)
	at sun.reflect.NativeMethodAccessorImpl.invoke0(Native Method)
	at sun.reflect.NativeMethodAccessorImpl.invoke(NativeMethodAccessorImpl.java:62)
	at sun.reflect.DelegatingMethodAccessorImpl.invoke(DelegatingMethodAccessorImpl.java:43)
	at java.lang.reflect.Method.invoke(Method.java:498)
	at java.io.ObjectStreamClass.invokeWriteObject(ObjectStreamClass.java:1028)
	at java.io.ObjectOutputStream.writeSerialData(ObjectOutputStream.java:1496)
	at java.io.ObjectOutputStream.writeOrdinaryObject(ObjectOutputStream.java:1432)
	at java.io.ObjectOutputStream.writeObject0(ObjectOutputStream.java:1178)
	at java.io.ObjectOutputStream.writeObject(ObjectOutputStream.java:348)
	at org.apache.catalina.session.StandardSession.doWriteObject(StandardSession.java:1702)
	at org.apache.catalina.session.StandardSession.writeObjectData(StandardSession.java:1094)
	at org.apache.catalina.session.StandardManager.doUnload(StandardManager.java:315)
	at org.apache.catalina.session.StandardManager.unload(StandardManager.java:265)
	at org.apache.catalina.session.StandardManager.stopInternal(StandardManager.java:384)
	at org.apache.catalina.util.LifecycleBase.stop(LifecycleBase.java:226)
	at org.apache.catalina.core.StandardContext.stopInternal(StandardContext.java:5425)
	at org.apache.catalina.util.LifecycleBase.stop(LifecycleBase.java:226)
	at org.apache.catalina.core.StandardContext.reload(StandardContext.java:3793)
	at org.apache.catalina.loader.WebappLoader.backgroundProcess(WebappLoader.java:292)
	at org.apache.catalina.core.StandardContext.backgroundProcess(StandardContext.java:5563)
	at org.apache.catalina.core.ContainerBase$ContainerBackgroundProcessor.processChildren(ContainerBase.java:1388)
	at org.apache.catalina.core.ContainerBase$ContainerBackgroundProcessor.processChildren(ContainerBase.java:1392)
	at org.apache.catalina.core.ContainerBase$ContainerBackgroundProcessor.processChildren(ContainerBase.java:1392)
	at org.apache.catalina.core.ContainerBase$ContainerBackgroundProcessor.run(ContainerBase.java:1360)
	at java.lang.Thread.run(Thread.java:748)

21-Nov-2017 10:42:54.030 WARNING [ContainerBackgroundProcessor[StandardEngine[Catalina]]] org.apache.catalina.session.StandardSession.doReadObject Cannot deserialize session attribute [userPermission] for session [9200EEBC4DBDF677AE129C1F0C48C68D]
21-Nov-2017 10:47:28.485 WARNING [localhost-startStop-2] org.apache.catalina.session.StandardSession.doWriteObject Cannot serialize session attribute [userPermission] for session [9200EEBC4DBDF677AE129C1F0C48C68D]
 java.io.NotSerializableException: com.htc.airtime.model.UserPermission
	at java.io.ObjectOutputStream.writeObject0(ObjectOutputStream.java:1184)
	at java.io.ObjectOutputStream.writeObject(ObjectOutputStream.java:348)
	at java.util.ArrayList.writeObject(ArrayList.java:762)
	at sun.reflect.NativeMethodAccessorImpl.invoke0(Native Method)
	at sun.reflect.NativeMethodAccessorImpl.invoke(NativeMethodAccessorImpl.java:62)
	at sun.reflect.DelegatingMethodAccessorImpl.invoke(DelegatingMethodAccessorImpl.java:43)
	at java.lang.reflect.Method.invoke(Method.java:498)
	at java.io.ObjectStreamClass.invokeWriteObject(ObjectStreamClass.java:1028)
	at java.io.ObjectOutputStream.writeSerialData(ObjectOutputStream.java:1496)
	at java.io.ObjectOutputStream.writeOrdinaryObject(ObjectOutputStream.java:1432)
	at java.io.ObjectOutputStream.writeObject0(ObjectOutputStream.java:1178)
	at java.io.ObjectOutputStream.writeObject(ObjectOutputStream.java:348)
	at org.apache.catalina.session.StandardSession.doWriteObject(StandardSession.java:1702)
	at org.apache.catalina.session.StandardSession.writeObjectData(StandardSession.java:1094)
	at org.apache.catalina.session.StandardManager.doUnload(StandardManager.java:315)
	at org.apache.catalina.session.StandardManager.unload(StandardManager.java:265)
	at org.apache.catalina.session.StandardManager.stopInternal(StandardManager.java:384)
	at org.apache.catalina.util.LifecycleBase.stop(LifecycleBase.java:226)
	at org.apache.catalina.core.StandardContext.stopInternal(StandardContext.java:5425)
	at org.apache.catalina.util.LifecycleBase.stop(LifecycleBase.java:226)
	at org.apache.catalina.core.ContainerBase$StopChild.call(ContainerBase.java:1435)
	at org.apache.catalina.core.ContainerBase$StopChild.call(ContainerBase.java:1424)
	at java.util.concurrent.FutureTask.run(FutureTask.java:266)
	at java.util.concurrent.ThreadPoolExecutor.runWorker(ThreadPoolExecutor.java:1149)
	at java.util.concurrent.ThreadPoolExecutor$Worker.run(ThreadPoolExecutor.java:624)
	at java.lang.Thread.run(Thread.java:748)

21-Nov-2017 10:47:35.824 WARNING [localhost-startStop-1] org.apache.catalina.session.StandardSession.doReadObject Cannot deserialize session attribute [userPermission] for session [9200EEBC4DBDF677AE129C1F0C48C68D]
21-Nov-2017 10:55:59.304 WARNING [ContainerBackgroundProcessor[StandardEngine[Catalina]]] org.apache.catalina.session.StandardSession.doWriteObject Cannot serialize session attribute [userPermission] for session [9200EEBC4DBDF677AE129C1F0C48C68D]
 java.io.NotSerializableException: com.htc.airtime.model.UserPermission
	at java.io.ObjectOutputStream.writeObject0(ObjectOutputStream.java:1184)
	at java.io.ObjectOutputStream.writeObject(ObjectOutputStream.java:348)
	at java.util.ArrayList.writeObject(ArrayList.java:762)
	at sun.reflect.NativeMethodAccessorImpl.invoke0(Native Method)
	at sun.reflect.NativeMethodAccessorImpl.invoke(NativeMethodAccessorImpl.java:62)
	at sun.reflect.DelegatingMethodAccessorImpl.invoke(DelegatingMethodAccessorImpl.java:43)
	at java.lang.reflect.Method.invoke(Method.java:498)
	at java.io.ObjectStreamClass.invokeWriteObject(ObjectStreamClass.java:1028)
	at java.io.ObjectOutputStream.writeSerialData(ObjectOutputStream.java:1496)
	at java.io.ObjectOutputStream.writeOrdinaryObject(ObjectOutputStream.java:1432)
	at java.io.ObjectOutputStream.writeObject0(ObjectOutputStream.java:1178)
	at java.io.ObjectOutputStream.writeObject(ObjectOutputStream.java:348)
	at org.apache.catalina.session.StandardSession.doWriteObject(StandardSession.java:1702)
	at org.apache.catalina.session.StandardSession.writeObjectData(StandardSession.java:1094)
	at org.apache.catalina.session.StandardManager.doUnload(StandardManager.java:315)
	at org.apache.catalina.session.StandardManager.unload(StandardManager.java:265)
	at org.apache.catalina.session.StandardManager.stopInternal(StandardManager.java:384)
	at org.apache.catalina.util.LifecycleBase.stop(LifecycleBase.java:226)
	at org.apache.catalina.core.StandardContext.stopInternal(StandardContext.java:5425)
	at org.apache.catalina.util.LifecycleBase.stop(LifecycleBase.java:226)
	at org.apache.catalina.core.StandardContext.reload(StandardContext.java:3793)
	at org.apache.catalina.loader.WebappLoader.backgroundProcess(WebappLoader.java:292)
	at org.apache.catalina.core.StandardContext.backgroundProcess(StandardContext.java:5563)
	at org.apache.catalina.core.ContainerBase$ContainerBackgroundProcessor.processChildren(ContainerBase.java:1388)
	at org.apache.catalina.core.ContainerBase$ContainerBackgroundProcessor.processChildren(ContainerBase.java:1392)
	at org.apache.catalina.core.ContainerBase$ContainerBackgroundProcessor.processChildren(ContainerBase.java:1392)
	at org.apache.catalina.core.ContainerBase$ContainerBackgroundProcessor.run(ContainerBase.java:1360)
	at java.lang.Thread.run(Thread.java:748)

21-Nov-2017 10:56:00.018 WARNING [ContainerBackgroundProcessor[StandardEngine[Catalina]]] org.apache.catalina.session.StandardSession.doReadObject Cannot deserialize session attribute [userPermission] for session [9200EEBC4DBDF677AE129C1F0C48C68D]
21-Nov-2017 10:56:13.881 WARNING [localhost-startStop-2] org.apache.catalina.session.StandardSession.doWriteObject Cannot serialize session attribute [userPermission] for session [9200EEBC4DBDF677AE129C1F0C48C68D]
 java.io.NotSerializableException: com.htc.airtime.model.UserPermission
	at java.io.ObjectOutputStream.writeObject0(ObjectOutputStream.java:1184)
	at java.io.ObjectOutputStream.writeObject(ObjectOutputStream.java:348)
	at java.util.ArrayList.writeObject(ArrayList.java:762)
	at sun.reflect.NativeMethodAccessorImpl.invoke0(Native Method)
	at sun.reflect.NativeMethodAccessorImpl.invoke(NativeMethodAccessorImpl.java:62)
	at sun.reflect.DelegatingMethodAccessorImpl.invoke(DelegatingMethodAccessorImpl.java:43)
	at java.lang.reflect.Method.invoke(Method.java:498)
	at java.io.ObjectStreamClass.invokeWriteObject(ObjectStreamClass.java:1028)
	at java.io.ObjectOutputStream.writeSerialData(ObjectOutputStream.java:1496)
	at java.io.ObjectOutputStream.writeOrdinaryObject(ObjectOutputStream.java:1432)
	at java.io.ObjectOutputStream.writeObject0(ObjectOutputStream.java:1178)
	at java.io.ObjectOutputStream.writeObject(ObjectOutputStream.java:348)
	at org.apache.catalina.session.StandardSession.doWriteObject(StandardSession.java:1702)
	at org.apache.catalina.session.StandardSession.writeObjectData(StandardSession.java:1094)
	at org.apache.catalina.session.StandardManager.doUnload(StandardManager.java:315)
	at org.apache.catalina.session.StandardManager.unload(StandardManager.java:265)
	at org.apache.catalina.session.StandardManager.stopInternal(StandardManager.java:384)
	at org.apache.catalina.util.LifecycleBase.stop(LifecycleBase.java:226)
	at org.apache.catalina.core.StandardContext.stopInternal(StandardContext.java:5425)
	at org.apache.catalina.util.LifecycleBase.stop(LifecycleBase.java:226)
	at org.apache.catalina.core.ContainerBase$StopChild.call(ContainerBase.java:1435)
	at org.apache.catalina.core.ContainerBase$StopChild.call(ContainerBase.java:1424)
	at java.util.concurrent.FutureTask.run(FutureTask.java:266)
	at java.util.concurrent.ThreadPoolExecutor.runWorker(ThreadPoolExecutor.java:1149)
	at java.util.concurrent.ThreadPoolExecutor$Worker.run(ThreadPoolExecutor.java:624)
	at java.lang.Thread.run(Thread.java:748)

21-Nov-2017 10:56:17.183 WARNING [localhost-startStop-1] org.apache.catalina.session.StandardSession.doReadObject Cannot deserialize session attribute [userPermission] for session [9200EEBC4DBDF677AE129C1F0C48C68D]
21-Nov-2017 11:04:06.169 WARNING [localhost-startStop-2] org.apache.catalina.session.StandardSession.doWriteObject Cannot serialize session attribute [userPermission] for session [EBD332673A555FB1A8EB2E6B355C8F2B]
 java.io.NotSerializableException: com.htc.airtime.model.UserPermission
	at java.io.ObjectOutputStream.writeObject0(ObjectOutputStream.java:1184)
	at java.io.ObjectOutputStream.writeObject(ObjectOutputStream.java:348)
	at java.util.ArrayList.writeObject(ArrayList.java:762)
	at sun.reflect.NativeMethodAccessorImpl.invoke0(Native Method)
	at sun.reflect.NativeMethodAccessorImpl.invoke(NativeMethodAccessorImpl.java:62)
	at sun.reflect.DelegatingMethodAccessorImpl.invoke(DelegatingMethodAccessorImpl.java:43)
	at java.lang.reflect.Method.invoke(Method.java:498)
	at java.io.ObjectStreamClass.invokeWriteObject(ObjectStreamClass.java:1028)
	at java.io.ObjectOutputStream.writeSerialData(ObjectOutputStream.java:1496)
	at java.io.ObjectOutputStream.writeOrdinaryObject(ObjectOutputStream.java:1432)
	at java.io.ObjectOutputStream.writeObject0(ObjectOutputStream.java:1178)
	at java.io.ObjectOutputStream.writeObject(ObjectOutputStream.java:348)
	at org.apache.catalina.session.StandardSession.doWriteObject(StandardSession.java:1702)
	at org.apache.catalina.session.StandardSession.writeObjectData(StandardSession.java:1094)
	at org.apache.catalina.session.StandardManager.doUnload(StandardManager.java:315)
	at org.apache.catalina.session.StandardManager.unload(StandardManager.java:265)
	at org.apache.catalina.session.StandardManager.stopInternal(StandardManager.java:384)
	at org.apache.catalina.util.LifecycleBase.stop(LifecycleBase.java:226)
	at org.apache.catalina.core.StandardContext.stopInternal(StandardContext.java:5425)
	at org.apache.catalina.util.LifecycleBase.stop(LifecycleBase.java:226)
	at org.apache.catalina.core.ContainerBase$StopChild.call(ContainerBase.java:1435)
	at org.apache.catalina.core.ContainerBase$StopChild.call(ContainerBase.java:1424)
	at java.util.concurrent.FutureTask.run(FutureTask.java:266)
	at java.util.concurrent.ThreadPoolExecutor.runWorker(ThreadPoolExecutor.java:1149)
	at java.util.concurrent.ThreadPoolExecutor$Worker.run(ThreadPoolExecutor.java:624)
	at java.lang.Thread.run(Thread.java:748)

21-Nov-2017 11:04:06.171 WARNING [localhost-startStop-2] org.apache.catalina.session.StandardSession.doWriteObject Cannot serialize session attribute [userPermission] for session [9200EEBC4DBDF677AE129C1F0C48C68D]
 java.io.NotSerializableException: com.htc.airtime.model.UserPermission
	at java.io.ObjectOutputStream.writeObject0(ObjectOutputStream.java:1184)
	at java.io.ObjectOutputStream.writeObject(ObjectOutputStream.java:348)
	at java.util.ArrayList.writeObject(ArrayList.java:762)
	at sun.reflect.NativeMethodAccessorImpl.invoke0(Native Method)
	at sun.reflect.NativeMethodAccessorImpl.invoke(NativeMethodAccessorImpl.java:62)
	at sun.reflect.DelegatingMethodAccessorImpl.invoke(DelegatingMethodAccessorImpl.java:43)
	at java.lang.reflect.Method.invoke(Method.java:498)
	at java.io.ObjectStreamClass.invokeWriteObject(ObjectStreamClass.java:1028)
	at java.io.ObjectOutputStream.writeSerialData(ObjectOutputStream.java:1496)
	at java.io.ObjectOutputStream.writeOrdinaryObject(ObjectOutputStream.java:1432)
	at java.io.ObjectOutputStream.writeObject0(ObjectOutputStream.java:1178)
	at java.io.ObjectOutputStream.writeObject(ObjectOutputStream.java:348)
	at org.apache.catalina.session.StandardSession.doWriteObject(StandardSession.java:1702)
	at org.apache.catalina.session.StandardSession.writeObjectData(StandardSession.java:1094)
	at org.apache.catalina.session.StandardManager.doUnload(StandardManager.java:315)
	at org.apache.catalina.session.StandardManager.unload(StandardManager.java:265)
	at org.apache.catalina.session.StandardManager.stopInternal(StandardManager.java:384)
	at org.apache.catalina.util.LifecycleBase.stop(LifecycleBase.java:226)
	at org.apache.catalina.core.StandardContext.stopInternal(StandardContext.java:5425)
	at org.apache.catalina.util.LifecycleBase.stop(LifecycleBase.java:226)
	at org.apache.catalina.core.ContainerBase$StopChild.call(ContainerBase.java:1435)
	at org.apache.catalina.core.ContainerBase$StopChild.call(ContainerBase.java:1424)
	at java.util.concurrent.FutureTask.run(FutureTask.java:266)
	at java.util.concurrent.ThreadPoolExecutor.runWorker(ThreadPoolExecutor.java:1149)
	at java.util.concurrent.ThreadPoolExecutor$Worker.run(ThreadPoolExecutor.java:624)
	at java.lang.Thread.run(Thread.java:748)

21-Nov-2017 11:04:10.026 WARNING [localhost-startStop-1] org.apache.catalina.session.StandardSession.doReadObject Cannot deserialize session attribute [userPermission] for session [EBD332673A555FB1A8EB2E6B355C8F2B]
21-Nov-2017 14:00:45.692 WARNING [ContainerBackgroundProcessor[StandardEngine[Catalina]]] org.apache.catalina.session.StandardSession.doWriteObject Cannot serialize session attribute [userPermission] for session [1700F6B799443C0BF3D5B90BF3A55E4B]
 java.io.NotSerializableException: com.htc.airtime.model.UserPermission
	at java.io.ObjectOutputStream.writeObject0(ObjectOutputStream.java:1184)
	at java.io.ObjectOutputStream.writeObject(ObjectOutputStream.java:348)
	at java.util.ArrayList.writeObject(ArrayList.java:762)
	at sun.reflect.NativeMethodAccessorImpl.invoke0(Native Method)
	at sun.reflect.NativeMethodAccessorImpl.invoke(NativeMethodAccessorImpl.java:62)
	at sun.reflect.DelegatingMethodAccessorImpl.invoke(DelegatingMethodAccessorImpl.java:43)
	at java.lang.reflect.Method.invoke(Method.java:498)
	at java.io.ObjectStreamClass.invokeWriteObject(ObjectStreamClass.java:1028)
	at java.io.ObjectOutputStream.writeSerialData(ObjectOutputStream.java:1496)
	at java.io.ObjectOutputStream.writeOrdinaryObject(ObjectOutputStream.java:1432)
	at java.io.ObjectOutputStream.writeObject0(ObjectOutputStream.java:1178)
	at java.io.ObjectOutputStream.writeObject(ObjectOutputStream.java:348)
	at org.apache.catalina.session.StandardSession.doWriteObject(StandardSession.java:1702)
	at org.apache.catalina.session.StandardSession.writeObjectData(StandardSession.java:1094)
	at org.apache.catalina.session.StandardManager.doUnload(StandardManager.java:315)
	at org.apache.catalina.session.StandardManager.unload(StandardManager.java:265)
	at org.apache.catalina.session.StandardManager.stopInternal(StandardManager.java:384)
	at org.apache.catalina.util.LifecycleBase.stop(LifecycleBase.java:226)
	at org.apache.catalina.core.StandardContext.stopInternal(StandardContext.java:5425)
	at org.apache.catalina.util.LifecycleBase.stop(LifecycleBase.java:226)
	at org.apache.catalina.core.StandardContext.reload(StandardContext.java:3793)
	at org.apache.catalina.loader.WebappLoader.backgroundProcess(WebappLoader.java:292)
	at org.apache.catalina.core.StandardContext.backgroundProcess(StandardContext.java:5563)
	at org.apache.catalina.core.ContainerBase$ContainerBackgroundProcessor.processChildren(ContainerBase.java:1388)
	at org.apache.catalina.core.ContainerBase$ContainerBackgroundProcessor.processChildren(ContainerBase.java:1392)
	at org.apache.catalina.core.ContainerBase$ContainerBackgroundProcessor.processChildren(ContainerBase.java:1392)
	at org.apache.catalina.core.ContainerBase$ContainerBackgroundProcessor.run(ContainerBase.java:1360)
	at java.lang.Thread.run(Thread.java:748)

21-Nov-2017 14:00:45.693 WARNING [ContainerBackgroundProcessor[StandardEngine[Catalina]]] org.apache.catalina.session.StandardSession.doWriteObject Cannot serialize session attribute [userPermission] for session [8A32EB98044BD7F5E507B57555FDCC45]
 java.io.NotSerializableException: com.htc.airtime.model.UserPermission
	at java.io.ObjectOutputStream.writeObject0(ObjectOutputStream.java:1184)
	at java.io.ObjectOutputStream.writeObject(ObjectOutputStream.java:348)
	at java.util.ArrayList.writeObject(ArrayList.java:762)
	at sun.reflect.NativeMethodAccessorImpl.invoke0(Native Method)
	at sun.reflect.NativeMethodAccessorImpl.invoke(NativeMethodAccessorImpl.java:62)
	at sun.reflect.DelegatingMethodAccessorImpl.invoke(DelegatingMethodAccessorImpl.java:43)
	at java.lang.reflect.Method.invoke(Method.java:498)
	at java.io.ObjectStreamClass.invokeWriteObject(ObjectStreamClass.java:1028)
	at java.io.ObjectOutputStream.writeSerialData(ObjectOutputStream.java:1496)
	at java.io.ObjectOutputStream.writeOrdinaryObject(ObjectOutputStream.java:1432)
	at java.io.ObjectOutputStream.writeObject0(ObjectOutputStream.java:1178)
	at java.io.ObjectOutputStream.writeObject(ObjectOutputStream.java:348)
	at org.apache.catalina.session.StandardSession.doWriteObject(StandardSession.java:1702)
	at org.apache.catalina.session.StandardSession.writeObjectData(StandardSession.java:1094)
	at org.apache.catalina.session.StandardManager.doUnload(StandardManager.java:315)
	at org.apache.catalina.session.StandardManager.unload(StandardManager.java:265)
	at org.apache.catalina.session.StandardManager.stopInternal(StandardManager.java:384)
	at org.apache.catalina.util.LifecycleBase.stop(LifecycleBase.java:226)
	at org.apache.catalina.core.StandardContext.stopInternal(StandardContext.java:5425)
	at org.apache.catalina.util.LifecycleBase.stop(LifecycleBase.java:226)
	at org.apache.catalina.core.StandardContext.reload(StandardContext.java:3793)
	at org.apache.catalina.loader.WebappLoader.backgroundProcess(WebappLoader.java:292)
	at org.apache.catalina.core.StandardContext.backgroundProcess(StandardContext.java:5563)
	at org.apache.catalina.core.ContainerBase$ContainerBackgroundProcessor.processChildren(ContainerBase.java:1388)
	at org.apache.catalina.core.ContainerBase$ContainerBackgroundProcessor.processChildren(ContainerBase.java:1392)
	at org.apache.catalina.core.ContainerBase$ContainerBackgroundProcessor.processChildren(ContainerBase.java:1392)
	at org.apache.catalina.core.ContainerBase$ContainerBackgroundProcessor.run(ContainerBase.java:1360)
	at java.lang.Thread.run(Thread.java:748)

21-Nov-2017 14:00:46.450 WARNING [ContainerBackgroundProcessor[StandardEngine[Catalina]]] org.apache.catalina.session.StandardSession.doReadObject Cannot deserialize session attribute [userPermission] for session [1700F6B799443C0BF3D5B90BF3A55E4B]
